[ 2016-06-29T12:36:17+08:00 ] /QA/admin.php/Login/index | INFO: Tag[ route_check ] --START--
[ 2016-06-29T12:36:17+08:00 ] /QA/admin.php/Login/index | INFO: Run CheckRoute Behavior [ RunTime:0.002001s ]
[ 2016-06-29T12:36:17+08:00 ] /QA/admin.php/Login/index | INFO: Tag[ route_check ] --END-- [ RunTime:0.003001s ]
[ 2016-06-29T12:36:17+08:00 ] /QA/admin.php/Login/index | INFO: Tag[ app_begin ] --START--
[ 2016-06-29T12:36:17+08:00 ] /QA/admin.php/Login/index | INFO: Run ReadHtmlCache Behavior [ RunTime:0.002000s ]
[ 2016-06-29T12:36:17+08:00 ] /QA/admin.php/Login/index | INFO: Tag[ app_begin ] --END-- [ RunTime:0.002000s ]
[ 2016-06-29T12:36:17+08:00 ] /QA/admin.php/Login/index | INFO: Tag[ view_template ] --START--
[ 2016-06-29T12:36:17+08:00 ] /QA/admin.php/Login/index | INFO: Run LocationTemplate Behavior [ RunTime:0.003000s ]
[ 2016-06-29T12:36:17+08:00 ] /QA/admin.php/Login/index | INFO: Tag[ view_template ] --END-- [ RunTime:0.003000s ]
[ 2016-06-29T12:36:17+08:00 ] /QA/admin.php/Login/index | INFO: Tag[ view_parse ] --START--
[ 2016-06-29T12:36:17+08:00 ] /QA/admin.php/Login/index | INFO: Run ParseTemplate Behavior [ RunTime:0.053003s ]
[ 2016-06-29T12:36:17+08:00 ] /QA/admin.php/Login/index | INFO: Tag[ view_parse ] --END-- [ RunTime:0.053003s ]
[ 2016-06-29T12:36:17+08:00 ] /QA/admin.php/Login/index | INFO: Tag[ view_filter ] --START--
[ 2016-06-29T12:36:17+08:00 ] /QA/admin.php/Login/index | INFO: Run ContentReplace Behavior [ RunTime:0.001000s ]
[ 2016-06-29T12:36:17+08:00 ] /QA/admin.php/Login/index | INFO: Run TokenBuild Behavior [ RunTime:0.002000s ]
[ 2016-06-29T12:36:17+08:00 ] /QA/admin.php/Login/index | INFO: Run WriteHtmlCache Behavior [ RunTime:0.001000s ]
[ 2016-06-29T12:36:17+08:00 ] /QA/admin.php/Login/index | INFO: Run ShowRuntime Behavior [ RunTime:0.002000s ]
[ 2016-06-29T12:36:17+08:00 ] /QA/admin.php/Login/index | INFO: Tag[ view_filter ] --END-- [ RunTime:0.006000s ]
[ 2016-06-29T12:36:17+08:00 ] /QA/admin.php/Login/index | INFO: Tag[ view_end ] --START--
[ 2016-06-29T12:36:17+08:00 ] /QA/admin.php/Login/index | INFO: Run ShowPageTrace Behavior [ RunTime:0.002000s ]
[ 2016-06-29T12:36:17+08:00 ] /QA/admin.php/Login/index | INFO: Tag[ view_end ] --END-- [ RunTime:0.002000s ]
[ 2016-06-29T12:36:25+08:00 ] /QA/admin.php/Login/index | INFO: Tag[ route_check ] --START--
[ 2016-06-29T12:36:25+08:00 ] /QA/admin.php/Login/index | INFO: Run CheckRoute Behavior [ RunTime:0.003000s ]
[ 2016-06-29T12:36:25+08:00 ] /QA/admin.php/Login/index | INFO: Tag[ route_check ] --END-- [ RunTime:0.004001s ]
[ 2016-06-29T12:36:25+08:00 ] /QA/admin.php/Login/index | INFO: Tag[ app_begin ] --START--
[ 2016-06-29T12:36:25+08:00 ] /QA/admin.php/Login/index | INFO: Run ReadHtmlCache Behavior [ RunTime:0.002000s ]
[ 2016-06-29T12:36:25+08:00 ] /QA/admin.php/Login/index | INFO: Tag[ app_begin ] --END-- [ RunTime:0.002000s ]
[ 2016-06-29T12:36:25+08:00 ] /QA/admin.php/Login/index | INFO: Tag[ view_template ] --START--
[ 2016-06-29T12:36:25+08:00 ] /QA/admin.php/Login/index | INFO: Run LocationTemplate Behavior [ RunTime:0.002000s ]
[ 2016-06-29T12:36:25+08:00 ] /QA/admin.php/Login/index | INFO: Tag[ view_template ] --END-- [ RunTime:0.002000s ]
[ 2016-06-29T12:36:25+08:00 ] /QA/admin.php/Login/index | INFO: Tag[ view_parse ] --START--
[ 2016-06-29T12:36:25+08:00 ] /QA/admin.php/Login/index | INFO: Run ParseTemplate Behavior [ RunTime:0.030002s ]
[ 2016-06-29T12:36:25+08:00 ] /QA/admin.php/Login/index | INFO: Tag[ view_parse ] --END-- [ RunTime:0.030002s ]
[ 2016-06-29T12:36:25+08:00 ] /QA/admin.php/Login/index | INFO: Tag[ view_filter ] --START--
[ 2016-06-29T12:36:25+08:00 ] /QA/admin.php/Login/index | INFO: Run ContentReplace Behavior [ RunTime:0.003000s ]
[ 2016-06-29T12:36:25+08:00 ] /QA/admin.php/Login/index | INFO: Run TokenBuild Behavior [ RunTime:0.010001s ]
[ 2016-06-29T12:36:25+08:00 ] /QA/admin.php/Login/index | INFO: Run WriteHtmlCache Behavior [ RunTime:0.002000s ]
[ 2016-06-29T12:36:25+08:00 ] /QA/admin.php/Login/index | INFO: Run ShowRuntime Behavior [ RunTime:0.002000s ]
[ 2016-06-29T12:36:25+08:00 ] /QA/admin.php/Login/index | INFO: Tag[ view_filter ] --END-- [ RunTime:0.017001s ]
[ 2016-06-29T12:36:25+08:00 ] /QA/admin.php/Login/index | INFO: Tag[ view_end ] --START--
[ 2016-06-29T12:36:25+08:00 ] /QA/admin.php/Login/index | INFO: Run ShowPageTrace Behavior [ RunTime:0.001000s ]
[ 2016-06-29T12:36:25+08:00 ] /QA/admin.php/Login/index | INFO: Tag[ view_end ] --END-- [ RunTime:0.001000s ]
[ 2016-06-29T12:36:41+08:00 ] /QA/admin.php/Index/index | INFO: Tag[ route_check ] --START--
[ 2016-06-29T12:36:41+08:00 ] /QA/admin.php/Index/index | INFO: Run CheckRoute Behavior [ RunTime:0.002000s ]
[ 2016-06-29T12:36:41+08:00 ] /QA/admin.php/Index/index | INFO: Tag[ route_check ] --END-- [ RunTime:0.002000s ]
[ 2016-06-29T12:36:41+08:00 ] /QA/admin.php/Index/index | INFO: Tag[ app_begin ] --START--
[ 2016-06-29T12:36:41+08:00 ] /QA/admin.php/Index/index | INFO: Run ReadHtmlCache Behavior [ RunTime:0.001000s ]
[ 2016-06-29T12:36:41+08:00 ] /QA/admin.php/Index/index | INFO: Tag[ app_begin ] --END-- [ RunTime:0.002000s ]
[ 2016-06-29T12:36:41+08:00 ] /QA/admin.php/Index/index | SQL: SHOW COLUMNS FROM `wl_category` [ RunTime:0.219013s ]
[ 2016-06-29T12:36:41+08:00 ] /QA/admin.php/Index/index | SQL: SELECT * FROM `wl_category` LIMIT 1   [ RunTime:0.001000s ]
[ 2016-06-29T12:36:41+08:00 ] /QA/admin.php/Index/index | INFO: Tag[ view_template ] --START--
[ 2016-06-29T12:36:41+08:00 ] /QA/admin.php/Index/index | INFO: Run LocationTemplate Behavior [ RunTime:0.026001s ]
[ 2016-06-29T12:36:41+08:00 ] /QA/admin.php/Index/index | INFO: Tag[ view_template ] --END-- [ RunTime:0.026001s ]
[ 2016-06-29T12:36:41+08:00 ] /QA/admin.php/Index/index | INFO: Tag[ view_parse ] --START--
[ 2016-06-29T12:36:41+08:00 ] /QA/admin.php/Index/index | INFO: Run ParseTemplate Behavior [ RunTime:0.034002s ]
[ 2016-06-29T12:36:41+08:00 ] /QA/admin.php/Index/index | INFO: Tag[ view_parse ] --END-- [ RunTime:0.034002s ]
[ 2016-06-29T12:36:41+08:00 ] /QA/admin.php/Index/index | INFO: Tag[ view_filter ] --START--
[ 2016-06-29T12:36:41+08:00 ] /QA/admin.php/Index/index | INFO: Run ContentReplace Behavior [ RunTime:0.001000s ]
[ 2016-06-29T12:36:41+08:00 ] /QA/admin.php/Index/index | INFO: Run TokenBuild Behavior [ RunTime:0.001000s ]
[ 2016-06-29T12:36:41+08:00 ] /QA/admin.php/Index/index | INFO: Run WriteHtmlCache Behavior [ RunTime:0.001001s ]
[ 2016-06-29T12:36:41+08:00 ] /QA/admin.php/Index/index | INFO: Run ShowRuntime Behavior [ RunTime:0.002000s ]
[ 2016-06-29T12:36:41+08:00 ] /QA/admin.php/Index/index | INFO: Tag[ view_filter ] --END-- [ RunTime:0.006001s ]
[ 2016-06-29T12:36:41+08:00 ] /QA/admin.php/Index/index | INFO: Tag[ view_end ] --START--
[ 2016-06-29T12:36:41+08:00 ] /QA/admin.php/Index/index | INFO: Run ShowPageTrace Behavior [ RunTime:0.001000s ]
[ 2016-06-29T12:36:41+08:00 ] /QA/admin.php/Index/index | INFO: Tag[ view_end ] --END-- [ RunTime:0.002000s ]
[ 2016-06-29T12:36:45+08:00 ] /QA/admin.php/Category/index | INFO: Tag[ route_check ] --START--
[ 2016-06-29T12:36:45+08:00 ] /QA/admin.php/Category/index | INFO: Run CheckRoute Behavior [ RunTime:0.002000s ]
[ 2016-06-29T12:36:45+08:00 ] /QA/admin.php/Category/index | INFO: Tag[ route_check ] --END-- [ RunTime:0.002000s ]
[ 2016-06-29T12:36:45+08:00 ] /QA/admin.php/Category/index | INFO: Tag[ app_begin ] --START--
[ 2016-06-29T12:36:45+08:00 ] /QA/admin.php/Category/index | INFO: Run ReadHtmlCache Behavior [ RunTime:0.001000s ]
[ 2016-06-29T12:36:45+08:00 ] /QA/admin.php/Category/index | INFO: Tag[ app_begin ] --END-- [ RunTime:0.002000s ]
[ 2016-06-29T12:36:45+08:00 ] /QA/admin.php/Category/index | SQL: SHOW COLUMNS FROM `wl_category` [ RunTime:0.012000s ]
[ 2016-06-29T12:36:45+08:00 ] /QA/admin.php/Category/index | SQL: SELECT * FROM `wl_category`  [ RunTime:0.001000s ]
[ 2016-06-29T12:36:45+08:00 ] /QA/admin.php/Category/index | INFO: Tag[ view_template ] --START--
[ 2016-06-29T12:36:45+08:00 ] /QA/admin.php/Category/index | INFO: Run LocationTemplate Behavior [ RunTime:0.018002s ]
[ 2016-06-29T12:36:45+08:00 ] /QA/admin.php/Category/index | INFO: Tag[ view_template ] --END-- [ RunTime:0.018002s ]
[ 2016-06-29T12:36:45+08:00 ] /QA/admin.php/Category/index | INFO: Tag[ view_parse ] --START--
[ 2016-06-29T12:36:45+08:00 ] /QA/admin.php/Category/index | INFO: Run ParseTemplate Behavior [ RunTime:0.046002s ]
[ 2016-06-29T12:36:45+08:00 ] /QA/admin.php/Category/index | INFO: Tag[ view_parse ] --END-- [ RunTime:0.046002s ]
[ 2016-06-29T12:36:45+08:00 ] /QA/admin.php/Category/index | INFO: Tag[ view_filter ] --START--
[ 2016-06-29T12:36:45+08:00 ] /QA/admin.php/Category/index | INFO: Run ContentReplace Behavior [ RunTime:0.001000s ]
[ 2016-06-29T12:36:45+08:00 ] /QA/admin.php/Category/index | INFO: Run TokenBuild Behavior [ RunTime:0.002000s ]
[ 2016-06-29T12:36:45+08:00 ] /QA/admin.php/Category/index | INFO: Run WriteHtmlCache Behavior [ RunTime:0.001000s ]
[ 2016-06-29T12:36:45+08:00 ] /QA/admin.php/Category/index | INFO: Run ShowRuntime Behavior [ RunTime:0.001000s ]
[ 2016-06-29T12:36:45+08:00 ] /QA/admin.php/Category/index | INFO: Tag[ view_filter ] --END-- [ RunTime:0.005000s ]
[ 2016-06-29T12:36:45+08:00 ] /QA/admin.php/Category/index | INFO: Tag[ view_end ] --START--
[ 2016-06-29T12:36:45+08:00 ] /QA/admin.php/Category/index | INFO: Run ShowPageTrace Behavior [ RunTime:0.001001s ]
[ 2016-06-29T12:36:45+08:00 ] /QA/admin.php/Category/index | INFO: Tag[ view_end ] --END-- [ RunTime:0.001001s ]
[ 2016-06-29T12:36:47+08:00 ] /QA/admin.php/Category/addTop | INFO: Tag[ route_check ] --START--
[ 2016-06-29T12:36:47+08:00 ] /QA/admin.php/Category/addTop | INFO: Run CheckRoute Behavior [ RunTime:0.002001s ]
[ 2016-06-29T12:36:47+08:00 ] /QA/admin.php/Category/addTop | INFO: Tag[ route_check ] --END-- [ RunTime:0.002001s ]
[ 2016-06-29T12:36:47+08:00 ] /QA/admin.php/Category/addTop | INFO: Tag[ app_begin ] --START--
[ 2016-06-29T12:36:47+08:00 ] /QA/admin.php/Category/addTop | INFO: Run ReadHtmlCache Behavior [ RunTime:0.002000s ]
[ 2016-06-29T12:36:47+08:00 ] /QA/admin.php/Category/addTop | INFO: Tag[ app_begin ] --END-- [ RunTime:0.002000s ]
[ 2016-06-29T12:36:47+08:00 ] /QA/admin.php/Category/addTop | INFO: Tag[ view_template ] --START--
[ 2016-06-29T12:36:47+08:00 ] /QA/admin.php/Category/addTop | INFO: Run LocationTemplate Behavior [ RunTime:0.001000s ]
[ 2016-06-29T12:36:47+08:00 ] /QA/admin.php/Category/addTop | INFO: Tag[ view_template ] --END-- [ RunTime:0.002000s ]
[ 2016-06-29T12:36:47+08:00 ] /QA/admin.php/Category/addTop | INFO: Tag[ view_parse ] --START--
[ 2016-06-29T12:36:47+08:00 ] /QA/admin.php/Category/addTop | INFO: Run ParseTemplate Behavior [ RunTime:0.034002s ]
[ 2016-06-29T12:36:47+08:00 ] /QA/admin.php/Category/addTop | INFO: Tag[ view_parse ] --END-- [ RunTime:0.034002s ]
[ 2016-06-29T12:36:47+08:00 ] /QA/admin.php/Category/addTop | INFO: Tag[ view_filter ] --START--
[ 2016-06-29T12:36:47+08:00 ] /QA/admin.php/Category/addTop | INFO: Run ContentReplace Behavior [ RunTime:0.001000s ]
[ 2016-06-29T12:36:47+08:00 ] /QA/admin.php/Category/addTop | INFO: Run TokenBuild Behavior [ RunTime:0.001000s ]
[ 2016-06-29T12:36:47+08:00 ] /QA/admin.php/Category/addTop | INFO: Run WriteHtmlCache Behavior [ RunTime:0.001000s ]
[ 2016-06-29T12:36:47+08:00 ] /QA/admin.php/Category/addTop | INFO: Run ShowRuntime Behavior [ RunTime:0.001000s ]
[ 2016-06-29T12:36:47+08:00 ] /QA/admin.php/Category/addTop | INFO: Tag[ view_filter ] --END-- [ RunTime:0.005000s ]
[ 2016-06-29T12:36:47+08:00 ] /QA/admin.php/Category/addTop | INFO: Tag[ view_end ] --START--
[ 2016-06-29T12:36:47+08:00 ] /QA/admin.php/Category/addTop | INFO: Run ShowPageTrace Behavior [ RunTime:0.003000s ]
[ 2016-06-29T12:36:47+08:00 ] /QA/admin.php/Category/addTop | INFO: Tag[ view_end ] --END-- [ RunTime:0.003000s ]
[ 2016-06-29T12:36:49+08:00 ] /QA/admin.php/Index/index | INFO: Tag[ route_check ] --START--
[ 2016-06-29T12:36:49+08:00 ] /QA/admin.php/Index/index | INFO: Run CheckRoute Behavior [ RunTime:0.002000s ]
[ 2016-06-29T12:36:49+08:00 ] /QA/admin.php/Index/index | INFO: Tag[ route_check ] --END-- [ RunTime:0.003000s ]
[ 2016-06-29T12:36:49+08:00 ] /QA/admin.php/Index/index | INFO: Tag[ app_begin ] --START--
[ 2016-06-29T12:36:49+08:00 ] /QA/admin.php/Index/index | INFO: Run ReadHtmlCache Behavior [ RunTime:0.002000s ]
[ 2016-06-29T12:36:49+08:00 ] /QA/admin.php/Index/index | INFO: Tag[ app_begin ] --END-- [ RunTime:0.002000s ]
[ 2016-06-29T12:36:49+08:00 ] /QA/admin.php/Index/index | SQL: SHOW COLUMNS FROM `wl_category` [ RunTime:0.013001s ]
[ 2016-06-29T12:36:49+08:00 ] /QA/admin.php/Index/index | SQL: SELECT * FROM `wl_category` LIMIT 1   [ RunTime:0.001000s ]
[ 2016-06-29T12:36:49+08:00 ] /QA/admin.php/Index/index | INFO: Tag[ view_template ] --START--
[ 2016-06-29T12:36:49+08:00 ] /QA/admin.php/Index/index | INFO: Run LocationTemplate Behavior [ RunTime:0.002000s ]
[ 2016-06-29T12:36:49+08:00 ] /QA/admin.php/Index/index | INFO: Tag[ view_template ] --END-- [ RunTime:0.002000s ]
[ 2016-06-29T12:36:49+08:00 ] /QA/admin.php/Index/index | INFO: Tag[ view_parse ] --START--
[ 2016-06-29T12:36:49+08:00 ] /QA/admin.php/Index/index | INFO: Run ParseTemplate Behavior [ RunTime:0.020001s ]
[ 2016-06-29T12:36:49+08:00 ] /QA/admin.php/Index/index | INFO: Tag[ view_parse ] --END-- [ RunTime:0.020001s ]
[ 2016-06-29T12:36:49+08:00 ] /QA/admin.php/Index/index | INFO: Tag[ view_filter ] --START--
[ 2016-06-29T12:36:49+08:00 ] /QA/admin.php/Index/index | INFO: Run ContentReplace Behavior [ RunTime:0.001001s ]
[ 2016-06-29T12:36:49+08:00 ] /QA/admin.php/Index/index | INFO: Run TokenBuild Behavior [ RunTime:0.002000s ]
[ 2016-06-29T12:36:49+08:00 ] /QA/admin.php/Index/index | INFO: Run WriteHtmlCache Behavior [ RunTime:0.001000s ]
[ 2016-06-29T12:36:49+08:00 ] /QA/admin.php/Index/index | INFO: Run ShowRuntime Behavior [ RunTime:0.001000s ]
[ 2016-06-29T12:36:49+08:00 ] /QA/admin.php/Index/index | INFO: Tag[ view_filter ] --END-- [ RunTime:0.006001s ]
[ 2016-06-29T12:36:49+08:00 ] /QA/admin.php/Index/index | INFO: Tag[ view_end ] --START--
[ 2016-06-29T12:36:49+08:00 ] /QA/admin.php/Index/index | INFO: Run ShowPageTrace Behavior [ RunTime:0.001000s ]
[ 2016-06-29T12:36:49+08:00 ] /QA/admin.php/Index/index | INFO: Tag[ view_end ] --END-- [ RunTime:0.001000s ]
[ 2016-06-29T12:36:49+08:00 ] /QA/admin.php/Index/index | INFO: Tag[ route_check ] --START--
[ 2016-06-29T12:36:49+08:00 ] /QA/admin.php/Index/index | INFO: Run CheckRoute Behavior [ RunTime:0.004000s ]
[ 2016-06-29T12:36:49+08:00 ] /QA/admin.php/Index/index | INFO: Tag[ route_check ] --END-- [ RunTime:0.005001s ]
[ 2016-06-29T12:36:49+08:00 ] /QA/admin.php/Index/index | INFO: Tag[ app_begin ] --START--
[ 2016-06-29T12:36:49+08:00 ] /QA/admin.php/Index/index | INFO: Run ReadHtmlCache Behavior [ RunTime:0.002000s ]
[ 2016-06-29T12:36:49+08:00 ] /QA/admin.php/Index/index | INFO: Tag[ app_begin ] --END-- [ RunTime:0.002000s ]
[ 2016-06-29T12:36:49+08:00 ] /QA/admin.php/Index/index | SQL: SHOW COLUMNS FROM `wl_category` [ RunTime:0.012001s ]
[ 2016-06-29T12:36:49+08:00 ] /QA/admin.php/Index/index | SQL: SELECT * FROM `wl_category` LIMIT 1   [ RunTime:0.001000s ]
[ 2016-06-29T12:36:49+08:00 ] /QA/admin.php/Index/index | INFO: Tag[ view_template ] --START--
[ 2016-06-29T12:36:49+08:00 ] /QA/admin.php/Index/index | INFO: Run LocationTemplate Behavior [ RunTime:0.002000s ]
[ 2016-06-29T12:36:49+08:00 ] /QA/admin.php/Index/index | INFO: Tag[ view_template ] --END-- [ RunTime:0.003000s ]
[ 2016-06-29T12:36:49+08:00 ] /QA/admin.php/Index/index | INFO: Tag[ view_parse ] --START--
[ 2016-06-29T12:36:49+08:00 ] /QA/admin.php/Index/index | INFO: Run ParseTemplate Behavior [ RunTime:0.022001s ]
[ 2016-06-29T12:36:49+08:00 ] /QA/admin.php/Index/index | INFO: Tag[ view_parse ] --END-- [ RunTime:0.022001s ]
[ 2016-06-29T12:36:49+08:00 ] /QA/admin.php/Index/index | INFO: Tag[ view_filter ] --START--
[ 2016-06-29T12:36:49+08:00 ] /QA/admin.php/Index/index | INFO: Run ContentReplace Behavior [ RunTime:0.001000s ]
[ 2016-06-29T12:36:49+08:00 ] /QA/admin.php/Index/index | INFO: Run TokenBuild Behavior [ RunTime:0.001000s ]
[ 2016-06-29T12:36:49+08:00 ] /QA/admin.php/Index/index | INFO: Run WriteHtmlCache Behavior [ RunTime:0.001000s ]
[ 2016-06-29T12:36:49+08:00 ] /QA/admin.php/Index/index | INFO: Run ShowRuntime Behavior [ RunTime:0.001000s ]
[ 2016-06-29T12:36:49+08:00 ] /QA/admin.php/Index/index | INFO: Tag[ view_filter ] --END-- [ RunTime:0.004000s ]
[ 2016-06-29T12:36:49+08:00 ] /QA/admin.php/Index/index | INFO: Tag[ view_end ] --START--
[ 2016-06-29T12:36:49+08:00 ] /QA/admin.php/Index/index | INFO: Run ShowPageTrace Behavior [ RunTime:0.002000s ]
[ 2016-06-29T12:36:49+08:00 ] /QA/admin.php/Index/index | INFO: Tag[ view_end ] --END-- [ RunTime:0.002000s ]
[ 2016-06-29T12:36:51+08:00 ] /QA/admin.php/Ask/index | INFO: Tag[ route_check ] --START--
[ 2016-06-29T12:36:51+08:00 ] /QA/admin.php/Ask/index | INFO: Run CheckRoute Behavior [ RunTime:0.002001s ]
[ 2016-06-29T12:36:51+08:00 ] /QA/admin.php/Ask/index | INFO: Tag[ route_check ] --END-- [ RunTime:0.003001s ]
[ 2016-06-29T12:36:51+08:00 ] /QA/admin.php/Ask/index | INFO: Tag[ app_begin ] --START--
[ 2016-06-29T12:36:51+08:00 ] /QA/admin.php/Ask/index | INFO: Run ReadHtmlCache Behavior [ RunTime:0.002000s ]
[ 2016-06-29T12:36:51+08:00 ] /QA/admin.php/Ask/index | INFO: Tag[ app_begin ] --END-- [ RunTime:0.002000s ]
[ 2016-06-29T12:36:51+08:00 ] /QA/admin.php/Ask/index | SQL: SHOW COLUMNS FROM `wl_question` [ RunTime:0.051003s ]
[ 2016-06-29T12:36:51+08:00 ] /QA/admin.php/Ask/index | SQL: SELECT COUNT(*) AS tp_count FROM `wl_question` LIMIT 1   [ RunTime:0.001000s ]
[ 2016-06-29T12:36:51+08:00 ] /QA/admin.php/Ask/index | SQL: SELECT * FROM `wl_question` ORDER BY ask_time DESC LIMIT 0,20   [ RunTime:0.001000s ]
[ 2016-06-29T12:36:51+08:00 ] /QA/admin.php/Ask/index | INFO: Tag[ view_template ] --START--
[ 2016-06-29T12:36:51+08:00 ] /QA/admin.php/Ask/index | INFO: Run LocationTemplate Behavior [ RunTime:0.001000s ]
[ 2016-06-29T12:36:51+08:00 ] /QA/admin.php/Ask/index | INFO: Tag[ view_template ] --END-- [ RunTime:0.002000s ]
[ 2016-06-29T12:36:51+08:00 ] /QA/admin.php/Ask/index | INFO: Tag[ view_parse ] --START--
[ 2016-06-29T12:36:51+08:00 ] /QA/admin.php/Ask/index | NOTIC: [8] Undefined index: reward dd78b103fc683803a37a045a775a0547.php 第 30 行.
[ 2016-06-29T12:36:51+08:00 ] /QA/admin.php/Ask/index | NOTIC: [8] Undefined index: reward dd78b103fc683803a37a045a775a0547.php 第 30 行.
[ 2016-06-29T12:36:51+08:00 ] /QA/admin.php/Ask/index | INFO: Run ParseTemplate Behavior [ RunTime:0.038003s ]
[ 2016-06-29T12:36:51+08:00 ] /QA/admin.php/Ask/index | INFO: Tag[ view_parse ] --END-- [ RunTime:0.039003s ]
[ 2016-06-29T12:36:51+08:00 ] /QA/admin.php/Ask/index | INFO: Tag[ view_filter ] --START--
[ 2016-06-29T12:36:51+08:00 ] /QA/admin.php/Ask/index | INFO: Run ContentReplace Behavior [ RunTime:0.001000s ]
[ 2016-06-29T12:36:51+08:00 ] /QA/admin.php/Ask/index | INFO: Run TokenBuild Behavior [ RunTime:0.001000s ]
[ 2016-06-29T12:36:51+08:00 ] /QA/admin.php/Ask/index | INFO: Run WriteHtmlCache Behavior [ RunTime:0.001000s ]
[ 2016-06-29T12:36:51+08:00 ] /QA/admin.php/Ask/index | INFO: Run ShowRuntime Behavior [ RunTime:0.001000s ]
[ 2016-06-29T12:36:51+08:00 ] /QA/admin.php/Ask/index | INFO: Tag[ view_filter ] --END-- [ RunTime:0.005000s ]
[ 2016-06-29T12:36:51+08:00 ] /QA/admin.php/Ask/index | INFO: Tag[ view_end ] --START--
[ 2016-06-29T12:36:51+08:00 ] /QA/admin.php/Ask/index | INFO: Run ShowPageTrace Behavior [ RunTime:0.001000s ]
[ 2016-06-29T12:36:51+08:00 ] /QA/admin.php/Ask/index | INFO: Tag[ view_end ] --END-- [ RunTime:0.001000s ]
[ 2016-06-29T12:36:51+08:00 ] /QA/admin.php/Ask/index | INFO: Tag[ route_check ] --START--
[ 2016-06-29T12:36:51+08:00 ] /QA/admin.php/Ask/index | INFO: Run CheckRoute Behavior [ RunTime:0.003000s ]
[ 2016-06-29T12:36:51+08:00 ] /QA/admin.php/Ask/index | INFO: Tag[ route_check ] --END-- [ RunTime:0.003000s ]
[ 2016-06-29T12:36:51+08:00 ] /QA/admin.php/Ask/index | INFO: Tag[ app_begin ] --START--
[ 2016-06-29T12:36:51+08:00 ] /QA/admin.php/Ask/index | INFO: Run ReadHtmlCache Behavior [ RunTime:0.001000s ]
[ 2016-06-29T12:36:51+08:00 ] /QA/admin.php/Ask/index | INFO: Tag[ app_begin ] --END-- [ RunTime:0.001000s ]
[ 2016-06-29T12:36:51+08:00 ] /QA/admin.php/Ask/index | SQL: SHOW COLUMNS FROM `wl_question` [ RunTime:0.013001s ]
[ 2016-06-29T12:36:51+08:00 ] /QA/admin.php/Ask/index | SQL: SELECT COUNT(*) AS tp_count FROM `wl_question` LIMIT 1   [ RunTime:0.000000s ]
[ 2016-06-29T12:36:51+08:00 ] /QA/admin.php/Ask/index | SQL: SELECT * FROM `wl_question` ORDER BY ask_time DESC LIMIT 0,20   [ RunTime:0.001000s ]
[ 2016-06-29T12:36:51+08:00 ] /QA/admin.php/Ask/index | INFO: Tag[ view_template ] --START--
[ 2016-06-29T12:36:51+08:00 ] /QA/admin.php/Ask/index | INFO: Run LocationTemplate Behavior [ RunTime:0.002000s ]
[ 2016-06-29T12:36:51+08:00 ] /QA/admin.php/Ask/index | INFO: Tag[ view_template ] --END-- [ RunTime:0.002000s ]
[ 2016-06-29T12:36:51+08:00 ] /QA/admin.php/Ask/index | INFO: Tag[ view_parse ] --START--
[ 2016-06-29T12:36:51+08:00 ] /QA/admin.php/Ask/index | NOTIC: [8] Undefined index: reward dd78b103fc683803a37a045a775a0547.php 第 30 行.
[ 2016-06-29T12:36:51+08:00 ] /QA/admin.php/Ask/index | NOTIC: [8] Undefined index: reward dd78b103fc683803a37a045a775a0547.php 第 30 行.
[ 2016-06-29T12:36:51+08:00 ] /QA/admin.php/Ask/index | INFO: Run ParseTemplate Behavior [ RunTime:0.022001s ]
[ 2016-06-29T12:36:51+08:00 ] /QA/admin.php/Ask/index | INFO: Tag[ view_parse ] --END-- [ RunTime:0.023001s ]
[ 2016-06-29T12:36:51+08:00 ] /QA/admin.php/Ask/index | INFO: Tag[ view_filter ] --START--
[ 2016-06-29T12:36:51+08:00 ] /QA/admin.php/Ask/index | INFO: Run ContentReplace Behavior [ RunTime:0.001001s ]
[ 2016-06-29T12:36:51+08:00 ] /QA/admin.php/Ask/index | INFO: Run TokenBuild Behavior [ RunTime:0.001000s ]
[ 2016-06-29T12:36:51+08:00 ] /QA/admin.php/Ask/index | INFO: Run WriteHtmlCache Behavior [ RunTime:0.002000s ]
[ 2016-06-29T12:36:51+08:00 ] /QA/admin.php/Ask/index | INFO: Run ShowRuntime Behavior [ RunTime:0.001000s ]
[ 2016-06-29T12:36:51+08:00 ] /QA/admin.php/Ask/index | INFO: Tag[ view_filter ] --END-- [ RunTime:0.005001s ]
[ 2016-06-29T12:36:51+08:00 ] /QA/admin.php/Ask/index | INFO: Tag[ view_end ] --START--
[ 2016-06-29T12:36:51+08:00 ] /QA/admin.php/Ask/index | INFO: Run ShowPageTrace Behavior [ RunTime:0.001000s ]
[ 2016-06-29T12:36:52+08:00 ] /QA/admin.php/Ask/index | INFO: Tag[ view_end ] --END-- [ RunTime:0.002000s ]
[ 2016-06-29T12:36:55+08:00 ] /QA/admin.php/Ask/solve | INFO: Tag[ route_check ] --START--
[ 2016-06-29T12:36:55+08:00 ] /QA/admin.php/Ask/solve | INFO: Run CheckRoute Behavior [ RunTime:0.002000s ]
[ 2016-06-29T12:36:55+08:00 ] /QA/admin.php/Ask/solve | INFO: Tag[ route_check ] --END-- [ RunTime:0.002000s ]
[ 2016-06-29T12:36:55+08:00 ] /QA/admin.php/Ask/solve | INFO: Tag[ app_begin ] --START--
[ 2016-06-29T12:36:55+08:00 ] /QA/admin.php/Ask/solve | INFO: Run ReadHtmlCache Behavior [ RunTime:0.002000s ]
[ 2016-06-29T12:36:55+08:00 ] /QA/admin.php/Ask/solve | INFO: Tag[ app_begin ] --END-- [ RunTime:0.002000s ]
[ 2016-06-29T12:36:55+08:00 ] /QA/admin.php/Ask/solve | SQL: SHOW COLUMNS FROM `wl_question` [ RunTime:0.010000s ]
[ 2016-06-29T12:36:55+08:00 ] /QA/admin.php/Ask/solve | SQL: SELECT COUNT(*) AS tp_count FROM `wl_question` WHERE ( `solve` = 1 ) LIMIT 1   [ RunTime:0.001000s ]
[ 2016-06-29T12:36:55+08:00 ] /QA/admin.php/Ask/solve | SQL: SELECT * FROM `wl_question` WHERE ( `solve` = 1 ) ORDER BY ask_time DESC LIMIT 0,20   [ RunTime:0.001000s ]
[ 2016-06-29T12:36:55+08:00 ] /QA/admin.php/Ask/solve | INFO: Tag[ view_template ] --START--
[ 2016-06-29T12:36:55+08:00 ] /QA/admin.php/Ask/solve | INFO: Run LocationTemplate Behavior [ RunTime:0.002000s ]
[ 2016-06-29T12:36:55+08:00 ] /QA/admin.php/Ask/solve | INFO: Tag[ view_template ] --END-- [ RunTime:0.002000s ]
[ 2016-06-29T12:36:55+08:00 ] /QA/admin.php/Ask/solve | INFO: Tag[ view_parse ] --START--
[ 2016-06-29T12:36:55+08:00 ] /QA/admin.php/Ask/solve | NOTIC: [8] Undefined index: reward dd78b103fc683803a37a045a775a0547.php 第 30 行.
[ 2016-06-29T12:36:55+08:00 ] /QA/admin.php/Ask/solve | INFO: Run ParseTemplate Behavior [ RunTime:0.020002s ]
[ 2016-06-29T12:36:55+08:00 ] /QA/admin.php/Ask/solve | INFO: Tag[ view_parse ] --END-- [ RunTime:0.021002s ]
[ 2016-06-29T12:36:55+08:00 ] /QA/admin.php/Ask/solve | INFO: Tag[ view_filter ] --START--
[ 2016-06-29T12:36:55+08:00 ] /QA/admin.php/Ask/solve | INFO: Run ContentReplace Behavior [ RunTime:0.001000s ]
[ 2016-06-29T12:36:55+08:00 ] /QA/admin.php/Ask/solve | INFO: Run TokenBuild Behavior [ RunTime:0.002000s ]
[ 2016-06-29T12:36:55+08:00 ] /QA/admin.php/Ask/solve | INFO: Run WriteHtmlCache Behavior [ RunTime:0.001000s ]
[ 2016-06-29T12:36:55+08:00 ] /QA/admin.php/Ask/solve | INFO: Run ShowRuntime Behavior [ RunTime:0.001000s ]
[ 2016-06-29T12:36:55+08:00 ] /QA/admin.php/Ask/solve | INFO: Tag[ view_filter ] --END-- [ RunTime:0.005000s ]
[ 2016-06-29T12:36:55+08:00 ] /QA/admin.php/Ask/solve | INFO: Tag[ view_end ] --START--
[ 2016-06-29T12:36:55+08:00 ] /QA/admin.php/Ask/solve | INFO: Run ShowPageTrace Behavior [ RunTime:0.002000s ]
[ 2016-06-29T12:36:55+08:00 ] /QA/admin.php/Ask/solve | INFO: Tag[ view_end ] --END-- [ RunTime:0.002000s ]
[ 2016-06-29T12:36:56+08:00 ] /QA/admin.php/Ask/wait | INFO: Tag[ route_check ] --START--
[ 2016-06-29T12:36:56+08:00 ] /QA/admin.php/Ask/wait | INFO: Run CheckRoute Behavior [ RunTime:0.002000s ]
[ 2016-06-29T12:36:56+08:00 ] /QA/admin.php/Ask/wait | INFO: Tag[ route_check ] --END-- [ RunTime:0.002000s ]
[ 2016-06-29T12:36:56+08:00 ] /QA/admin.php/Ask/wait | INFO: Tag[ app_begin ] --START--
[ 2016-06-29T12:36:56+08:00 ] /QA/admin.php/Ask/wait | INFO: Run ReadHtmlCache Behavior [ RunTime:0.001000s ]
[ 2016-06-29T12:36:56+08:00 ] /QA/admin.php/Ask/wait | INFO: Tag[ app_begin ] --END-- [ RunTime:0.002000s ]
[ 2016-06-29T12:36:56+08:00 ] /QA/admin.php/Ask/wait | SQL: SHOW COLUMNS FROM `wl_question` [ RunTime:0.010000s ]
[ 2016-06-29T12:36:56+08:00 ] /QA/admin.php/Ask/wait | SQL: SELECT COUNT(*) AS tp_count FROM `wl_question` WHERE ( `solve` = 0 ) LIMIT 1   [ RunTime:0.000000s ]
[ 2016-06-29T12:36:56+08:00 ] /QA/admin.php/Ask/wait | SQL: SELECT * FROM `wl_question` WHERE ( `solve` = 0 ) ORDER BY ask_time DESC LIMIT 0,20   [ RunTime:0.001000s ]
[ 2016-06-29T12:36:56+08:00 ] /QA/admin.php/Ask/wait | INFO: Tag[ view_template ] --START--
[ 2016-06-29T12:36:56+08:00 ] /QA/admin.php/Ask/wait | INFO: Run LocationTemplate Behavior [ RunTime:0.001000s ]
[ 2016-06-29T12:36:56+08:00 ] /QA/admin.php/Ask/wait | INFO: Tag[ view_template ] --END-- [ RunTime:0.001000s ]
[ 2016-06-29T12:36:56+08:00 ] /QA/admin.php/Ask/wait | INFO: Tag[ view_parse ] --START--
[ 2016-06-29T12:36:56+08:00 ] /QA/admin.php/Ask/wait | NOTIC: [8] Undefined index: reward dd78b103fc683803a37a045a775a0547.php 第 30 行.
[ 2016-06-29T12:36:56+08:00 ] /QA/admin.php/Ask/wait | INFO: Run ParseTemplate Behavior [ RunTime:0.020001s ]
[ 2016-06-29T12:36:56+08:00 ] /QA/admin.php/Ask/wait | INFO: Tag[ view_parse ] --END-- [ RunTime:0.020001s ]
[ 2016-06-29T12:36:56+08:00 ] /QA/admin.php/Ask/wait | INFO: Tag[ view_filter ] --START--
[ 2016-06-29T12:36:56+08:00 ] /QA/admin.php/Ask/wait | INFO: Run ContentReplace Behavior [ RunTime:0.001001s ]
[ 2016-06-29T12:36:56+08:00 ] /QA/admin.php/Ask/wait | INFO: Run TokenBuild Behavior [ RunTime:0.001000s ]
[ 2016-06-29T12:36:56+08:00 ] /QA/admin.php/Ask/wait | INFO: Run WriteHtmlCache Behavior [ RunTime:0.001000s ]
[ 2016-06-29T12:36:56+08:00 ] /QA/admin.php/Ask/wait | INFO: Run ShowRuntime Behavior [ RunTime:0.001000s ]
[ 2016-06-29T12:36:56+08:00 ] /QA/admin.php/Ask/wait | INFO: Tag[ view_filter ] --END-- [ RunTime:0.004001s ]
[ 2016-06-29T12:36:56+08:00 ] /QA/admin.php/Ask/wait | INFO: Tag[ view_end ] --START--
[ 2016-06-29T12:36:56+08:00 ] /QA/admin.php/Ask/wait | INFO: Run ShowPageTrace Behavior [ RunTime:0.001000s ]
[ 2016-06-29T12:36:56+08:00 ] /QA/admin.php/Ask/wait | INFO: Tag[ view_end ] --END-- [ RunTime:0.002000s ]
[ 2016-06-29T12:36:58+08:00 ] /QA/admin.php/Answer/index | INFO: Tag[ route_check ] --START--
[ 2016-06-29T12:36:58+08:00 ] /QA/admin.php/Answer/index | INFO: Run CheckRoute Behavior [ RunTime:0.003000s ]
[ 2016-06-29T12:36:58+08:00 ] /QA/admin.php/Answer/index | INFO: Tag[ route_check ] --END-- [ RunTime:0.003000s ]
[ 2016-06-29T12:36:58+08:00 ] /QA/admin.php/Answer/index | INFO: Tag[ app_begin ] --START--
[ 2016-06-29T12:36:58+08:00 ] /QA/admin.php/Answer/index | INFO: Run ReadHtmlCache Behavior [ RunTime:0.002000s ]
[ 2016-06-29T12:36:58+08:00 ] /QA/admin.php/Answer/index | INFO: Tag[ app_begin ] --END-- [ RunTime:0.002000s ]
[ 2016-06-29T12:36:59+08:00 ] /QA/admin.php/Answer/index | SQL: SHOW COLUMNS FROM `wl_answer` [ RunTime:0.412024s ]
[ 2016-06-29T12:36:59+08:00 ] /QA/admin.php/Answer/index | SQL: SELECT COUNT(*) AS tp_count FROM `wl_answer` LIMIT 1   [ RunTime:0.000000s ]
[ 2016-06-29T12:36:59+08:00 ] /QA/admin.php/Answer/index | SQL: SELECT * FROM `wl_answer` ORDER BY answer_time DESC LIMIT 0,20   [ RunTime:0.000000s ]
[ 2016-06-29T12:36:59+08:00 ] /QA/admin.php/Answer/index | INFO: Tag[ view_template ] --START--
[ 2016-06-29T12:36:59+08:00 ] /QA/admin.php/Answer/index | INFO: Run LocationTemplate Behavior [ RunTime:0.002000s ]
[ 2016-06-29T12:36:59+08:00 ] /QA/admin.php/Answer/index | INFO: Tag[ view_template ] --END-- [ RunTime:0.002000s ]
[ 2016-06-29T12:36:59+08:00 ] /QA/admin.php/Answer/index | INFO: Tag[ view_parse ] --START--
[ 2016-06-29T12:36:59+08:00 ] /QA/admin.php/Answer/index | INFO: Run ParseTemplate Behavior [ RunTime:0.290017s ]
[ 2016-06-29T12:36:59+08:00 ] /QA/admin.php/Answer/index | INFO: Tag[ view_parse ] --END-- [ RunTime:0.292017s ]
[ 2016-06-29T12:36:59+08:00 ] /QA/admin.php/Answer/index | INFO: Tag[ view_filter ] --START--
[ 2016-06-29T12:36:59+08:00 ] /QA/admin.php/Answer/index | INFO: Run ContentReplace Behavior [ RunTime:0.001000s ]
[ 2016-06-29T12:36:59+08:00 ] /QA/admin.php/Answer/index | INFO: Run TokenBuild Behavior [ RunTime:0.001000s ]
[ 2016-06-29T12:36:59+08:00 ] /QA/admin.php/Answer/index | INFO: Run WriteHtmlCache Behavior [ RunTime:0.001000s ]
[ 2016-06-29T12:36:59+08:00 ] /QA/admin.php/Answer/index | INFO: Run ShowRuntime Behavior [ RunTime:0.001000s ]
[ 2016-06-29T12:36:59+08:00 ] /QA/admin.php/Answer/index | INFO: Tag[ view_filter ] --END-- [ RunTime:0.005000s ]
[ 2016-06-29T12:36:59+08:00 ] /QA/admin.php/Answer/index | INFO: Tag[ view_end ] --START--
[ 2016-06-29T12:36:59+08:00 ] /QA/admin.php/Answer/index | INFO: Run ShowPageTrace Behavior [ RunTime:0.002000s ]
[ 2016-06-29T12:36:59+08:00 ] /QA/admin.php/Answer/index | INFO: Tag[ view_end ] --END-- [ RunTime:0.002000s ]
[ 2016-06-29T12:36:59+08:00 ] /QA/admin.php/Answer/adopt | INFO: Tag[ route_check ] --START--
[ 2016-06-29T12:36:59+08:00 ] /QA/admin.php/Answer/adopt | INFO: Run CheckRoute Behavior [ RunTime:0.003000s ]
[ 2016-06-29T12:36:59+08:00 ] /QA/admin.php/Answer/adopt | INFO: Tag[ route_check ] --END-- [ RunTime:0.003000s ]
[ 2016-06-29T12:36:59+08:00 ] /QA/admin.php/Answer/adopt | INFO: Tag[ app_begin ] --START--
[ 2016-06-29T12:36:59+08:00 ] /QA/admin.php/Answer/adopt | INFO: Run ReadHtmlCache Behavior [ RunTime:0.002001s ]
[ 2016-06-29T12:36:59+08:00 ] /QA/admin.php/Answer/adopt | INFO: Tag[ app_begin ] --END-- [ RunTime:0.002001s ]
[ 2016-06-29T12:36:59+08:00 ] /QA/admin.php/Answer/adopt | SQL: SHOW COLUMNS FROM `wl_answer` [ RunTime:0.011001s ]
[ 2016-06-29T12:36:59+08:00 ] /QA/admin.php/Answer/adopt | SQL: SELECT COUNT(*) AS tp_count FROM `wl_answer` WHERE ( `adopt` = 1 ) LIMIT 1   [ RunTime:0.007000s ]
[ 2016-06-29T12:36:59+08:00 ] /QA/admin.php/Answer/adopt | SQL: SELECT * FROM `wl_answer` WHERE ( `adopt` = 1 ) ORDER BY answer_time DESC LIMIT 0,20   [ RunTime:0.001000s ]
[ 2016-06-29T12:36:59+08:00 ] /QA/admin.php/Answer/adopt | INFO: Tag[ view_template ] --START--
[ 2016-06-29T12:36:59+08:00 ] /QA/admin.php/Answer/adopt | INFO: Run LocationTemplate Behavior [ RunTime:0.004001s ]
[ 2016-06-29T12:36:59+08:00 ] /QA/admin.php/Answer/adopt | INFO: Tag[ view_template ] --END-- [ RunTime:0.004001s ]
[ 2016-06-29T12:36:59+08:00 ] /QA/admin.php/Answer/adopt | INFO: Tag[ view_parse ] --START--
[ 2016-06-29T12:36:59+08:00 ] /QA/admin.php/Answer/adopt | INFO: Run ParseTemplate Behavior [ RunTime:0.022001s ]
[ 2016-06-29T12:36:59+08:00 ] /QA/admin.php/Answer/adopt | INFO: Tag[ view_parse ] --END-- [ RunTime:0.022001s ]
[ 2016-06-29T12:36:59+08:00 ] /QA/admin.php/Answer/adopt | INFO: Tag[ view_filter ] --START--
[ 2016-06-29T12:36:59+08:00 ] /QA/admin.php/Answer/adopt | INFO: Run ContentReplace Behavior [ RunTime:0.002000s ]
[ 2016-06-29T12:36:59+08:00 ] /QA/admin.php/Answer/adopt | INFO: Run TokenBuild Behavior [ RunTime:0.001000s ]
[ 2016-06-29T12:36:59+08:00 ] /QA/admin.php/Answer/adopt | INFO: Run WriteHtmlCache Behavior [ RunTime:0.001000s ]
[ 2016-06-29T12:36:59+08:00 ] /QA/admin.php/Answer/adopt | INFO: Run ShowRuntime Behavior [ RunTime:0.001000s ]
[ 2016-06-29T12:36:59+08:00 ] /QA/admin.php/Answer/adopt | INFO: Tag[ view_filter ] --END-- [ RunTime:0.005000s ]
[ 2016-06-29T12:36:59+08:00 ] /QA/admin.php/Answer/adopt | INFO: Tag[ view_end ] --START--
[ 2016-06-29T12:36:59+08:00 ] /QA/admin.php/Answer/adopt | INFO: Run ShowPageTrace Behavior [ RunTime:0.001000s ]
[ 2016-06-29T12:36:59+08:00 ] /QA/admin.php/Answer/adopt | INFO: Tag[ view_end ] --END-- [ RunTime:0.001000s ]
[ 2016-06-29T12:37:06+08:00 ] /QA/admin.php/Index/index | INFO: Tag[ route_check ] --START--
[ 2016-06-29T12:37:06+08:00 ] /QA/admin.php/Index/index | INFO: Run CheckRoute Behavior [ RunTime:0.001001s ]
[ 2016-06-29T12:37:06+08:00 ] /QA/admin.php/Index/index | INFO: Tag[ route_check ] --END-- [ RunTime:0.003001s ]
[ 2016-06-29T12:37:06+08:00 ] /QA/admin.php/Index/index | INFO: Tag[ app_begin ] --START--
[ 2016-06-29T12:37:06+08:00 ] /QA/admin.php/Index/index | INFO: Run ReadHtmlCache Behavior [ RunTime:0.001000s ]
[ 2016-06-29T12:37:06+08:00 ] /QA/admin.php/Index/index | INFO: Tag[ app_begin ] --END-- [ RunTime:0.001000s ]
[ 2016-06-29T12:37:06+08:00 ] /QA/admin.php/Index/index | SQL: SHOW COLUMNS FROM `wl_category` [ RunTime:0.010000s ]
[ 2016-06-29T12:37:06+08:00 ] /QA/admin.php/Index/index | SQL: SELECT * FROM `wl_category` LIMIT 1   [ RunTime:0.001001s ]
[ 2016-06-29T12:37:06+08:00 ] /QA/admin.php/Index/index | INFO: Tag[ view_template ] --START--
[ 2016-06-29T12:37:06+08:00 ] /QA/admin.php/Index/index | INFO: Run LocationTemplate Behavior [ RunTime:0.002000s ]
[ 2016-06-29T12:37:06+08:00 ] /QA/admin.php/Index/index | INFO: Tag[ view_template ] --END-- [ RunTime:0.002000s ]
[ 2016-06-29T12:37:06+08:00 ] /QA/admin.php/Index/index | INFO: Tag[ view_parse ] --START--
[ 2016-06-29T12:37:06+08:00 ] /QA/admin.php/Index/index | INFO: Run ParseTemplate Behavior [ RunTime:0.018001s ]
[ 2016-06-29T12:37:06+08:00 ] /QA/admin.php/Index/index | INFO: Tag[ view_parse ] --END-- [ RunTime:0.018001s ]
[ 2016-06-29T12:37:06+08:00 ] /QA/admin.php/Index/index | INFO: Tag[ view_filter ] --START--
[ 2016-06-29T12:37:06+08:00 ] /QA/admin.php/Index/index | INFO: Run ContentReplace Behavior [ RunTime:0.001000s ]
[ 2016-06-29T12:37:06+08:00 ] /QA/admin.php/Index/index | INFO: Run TokenBuild Behavior [ RunTime:0.001000s ]
[ 2016-06-29T12:37:06+08:00 ] /QA/admin.php/Index/index | INFO: Run WriteHtmlCache Behavior [ RunTime:0.001000s ]
[ 2016-06-29T12:37:06+08:00 ] /QA/admin.php/Index/index | INFO: Run ShowRuntime Behavior [ RunTime:0.001000s ]
[ 2016-06-29T12:37:06+08:00 ] /QA/admin.php/Index/index | INFO: Tag[ view_filter ] --END-- [ RunTime:0.005000s ]
[ 2016-06-29T12:37:06+08:00 ] /QA/admin.php/Index/index | INFO: Tag[ view_end ] --START--
[ 2016-06-29T12:37:06+08:00 ] /QA/admin.php/Index/index | INFO: Run ShowPageTrace Behavior [ RunTime:0.001000s ]
[ 2016-06-29T12:37:06+08:00 ] /QA/admin.php/Index/index | INFO: Tag[ view_end ] --END-- [ RunTime:0.001000s ]
[ 2016-06-29T12:37:09+08:00 ] /QA/admin.php/Ask/index | INFO: Tag[ route_check ] --START--
[ 2016-06-29T12:37:09+08:00 ] /QA/admin.php/Ask/index | INFO: Run CheckRoute Behavior [ RunTime:0.002000s ]
[ 2016-06-29T12:37:09+08:00 ] /QA/admin.php/Ask/index | INFO: Tag[ route_check ] --END-- [ RunTime:0.003000s ]
[ 2016-06-29T12:37:09+08:00 ] /QA/admin.php/Ask/index | INFO: Tag[ app_begin ] --START--
[ 2016-06-29T12:37:09+08:00 ] /QA/admin.php/Ask/index | INFO: Run ReadHtmlCache Behavior [ RunTime:0.002000s ]
[ 2016-06-29T12:37:09+08:00 ] /QA/admin.php/Ask/index | INFO: Tag[ app_begin ] --END-- [ RunTime:0.002000s ]
[ 2016-06-29T12:37:09+08:00 ] /QA/admin.php/Ask/index | SQL: SHOW COLUMNS FROM `wl_question` [ RunTime:0.013001s ]
[ 2016-06-29T12:37:09+08:00 ] /QA/admin.php/Ask/index | SQL: SELECT COUNT(*) AS tp_count FROM `wl_question` LIMIT 1   [ RunTime:0.001000s ]
[ 2016-06-29T12:37:09+08:00 ] /QA/admin.php/Ask/index | SQL: SELECT * FROM `wl_question` ORDER BY ask_time DESC LIMIT 0,20   [ RunTime:0.001000s ]
[ 2016-06-29T12:37:09+08:00 ] /QA/admin.php/Ask/index | INFO: Tag[ view_template ] --START--
[ 2016-06-29T12:37:09+08:00 ] /QA/admin.php/Ask/index | INFO: Run LocationTemplate Behavior [ RunTime:0.001000s ]
[ 2016-06-29T12:37:09+08:00 ] /QA/admin.php/Ask/index | INFO: Tag[ view_template ] --END-- [ RunTime:0.001000s ]
[ 2016-06-29T12:37:09+08:00 ] /QA/admin.php/Ask/index | INFO: Tag[ view_parse ] --START--
[ 2016-06-29T12:37:09+08:00 ] /QA/admin.php/Ask/index | NOTIC: [8] Undefined index: reward dd78b103fc683803a37a045a775a0547.php 第 30 行.
[ 2016-06-29T12:37:09+08:00 ] /QA/admin.php/Ask/index | NOTIC: [8] Undefined index: reward dd78b103fc683803a37a045a775a0547.php 第 30 行.
[ 2016-06-29T12:37:09+08:00 ] /QA/admin.php/Ask/index | INFO: Run ParseTemplate Behavior [ RunTime:0.022002s ]
[ 2016-06-29T12:37:09+08:00 ] /QA/admin.php/Ask/index | INFO: Tag[ view_parse ] --END-- [ RunTime:0.022002s ]
[ 2016-06-29T12:37:09+08:00 ] /QA/admin.php/Ask/index | INFO: Tag[ view_filter ] --START--
[ 2016-06-29T12:37:09+08:00 ] /QA/admin.php/Ask/index | INFO: Run ContentReplace Behavior [ RunTime:0.001000s ]
[ 2016-06-29T12:37:09+08:00 ] /QA/admin.php/Ask/index | INFO: Run TokenBuild Behavior [ RunTime:0.002000s ]
[ 2016-06-29T12:37:09+08:00 ] /QA/admin.php/Ask/index | INFO: Run WriteHtmlCache Behavior [ RunTime:0.001000s ]
[ 2016-06-29T12:37:09+08:00 ] /QA/admin.php/Ask/index | INFO: Run ShowRuntime Behavior [ RunTime:0.001000s ]
[ 2016-06-29T12:37:09+08:00 ] /QA/admin.php/Ask/index | INFO: Tag[ view_filter ] --END-- [ RunTime:0.006000s ]
[ 2016-06-29T12:37:09+08:00 ] /QA/admin.php/Ask/index | INFO: Tag[ view_end ] --START--
[ 2016-06-29T12:37:09+08:00 ] /QA/admin.php/Ask/index | INFO: Run ShowPageTrace Behavior [ RunTime:0.001000s ]
[ 2016-06-29T12:37:09+08:00 ] /QA/admin.php/Ask/index | INFO: Tag[ view_end ] --END-- [ RunTime:0.001000s ]
[ 2016-06-29T12:37:11+08:00 ] /QA/admin.php/Answer/index | INFO: Tag[ route_check ] --START--
[ 2016-06-29T12:37:11+08:00 ] /QA/admin.php/Answer/index | INFO: Run CheckRoute Behavior [ RunTime:0.002000s ]
[ 2016-06-29T12:37:11+08:00 ] /QA/admin.php/Answer/index | INFO: Tag[ route_check ] --END-- [ RunTime:0.002000s ]
[ 2016-06-29T12:37:11+08:00 ] /QA/admin.php/Answer/index | INFO: Tag[ app_begin ] --START--
[ 2016-06-29T12:37:11+08:00 ] /QA/admin.php/Answer/index | INFO: Run ReadHtmlCache Behavior [ RunTime:0.003000s ]
[ 2016-06-29T12:37:11+08:00 ] /QA/admin.php/Answer/index | INFO: Tag[ app_begin ] --END-- [ RunTime:0.003000s ]
[ 2016-06-29T12:37:11+08:00 ] /QA/admin.php/Answer/index | SQL: SHOW COLUMNS FROM `wl_answer` [ RunTime:0.013001s ]
[ 2016-06-29T12:37:11+08:00 ] /QA/admin.php/Answer/index | SQL: SELECT COUNT(*) AS tp_count FROM `wl_answer` LIMIT 1   [ RunTime:0.001000s ]
[ 2016-06-29T12:37:11+08:00 ] /QA/admin.php/Answer/index | SQL: SELECT * FROM `wl_answer` ORDER BY answer_time DESC LIMIT 0,20   [ RunTime:0.001000s ]
[ 2016-06-29T12:37:11+08:00 ] /QA/admin.php/Answer/index | INFO: Tag[ view_template ] --START--
[ 2016-06-29T12:37:11+08:00 ] /QA/admin.php/Answer/index | INFO: Run LocationTemplate Behavior [ RunTime:0.000000s ]
[ 2016-06-29T12:37:11+08:00 ] /QA/admin.php/Answer/index | INFO: Tag[ view_template ] --END-- [ RunTime:0.002000s ]
[ 2016-06-29T12:37:11+08:00 ] /QA/admin.php/Answer/index | INFO: Tag[ view_parse ] --START--
[ 2016-06-29T12:37:11+08:00 ] /QA/admin.php/Answer/index | INFO: Run ParseTemplate Behavior [ RunTime:0.022001s ]
[ 2016-06-29T12:37:11+08:00 ] /QA/admin.php/Answer/index | INFO: Tag[ view_parse ] --END-- [ RunTime:0.023001s ]
[ 2016-06-29T12:37:11+08:00 ] /QA/admin.php/Answer/index | INFO: Tag[ view_filter ] --START--
[ 2016-06-29T12:37:11+08:00 ] /QA/admin.php/Answer/index | INFO: Run ContentReplace Behavior [ RunTime:0.001000s ]
[ 2016-06-29T12:37:11+08:00 ] /QA/admin.php/Answer/index | INFO: Run TokenBuild Behavior [ RunTime:0.001000s ]
[ 2016-06-29T12:37:11+08:00 ] /QA/admin.php/Answer/index | INFO: Run WriteHtmlCache Behavior [ RunTime:0.001000s ]
[ 2016-06-29T12:37:11+08:00 ] /QA/admin.php/Answer/index | INFO: Run ShowRuntime Behavior [ RunTime:0.002001s ]
[ 2016-06-29T12:37:11+08:00 ] /QA/admin.php/Answer/index | INFO: Tag[ view_filter ] --END-- [ RunTime:0.005001s ]
[ 2016-06-29T12:37:11+08:00 ] /QA/admin.php/Answer/index | INFO: Tag[ view_end ] --START--
[ 2016-06-29T12:37:11+08:00 ] /QA/admin.php/Answer/index | INFO: Run ShowPageTrace Behavior [ RunTime:0.001000s ]
[ 2016-06-29T12:37:11+08:00 ] /QA/admin.php/Answer/index | INFO: Tag[ view_end ] --END-- [ RunTime:0.001000s ]
[ 2016-06-29T12:37:11+08:00 ] /QA/admin.php/Answer/index | INFO: Tag[ route_check ] --START--
[ 2016-06-29T12:37:11+08:00 ] /QA/admin.php/Answer/index | INFO: Run CheckRoute Behavior [ RunTime:0.002000s ]
[ 2016-06-29T12:37:11+08:00 ] /QA/admin.php/Answer/index | INFO: Tag[ route_check ] --END-- [ RunTime:0.002000s ]
[ 2016-06-29T12:37:11+08:00 ] /QA/admin.php/Answer/index | INFO: Tag[ app_begin ] --START--
[ 2016-06-29T12:37:11+08:00 ] /QA/admin.php/Answer/index | INFO: Run ReadHtmlCache Behavior [ RunTime:0.001000s ]
[ 2016-06-29T12:37:11+08:00 ] /QA/admin.php/Answer/index | INFO: Tag[ app_begin ] --END-- [ RunTime:0.002000s ]
[ 2016-06-29T12:37:11+08:00 ] /QA/admin.php/Answer/index | SQL: SHOW COLUMNS FROM `wl_answer` [ RunTime:0.012000s ]
[ 2016-06-29T12:37:11+08:00 ] /QA/admin.php/Answer/index | SQL: SELECT COUNT(*) AS tp_count FROM `wl_answer` LIMIT 1   [ RunTime:0.000000s ]
[ 2016-06-29T12:37:11+08:00 ] /QA/admin.php/Answer/index | SQL: SELECT * FROM `wl_answer` ORDER BY answer_time DESC LIMIT 0,20   [ RunTime:0.001000s ]
[ 2016-06-29T12:37:11+08:00 ] /QA/admin.php/Answer/index | INFO: Tag[ view_template ] --START--
[ 2016-06-29T12:37:11+08:00 ] /QA/admin.php/Answer/index | INFO: Run LocationTemplate Behavior [ RunTime:0.002000s ]
[ 2016-06-29T12:37:11+08:00 ] /QA/admin.php/Answer/index | INFO: Tag[ view_template ] --END-- [ RunTime:0.002000s ]
[ 2016-06-29T12:37:11+08:00 ] /QA/admin.php/Answer/index | INFO: Tag[ view_parse ] --START--
[ 2016-06-29T12:37:11+08:00 ] /QA/admin.php/Answer/index | INFO: Run ParseTemplate Behavior [ RunTime:0.020002s ]
[ 2016-06-29T12:37:11+08:00 ] /QA/admin.php/Answer/index | INFO: Tag[ view_parse ] --END-- [ RunTime:0.020002s ]
[ 2016-06-29T12:37:11+08:00 ] /QA/admin.php/Answer/index | INFO: Tag[ view_filter ] --START--
[ 2016-06-29T12:37:11+08:00 ] /QA/admin.php/Answer/index | INFO: Run ContentReplace Behavior [ RunTime:0.001000s ]
[ 2016-06-29T12:37:11+08:00 ] /QA/admin.php/Answer/index | INFO: Run TokenBuild Behavior [ RunTime:0.001000s ]
[ 2016-06-29T12:37:11+08:00 ] /QA/admin.php/Answer/index | INFO: Run WriteHtmlCache Behavior [ RunTime:0.001000s ]
[ 2016-06-29T12:37:11+08:00 ] /QA/admin.php/Answer/index | INFO: Run ShowRuntime Behavior [ RunTime:0.001000s ]
[ 2016-06-29T12:37:11+08:00 ] /QA/admin.php/Answer/index | INFO: Tag[ view_filter ] --END-- [ RunTime:0.005000s ]
[ 2016-06-29T12:37:11+08:00 ] /QA/admin.php/Answer/index | INFO: Tag[ view_end ] --START--
[ 2016-06-29T12:37:11+08:00 ] /QA/admin.php/Answer/index | INFO: Run ShowPageTrace Behavior [ RunTime:0.001000s ]
[ 2016-06-29T12:37:11+08:00 ] /QA/admin.php/Answer/index | INFO: Tag[ view_end ] --END-- [ RunTime:0.002000s ]
