[ 2017-03-16T13:14:08+08:00 ] /QA/admin.php/Login/index | INFO: Tag[ route_check ] --START--
[ 2017-03-16T13:14:08+08:00 ] /QA/admin.php/Login/index | INFO: Run CheckRoute Behavior [ RunTime:0.001894s ]
[ 2017-03-16T13:14:08+08:00 ] /QA/admin.php/Login/index | INFO: Tag[ route_check ] --END-- [ RunTime:0.002015s ]
[ 2017-03-16T13:14:08+08:00 ] /QA/admin.php/Login/index | INFO: Tag[ app_begin ] --START--
[ 2017-03-16T13:14:08+08:00 ] /QA/admin.php/Login/index | INFO: Run ReadHtmlCache Behavior [ RunTime:0.000992s ]
[ 2017-03-16T13:14:08+08:00 ] /QA/admin.php/Login/index | INFO: Tag[ app_begin ] --END-- [ RunTime:0.001105s ]
[ 2017-03-16T13:14:08+08:00 ] /QA/admin.php/Login/index | INFO: Tag[ view_template ] --START--
[ 2017-03-16T13:14:08+08:00 ] /QA/admin.php/Login/index | INFO: Run LocationTemplate Behavior [ RunTime:0.002130s ]
[ 2017-03-16T13:14:08+08:00 ] /QA/admin.php/Login/index | INFO: Tag[ view_template ] --END-- [ RunTime:0.002215s ]
[ 2017-03-16T13:14:08+08:00 ] /QA/admin.php/Login/index | INFO: Tag[ view_parse ] --START--
[ 2017-03-16T13:14:08+08:00 ] /QA/admin.php/Login/index | INFO: Run ParseTemplate Behavior [ RunTime:0.014779s ]
[ 2017-03-16T13:14:08+08:00 ] /QA/admin.php/Login/index | INFO: Tag[ view_parse ] --END-- [ RunTime:0.014884s ]
[ 2017-03-16T13:14:08+08:00 ] /QA/admin.php/Login/index | INFO: Tag[ view_filter ] --START--
[ 2017-03-16T13:14:08+08:00 ] /QA/admin.php/Login/index | INFO: Run ContentReplace Behavior [ RunTime:0.001408s ]
[ 2017-03-16T13:14:08+08:00 ] /QA/admin.php/Login/index | INFO: Run TokenBuild Behavior [ RunTime:0.001427s ]
[ 2017-03-16T13:14:08+08:00 ] /QA/admin.php/Login/index | INFO: Run WriteHtmlCache Behavior [ RunTime:0.000812s ]
[ 2017-03-16T13:14:08+08:00 ] /QA/admin.php/Login/index | INFO: Run ShowRuntime Behavior [ RunTime:0.001214s ]
[ 2017-03-16T13:14:08+08:00 ] /QA/admin.php/Login/index | INFO: Tag[ view_filter ] --END-- [ RunTime:0.005097s ]
[ 2017-03-16T13:14:08+08:00 ] /QA/admin.php/Login/index | INFO: Tag[ view_end ] --START--
[ 2017-03-16T13:14:08+08:00 ] /QA/admin.php/Login/index | INFO: Run ShowPageTrace Behavior [ RunTime:0.001530s ]
[ 2017-03-16T13:14:08+08:00 ] /QA/admin.php/Login/index | INFO: Tag[ view_end ] --END-- [ RunTime:0.001629s ]
[ 2017-03-16T13:14:08+08:00 ] /QA/admin.php/Login/verify | INFO: Tag[ route_check ] --START--
[ 2017-03-16T13:14:08+08:00 ] /QA/admin.php/Login/verify | INFO: Run CheckRoute Behavior [ RunTime:0.001227s ]
[ 2017-03-16T13:14:08+08:00 ] /QA/admin.php/Login/verify | INFO: Tag[ route_check ] --END-- [ RunTime:0.001318s ]
[ 2017-03-16T13:14:08+08:00 ] /QA/admin.php/Login/verify | INFO: Tag[ app_begin ] --START--
[ 2017-03-16T13:14:08+08:00 ] /QA/admin.php/Login/verify | INFO: Run ReadHtmlCache Behavior [ RunTime:0.000910s ]
[ 2017-03-16T13:14:08+08:00 ] /QA/admin.php/Login/verify | INFO: Tag[ app_begin ] --END-- [ RunTime:0.000975s ]
[ 2017-03-16T13:14:17+08:00 ] /QA/admin.php/Index/index | INFO: Tag[ route_check ] --START--
[ 2017-03-16T13:14:17+08:00 ] /QA/admin.php/Index/index | INFO: Run CheckRoute Behavior [ RunTime:0.003536s ]
[ 2017-03-16T13:14:17+08:00 ] /QA/admin.php/Index/index | INFO: Tag[ route_check ] --END-- [ RunTime:0.003680s ]
[ 2017-03-16T13:14:17+08:00 ] /QA/admin.php/Index/index | INFO: Tag[ app_begin ] --START--
[ 2017-03-16T13:14:17+08:00 ] /QA/admin.php/Index/index | INFO: Run ReadHtmlCache Behavior [ RunTime:0.001489s ]
[ 2017-03-16T13:14:17+08:00 ] /QA/admin.php/Index/index | INFO: Tag[ app_begin ] --END-- [ RunTime:0.001710s ]
[ 2017-03-16T13:14:17+08:00 ] /QA/admin.php/Index/index | SQL: SHOW COLUMNS FROM `wl_category` [ RunTime:0.007267s ]
[ 2017-03-16T13:14:17+08:00 ] /QA/admin.php/Index/index | SQL: SELECT * FROM `wl_category` LIMIT 1   [ RunTime:0.000503s ]
[ 2017-03-16T13:14:17+08:00 ] /QA/admin.php/Index/index | INFO: Tag[ view_template ] --START--
[ 2017-03-16T13:14:17+08:00 ] /QA/admin.php/Index/index | INFO: Run LocationTemplate Behavior [ RunTime:0.003040s ]
[ 2017-03-16T13:14:17+08:00 ] /QA/admin.php/Index/index | INFO: Tag[ view_template ] --END-- [ RunTime:0.003129s ]
[ 2017-03-16T13:14:17+08:00 ] /QA/admin.php/Index/index | INFO: Tag[ view_parse ] --START--
[ 2017-03-16T13:14:17+08:00 ] /QA/admin.php/Index/index | INFO: Run ParseTemplate Behavior [ RunTime:0.014207s ]
[ 2017-03-16T13:14:17+08:00 ] /QA/admin.php/Index/index | INFO: Tag[ view_parse ] --END-- [ RunTime:0.014298s ]
[ 2017-03-16T13:14:17+08:00 ] /QA/admin.php/Index/index | INFO: Tag[ view_filter ] --START--
[ 2017-03-16T13:14:17+08:00 ] /QA/admin.php/Index/index | INFO: Run ContentReplace Behavior [ RunTime:0.001955s ]
[ 2017-03-16T13:14:17+08:00 ] /QA/admin.php/Index/index | INFO: Run TokenBuild Behavior [ RunTime:0.001375s ]
[ 2017-03-16T13:14:17+08:00 ] /QA/admin.php/Index/index | INFO: Run WriteHtmlCache Behavior [ RunTime:0.001085s ]
[ 2017-03-16T13:14:17+08:00 ] /QA/admin.php/Index/index | INFO: Run ShowRuntime Behavior [ RunTime:0.002224s ]
[ 2017-03-16T13:14:17+08:00 ] /QA/admin.php/Index/index | INFO: Tag[ view_filter ] --END-- [ RunTime:0.006968s ]
[ 2017-03-16T13:14:17+08:00 ] /QA/admin.php/Index/index | INFO: Tag[ view_end ] --START--
[ 2017-03-16T13:14:17+08:00 ] /QA/admin.php/Index/index | INFO: Run ShowPageTrace Behavior [ RunTime:0.001100s ]
[ 2017-03-16T13:14:17+08:00 ] /QA/admin.php/Index/index | INFO: Tag[ view_end ] --END-- [ RunTime:0.001173s ]
[ 2017-03-16T13:14:18+08:00 ] /QA/admin.php/Category/index | INFO: Tag[ route_check ] --START--
[ 2017-03-16T13:14:18+08:00 ] /QA/admin.php/Category/index | INFO: Run CheckRoute Behavior [ RunTime:0.001240s ]
[ 2017-03-16T13:14:18+08:00 ] /QA/admin.php/Category/index | INFO: Tag[ route_check ] --END-- [ RunTime:0.001341s ]
[ 2017-03-16T13:14:18+08:00 ] /QA/admin.php/Category/index | INFO: Tag[ app_begin ] --START--
[ 2017-03-16T13:14:18+08:00 ] /QA/admin.php/Category/index | INFO: Run ReadHtmlCache Behavior [ RunTime:0.000922s ]
[ 2017-03-16T13:14:18+08:00 ] /QA/admin.php/Category/index | INFO: Tag[ app_begin ] --END-- [ RunTime:0.000975s ]
[ 2017-03-16T13:14:18+08:00 ] /QA/admin.php/Category/index | SQL: SHOW COLUMNS FROM `wl_category` [ RunTime:0.006738s ]
[ 2017-03-16T13:14:18+08:00 ] /QA/admin.php/Category/index | SQL: SELECT * FROM `wl_category`  [ RunTime:0.000623s ]
[ 2017-03-16T13:14:18+08:00 ] /QA/admin.php/Category/index | INFO: Tag[ view_template ] --START--
[ 2017-03-16T13:14:18+08:00 ] /QA/admin.php/Category/index | INFO: Run LocationTemplate Behavior [ RunTime:0.002494s ]
[ 2017-03-16T13:14:18+08:00 ] /QA/admin.php/Category/index | INFO: Tag[ view_template ] --END-- [ RunTime:0.002558s ]
[ 2017-03-16T13:14:18+08:00 ] /QA/admin.php/Category/index | INFO: Tag[ view_parse ] --START--
[ 2017-03-16T13:14:18+08:00 ] /QA/admin.php/Category/index | INFO: Run ParseTemplate Behavior [ RunTime:0.018869s ]
[ 2017-03-16T13:14:18+08:00 ] /QA/admin.php/Category/index | INFO: Tag[ view_parse ] --END-- [ RunTime:0.018952s ]
[ 2017-03-16T13:14:18+08:00 ] /QA/admin.php/Category/index | INFO: Tag[ view_filter ] --START--
[ 2017-03-16T13:14:18+08:00 ] /QA/admin.php/Category/index | INFO: Run ContentReplace Behavior [ RunTime:0.001168s ]
[ 2017-03-16T13:14:18+08:00 ] /QA/admin.php/Category/index | INFO: Run TokenBuild Behavior [ RunTime:0.000823s ]
[ 2017-03-16T13:14:18+08:00 ] /QA/admin.php/Category/index | INFO: Run WriteHtmlCache Behavior [ RunTime:0.000511s ]
[ 2017-03-16T13:14:18+08:00 ] /QA/admin.php/Category/index | INFO: Run ShowRuntime Behavior [ RunTime:0.000838s ]
[ 2017-03-16T13:14:18+08:00 ] /QA/admin.php/Category/index | INFO: Tag[ view_filter ] --END-- [ RunTime:0.003541s ]
[ 2017-03-16T13:14:18+08:00 ] /QA/admin.php/Category/index | INFO: Tag[ view_end ] --START--
[ 2017-03-16T13:14:18+08:00 ] /QA/admin.php/Category/index | INFO: Run ShowPageTrace Behavior [ RunTime:0.001184s ]
[ 2017-03-16T13:14:18+08:00 ] /QA/admin.php/Category/index | INFO: Tag[ view_end ] --END-- [ RunTime:0.001270s ]
[ 2017-03-16T13:14:20+08:00 ] /QA/admin.php/Category/addChild/pid/1 | INFO: Tag[ route_check ] --START--
[ 2017-03-16T13:14:20+08:00 ] /QA/admin.php/Category/addChild/pid/1 | INFO: Run CheckRoute Behavior [ RunTime:0.001323s ]
[ 2017-03-16T13:14:20+08:00 ] /QA/admin.php/Category/addChild/pid/1 | INFO: Tag[ route_check ] --END-- [ RunTime:0.001418s ]
[ 2017-03-16T13:14:20+08:00 ] /QA/admin.php/Category/addChild/pid/1 | INFO: Tag[ app_begin ] --START--
[ 2017-03-16T13:14:20+08:00 ] /QA/admin.php/Category/addChild/pid/1 | INFO: Run ReadHtmlCache Behavior [ RunTime:0.000945s ]
[ 2017-03-16T13:14:20+08:00 ] /QA/admin.php/Category/addChild/pid/1 | INFO: Tag[ app_begin ] --END-- [ RunTime:0.001004s ]
[ 2017-03-16T13:14:20+08:00 ] /QA/admin.php/Category/addChild/pid/1 | SQL: SHOW COLUMNS FROM `wl_category` [ RunTime:0.006103s ]
[ 2017-03-16T13:14:20+08:00 ] /QA/admin.php/Category/addChild/pid/1 | SQL: SELECT * FROM `wl_category` WHERE ( `id` = 1 ) LIMIT 1   [ RunTime:0.000586s ]
[ 2017-03-16T13:14:20+08:00 ] /QA/admin.php/Category/addChild/pid/1 | INFO: Tag[ view_template ] --START--
[ 2017-03-16T13:14:20+08:00 ] /QA/admin.php/Category/addChild/pid/1 | INFO: Run LocationTemplate Behavior [ RunTime:0.001994s ]
[ 2017-03-16T13:14:20+08:00 ] /QA/admin.php/Category/addChild/pid/1 | INFO: Tag[ view_template ] --END-- [ RunTime:0.002059s ]
[ 2017-03-16T13:14:20+08:00 ] /QA/admin.php/Category/addChild/pid/1 | INFO: Tag[ view_parse ] --START--
[ 2017-03-16T13:14:20+08:00 ] /QA/admin.php/Category/addChild/pid/1 | INFO: Run ParseTemplate Behavior [ RunTime:0.012020s ]
[ 2017-03-16T13:14:20+08:00 ] /QA/admin.php/Category/addChild/pid/1 | INFO: Tag[ view_parse ] --END-- [ RunTime:0.012101s ]
[ 2017-03-16T13:14:20+08:00 ] /QA/admin.php/Category/addChild/pid/1 | INFO: Tag[ view_filter ] --START--
[ 2017-03-16T13:14:20+08:00 ] /QA/admin.php/Category/addChild/pid/1 | INFO: Run ContentReplace Behavior [ RunTime:0.000701s ]
[ 2017-03-16T13:14:20+08:00 ] /QA/admin.php/Category/addChild/pid/1 | INFO: Run TokenBuild Behavior [ RunTime:0.000663s ]
[ 2017-03-16T13:14:20+08:00 ] /QA/admin.php/Category/addChild/pid/1 | INFO: Run WriteHtmlCache Behavior [ RunTime:0.000580s ]
[ 2017-03-16T13:14:20+08:00 ] /QA/admin.php/Category/addChild/pid/1 | INFO: Run ShowRuntime Behavior [ RunTime:0.000895s ]
[ 2017-03-16T13:14:20+08:00 ] /QA/admin.php/Category/addChild/pid/1 | INFO: Tag[ view_filter ] --END-- [ RunTime:0.003000s ]
[ 2017-03-16T13:14:20+08:00 ] /QA/admin.php/Category/addChild/pid/1 | INFO: Tag[ view_end ] --START--
[ 2017-03-16T13:14:20+08:00 ] /QA/admin.php/Category/addChild/pid/1 | INFO: Run ShowPageTrace Behavior [ RunTime:0.000682s ]
[ 2017-03-16T13:14:20+08:00 ] /QA/admin.php/Category/addChild/pid/1 | INFO: Tag[ view_end ] --END-- [ RunTime:0.000737s ]
[ 2017-03-16T13:24:17+08:00 ] /QA/admin.php/Login/index | INFO: Tag[ route_check ] --START--
[ 2017-03-16T13:24:17+08:00 ] /QA/admin.php/Login/index | INFO: Run CheckRoute Behavior [ RunTime:0.001265s ]
[ 2017-03-16T13:24:17+08:00 ] /QA/admin.php/Login/index | INFO: Tag[ route_check ] --END-- [ RunTime:0.001398s ]
[ 2017-03-16T13:24:17+08:00 ] /QA/admin.php/Login/index | INFO: Tag[ app_begin ] --START--
[ 2017-03-16T13:24:17+08:00 ] /QA/admin.php/Login/index | INFO: Run ReadHtmlCache Behavior [ RunTime:0.000914s ]
[ 2017-03-16T13:24:17+08:00 ] /QA/admin.php/Login/index | INFO: Tag[ app_begin ] --END-- [ RunTime:0.000972s ]
[ 2017-03-16T13:24:17+08:00 ] /QA/admin.php/Login/index | INFO: Tag[ view_template ] --START--
[ 2017-03-16T13:24:17+08:00 ] /QA/admin.php/Login/index | INFO: Run LocationTemplate Behavior [ RunTime:0.001602s ]
[ 2017-03-16T13:24:17+08:00 ] /QA/admin.php/Login/index | INFO: Tag[ view_template ] --END-- [ RunTime:0.001665s ]
[ 2017-03-16T13:24:17+08:00 ] /QA/admin.php/Login/index | INFO: Tag[ view_parse ] --START--
[ 2017-03-16T13:24:17+08:00 ] /QA/admin.php/Login/index | INFO: Run ParseTemplate Behavior [ RunTime:0.015012s ]
[ 2017-03-16T13:24:17+08:00 ] /QA/admin.php/Login/index | INFO: Tag[ view_parse ] --END-- [ RunTime:0.015107s ]
[ 2017-03-16T13:24:17+08:00 ] /QA/admin.php/Login/index | INFO: Tag[ view_filter ] --START--
[ 2017-03-16T13:24:17+08:00 ] /QA/admin.php/Login/index | INFO: Run ContentReplace Behavior [ RunTime:0.001173s ]
[ 2017-03-16T13:24:17+08:00 ] /QA/admin.php/Login/index | INFO: Run TokenBuild Behavior [ RunTime:0.001355s ]
[ 2017-03-16T13:24:17+08:00 ] /QA/admin.php/Login/index | INFO: Run WriteHtmlCache Behavior [ RunTime:0.000603s ]
[ 2017-03-16T13:24:17+08:00 ] /QA/admin.php/Login/index | INFO: Run ShowRuntime Behavior [ RunTime:0.001091s ]
[ 2017-03-16T13:24:17+08:00 ] /QA/admin.php/Login/index | INFO: Tag[ view_filter ] --END-- [ RunTime:0.004498s ]
[ 2017-03-16T13:24:17+08:00 ] /QA/admin.php/Login/index | INFO: Tag[ view_end ] --START--
[ 2017-03-16T13:24:17+08:00 ] /QA/admin.php/Login/index | INFO: Run ShowPageTrace Behavior [ RunTime:0.001516s ]
[ 2017-03-16T13:24:17+08:00 ] /QA/admin.php/Login/index | INFO: Tag[ view_end ] --END-- [ RunTime:0.001597s ]
[ 2017-03-16T13:24:17+08:00 ] /QA/admin.php/Login/verify | INFO: Tag[ route_check ] --START--
[ 2017-03-16T13:24:17+08:00 ] /QA/admin.php/Login/verify | INFO: Run CheckRoute Behavior [ RunTime:0.001660s ]
[ 2017-03-16T13:24:17+08:00 ] /QA/admin.php/Login/verify | INFO: Tag[ route_check ] --END-- [ RunTime:0.001769s ]
[ 2017-03-16T13:24:17+08:00 ] /QA/admin.php/Login/verify | INFO: Tag[ app_begin ] --START--
[ 2017-03-16T13:24:17+08:00 ] /QA/admin.php/Login/verify | INFO: Run ReadHtmlCache Behavior [ RunTime:0.001130s ]
[ 2017-03-16T13:24:17+08:00 ] /QA/admin.php/Login/verify | INFO: Tag[ app_begin ] --END-- [ RunTime:0.001219s ]
[ 2017-03-16T13:24:24+08:00 ] /QA/admin.php/Login/index | INFO: Tag[ route_check ] --START--
[ 2017-03-16T13:24:24+08:00 ] /QA/admin.php/Login/index | INFO: Run CheckRoute Behavior [ RunTime:0.001173s ]
[ 2017-03-16T13:24:24+08:00 ] /QA/admin.php/Login/index | INFO: Tag[ route_check ] --END-- [ RunTime:0.001262s ]
[ 2017-03-16T13:24:24+08:00 ] /QA/admin.php/Login/index | INFO: Tag[ app_begin ] --START--
[ 2017-03-16T13:24:24+08:00 ] /QA/admin.php/Login/index | INFO: Run ReadHtmlCache Behavior [ RunTime:0.000844s ]
[ 2017-03-16T13:24:24+08:00 ] /QA/admin.php/Login/index | INFO: Tag[ app_begin ] --END-- [ RunTime:0.000926s ]
[ 2017-03-16T13:24:24+08:00 ] /QA/admin.php/Login/index | INFO: Tag[ view_template ] --START--
[ 2017-03-16T13:24:24+08:00 ] /QA/admin.php/Login/index | INFO: Run LocationTemplate Behavior [ RunTime:0.001520s ]
[ 2017-03-16T13:24:24+08:00 ] /QA/admin.php/Login/index | INFO: Tag[ view_template ] --END-- [ RunTime:0.001606s ]
[ 2017-03-16T13:24:24+08:00 ] /QA/admin.php/Login/index | INFO: Tag[ view_parse ] --START--
[ 2017-03-16T13:24:24+08:00 ] /QA/admin.php/Login/index | INFO: Run ParseTemplate Behavior [ RunTime:0.013472s ]
[ 2017-03-16T13:24:24+08:00 ] /QA/admin.php/Login/index | INFO: Tag[ view_parse ] --END-- [ RunTime:0.013561s ]
[ 2017-03-16T13:24:24+08:00 ] /QA/admin.php/Login/index | INFO: Tag[ view_filter ] --START--
[ 2017-03-16T13:24:24+08:00 ] /QA/admin.php/Login/index | INFO: Run ContentReplace Behavior [ RunTime:0.000930s ]
[ 2017-03-16T13:24:24+08:00 ] /QA/admin.php/Login/index | INFO: Run TokenBuild Behavior [ RunTime:0.000919s ]
[ 2017-03-16T13:24:24+08:00 ] /QA/admin.php/Login/index | INFO: Run WriteHtmlCache Behavior [ RunTime:0.000824s ]
[ 2017-03-16T13:24:24+08:00 ] /QA/admin.php/Login/index | INFO: Run ShowRuntime Behavior [ RunTime:0.000975s ]
[ 2017-03-16T13:24:24+08:00 ] /QA/admin.php/Login/index | INFO: Tag[ view_filter ] --END-- [ RunTime:0.003815s ]
[ 2017-03-16T13:24:24+08:00 ] /QA/admin.php/Login/index | INFO: Tag[ view_end ] --START--
[ 2017-03-16T13:24:24+08:00 ] /QA/admin.php/Login/index | INFO: Run ShowPageTrace Behavior [ RunTime:0.000975s ]
[ 2017-03-16T13:24:24+08:00 ] /QA/admin.php/Login/index | INFO: Tag[ view_end ] --END-- [ RunTime:0.001033s ]
[ 2017-03-16T13:24:24+08:00 ] /QA/admin.php/Login/verify | INFO: Tag[ route_check ] --START--
[ 2017-03-16T13:24:24+08:00 ] /QA/admin.php/Login/verify | INFO: Run CheckRoute Behavior [ RunTime:0.001379s ]
[ 2017-03-16T13:24:24+08:00 ] /QA/admin.php/Login/verify | INFO: Tag[ route_check ] --END-- [ RunTime:0.001469s ]
[ 2017-03-16T13:24:24+08:00 ] /QA/admin.php/Login/verify | INFO: Tag[ app_begin ] --START--
[ 2017-03-16T13:24:24+08:00 ] /QA/admin.php/Login/verify | INFO: Run ReadHtmlCache Behavior [ RunTime:0.001031s ]
[ 2017-03-16T13:24:24+08:00 ] /QA/admin.php/Login/verify | INFO: Tag[ app_begin ] --END-- [ RunTime:0.001090s ]
[ 2017-03-16T13:24:33+08:00 ] /QA/admin.php/Index/index | INFO: Tag[ route_check ] --START--
[ 2017-03-16T13:24:33+08:00 ] /QA/admin.php/Index/index | INFO: Run CheckRoute Behavior [ RunTime:0.001252s ]
[ 2017-03-16T13:24:33+08:00 ] /QA/admin.php/Index/index | INFO: Tag[ route_check ] --END-- [ RunTime:0.001351s ]
[ 2017-03-16T13:24:33+08:00 ] /QA/admin.php/Index/index | INFO: Tag[ app_begin ] --START--
[ 2017-03-16T13:24:33+08:00 ] /QA/admin.php/Index/index | INFO: Run ReadHtmlCache Behavior [ RunTime:0.001255s ]
[ 2017-03-16T13:24:33+08:00 ] /QA/admin.php/Index/index | INFO: Tag[ app_begin ] --END-- [ RunTime:0.001303s ]
[ 2017-03-16T13:24:33+08:00 ] /QA/admin.php/Index/index | SQL: SHOW COLUMNS FROM `wl_category` [ RunTime:0.006389s ]
[ 2017-03-16T13:24:33+08:00 ] /QA/admin.php/Index/index | SQL: SELECT * FROM `wl_category` LIMIT 1   [ RunTime:0.000450s ]
[ 2017-03-16T13:24:33+08:00 ] /QA/admin.php/Index/index | INFO: Tag[ view_template ] --START--
[ 2017-03-16T13:24:33+08:00 ] /QA/admin.php/Index/index | INFO: Run LocationTemplate Behavior [ RunTime:0.002231s ]
[ 2017-03-16T13:24:33+08:00 ] /QA/admin.php/Index/index | INFO: Tag[ view_template ] --END-- [ RunTime:0.002308s ]
[ 2017-03-16T13:24:33+08:00 ] /QA/admin.php/Index/index | INFO: Tag[ view_parse ] --START--
[ 2017-03-16T13:24:33+08:00 ] /QA/admin.php/Index/index | INFO: Run ParseTemplate Behavior [ RunTime:0.013480s ]
[ 2017-03-16T13:24:33+08:00 ] /QA/admin.php/Index/index | INFO: Tag[ view_parse ] --END-- [ RunTime:0.013557s ]
[ 2017-03-16T13:24:33+08:00 ] /QA/admin.php/Index/index | INFO: Tag[ view_filter ] --START--
[ 2017-03-16T13:24:33+08:00 ] /QA/admin.php/Index/index | INFO: Run ContentReplace Behavior [ RunTime:0.001135s ]
[ 2017-03-16T13:24:33+08:00 ] /QA/admin.php/Index/index | INFO: Run TokenBuild Behavior [ RunTime:0.001006s ]
[ 2017-03-16T13:24:33+08:00 ] /QA/admin.php/Index/index | INFO: Run WriteHtmlCache Behavior [ RunTime:0.001012s ]
[ 2017-03-16T13:24:33+08:00 ] /QA/admin.php/Index/index | INFO: Run ShowRuntime Behavior [ RunTime:0.001568s ]
[ 2017-03-16T13:24:33+08:00 ] /QA/admin.php/Index/index | INFO: Tag[ view_filter ] --END-- [ RunTime:0.004916s ]
[ 2017-03-16T13:24:33+08:00 ] /QA/admin.php/Index/index | INFO: Tag[ view_end ] --START--
[ 2017-03-16T13:24:33+08:00 ] /QA/admin.php/Index/index | INFO: Run ShowPageTrace Behavior [ RunTime:0.001267s ]
[ 2017-03-16T13:24:33+08:00 ] /QA/admin.php/Index/index | INFO: Tag[ view_end ] --END-- [ RunTime:0.001328s ]
[ 2017-03-16T13:24:36+08:00 ] /QA/admin.php/User/index | INFO: Tag[ route_check ] --START--
[ 2017-03-16T13:24:36+08:00 ] /QA/admin.php/User/index | INFO: Run CheckRoute Behavior [ RunTime:0.001440s ]
[ 2017-03-16T13:24:36+08:00 ] /QA/admin.php/User/index | INFO: Tag[ route_check ] --END-- [ RunTime:0.001527s ]
[ 2017-03-16T13:24:36+08:00 ] /QA/admin.php/User/index | INFO: Tag[ app_begin ] --START--
[ 2017-03-16T13:24:36+08:00 ] /QA/admin.php/User/index | INFO: Run ReadHtmlCache Behavior [ RunTime:0.001477s ]
[ 2017-03-16T13:24:36+08:00 ] /QA/admin.php/User/index | INFO: Tag[ app_begin ] --END-- [ RunTime:0.001532s ]
[ 2017-03-16T13:24:36+08:00 ] /QA/admin.php/User/index | SQL: SHOW COLUMNS FROM `wl_index_user` [ RunTime:0.006174s ]
[ 2017-03-16T13:24:36+08:00 ] /QA/admin.php/User/index | SQL: SELECT COUNT(*) AS tp_count FROM `wl_index_user` LIMIT 1   [ RunTime:0.000446s ]
[ 2017-03-16T13:24:36+08:00 ] /QA/admin.php/User/index | NOTIC: [8] Undefined variable: where UserAction.class.php 第 10 行.
[ 2017-03-16T13:24:36+08:00 ] /QA/admin.php/User/index | SQL: SELECT * FROM `wl_index_user` LIMIT 0,20   [ RunTime:0.000487s ]
[ 2017-03-16T13:24:36+08:00 ] /QA/admin.php/User/index | INFO: Tag[ view_template ] --START--
[ 2017-03-16T13:24:36+08:00 ] /QA/admin.php/User/index | INFO: Run LocationTemplate Behavior [ RunTime:0.001827s ]
[ 2017-03-16T13:24:36+08:00 ] /QA/admin.php/User/index | INFO: Tag[ view_template ] --END-- [ RunTime:0.001890s ]
[ 2017-03-16T13:24:36+08:00 ] /QA/admin.php/User/index | INFO: Tag[ view_parse ] --START--
[ 2017-03-16T13:24:36+08:00 ] /QA/admin.php/User/index | INFO: Run ParseTemplate Behavior [ RunTime:0.014809s ]
[ 2017-03-16T13:24:36+08:00 ] /QA/admin.php/User/index | INFO: Tag[ view_parse ] --END-- [ RunTime:0.014885s ]
[ 2017-03-16T13:24:36+08:00 ] /QA/admin.php/User/index | INFO: Tag[ view_filter ] --START--
[ 2017-03-16T13:24:36+08:00 ] /QA/admin.php/User/index | INFO: Run ContentReplace Behavior [ RunTime:0.001014s ]
[ 2017-03-16T13:24:36+08:00 ] /QA/admin.php/User/index | INFO: Run TokenBuild Behavior [ RunTime:0.000940s ]
[ 2017-03-16T13:24:36+08:00 ] /QA/admin.php/User/index | INFO: Run WriteHtmlCache Behavior [ RunTime:0.000904s ]
[ 2017-03-16T13:24:36+08:00 ] /QA/admin.php/User/index | INFO: Run ShowRuntime Behavior [ RunTime:0.001086s ]
[ 2017-03-16T13:24:36+08:00 ] /QA/admin.php/User/index | INFO: Tag[ view_filter ] --END-- [ RunTime:0.004140s ]
[ 2017-03-16T13:24:36+08:00 ] /QA/admin.php/User/index | INFO: Tag[ view_end ] --START--
[ 2017-03-16T13:24:36+08:00 ] /QA/admin.php/User/index | INFO: Run ShowPageTrace Behavior [ RunTime:0.001125s ]
[ 2017-03-16T13:24:36+08:00 ] /QA/admin.php/User/index | INFO: Tag[ view_end ] --END-- [ RunTime:0.001184s ]
[ 2017-03-16T13:24:40+08:00 ] /QA/admin.php/Category/index | INFO: Tag[ route_check ] --START--
[ 2017-03-16T13:24:40+08:00 ] /QA/admin.php/Category/index | INFO: Run CheckRoute Behavior [ RunTime:0.001310s ]
[ 2017-03-16T13:24:40+08:00 ] /QA/admin.php/Category/index | INFO: Tag[ route_check ] --END-- [ RunTime:0.001401s ]
[ 2017-03-16T13:24:40+08:00 ] /QA/admin.php/Category/index | INFO: Tag[ app_begin ] --START--
[ 2017-03-16T13:24:40+08:00 ] /QA/admin.php/Category/index | INFO: Run ReadHtmlCache Behavior [ RunTime:0.001012s ]
[ 2017-03-16T13:24:40+08:00 ] /QA/admin.php/Category/index | INFO: Tag[ app_begin ] --END-- [ RunTime:0.001078s ]
[ 2017-03-16T13:24:40+08:00 ] /QA/admin.php/Category/index | SQL: SHOW COLUMNS FROM `wl_category` [ RunTime:0.006733s ]
[ 2017-03-16T13:24:40+08:00 ] /QA/admin.php/Category/index | SQL: SELECT * FROM `wl_category`  [ RunTime:0.000602s ]
[ 2017-03-16T13:24:40+08:00 ] /QA/admin.php/Category/index | INFO: Tag[ view_template ] --START--
[ 2017-03-16T13:24:40+08:00 ] /QA/admin.php/Category/index | INFO: Run LocationTemplate Behavior [ RunTime:0.001878s ]
[ 2017-03-16T13:24:40+08:00 ] /QA/admin.php/Category/index | INFO: Tag[ view_template ] --END-- [ RunTime:0.001944s ]
[ 2017-03-16T13:24:40+08:00 ] /QA/admin.php/Category/index | INFO: Tag[ view_parse ] --START--
[ 2017-03-16T13:24:40+08:00 ] /QA/admin.php/Category/index | INFO: Run ParseTemplate Behavior [ RunTime:0.017364s ]
[ 2017-03-16T13:24:40+08:00 ] /QA/admin.php/Category/index | INFO: Tag[ view_parse ] --END-- [ RunTime:0.017451s ]
[ 2017-03-16T13:24:40+08:00 ] /QA/admin.php/Category/index | INFO: Tag[ view_filter ] --START--
[ 2017-03-16T13:24:40+08:00 ] /QA/admin.php/Category/index | INFO: Run ContentReplace Behavior [ RunTime:0.001114s ]
[ 2017-03-16T13:24:40+08:00 ] /QA/admin.php/Category/index | INFO: Run TokenBuild Behavior [ RunTime:0.001053s ]
[ 2017-03-16T13:24:40+08:00 ] /QA/admin.php/Category/index | INFO: Run WriteHtmlCache Behavior [ RunTime:0.001122s ]
[ 2017-03-16T13:24:40+08:00 ] /QA/admin.php/Category/index | INFO: Run ShowRuntime Behavior [ RunTime:0.001372s ]
[ 2017-03-16T13:24:40+08:00 ] /QA/admin.php/Category/index | INFO: Tag[ view_filter ] --END-- [ RunTime:0.004878s ]
[ 2017-03-16T13:24:40+08:00 ] /QA/admin.php/Category/index | INFO: Tag[ view_end ] --START--
[ 2017-03-16T13:24:40+08:00 ] /QA/admin.php/Category/index | INFO: Run ShowPageTrace Behavior [ RunTime:0.000909s ]
[ 2017-03-16T13:24:40+08:00 ] /QA/admin.php/Category/index | INFO: Tag[ view_end ] --END-- [ RunTime:0.000970s ]
[ 2017-03-16T13:24:41+08:00 ] /QA/admin.php/Category/addTop | INFO: Tag[ route_check ] --START--
[ 2017-03-16T13:24:41+08:00 ] /QA/admin.php/Category/addTop | INFO: Run CheckRoute Behavior [ RunTime:0.001247s ]
[ 2017-03-16T13:24:41+08:00 ] /QA/admin.php/Category/addTop | INFO: Tag[ route_check ] --END-- [ RunTime:0.001347s ]
[ 2017-03-16T13:24:41+08:00 ] /QA/admin.php/Category/addTop | INFO: Tag[ app_begin ] --START--
[ 2017-03-16T13:24:41+08:00 ] /QA/admin.php/Category/addTop | INFO: Run ReadHtmlCache Behavior [ RunTime:0.000946s ]
[ 2017-03-16T13:24:41+08:00 ] /QA/admin.php/Category/addTop | INFO: Tag[ app_begin ] --END-- [ RunTime:0.001005s ]
[ 2017-03-16T13:24:41+08:00 ] /QA/admin.php/Category/addTop | INFO: Tag[ view_template ] --START--
[ 2017-03-16T13:24:41+08:00 ] /QA/admin.php/Category/addTop | INFO: Run LocationTemplate Behavior [ RunTime:0.002057s ]
[ 2017-03-16T13:24:41+08:00 ] /QA/admin.php/Category/addTop | INFO: Tag[ view_template ] --END-- [ RunTime:0.002138s ]
[ 2017-03-16T13:24:41+08:00 ] /QA/admin.php/Category/addTop | INFO: Tag[ view_parse ] --START--
[ 2017-03-16T13:24:41+08:00 ] /QA/admin.php/Category/addTop | INFO: Run ParseTemplate Behavior [ RunTime:0.012818s ]
[ 2017-03-16T13:24:41+08:00 ] /QA/admin.php/Category/addTop | INFO: Tag[ view_parse ] --END-- [ RunTime:0.012900s ]
[ 2017-03-16T13:24:41+08:00 ] /QA/admin.php/Category/addTop | INFO: Tag[ view_filter ] --START--
[ 2017-03-16T13:24:41+08:00 ] /QA/admin.php/Category/addTop | INFO: Run ContentReplace Behavior [ RunTime:0.001004s ]
[ 2017-03-16T13:24:41+08:00 ] /QA/admin.php/Category/addTop | INFO: Run TokenBuild Behavior [ RunTime:0.000965s ]
[ 2017-03-16T13:24:41+08:00 ] /QA/admin.php/Category/addTop | INFO: Run WriteHtmlCache Behavior [ RunTime:0.000985s ]
[ 2017-03-16T13:24:41+08:00 ] /QA/admin.php/Category/addTop | INFO: Run ShowRuntime Behavior [ RunTime:0.001071s ]
[ 2017-03-16T13:24:41+08:00 ] /QA/admin.php/Category/addTop | INFO: Tag[ view_filter ] --END-- [ RunTime:0.004205s ]
[ 2017-03-16T13:24:41+08:00 ] /QA/admin.php/Category/addTop | INFO: Tag[ view_end ] --START--
[ 2017-03-16T13:24:41+08:00 ] /QA/admin.php/Category/addTop | INFO: Run ShowPageTrace Behavior [ RunTime:0.001434s ]
[ 2017-03-16T13:24:41+08:00 ] /QA/admin.php/Category/addTop | INFO: Tag[ view_end ] --END-- [ RunTime:0.001516s ]
[ 2017-03-16T13:24:42+08:00 ] /QA/admin.php/Category/index | INFO: Tag[ route_check ] --START--
[ 2017-03-16T13:24:42+08:00 ] /QA/admin.php/Category/index | INFO: Run CheckRoute Behavior [ RunTime:0.001060s ]
[ 2017-03-16T13:24:42+08:00 ] /QA/admin.php/Category/index | INFO: Tag[ route_check ] --END-- [ RunTime:0.001135s ]
[ 2017-03-16T13:24:42+08:00 ] /QA/admin.php/Category/index | INFO: Tag[ app_begin ] --START--
[ 2017-03-16T13:24:42+08:00 ] /QA/admin.php/Category/index | INFO: Run ReadHtmlCache Behavior [ RunTime:0.000980s ]
[ 2017-03-16T13:24:42+08:00 ] /QA/admin.php/Category/index | INFO: Tag[ app_begin ] --END-- [ RunTime:0.001051s ]
[ 2017-03-16T13:24:42+08:00 ] /QA/admin.php/Category/index | SQL: SHOW COLUMNS FROM `wl_category` [ RunTime:0.005404s ]
[ 2017-03-16T13:24:42+08:00 ] /QA/admin.php/Category/index | SQL: SELECT * FROM `wl_category`  [ RunTime:0.000453s ]
[ 2017-03-16T13:24:42+08:00 ] /QA/admin.php/Category/index | INFO: Tag[ view_template ] --START--
[ 2017-03-16T13:24:42+08:00 ] /QA/admin.php/Category/index | INFO: Run LocationTemplate Behavior [ RunTime:0.001796s ]
[ 2017-03-16T13:24:42+08:00 ] /QA/admin.php/Category/index | INFO: Tag[ view_template ] --END-- [ RunTime:0.001868s ]
[ 2017-03-16T13:24:42+08:00 ] /QA/admin.php/Category/index | INFO: Tag[ view_parse ] --START--
[ 2017-03-16T13:24:42+08:00 ] /QA/admin.php/Category/index | INFO: Run ParseTemplate Behavior [ RunTime:0.016820s ]
[ 2017-03-16T13:24:42+08:00 ] /QA/admin.php/Category/index | INFO: Tag[ view_parse ] --END-- [ RunTime:0.016903s ]
[ 2017-03-16T13:24:42+08:00 ] /QA/admin.php/Category/index | INFO: Tag[ view_filter ] --START--
[ 2017-03-16T13:24:42+08:00 ] /QA/admin.php/Category/index | INFO: Run ContentReplace Behavior [ RunTime:0.001030s ]
[ 2017-03-16T13:24:42+08:00 ] /QA/admin.php/Category/index | INFO: Run TokenBuild Behavior [ RunTime:0.000765s ]
[ 2017-03-16T13:24:42+08:00 ] /QA/admin.php/Category/index | INFO: Run WriteHtmlCache Behavior [ RunTime:0.000719s ]
[ 2017-03-16T13:24:42+08:00 ] /QA/admin.php/Category/index | INFO: Run ShowRuntime Behavior [ RunTime:0.000881s ]
[ 2017-03-16T13:24:42+08:00 ] /QA/admin.php/Category/index | INFO: Tag[ view_filter ] --END-- [ RunTime:0.003539s ]
[ 2017-03-16T13:24:42+08:00 ] /QA/admin.php/Category/index | INFO: Tag[ view_end ] --START--
[ 2017-03-16T13:24:42+08:00 ] /QA/admin.php/Category/index | INFO: Run ShowPageTrace Behavior [ RunTime:0.001247s ]
[ 2017-03-16T13:24:42+08:00 ] /QA/admin.php/Category/index | INFO: Tag[ view_end ] --END-- [ RunTime:0.001355s ]
[ 2017-03-16T13:24:45+08:00 ] /QA/admin.php/Reward/index | INFO: Tag[ route_check ] --START--
[ 2017-03-16T13:24:45+08:00 ] /QA/admin.php/Reward/index | INFO: Run CheckRoute Behavior [ RunTime:0.001133s ]
[ 2017-03-16T13:24:45+08:00 ] /QA/admin.php/Reward/index | INFO: Tag[ route_check ] --END-- [ RunTime:0.001280s ]
[ 2017-03-16T13:24:45+08:00 ] /QA/admin.php/Reward/index | INFO: Tag[ app_begin ] --START--
[ 2017-03-16T13:24:45+08:00 ] /QA/admin.php/Reward/index | INFO: Run ReadHtmlCache Behavior [ RunTime:0.000901s ]
[ 2017-03-16T13:24:45+08:00 ] /QA/admin.php/Reward/index | INFO: Tag[ app_begin ] --END-- [ RunTime:0.000954s ]
[ 2017-03-16T13:24:45+08:00 ] /QA/admin.php/Reward/index | INFO: Tag[ view_template ] --START--
[ 2017-03-16T13:24:45+08:00 ] /QA/admin.php/Reward/index | INFO: Run LocationTemplate Behavior [ RunTime:0.001701s ]
[ 2017-03-16T13:24:45+08:00 ] /QA/admin.php/Reward/index | INFO: Tag[ view_template ] --END-- [ RunTime:0.001776s ]
[ 2017-03-16T13:24:45+08:00 ] /QA/admin.php/Reward/index | INFO: Tag[ view_parse ] --START--
[ 2017-03-16T13:24:45+08:00 ] /QA/admin.php/Reward/index | INFO: Run ParseTemplate Behavior [ RunTime:0.011074s ]
[ 2017-03-16T13:24:45+08:00 ] /QA/admin.php/Reward/index | INFO: Tag[ view_parse ] --END-- [ RunTime:0.011147s ]
[ 2017-03-16T13:24:45+08:00 ] /QA/admin.php/Reward/index | INFO: Tag[ view_filter ] --START--
[ 2017-03-16T13:24:45+08:00 ] /QA/admin.php/Reward/index | INFO: Run ContentReplace Behavior [ RunTime:0.001297s ]
[ 2017-03-16T13:24:45+08:00 ] /QA/admin.php/Reward/index | INFO: Run TokenBuild Behavior [ RunTime:0.001114s ]
[ 2017-03-16T13:24:45+08:00 ] /QA/admin.php/Reward/index | INFO: Run WriteHtmlCache Behavior [ RunTime:0.000917s ]
[ 2017-03-16T13:24:45+08:00 ] /QA/admin.php/Reward/index | INFO: Run ShowRuntime Behavior [ RunTime:0.001064s ]
[ 2017-03-16T13:24:45+08:00 ] /QA/admin.php/Reward/index | INFO: Tag[ view_filter ] --END-- [ RunTime:0.004594s ]
[ 2017-03-16T13:24:45+08:00 ] /QA/admin.php/Reward/index | INFO: Tag[ view_end ] --START--
[ 2017-03-16T13:24:45+08:00 ] /QA/admin.php/Reward/index | INFO: Run ShowPageTrace Behavior [ RunTime:0.000828s ]
[ 2017-03-16T13:24:45+08:00 ] /QA/admin.php/Reward/index | INFO: Tag[ view_end ] --END-- [ RunTime:0.000887s ]
[ 2017-03-16T13:24:46+08:00 ] /QA/admin.php/Reward/level | INFO: Tag[ route_check ] --START--
[ 2017-03-16T13:24:46+08:00 ] /QA/admin.php/Reward/level | INFO: Run CheckRoute Behavior [ RunTime:0.001307s ]
[ 2017-03-16T13:24:46+08:00 ] /QA/admin.php/Reward/level | INFO: Tag[ route_check ] --END-- [ RunTime:0.001403s ]
[ 2017-03-16T13:24:46+08:00 ] /QA/admin.php/Reward/level | INFO: Tag[ app_begin ] --START--
[ 2017-03-16T13:24:46+08:00 ] /QA/admin.php/Reward/level | INFO: Run ReadHtmlCache Behavior [ RunTime:0.000987s ]
[ 2017-03-16T13:24:46+08:00 ] /QA/admin.php/Reward/level | INFO: Tag[ app_begin ] --END-- [ RunTime:0.001041s ]
[ 2017-03-16T13:24:46+08:00 ] /QA/admin.php/Reward/level | INFO: Tag[ view_template ] --START--
[ 2017-03-16T13:24:46+08:00 ] /QA/admin.php/Reward/level | INFO: Run LocationTemplate Behavior [ RunTime:0.001619s ]
[ 2017-03-16T13:24:46+08:00 ] /QA/admin.php/Reward/level | INFO: Tag[ view_template ] --END-- [ RunTime:0.001685s ]
[ 2017-03-16T13:24:46+08:00 ] /QA/admin.php/Reward/level | INFO: Tag[ view_parse ] --START--
[ 2017-03-16T13:24:46+08:00 ] /QA/admin.php/Reward/level | INFO: Run ParseTemplate Behavior [ RunTime:0.015269s ]
[ 2017-03-16T13:24:46+08:00 ] /QA/admin.php/Reward/level | INFO: Tag[ view_parse ] --END-- [ RunTime:0.015360s ]
[ 2017-03-16T13:24:46+08:00 ] /QA/admin.php/Reward/level | INFO: Tag[ view_filter ] --START--
[ 2017-03-16T13:24:46+08:00 ] /QA/admin.php/Reward/level | INFO: Run ContentReplace Behavior [ RunTime:0.001469s ]
[ 2017-03-16T13:24:46+08:00 ] /QA/admin.php/Reward/level | INFO: Run TokenBuild Behavior [ RunTime:0.001262s ]
[ 2017-03-16T13:24:46+08:00 ] /QA/admin.php/Reward/level | INFO: Run WriteHtmlCache Behavior [ RunTime:0.001064s ]
[ 2017-03-16T13:24:46+08:00 ] /QA/admin.php/Reward/level | INFO: Run ShowRuntime Behavior [ RunTime:0.001305s ]
[ 2017-03-16T13:24:46+08:00 ] /QA/admin.php/Reward/level | INFO: Tag[ view_filter ] --END-- [ RunTime:0.005342s ]
[ 2017-03-16T13:24:46+08:00 ] /QA/admin.php/Reward/level | INFO: Tag[ view_end ] --START--
[ 2017-03-16T13:24:46+08:00 ] /QA/admin.php/Reward/level | INFO: Run ShowPageTrace Behavior [ RunTime:0.001057s ]
[ 2017-03-16T13:24:46+08:00 ] /QA/admin.php/Reward/level | INFO: Tag[ view_end ] --END-- [ RunTime:0.001152s ]
[ 2017-03-16T13:24:47+08:00 ] /QA/admin.php/Reward/index | INFO: Tag[ route_check ] --START--
[ 2017-03-16T13:24:47+08:00 ] /QA/admin.php/Reward/index | INFO: Run CheckRoute Behavior [ RunTime:0.001241s ]
[ 2017-03-16T13:24:47+08:00 ] /QA/admin.php/Reward/index | INFO: Tag[ route_check ] --END-- [ RunTime:0.001332s ]
[ 2017-03-16T13:24:47+08:00 ] /QA/admin.php/Reward/index | INFO: Tag[ app_begin ] --START--
[ 2017-03-16T13:24:47+08:00 ] /QA/admin.php/Reward/index | INFO: Run ReadHtmlCache Behavior [ RunTime:0.000939s ]
[ 2017-03-16T13:24:47+08:00 ] /QA/admin.php/Reward/index | INFO: Tag[ app_begin ] --END-- [ RunTime:0.000994s ]
[ 2017-03-16T13:24:47+08:00 ] /QA/admin.php/Reward/index | INFO: Tag[ view_template ] --START--
[ 2017-03-16T13:24:47+08:00 ] /QA/admin.php/Reward/index | INFO: Run LocationTemplate Behavior [ RunTime:0.001500s ]
[ 2017-03-16T13:24:47+08:00 ] /QA/admin.php/Reward/index | INFO: Tag[ view_template ] --END-- [ RunTime:0.001564s ]
[ 2017-03-16T13:24:47+08:00 ] /QA/admin.php/Reward/index | INFO: Tag[ view_parse ] --START--
[ 2017-03-16T13:24:47+08:00 ] /QA/admin.php/Reward/index | INFO: Run ParseTemplate Behavior [ RunTime:0.012752s ]
[ 2017-03-16T13:24:47+08:00 ] /QA/admin.php/Reward/index | INFO: Tag[ view_parse ] --END-- [ RunTime:0.012827s ]
[ 2017-03-16T13:24:47+08:00 ] /QA/admin.php/Reward/index | INFO: Tag[ view_filter ] --START--
[ 2017-03-16T13:24:47+08:00 ] /QA/admin.php/Reward/index | INFO: Run ContentReplace Behavior [ RunTime:0.000956s ]
[ 2017-03-16T13:24:47+08:00 ] /QA/admin.php/Reward/index | INFO: Run TokenBuild Behavior [ RunTime:0.000984s ]
[ 2017-03-16T13:24:47+08:00 ] /QA/admin.php/Reward/index | INFO: Run WriteHtmlCache Behavior [ RunTime:0.001320s ]
[ 2017-03-16T13:24:47+08:00 ] /QA/admin.php/Reward/index | INFO: Run ShowRuntime Behavior [ RunTime:0.001087s ]
[ 2017-03-16T13:24:47+08:00 ] /QA/admin.php/Reward/index | INFO: Tag[ view_filter ] --END-- [ RunTime:0.004651s ]
[ 2017-03-16T13:24:47+08:00 ] /QA/admin.php/Reward/index | INFO: Tag[ view_end ] --START--
[ 2017-03-16T13:24:47+08:00 ] /QA/admin.php/Reward/index | INFO: Run ShowPageTrace Behavior [ RunTime:0.000870s ]
[ 2017-03-16T13:24:47+08:00 ] /QA/admin.php/Reward/index | INFO: Tag[ view_end ] --END-- [ RunTime:0.000928s ]
[ 2017-03-16T13:24:54+08:00 ] /QA/admin.php/Reward/level | INFO: Tag[ route_check ] --START--
[ 2017-03-16T13:24:54+08:00 ] /QA/admin.php/Reward/level | INFO: Run CheckRoute Behavior [ RunTime:0.001236s ]
[ 2017-03-16T13:24:54+08:00 ] /QA/admin.php/Reward/level | INFO: Tag[ route_check ] --END-- [ RunTime:0.001317s ]
[ 2017-03-16T13:24:54+08:00 ] /QA/admin.php/Reward/level | INFO: Tag[ app_begin ] --START--
[ 2017-03-16T13:24:54+08:00 ] /QA/admin.php/Reward/level | INFO: Run ReadHtmlCache Behavior [ RunTime:0.000931s ]
[ 2017-03-16T13:24:54+08:00 ] /QA/admin.php/Reward/level | INFO: Tag[ app_begin ] --END-- [ RunTime:0.000990s ]
[ 2017-03-16T13:24:54+08:00 ] /QA/admin.php/Reward/level | INFO: Tag[ view_template ] --START--
[ 2017-03-16T13:24:54+08:00 ] /QA/admin.php/Reward/level | INFO: Run LocationTemplate Behavior [ RunTime:0.001657s ]
[ 2017-03-16T13:24:54+08:00 ] /QA/admin.php/Reward/level | INFO: Tag[ view_template ] --END-- [ RunTime:0.001722s ]
[ 2017-03-16T13:24:54+08:00 ] /QA/admin.php/Reward/level | INFO: Tag[ view_parse ] --START--
[ 2017-03-16T13:24:54+08:00 ] /QA/admin.php/Reward/level | INFO: Run ParseTemplate Behavior [ RunTime:0.016097s ]
[ 2017-03-16T13:24:54+08:00 ] /QA/admin.php/Reward/level | INFO: Tag[ view_parse ] --END-- [ RunTime:0.016180s ]
[ 2017-03-16T13:24:54+08:00 ] /QA/admin.php/Reward/level | INFO: Tag[ view_filter ] --START--
[ 2017-03-16T13:24:54+08:00 ] /QA/admin.php/Reward/level | INFO: Run ContentReplace Behavior [ RunTime:0.001127s ]
[ 2017-03-16T13:24:54+08:00 ] /QA/admin.php/Reward/level | INFO: Run TokenBuild Behavior [ RunTime:0.001050s ]
[ 2017-03-16T13:24:54+08:00 ] /QA/admin.php/Reward/level | INFO: Run WriteHtmlCache Behavior [ RunTime:0.000975s ]
[ 2017-03-16T13:24:54+08:00 ] /QA/admin.php/Reward/level | INFO: Run ShowRuntime Behavior [ RunTime:0.001276s ]
[ 2017-03-16T13:24:54+08:00 ] /QA/admin.php/Reward/level | INFO: Tag[ view_filter ] --END-- [ RunTime:0.004611s ]
[ 2017-03-16T13:24:54+08:00 ] /QA/admin.php/Reward/level | INFO: Tag[ view_end ] --START--
[ 2017-03-16T13:24:54+08:00 ] /QA/admin.php/Reward/level | INFO: Run ShowPageTrace Behavior [ RunTime:0.001076s ]
[ 2017-03-16T13:24:54+08:00 ] /QA/admin.php/Reward/level | INFO: Tag[ view_end ] --END-- [ RunTime:0.001156s ]
[ 2017-03-16T13:24:55+08:00 ] /QA/admin.php/Reward/index | INFO: Tag[ route_check ] --START--
[ 2017-03-16T13:24:55+08:00 ] /QA/admin.php/Reward/index | INFO: Run CheckRoute Behavior [ RunTime:0.001227s ]
[ 2017-03-16T13:24:55+08:00 ] /QA/admin.php/Reward/index | INFO: Tag[ route_check ] --END-- [ RunTime:0.001312s ]
[ 2017-03-16T13:24:55+08:00 ] /QA/admin.php/Reward/index | INFO: Tag[ app_begin ] --START--
[ 2017-03-16T13:24:55+08:00 ] /QA/admin.php/Reward/index | INFO: Run ReadHtmlCache Behavior [ RunTime:0.000998s ]
[ 2017-03-16T13:24:55+08:00 ] /QA/admin.php/Reward/index | INFO: Tag[ app_begin ] --END-- [ RunTime:0.001057s ]
[ 2017-03-16T13:24:55+08:00 ] /QA/admin.php/Reward/index | INFO: Tag[ view_template ] --START--
[ 2017-03-16T13:24:55+08:00 ] /QA/admin.php/Reward/index | INFO: Run LocationTemplate Behavior [ RunTime:0.001263s ]
[ 2017-03-16T13:24:55+08:00 ] /QA/admin.php/Reward/index | INFO: Tag[ view_template ] --END-- [ RunTime:0.001322s ]
[ 2017-03-16T13:24:55+08:00 ] /QA/admin.php/Reward/index | INFO: Tag[ view_parse ] --START--
[ 2017-03-16T13:24:55+08:00 ] /QA/admin.php/Reward/index | INFO: Run ParseTemplate Behavior [ RunTime:0.011760s ]
[ 2017-03-16T13:24:55+08:00 ] /QA/admin.php/Reward/index | INFO: Tag[ view_parse ] --END-- [ RunTime:0.011830s ]
[ 2017-03-16T13:24:55+08:00 ] /QA/admin.php/Reward/index | INFO: Tag[ view_filter ] --START--
[ 2017-03-16T13:24:55+08:00 ] /QA/admin.php/Reward/index | INFO: Run ContentReplace Behavior [ RunTime:0.000983s ]
[ 2017-03-16T13:24:55+08:00 ] /QA/admin.php/Reward/index | INFO: Run TokenBuild Behavior [ RunTime:0.000933s ]
[ 2017-03-16T13:24:55+08:00 ] /QA/admin.php/Reward/index | INFO: Run WriteHtmlCache Behavior [ RunTime:0.000813s ]
[ 2017-03-16T13:24:55+08:00 ] /QA/admin.php/Reward/index | INFO: Run ShowRuntime Behavior [ RunTime:0.000842s ]
[ 2017-03-16T13:24:55+08:00 ] /QA/admin.php/Reward/index | INFO: Tag[ view_filter ] --END-- [ RunTime:0.003723s ]
[ 2017-03-16T13:24:55+08:00 ] /QA/admin.php/Reward/index | INFO: Tag[ view_end ] --START--
[ 2017-03-16T13:24:55+08:00 ] /QA/admin.php/Reward/index | INFO: Run ShowPageTrace Behavior [ RunTime:0.000688s ]
[ 2017-03-16T13:24:55+08:00 ] /QA/admin.php/Reward/index | INFO: Tag[ view_end ] --END-- [ RunTime:0.000736s ]
[ 2017-03-16T13:24:57+08:00 ] /QA/admin.php/Reward/level | INFO: Tag[ route_check ] --START--
[ 2017-03-16T13:24:57+08:00 ] /QA/admin.php/Reward/level | INFO: Run CheckRoute Behavior [ RunTime:0.001304s ]
[ 2017-03-16T13:24:57+08:00 ] /QA/admin.php/Reward/level | INFO: Tag[ route_check ] --END-- [ RunTime:0.001400s ]
[ 2017-03-16T13:24:57+08:00 ] /QA/admin.php/Reward/level | INFO: Tag[ app_begin ] --START--
[ 2017-03-16T13:24:57+08:00 ] /QA/admin.php/Reward/level | INFO: Run ReadHtmlCache Behavior [ RunTime:0.000927s ]
[ 2017-03-16T13:24:57+08:00 ] /QA/admin.php/Reward/level | INFO: Tag[ app_begin ] --END-- [ RunTime:0.000985s ]
[ 2017-03-16T13:24:57+08:00 ] /QA/admin.php/Reward/level | INFO: Tag[ view_template ] --START--
[ 2017-03-16T13:24:57+08:00 ] /QA/admin.php/Reward/level | INFO: Run LocationTemplate Behavior [ RunTime:0.001790s ]
[ 2017-03-16T13:24:57+08:00 ] /QA/admin.php/Reward/level | INFO: Tag[ view_template ] --END-- [ RunTime:0.001884s ]
[ 2017-03-16T13:24:57+08:00 ] /QA/admin.php/Reward/level | INFO: Tag[ view_parse ] --START--
[ 2017-03-16T13:24:57+08:00 ] /QA/admin.php/Reward/level | INFO: Run ParseTemplate Behavior [ RunTime:0.014040s ]
[ 2017-03-16T13:24:57+08:00 ] /QA/admin.php/Reward/level | INFO: Tag[ view_parse ] --END-- [ RunTime:0.014117s ]
[ 2017-03-16T13:24:57+08:00 ] /QA/admin.php/Reward/level | INFO: Tag[ view_filter ] --START--
[ 2017-03-16T13:24:57+08:00 ] /QA/admin.php/Reward/level | INFO: Run ContentReplace Behavior [ RunTime:0.001009s ]
[ 2017-03-16T13:24:57+08:00 ] /QA/admin.php/Reward/level | INFO: Run TokenBuild Behavior [ RunTime:0.000966s ]
[ 2017-03-16T13:24:57+08:00 ] /QA/admin.php/Reward/level | INFO: Run WriteHtmlCache Behavior [ RunTime:0.000880s ]
[ 2017-03-16T13:24:57+08:00 ] /QA/admin.php/Reward/level | INFO: Run ShowRuntime Behavior [ RunTime:0.001739s ]
[ 2017-03-16T13:24:57+08:00 ] /QA/admin.php/Reward/level | INFO: Tag[ view_filter ] --END-- [ RunTime:0.004780s ]
[ 2017-03-16T13:24:57+08:00 ] /QA/admin.php/Reward/level | INFO: Tag[ view_end ] --START--
[ 2017-03-16T13:24:57+08:00 ] /QA/admin.php/Reward/level | INFO: Run ShowPageTrace Behavior [ RunTime:0.000914s ]
[ 2017-03-16T13:24:57+08:00 ] /QA/admin.php/Reward/level | INFO: Tag[ view_end ] --END-- [ RunTime:0.000973s ]
[ 2017-03-16T13:25:04+08:00 ] /QA/admin.php/User/index | INFO: Tag[ route_check ] --START--
[ 2017-03-16T13:25:04+08:00 ] /QA/admin.php/User/index | INFO: Run CheckRoute Behavior [ RunTime:0.001349s ]
[ 2017-03-16T13:25:04+08:00 ] /QA/admin.php/User/index | INFO: Tag[ route_check ] --END-- [ RunTime:0.001437s ]
[ 2017-03-16T13:25:04+08:00 ] /QA/admin.php/User/index | INFO: Tag[ app_begin ] --START--
[ 2017-03-16T13:25:04+08:00 ] /QA/admin.php/User/index | INFO: Run ReadHtmlCache Behavior [ RunTime:0.000961s ]
[ 2017-03-16T13:25:04+08:00 ] /QA/admin.php/User/index | INFO: Tag[ app_begin ] --END-- [ RunTime:0.001022s ]
[ 2017-03-16T13:25:04+08:00 ] /QA/admin.php/User/index | SQL: SHOW COLUMNS FROM `wl_index_user` [ RunTime:0.007007s ]
[ 2017-03-16T13:25:04+08:00 ] /QA/admin.php/User/index | SQL: SELECT COUNT(*) AS tp_count FROM `wl_index_user` LIMIT 1   [ RunTime:0.000511s ]
[ 2017-03-16T13:25:04+08:00 ] /QA/admin.php/User/index | NOTIC: [8] Undefined variable: where UserAction.class.php 第 10 行.
[ 2017-03-16T13:25:04+08:00 ] /QA/admin.php/User/index | SQL: SELECT * FROM `wl_index_user` LIMIT 0,20   [ RunTime:0.000509s ]
[ 2017-03-16T13:25:04+08:00 ] /QA/admin.php/User/index | INFO: Tag[ view_template ] --START--
[ 2017-03-16T13:25:04+08:00 ] /QA/admin.php/User/index | INFO: Run LocationTemplate Behavior [ RunTime:0.001958s ]
[ 2017-03-16T13:25:04+08:00 ] /QA/admin.php/User/index | INFO: Tag[ view_template ] --END-- [ RunTime:0.002035s ]
[ 2017-03-16T13:25:04+08:00 ] /QA/admin.php/User/index | INFO: Tag[ view_parse ] --START--
[ 2017-03-16T13:25:04+08:00 ] /QA/admin.php/User/index | INFO: Run ParseTemplate Behavior [ RunTime:0.014430s ]
[ 2017-03-16T13:25:04+08:00 ] /QA/admin.php/User/index | INFO: Tag[ view_parse ] --END-- [ RunTime:0.014519s ]
[ 2017-03-16T13:25:04+08:00 ] /QA/admin.php/User/index | INFO: Tag[ view_filter ] --START--
[ 2017-03-16T13:25:04+08:00 ] /QA/admin.php/User/index | INFO: Run ContentReplace Behavior [ RunTime:0.001390s ]
[ 2017-03-16T13:25:04+08:00 ] /QA/admin.php/User/index | INFO: Run TokenBuild Behavior [ RunTime:0.001117s ]
[ 2017-03-16T13:25:04+08:00 ] /QA/admin.php/User/index | INFO: Run WriteHtmlCache Behavior [ RunTime:0.001064s ]
[ 2017-03-16T13:25:04+08:00 ] /QA/admin.php/User/index | INFO: Run ShowRuntime Behavior [ RunTime:0.001119s ]
[ 2017-03-16T13:25:04+08:00 ] /QA/admin.php/User/index | INFO: Tag[ view_filter ] --END-- [ RunTime:0.004935s ]
[ 2017-03-16T13:25:04+08:00 ] /QA/admin.php/User/index | INFO: Tag[ view_end ] --START--
[ 2017-03-16T13:25:04+08:00 ] /QA/admin.php/User/index | INFO: Run ShowPageTrace Behavior [ RunTime:0.001242s ]
[ 2017-03-16T13:25:04+08:00 ] /QA/admin.php/User/index | INFO: Tag[ view_end ] --END-- [ RunTime:0.001324s ]
[ 2017-03-16T13:25:15+08:00 ] /QA/admin.php/Category/addTop | INFO: Tag[ route_check ] --START--
[ 2017-03-16T13:25:15+08:00 ] /QA/admin.php/Category/addTop | INFO: Run CheckRoute Behavior [ RunTime:0.001274s ]
[ 2017-03-16T13:25:15+08:00 ] /QA/admin.php/Category/addTop | INFO: Tag[ route_check ] --END-- [ RunTime:0.001365s ]
[ 2017-03-16T13:25:15+08:00 ] /QA/admin.php/Category/addTop | INFO: Tag[ app_begin ] --START--
[ 2017-03-16T13:25:15+08:00 ] /QA/admin.php/Category/addTop | INFO: Run ReadHtmlCache Behavior [ RunTime:0.000779s ]
[ 2017-03-16T13:25:15+08:00 ] /QA/admin.php/Category/addTop | INFO: Tag[ app_begin ] --END-- [ RunTime:0.000832s ]
[ 2017-03-16T13:25:15+08:00 ] /QA/admin.php/Category/addTop | INFO: Tag[ view_template ] --START--
[ 2017-03-16T13:25:15+08:00 ] /QA/admin.php/Category/addTop | INFO: Run LocationTemplate Behavior [ RunTime:0.001838s ]
[ 2017-03-16T13:25:15+08:00 ] /QA/admin.php/Category/addTop | INFO: Tag[ view_template ] --END-- [ RunTime:0.001921s ]
[ 2017-03-16T13:25:15+08:00 ] /QA/admin.php/Category/addTop | INFO: Tag[ view_parse ] --START--
[ 2017-03-16T13:25:15+08:00 ] /QA/admin.php/Category/addTop | INFO: Run ParseTemplate Behavior [ RunTime:0.013445s ]
[ 2017-03-16T13:25:15+08:00 ] /QA/admin.php/Category/addTop | INFO: Tag[ view_parse ] --END-- [ RunTime:0.013530s ]
[ 2017-03-16T13:25:15+08:00 ] /QA/admin.php/Category/addTop | INFO: Tag[ view_filter ] --START--
[ 2017-03-16T13:25:15+08:00 ] /QA/admin.php/Category/addTop | INFO: Run ContentReplace Behavior [ RunTime:0.001041s ]
[ 2017-03-16T13:25:15+08:00 ] /QA/admin.php/Category/addTop | INFO: Run TokenBuild Behavior [ RunTime:0.001052s ]
[ 2017-03-16T13:25:15+08:00 ] /QA/admin.php/Category/addTop | INFO: Run WriteHtmlCache Behavior [ RunTime:0.000989s ]
[ 2017-03-16T13:25:15+08:00 ] /QA/admin.php/Category/addTop | INFO: Run ShowRuntime Behavior [ RunTime:0.001044s ]
[ 2017-03-16T13:25:15+08:00 ] /QA/admin.php/Category/addTop | INFO: Tag[ view_filter ] --END-- [ RunTime:0.004306s ]
[ 2017-03-16T13:25:15+08:00 ] /QA/admin.php/Category/addTop | INFO: Tag[ view_end ] --START--
[ 2017-03-16T13:25:15+08:00 ] /QA/admin.php/Category/addTop | INFO: Run ShowPageTrace Behavior [ RunTime:0.001533s ]
[ 2017-03-16T13:25:15+08:00 ] /QA/admin.php/Category/addTop | INFO: Tag[ view_end ] --END-- [ RunTime:0.001592s ]
[ 2017-03-16T13:25:16+08:00 ] /QA/admin.php/Category/index | INFO: Tag[ route_check ] --START--
[ 2017-03-16T13:25:16+08:00 ] /QA/admin.php/Category/index | INFO: Run CheckRoute Behavior [ RunTime:0.001010s ]
[ 2017-03-16T13:25:16+08:00 ] /QA/admin.php/Category/index | INFO: Tag[ route_check ] --END-- [ RunTime:0.001086s ]
[ 2017-03-16T13:25:16+08:00 ] /QA/admin.php/Category/index | INFO: Tag[ app_begin ] --START--
[ 2017-03-16T13:25:16+08:00 ] /QA/admin.php/Category/index | INFO: Run ReadHtmlCache Behavior [ RunTime:0.001095s ]
[ 2017-03-16T13:25:16+08:00 ] /QA/admin.php/Category/index | INFO: Tag[ app_begin ] --END-- [ RunTime:0.001156s ]
[ 2017-03-16T13:25:16+08:00 ] /QA/admin.php/Category/index | SQL: SHOW COLUMNS FROM `wl_category` [ RunTime:0.006690s ]
[ 2017-03-16T13:25:16+08:00 ] /QA/admin.php/Category/index | SQL: SELECT * FROM `wl_category`  [ RunTime:0.000641s ]
[ 2017-03-16T13:25:16+08:00 ] /QA/admin.php/Category/index | INFO: Tag[ view_template ] --START--
[ 2017-03-16T13:25:16+08:00 ] /QA/admin.php/Category/index | INFO: Run LocationTemplate Behavior [ RunTime:0.002029s ]
[ 2017-03-16T13:25:16+08:00 ] /QA/admin.php/Category/index | INFO: Tag[ view_template ] --END-- [ RunTime:0.002112s ]
[ 2017-03-16T13:25:16+08:00 ] /QA/admin.php/Category/index | INFO: Tag[ view_parse ] --START--
[ 2017-03-16T13:25:16+08:00 ] /QA/admin.php/Category/index | INFO: Run ParseTemplate Behavior [ RunTime:0.017882s ]
[ 2017-03-16T13:25:16+08:00 ] /QA/admin.php/Category/index | INFO: Tag[ view_parse ] --END-- [ RunTime:0.017964s ]
[ 2017-03-16T13:25:16+08:00 ] /QA/admin.php/Category/index | INFO: Tag[ view_filter ] --START--
[ 2017-03-16T13:25:16+08:00 ] /QA/admin.php/Category/index | INFO: Run ContentReplace Behavior [ RunTime:0.001339s ]
[ 2017-03-16T13:25:16+08:00 ] /QA/admin.php/Category/index | INFO: Run TokenBuild Behavior [ RunTime:0.001124s ]
[ 2017-03-16T13:25:16+08:00 ] /QA/admin.php/Category/index | INFO: Run WriteHtmlCache Behavior [ RunTime:0.001001s ]
[ 2017-03-16T13:25:16+08:00 ] /QA/admin.php/Category/index | INFO: Run ShowRuntime Behavior [ RunTime:0.001160s ]
[ 2017-03-16T13:25:16+08:00 ] /QA/admin.php/Category/index | INFO: Tag[ view_filter ] --END-- [ RunTime:0.004807s ]
[ 2017-03-16T13:25:16+08:00 ] /QA/admin.php/Category/index | INFO: Tag[ view_end ] --START--
[ 2017-03-16T13:25:16+08:00 ] /QA/admin.php/Category/index | INFO: Run ShowPageTrace Behavior [ RunTime:0.001092s ]
[ 2017-03-16T13:25:16+08:00 ] /QA/admin.php/Category/index | INFO: Tag[ view_end ] --END-- [ RunTime:0.001185s ]
[ 2017-03-16T13:25:17+08:00 ] /QA/admin.php/Reward/index | INFO: Tag[ route_check ] --START--
[ 2017-03-16T13:25:17+08:00 ] /QA/admin.php/Reward/index | INFO: Run CheckRoute Behavior [ RunTime:0.001293s ]
[ 2017-03-16T13:25:17+08:00 ] /QA/admin.php/Reward/index | INFO: Tag[ route_check ] --END-- [ RunTime:0.001386s ]
[ 2017-03-16T13:25:17+08:00 ] /QA/admin.php/Reward/index | INFO: Tag[ app_begin ] --START--
[ 2017-03-16T13:25:17+08:00 ] /QA/admin.php/Reward/index | INFO: Run ReadHtmlCache Behavior [ RunTime:0.000994s ]
[ 2017-03-16T13:25:17+08:00 ] /QA/admin.php/Reward/index | INFO: Tag[ app_begin ] --END-- [ RunTime:0.001054s ]
[ 2017-03-16T13:25:17+08:00 ] /QA/admin.php/Reward/index | INFO: Tag[ view_template ] --START--
[ 2017-03-16T13:25:17+08:00 ] /QA/admin.php/Reward/index | INFO: Run LocationTemplate Behavior [ RunTime:0.001772s ]
[ 2017-03-16T13:25:17+08:00 ] /QA/admin.php/Reward/index | INFO: Tag[ view_template ] --END-- [ RunTime:0.001856s ]
[ 2017-03-16T13:25:17+08:00 ] /QA/admin.php/Reward/index | INFO: Tag[ view_parse ] --START--
[ 2017-03-16T13:25:17+08:00 ] /QA/admin.php/Reward/index | INFO: Run ParseTemplate Behavior [ RunTime:0.014011s ]
[ 2017-03-16T13:25:17+08:00 ] /QA/admin.php/Reward/index | INFO: Tag[ view_parse ] --END-- [ RunTime:0.014087s ]
[ 2017-03-16T13:25:17+08:00 ] /QA/admin.php/Reward/index | INFO: Tag[ view_filter ] --START--
[ 2017-03-16T13:25:17+08:00 ] /QA/admin.php/Reward/index | INFO: Run ContentReplace Behavior [ RunTime:0.000992s ]
[ 2017-03-16T13:25:17+08:00 ] /QA/admin.php/Reward/index | INFO: Run TokenBuild Behavior [ RunTime:0.001314s ]
[ 2017-03-16T13:25:17+08:00 ] /QA/admin.php/Reward/index | INFO: Run WriteHtmlCache Behavior [ RunTime:0.001193s ]
[ 2017-03-16T13:25:17+08:00 ] /QA/admin.php/Reward/index | INFO: Run ShowRuntime Behavior [ RunTime:0.001253s ]
[ 2017-03-16T13:25:17+08:00 ] /QA/admin.php/Reward/index | INFO: Tag[ view_filter ] --END-- [ RunTime:0.004976s ]
[ 2017-03-16T13:25:17+08:00 ] /QA/admin.php/Reward/index | INFO: Tag[ view_end ] --START--
[ 2017-03-16T13:25:17+08:00 ] /QA/admin.php/Reward/index | INFO: Run ShowPageTrace Behavior [ RunTime:0.001131s ]
[ 2017-03-16T13:25:17+08:00 ] /QA/admin.php/Reward/index | INFO: Tag[ view_end ] --END-- [ RunTime:0.001208s ]
[ 2017-03-16T13:25:17+08:00 ] /QA/admin.php/Reward/level | INFO: Tag[ route_check ] --START--
[ 2017-03-16T13:25:17+08:00 ] /QA/admin.php/Reward/level | INFO: Run CheckRoute Behavior [ RunTime:0.001340s ]
[ 2017-03-16T13:25:17+08:00 ] /QA/admin.php/Reward/level | INFO: Tag[ route_check ] --END-- [ RunTime:0.001434s ]
[ 2017-03-16T13:25:17+08:00 ] /QA/admin.php/Reward/level | INFO: Tag[ app_begin ] --START--
[ 2017-03-16T13:25:17+08:00 ] /QA/admin.php/Reward/level | INFO: Run ReadHtmlCache Behavior [ RunTime:0.000931s ]
[ 2017-03-16T13:25:17+08:00 ] /QA/admin.php/Reward/level | INFO: Tag[ app_begin ] --END-- [ RunTime:0.000998s ]
[ 2017-03-16T13:25:17+08:00 ] /QA/admin.php/Reward/level | INFO: Tag[ view_template ] --START--
[ 2017-03-16T13:25:17+08:00 ] /QA/admin.php/Reward/level | INFO: Run LocationTemplate Behavior [ RunTime:0.001872s ]
[ 2017-03-16T13:25:17+08:00 ] /QA/admin.php/Reward/level | INFO: Tag[ view_template ] --END-- [ RunTime:0.001954s ]
[ 2017-03-16T13:25:17+08:00 ] /QA/admin.php/Reward/level | INFO: Tag[ view_parse ] --START--
[ 2017-03-16T13:25:17+08:00 ] /QA/admin.php/Reward/level | INFO: Run ParseTemplate Behavior [ RunTime:0.014971s ]
[ 2017-03-16T13:25:17+08:00 ] /QA/admin.php/Reward/level | INFO: Tag[ view_parse ] --END-- [ RunTime:0.015043s ]
[ 2017-03-16T13:25:17+08:00 ] /QA/admin.php/Reward/level | INFO: Tag[ view_filter ] --START--
[ 2017-03-16T13:25:17+08:00 ] /QA/admin.php/Reward/level | INFO: Run ContentReplace Behavior [ RunTime:0.001089s ]
[ 2017-03-16T13:25:17+08:00 ] /QA/admin.php/Reward/level | INFO: Run TokenBuild Behavior [ RunTime:0.001724s ]
[ 2017-03-16T13:25:17+08:00 ] /QA/admin.php/Reward/level | INFO: Run WriteHtmlCache Behavior [ RunTime:0.001051s ]
[ 2017-03-16T13:25:17+08:00 ] /QA/admin.php/Reward/level | INFO: Run ShowRuntime Behavior [ RunTime:0.001118s ]
[ 2017-03-16T13:25:17+08:00 ] /QA/admin.php/Reward/level | INFO: Tag[ view_filter ] --END-- [ RunTime:0.005189s ]
[ 2017-03-16T13:25:17+08:00 ] /QA/admin.php/Reward/level | INFO: Tag[ view_end ] --START--
[ 2017-03-16T13:25:17+08:00 ] /QA/admin.php/Reward/level | INFO: Run ShowPageTrace Behavior [ RunTime:0.000840s ]
[ 2017-03-16T13:25:17+08:00 ] /QA/admin.php/Reward/level | INFO: Tag[ view_end ] --END-- [ RunTime:0.000895s ]
[ 2017-03-16T13:25:18+08:00 ] /QA/admin.php/Ask/index | INFO: Tag[ route_check ] --START--
[ 2017-03-16T13:25:18+08:00 ] /QA/admin.php/Ask/index | INFO: Run CheckRoute Behavior [ RunTime:0.001779s ]
[ 2017-03-16T13:25:18+08:00 ] /QA/admin.php/Ask/index | INFO: Tag[ route_check ] --END-- [ RunTime:0.001884s ]
[ 2017-03-16T13:25:18+08:00 ] /QA/admin.php/Ask/index | INFO: Tag[ app_begin ] --START--
[ 2017-03-16T13:25:18+08:00 ] /QA/admin.php/Ask/index | INFO: Run ReadHtmlCache Behavior [ RunTime:0.001194s ]
[ 2017-03-16T13:25:18+08:00 ] /QA/admin.php/Ask/index | INFO: Tag[ app_begin ] --END-- [ RunTime:0.001274s ]
[ 2017-03-16T13:25:18+08:00 ] /QA/admin.php/Ask/index | SQL: SHOW COLUMNS FROM `wl_question` [ RunTime:0.006345s ]
[ 2017-03-16T13:25:18+08:00 ] /QA/admin.php/Ask/index | SQL: SELECT COUNT(*) AS tp_count FROM `wl_question` LIMIT 1   [ RunTime:0.000378s ]
[ 2017-03-16T13:25:18+08:00 ] /QA/admin.php/Ask/index | SQL: SELECT * FROM `wl_question` ORDER BY ask_time DESC LIMIT 0,10   [ RunTime:0.000838s ]
[ 2017-03-16T13:25:18+08:00 ] /QA/admin.php/Ask/index | INFO: Tag[ view_template ] --START--
[ 2017-03-16T13:25:18+08:00 ] /QA/admin.php/Ask/index | INFO: Run LocationTemplate Behavior [ RunTime:0.002128s ]
[ 2017-03-16T13:25:18+08:00 ] /QA/admin.php/Ask/index | INFO: Tag[ view_template ] --END-- [ RunTime:0.002221s ]
[ 2017-03-16T13:25:18+08:00 ] /QA/admin.php/Ask/index | INFO: Tag[ view_parse ] --START--
[ 2017-03-16T13:25:18+08:00 ] /QA/admin.php/Ask/index | INFO: Run ParseTemplate Behavior [ RunTime:0.014917s ]
[ 2017-03-16T13:25:18+08:00 ] /QA/admin.php/Ask/index | INFO: Tag[ view_parse ] --END-- [ RunTime:0.014989s ]
[ 2017-03-16T13:25:18+08:00 ] /QA/admin.php/Ask/index | INFO: Tag[ view_filter ] --START--
[ 2017-03-16T13:25:18+08:00 ] /QA/admin.php/Ask/index | INFO: Run ContentReplace Behavior [ RunTime:0.001106s ]
[ 2017-03-16T13:25:18+08:00 ] /QA/admin.php/Ask/index | INFO: Run TokenBuild Behavior [ RunTime:0.001431s ]
[ 2017-03-16T13:25:18+08:00 ] /QA/admin.php/Ask/index | INFO: Run WriteHtmlCache Behavior [ RunTime:0.000911s ]
[ 2017-03-16T13:25:18+08:00 ] /QA/admin.php/Ask/index | INFO: Run ShowRuntime Behavior [ RunTime:0.001112s ]
[ 2017-03-16T13:25:18+08:00 ] /QA/admin.php/Ask/index | INFO: Tag[ view_filter ] --END-- [ RunTime:0.004744s ]
[ 2017-03-16T13:25:18+08:00 ] /QA/admin.php/Ask/index | INFO: Tag[ view_end ] --START--
[ 2017-03-16T13:25:18+08:00 ] /QA/admin.php/Ask/index | INFO: Run ShowPageTrace Behavior [ RunTime:0.000883s ]
[ 2017-03-16T13:25:18+08:00 ] /QA/admin.php/Ask/index | INFO: Tag[ view_end ] --END-- [ RunTime:0.000948s ]
[ 2017-03-16T13:25:19+08:00 ] /QA/admin.php/Answer/index | INFO: Tag[ route_check ] --START--
[ 2017-03-16T13:25:19+08:00 ] /QA/admin.php/Answer/index | INFO: Run CheckRoute Behavior [ RunTime:0.001061s ]
[ 2017-03-16T13:25:19+08:00 ] /QA/admin.php/Answer/index | INFO: Tag[ route_check ] --END-- [ RunTime:0.001162s ]
[ 2017-03-16T13:25:19+08:00 ] /QA/admin.php/Answer/index | INFO: Tag[ app_begin ] --START--
[ 2017-03-16T13:25:19+08:00 ] /QA/admin.php/Answer/index | INFO: Run ReadHtmlCache Behavior [ RunTime:0.001185s ]
[ 2017-03-16T13:25:19+08:00 ] /QA/admin.php/Answer/index | INFO: Tag[ app_begin ] --END-- [ RunTime:0.001258s ]
[ 2017-03-16T13:25:19+08:00 ] /QA/admin.php/Answer/index | SQL: SHOW COLUMNS FROM `wl_answer` [ RunTime:0.006517s ]
[ 2017-03-16T13:25:19+08:00 ] /QA/admin.php/Answer/index | SQL: SELECT COUNT(*) AS tp_count FROM `wl_answer` LIMIT 1   [ RunTime:0.000293s ]
[ 2017-03-16T13:25:19+08:00 ] /QA/admin.php/Answer/index | SQL: SELECT * FROM `wl_answer` ORDER BY answer_time DESC LIMIT 0,20   [ RunTime:0.000475s ]
[ 2017-03-16T13:25:19+08:00 ] /QA/admin.php/Answer/index | INFO: Tag[ view_template ] --START--
[ 2017-03-16T13:25:19+08:00 ] /QA/admin.php/Answer/index | INFO: Run LocationTemplate Behavior [ RunTime:0.001902s ]
[ 2017-03-16T13:25:19+08:00 ] /QA/admin.php/Answer/index | INFO: Tag[ view_template ] --END-- [ RunTime:0.001970s ]
[ 2017-03-16T13:25:19+08:00 ] /QA/admin.php/Answer/index | INFO: Tag[ view_parse ] --START--
[ 2017-03-16T13:25:19+08:00 ] /QA/admin.php/Answer/index | INFO: Run ParseTemplate Behavior [ RunTime:0.014882s ]
[ 2017-03-16T13:25:19+08:00 ] /QA/admin.php/Answer/index | INFO: Tag[ view_parse ] --END-- [ RunTime:0.014950s ]
[ 2017-03-16T13:25:19+08:00 ] /QA/admin.php/Answer/index | INFO: Tag[ view_filter ] --START--
[ 2017-03-16T13:25:19+08:00 ] /QA/admin.php/Answer/index | INFO: Run ContentReplace Behavior [ RunTime:0.001118s ]
[ 2017-03-16T13:25:19+08:00 ] /QA/admin.php/Answer/index | INFO: Run TokenBuild Behavior [ RunTime:0.001002s ]
[ 2017-03-16T13:25:19+08:00 ] /QA/admin.php/Answer/index | INFO: Run WriteHtmlCache Behavior [ RunTime:0.000899s ]
[ 2017-03-16T13:25:19+08:00 ] /QA/admin.php/Answer/index | INFO: Run ShowRuntime Behavior [ RunTime:0.001239s ]
[ 2017-03-16T13:25:19+08:00 ] /QA/admin.php/Answer/index | INFO: Tag[ view_filter ] --END-- [ RunTime:0.004431s ]
[ 2017-03-16T13:25:19+08:00 ] /QA/admin.php/Answer/index | INFO: Tag[ view_end ] --START--
[ 2017-03-16T13:25:19+08:00 ] /QA/admin.php/Answer/index | INFO: Run ShowPageTrace Behavior [ RunTime:0.000834s ]
[ 2017-03-16T13:25:19+08:00 ] /QA/admin.php/Answer/index | INFO: Tag[ view_end ] --END-- [ RunTime:0.000891s ]
[ 2017-03-16T13:25:19+08:00 ] /QA/admin.php/User/index | INFO: Tag[ route_check ] --START--
[ 2017-03-16T13:25:19+08:00 ] /QA/admin.php/User/index | INFO: Run CheckRoute Behavior [ RunTime:0.001499s ]
[ 2017-03-16T13:25:19+08:00 ] /QA/admin.php/User/index | INFO: Tag[ route_check ] --END-- [ RunTime:0.001607s ]
[ 2017-03-16T13:25:19+08:00 ] /QA/admin.php/User/index | INFO: Tag[ app_begin ] --START--
[ 2017-03-16T13:25:19+08:00 ] /QA/admin.php/User/index | INFO: Run ReadHtmlCache Behavior [ RunTime:0.001028s ]
[ 2017-03-16T13:25:19+08:00 ] /QA/admin.php/User/index | INFO: Tag[ app_begin ] --END-- [ RunTime:0.001091s ]
[ 2017-03-16T13:25:19+08:00 ] /QA/admin.php/User/index | SQL: SHOW COLUMNS FROM `wl_index_user` [ RunTime:0.007341s ]
[ 2017-03-16T13:25:19+08:00 ] /QA/admin.php/User/index | SQL: SELECT COUNT(*) AS tp_count FROM `wl_index_user` LIMIT 1   [ RunTime:0.000545s ]
[ 2017-03-16T13:25:19+08:00 ] /QA/admin.php/User/index | NOTIC: [8] Undefined variable: where UserAction.class.php 第 10 行.
[ 2017-03-16T13:25:19+08:00 ] /QA/admin.php/User/index | SQL: SELECT * FROM `wl_index_user` LIMIT 0,20   [ RunTime:0.000536s ]
[ 2017-03-16T13:25:19+08:00 ] /QA/admin.php/User/index | INFO: Tag[ view_template ] --START--
[ 2017-03-16T13:25:19+08:00 ] /QA/admin.php/User/index | INFO: Run LocationTemplate Behavior [ RunTime:0.001832s ]
[ 2017-03-16T13:25:19+08:00 ] /QA/admin.php/User/index | INFO: Tag[ view_template ] --END-- [ RunTime:0.001894s ]
[ 2017-03-16T13:25:19+08:00 ] /QA/admin.php/User/index | INFO: Tag[ view_parse ] --START--
[ 2017-03-16T13:25:19+08:00 ] /QA/admin.php/User/index | INFO: Run ParseTemplate Behavior [ RunTime:0.014145s ]
[ 2017-03-16T13:25:19+08:00 ] /QA/admin.php/User/index | INFO: Tag[ view_parse ] --END-- [ RunTime:0.014219s ]
[ 2017-03-16T13:25:19+08:00 ] /QA/admin.php/User/index | INFO: Tag[ view_filter ] --START--
[ 2017-03-16T13:25:19+08:00 ] /QA/admin.php/User/index | INFO: Run ContentReplace Behavior [ RunTime:0.000958s ]
[ 2017-03-16T13:25:19+08:00 ] /QA/admin.php/User/index | INFO: Run TokenBuild Behavior [ RunTime:0.001035s ]
[ 2017-03-16T13:25:19+08:00 ] /QA/admin.php/User/index | INFO: Run WriteHtmlCache Behavior [ RunTime:0.000903s ]
[ 2017-03-16T13:25:19+08:00 ] /QA/admin.php/User/index | INFO: Run ShowRuntime Behavior [ RunTime:0.001040s ]
[ 2017-03-16T13:25:19+08:00 ] /QA/admin.php/User/index | INFO: Tag[ view_filter ] --END-- [ RunTime:0.004109s ]
[ 2017-03-16T13:25:19+08:00 ] /QA/admin.php/User/index | INFO: Tag[ view_end ] --START--
[ 2017-03-16T13:25:19+08:00 ] /QA/admin.php/User/index | INFO: Run ShowPageTrace Behavior [ RunTime:0.000929s ]
[ 2017-03-16T13:25:19+08:00 ] /QA/admin.php/User/index | INFO: Tag[ view_end ] --END-- [ RunTime:0.000987s ]
[ 2017-03-16T13:25:22+08:00 ] /QA/admin.php/User/lockUser/id/1/lock/1 | INFO: Tag[ route_check ] --START--
[ 2017-03-16T13:25:22+08:00 ] /QA/admin.php/User/lockUser/id/1/lock/1 | INFO: Run CheckRoute Behavior [ RunTime:0.001544s ]
[ 2017-03-16T13:25:22+08:00 ] /QA/admin.php/User/lockUser/id/1/lock/1 | INFO: Tag[ route_check ] --END-- [ RunTime:0.001829s ]
[ 2017-03-16T13:25:22+08:00 ] /QA/admin.php/User/lockUser/id/1/lock/1 | INFO: Tag[ app_begin ] --START--
[ 2017-03-16T13:25:22+08:00 ] /QA/admin.php/User/lockUser/id/1/lock/1 | INFO: Run ReadHtmlCache Behavior [ RunTime:0.001180s ]
[ 2017-03-16T13:25:22+08:00 ] /QA/admin.php/User/lockUser/id/1/lock/1 | INFO: Tag[ app_begin ] --END-- [ RunTime:0.001242s ]
[ 2017-03-16T13:25:22+08:00 ] /QA/admin.php/User/lockUser/id/1/lock/1 | SQL: SHOW COLUMNS FROM `wl_index_user` [ RunTime:0.006042s ]
[ 2017-03-16T13:25:22+08:00 ] /QA/admin.php/User/lockUser/id/1/lock/1 | SQL: UPDATE `wl_index_user` SET `lock`=1 WHERE ( `id` = 1 ) [ RunTime:0.000696s ]
[ 2017-03-16T13:25:22+08:00 ] /QA/admin.php/User/lockUser/id/1/lock/1 | INFO: Tag[ view_template ] --START--
[ 2017-03-16T13:25:22+08:00 ] /QA/admin.php/User/lockUser/id/1/lock/1 | INFO: Run LocationTemplate Behavior [ RunTime:0.001772s ]
[ 2017-03-16T13:25:22+08:00 ] /QA/admin.php/User/lockUser/id/1/lock/1 | INFO: Tag[ view_template ] --END-- [ RunTime:0.001834s ]
[ 2017-03-16T13:25:22+08:00 ] /QA/admin.php/User/lockUser/id/1/lock/1 | INFO: Tag[ view_parse ] --START--
[ 2017-03-16T13:25:22+08:00 ] /QA/admin.php/User/lockUser/id/1/lock/1 | INFO: Run ParseTemplate Behavior [ RunTime:0.013209s ]
[ 2017-03-16T13:25:22+08:00 ] /QA/admin.php/User/lockUser/id/1/lock/1 | INFO: Tag[ view_parse ] --END-- [ RunTime:0.013307s ]
[ 2017-03-16T13:25:22+08:00 ] /QA/admin.php/User/lockUser/id/1/lock/1 | INFO: Tag[ view_filter ] --START--
[ 2017-03-16T13:25:22+08:00 ] /QA/admin.php/User/lockUser/id/1/lock/1 | INFO: Run ContentReplace Behavior [ RunTime:0.001120s ]
[ 2017-03-16T13:25:22+08:00 ] /QA/admin.php/User/lockUser/id/1/lock/1 | INFO: Run TokenBuild Behavior [ RunTime:0.000934s ]
[ 2017-03-16T13:25:22+08:00 ] /QA/admin.php/User/lockUser/id/1/lock/1 | INFO: Run WriteHtmlCache Behavior [ RunTime:0.000981s ]
[ 2017-03-16T13:25:22+08:00 ] /QA/admin.php/User/lockUser/id/1/lock/1 | INFO: Run ShowRuntime Behavior [ RunTime:0.001326s ]
[ 2017-03-16T13:25:22+08:00 ] /QA/admin.php/User/lockUser/id/1/lock/1 | INFO: Tag[ view_filter ] --END-- [ RunTime:0.004682s ]
[ 2017-03-16T13:25:22+08:00 ] /QA/admin.php/User/lockUser/id/1/lock/1 | INFO: Tag[ view_end ] --START--
[ 2017-03-16T13:25:22+08:00 ] /QA/admin.php/User/lockUser/id/1/lock/1 | INFO: Run ShowPageTrace Behavior [ RunTime:0.001137s ]
[ 2017-03-16T13:25:22+08:00 ] /QA/admin.php/User/lockUser/id/1/lock/1 | INFO: Tag[ view_end ] --END-- [ RunTime:0.001216s ]
[ 2017-03-16T13:25:23+08:00 ] /QA/admin.php/User/index | INFO: Tag[ route_check ] --START--
[ 2017-03-16T13:25:23+08:00 ] /QA/admin.php/User/index | INFO: Run CheckRoute Behavior [ RunTime:0.001226s ]
[ 2017-03-16T13:25:23+08:00 ] /QA/admin.php/User/index | INFO: Tag[ route_check ] --END-- [ RunTime:0.001315s ]
[ 2017-03-16T13:25:23+08:00 ] /QA/admin.php/User/index | INFO: Tag[ app_begin ] --START--
[ 2017-03-16T13:25:23+08:00 ] /QA/admin.php/User/index | INFO: Run ReadHtmlCache Behavior [ RunTime:0.000952s ]
[ 2017-03-16T13:25:23+08:00 ] /QA/admin.php/User/index | INFO: Tag[ app_begin ] --END-- [ RunTime:0.001011s ]
[ 2017-03-16T13:25:23+08:00 ] /QA/admin.php/User/index | SQL: SHOW COLUMNS FROM `wl_index_user` [ RunTime:0.006459s ]
[ 2017-03-16T13:25:23+08:00 ] /QA/admin.php/User/index | SQL: SELECT COUNT(*) AS tp_count FROM `wl_index_user` LIMIT 1   [ RunTime:0.000442s ]
[ 2017-03-16T13:25:23+08:00 ] /QA/admin.php/User/index | NOTIC: [8] Undefined variable: where UserAction.class.php 第 10 行.
[ 2017-03-16T13:25:23+08:00 ] /QA/admin.php/User/index | SQL: SELECT * FROM `wl_index_user` LIMIT 0,20   [ RunTime:0.000474s ]
[ 2017-03-16T13:25:23+08:00 ] /QA/admin.php/User/index | INFO: Tag[ view_template ] --START--
[ 2017-03-16T13:25:23+08:00 ] /QA/admin.php/User/index | INFO: Run LocationTemplate Behavior [ RunTime:0.001749s ]
[ 2017-03-16T13:25:23+08:00 ] /QA/admin.php/User/index | INFO: Tag[ view_template ] --END-- [ RunTime:0.001810s ]
[ 2017-03-16T13:25:23+08:00 ] /QA/admin.php/User/index | INFO: Tag[ view_parse ] --START--
[ 2017-03-16T13:25:23+08:00 ] /QA/admin.php/User/index | INFO: Run ParseTemplate Behavior [ RunTime:0.015866s ]
[ 2017-03-16T13:25:23+08:00 ] /QA/admin.php/User/index | INFO: Tag[ view_parse ] --END-- [ RunTime:0.015942s ]
[ 2017-03-16T13:25:23+08:00 ] /QA/admin.php/User/index | INFO: Tag[ view_filter ] --START--
[ 2017-03-16T13:25:23+08:00 ] /QA/admin.php/User/index | INFO: Run ContentReplace Behavior [ RunTime:0.001042s ]
[ 2017-03-16T13:25:23+08:00 ] /QA/admin.php/User/index | INFO: Run TokenBuild Behavior [ RunTime:0.001275s ]
[ 2017-03-16T13:25:23+08:00 ] /QA/admin.php/User/index | INFO: Run WriteHtmlCache Behavior [ RunTime:0.001163s ]
[ 2017-03-16T13:25:23+08:00 ] /QA/admin.php/User/index | INFO: Run ShowRuntime Behavior [ RunTime:0.001188s ]
[ 2017-03-16T13:25:23+08:00 ] /QA/admin.php/User/index | INFO: Tag[ view_filter ] --END-- [ RunTime:0.004887s ]
[ 2017-03-16T13:25:23+08:00 ] /QA/admin.php/User/index | INFO: Tag[ view_end ] --START--
[ 2017-03-16T13:25:23+08:00 ] /QA/admin.php/User/index | INFO: Run ShowPageTrace Behavior [ RunTime:0.000832s ]
[ 2017-03-16T13:25:23+08:00 ] /QA/admin.php/User/index | INFO: Tag[ view_end ] --END-- [ RunTime:0.000889s ]
[ 2017-03-16T13:25:25+08:00 ] /QA/admin.php/User/lockUser/id/1/lock/0 | INFO: Tag[ route_check ] --START--
[ 2017-03-16T13:25:25+08:00 ] /QA/admin.php/User/lockUser/id/1/lock/0 | INFO: Run CheckRoute Behavior [ RunTime:0.001333s ]
[ 2017-03-16T13:25:25+08:00 ] /QA/admin.php/User/lockUser/id/1/lock/0 | INFO: Tag[ route_check ] --END-- [ RunTime:0.001428s ]
[ 2017-03-16T13:25:25+08:00 ] /QA/admin.php/User/lockUser/id/1/lock/0 | INFO: Tag[ app_begin ] --START--
[ 2017-03-16T13:25:25+08:00 ] /QA/admin.php/User/lockUser/id/1/lock/0 | INFO: Run ReadHtmlCache Behavior [ RunTime:0.001004s ]
[ 2017-03-16T13:25:25+08:00 ] /QA/admin.php/User/lockUser/id/1/lock/0 | INFO: Tag[ app_begin ] --END-- [ RunTime:0.001068s ]
[ 2017-03-16T13:25:25+08:00 ] /QA/admin.php/User/lockUser/id/1/lock/0 | SQL: SHOW COLUMNS FROM `wl_index_user` [ RunTime:0.006798s ]
[ 2017-03-16T13:25:25+08:00 ] /QA/admin.php/User/lockUser/id/1/lock/0 | SQL: UPDATE `wl_index_user` SET `lock`=0 WHERE ( `id` = 1 ) [ RunTime:0.000596s ]
[ 2017-03-16T13:25:25+08:00 ] /QA/admin.php/User/lockUser/id/1/lock/0 | INFO: Tag[ view_template ] --START--
[ 2017-03-16T13:25:25+08:00 ] /QA/admin.php/User/lockUser/id/1/lock/0 | INFO: Run LocationTemplate Behavior [ RunTime:0.001591s ]
[ 2017-03-16T13:25:25+08:00 ] /QA/admin.php/User/lockUser/id/1/lock/0 | INFO: Tag[ view_template ] --END-- [ RunTime:0.001656s ]
[ 2017-03-16T13:25:25+08:00 ] /QA/admin.php/User/lockUser/id/1/lock/0 | INFO: Tag[ view_parse ] --START--
[ 2017-03-16T13:25:25+08:00 ] /QA/admin.php/User/lockUser/id/1/lock/0 | INFO: Run ParseTemplate Behavior [ RunTime:0.012462s ]
[ 2017-03-16T13:25:25+08:00 ] /QA/admin.php/User/lockUser/id/1/lock/0 | INFO: Tag[ view_parse ] --END-- [ RunTime:0.012560s ]
[ 2017-03-16T13:25:25+08:00 ] /QA/admin.php/User/lockUser/id/1/lock/0 | INFO: Tag[ view_filter ] --START--
[ 2017-03-16T13:25:25+08:00 ] /QA/admin.php/User/lockUser/id/1/lock/0 | INFO: Run ContentReplace Behavior [ RunTime:0.001025s ]
[ 2017-03-16T13:25:25+08:00 ] /QA/admin.php/User/lockUser/id/1/lock/0 | INFO: Run TokenBuild Behavior [ RunTime:0.000944s ]
[ 2017-03-16T13:25:25+08:00 ] /QA/admin.php/User/lockUser/id/1/lock/0 | INFO: Run WriteHtmlCache Behavior [ RunTime:0.000902s ]
[ 2017-03-16T13:25:25+08:00 ] /QA/admin.php/User/lockUser/id/1/lock/0 | INFO: Run ShowRuntime Behavior [ RunTime:0.001048s ]
[ 2017-03-16T13:25:25+08:00 ] /QA/admin.php/User/lockUser/id/1/lock/0 | INFO: Tag[ view_filter ] --END-- [ RunTime:0.004102s ]
[ 2017-03-16T13:25:25+08:00 ] /QA/admin.php/User/lockUser/id/1/lock/0 | INFO: Tag[ view_end ] --START--
[ 2017-03-16T13:25:25+08:00 ] /QA/admin.php/User/lockUser/id/1/lock/0 | INFO: Run ShowPageTrace Behavior [ RunTime:0.000885s ]
[ 2017-03-16T13:25:25+08:00 ] /QA/admin.php/User/lockUser/id/1/lock/0 | INFO: Tag[ view_end ] --END-- [ RunTime:0.000945s ]
[ 2017-03-16T13:25:26+08:00 ] /QA/admin.php/User/index | INFO: Tag[ route_check ] --START--
[ 2017-03-16T13:25:26+08:00 ] /QA/admin.php/User/index | INFO: Run CheckRoute Behavior [ RunTime:0.001081s ]
[ 2017-03-16T13:25:26+08:00 ] /QA/admin.php/User/index | INFO: Tag[ route_check ] --END-- [ RunTime:0.001170s ]
[ 2017-03-16T13:25:26+08:00 ] /QA/admin.php/User/index | INFO: Tag[ app_begin ] --START--
[ 2017-03-16T13:25:26+08:00 ] /QA/admin.php/User/index | INFO: Run ReadHtmlCache Behavior [ RunTime:0.001504s ]
[ 2017-03-16T13:25:26+08:00 ] /QA/admin.php/User/index | INFO: Tag[ app_begin ] --END-- [ RunTime:0.001590s ]
[ 2017-03-16T13:25:26+08:00 ] /QA/admin.php/User/index | SQL: SHOW COLUMNS FROM `wl_index_user` [ RunTime:0.007366s ]
[ 2017-03-16T13:25:26+08:00 ] /QA/admin.php/User/index | SQL: SELECT COUNT(*) AS tp_count FROM `wl_index_user` LIMIT 1   [ RunTime:0.000534s ]
[ 2017-03-16T13:25:26+08:00 ] /QA/admin.php/User/index | NOTIC: [8] Undefined variable: where UserAction.class.php 第 10 行.
[ 2017-03-16T13:25:26+08:00 ] /QA/admin.php/User/index | SQL: SELECT * FROM `wl_index_user` LIMIT 0,20   [ RunTime:0.000658s ]
[ 2017-03-16T13:25:26+08:00 ] /QA/admin.php/User/index | INFO: Tag[ view_template ] --START--
[ 2017-03-16T13:25:26+08:00 ] /QA/admin.php/User/index | INFO: Run LocationTemplate Behavior [ RunTime:0.002040s ]
[ 2017-03-16T13:25:26+08:00 ] /QA/admin.php/User/index | INFO: Tag[ view_template ] --END-- [ RunTime:0.002120s ]
[ 2017-03-16T13:25:26+08:00 ] /QA/admin.php/User/index | INFO: Tag[ view_parse ] --START--
[ 2017-03-16T13:25:26+08:00 ] /QA/admin.php/User/index | INFO: Run ParseTemplate Behavior [ RunTime:0.014472s ]
[ 2017-03-16T13:25:26+08:00 ] /QA/admin.php/User/index | INFO: Tag[ view_parse ] --END-- [ RunTime:0.014546s ]
[ 2017-03-16T13:25:26+08:00 ] /QA/admin.php/User/index | INFO: Tag[ view_filter ] --START--
[ 2017-03-16T13:25:26+08:00 ] /QA/admin.php/User/index | INFO: Run ContentReplace Behavior [ RunTime:0.001064s ]
[ 2017-03-16T13:25:26+08:00 ] /QA/admin.php/User/index | INFO: Run TokenBuild Behavior [ RunTime:0.000954s ]
[ 2017-03-16T13:25:26+08:00 ] /QA/admin.php/User/index | INFO: Run WriteHtmlCache Behavior [ RunTime:0.000963s ]
[ 2017-03-16T13:25:26+08:00 ] /QA/admin.php/User/index | INFO: Run ShowRuntime Behavior [ RunTime:0.001077s ]
[ 2017-03-16T13:25:26+08:00 ] /QA/admin.php/User/index | INFO: Tag[ view_filter ] --END-- [ RunTime:0.004225s ]
[ 2017-03-16T13:25:26+08:00 ] /QA/admin.php/User/index | INFO: Tag[ view_end ] --START--
[ 2017-03-16T13:25:26+08:00 ] /QA/admin.php/User/index | INFO: Run ShowPageTrace Behavior [ RunTime:0.001354s ]
[ 2017-03-16T13:25:26+08:00 ] /QA/admin.php/User/index | INFO: Tag[ view_end ] --END-- [ RunTime:0.001423s ]
[ 2017-03-16T13:25:28+08:00 ] /QA/admin.php/Login/index | INFO: Tag[ route_check ] --START--
[ 2017-03-16T13:25:28+08:00 ] /QA/admin.php/Login/index | INFO: Run CheckRoute Behavior [ RunTime:0.001271s ]
[ 2017-03-16T13:25:28+08:00 ] /QA/admin.php/Login/index | INFO: Tag[ route_check ] --END-- [ RunTime:0.001376s ]
[ 2017-03-16T13:25:28+08:00 ] /QA/admin.php/Login/index | INFO: Tag[ app_begin ] --START--
[ 2017-03-16T13:25:28+08:00 ] /QA/admin.php/Login/index | INFO: Run ReadHtmlCache Behavior [ RunTime:0.001209s ]
[ 2017-03-16T13:25:28+08:00 ] /QA/admin.php/Login/index | INFO: Tag[ app_begin ] --END-- [ RunTime:0.001283s ]
[ 2017-03-16T13:25:28+08:00 ] /QA/admin.php/Login/index | INFO: Tag[ view_template ] --START--
[ 2017-03-16T13:25:28+08:00 ] /QA/admin.php/Login/index | INFO: Run LocationTemplate Behavior [ RunTime:0.001659s ]
[ 2017-03-16T13:25:28+08:00 ] /QA/admin.php/Login/index | INFO: Tag[ view_template ] --END-- [ RunTime:0.001735s ]
[ 2017-03-16T13:25:28+08:00 ] /QA/admin.php/Login/index | INFO: Tag[ view_parse ] --START--
[ 2017-03-16T13:25:28+08:00 ] /QA/admin.php/Login/index | INFO: Run ParseTemplate Behavior [ RunTime:0.012086s ]
[ 2017-03-16T13:25:28+08:00 ] /QA/admin.php/Login/index | INFO: Tag[ view_parse ] --END-- [ RunTime:0.012162s ]
[ 2017-03-16T13:25:28+08:00 ] /QA/admin.php/Login/index | INFO: Tag[ view_filter ] --START--
[ 2017-03-16T13:25:28+08:00 ] /QA/admin.php/Login/index | INFO: Run ContentReplace Behavior [ RunTime:0.001418s ]
[ 2017-03-16T13:25:28+08:00 ] /QA/admin.php/Login/index | INFO: Run TokenBuild Behavior [ RunTime:0.000945s ]
[ 2017-03-16T13:25:28+08:00 ] /QA/admin.php/Login/index | INFO: Run WriteHtmlCache Behavior [ RunTime:0.000858s ]
[ 2017-03-16T13:25:28+08:00 ] /QA/admin.php/Login/index | INFO: Run ShowRuntime Behavior [ RunTime:0.001021s ]
[ 2017-03-16T13:25:28+08:00 ] /QA/admin.php/Login/index | INFO: Tag[ view_filter ] --END-- [ RunTime:0.004417s ]
[ 2017-03-16T13:25:28+08:00 ] /QA/admin.php/Login/index | INFO: Tag[ view_end ] --START--
[ 2017-03-16T13:25:28+08:00 ] /QA/admin.php/Login/index | INFO: Run ShowPageTrace Behavior [ RunTime:0.000805s ]
[ 2017-03-16T13:25:28+08:00 ] /QA/admin.php/Login/index | INFO: Tag[ view_end ] --END-- [ RunTime:0.000863s ]
[ 2017-03-16T13:25:28+08:00 ] /QA/admin.php/Login/verify | INFO: Tag[ route_check ] --START--
[ 2017-03-16T13:25:28+08:00 ] /QA/admin.php/Login/verify | INFO: Run CheckRoute Behavior [ RunTime:0.001809s ]
[ 2017-03-16T13:25:28+08:00 ] /QA/admin.php/Login/verify | INFO: Tag[ route_check ] --END-- [ RunTime:0.001949s ]
[ 2017-03-16T13:25:28+08:00 ] /QA/admin.php/Login/verify | INFO: Tag[ app_begin ] --START--
[ 2017-03-16T13:25:28+08:00 ] /QA/admin.php/Login/verify | INFO: Run ReadHtmlCache Behavior [ RunTime:0.001750s ]
[ 2017-03-16T13:25:28+08:00 ] /QA/admin.php/Login/verify | INFO: Tag[ app_begin ] --END-- [ RunTime:0.001849s ]
