[ 2016-05-30T20:29:58+08:00 ] /QA/ | INFO: Tag[ app_begin ] --START--
[ 2016-05-30T20:29:58+08:00 ] /QA/ | INFO: Run ReadHtmlCache Behavior [ RunTime:0.002000s ]
[ 2016-05-30T20:29:58+08:00 ] /QA/ | INFO: Tag[ app_begin ] --END-- [ RunTime:0.002000s ]
[ 2016-05-30T23:02:43+08:00 ] /QA/ | INFO: Tag[ app_begin ] --START--
[ 2016-05-30T23:02:43+08:00 ] /QA/ | INFO: Run ReadHtmlCache Behavior [ RunTime:0.001000s ]
[ 2016-05-30T23:02:43+08:00 ] /QA/ | INFO: Tag[ app_begin ] --END-- [ RunTime:0.002000s ]
[ 2016-05-30T23:02:44+08:00 ] /QA/ | SQL: SHOW COLUMNS FROM `wl_index_user` [ RunTime:0.011001s ]
[ 2016-05-30T23:02:44+08:00 ] /QA/ | INFO: Tag[ view_template ] --START--
[ 2016-05-30T23:02:44+08:00 ] /QA/ | INFO: Run LocationTemplate Behavior [ RunTime:0.002000s ]
[ 2016-05-30T23:02:44+08:00 ] /QA/ | INFO: Tag[ view_template ] --END-- [ RunTime:0.002000s ]
[ 2016-05-30T23:02:44+08:00 ] /QA/ | INFO: Tag[ view_parse ] --START--
[ 2016-05-30T23:02:44+08:00 ] /QA/ | NOTIC: [8] Undefined variable: v f9c22b8b40e560036663a0ce7ed378ae.php Á¨¨ 286 Ë°å.
[ 2016-05-30T23:02:44+08:00 ] /QA/ | INFO: Run ParseTemplate Behavior [ RunTime:0.028002s ]
[ 2016-05-30T23:02:44+08:00 ] /QA/ | INFO: Tag[ view_parse ] --END-- [ RunTime:0.029002s ]
[ 2016-05-30T23:02:44+08:00 ] /QA/ | INFO: Tag[ view_filter ] --START--
[ 2016-05-30T23:02:44+08:00 ] /QA/ | INFO: Run ContentReplace Behavior [ RunTime:0.001000s ]
[ 2016-05-30T23:02:44+08:00 ] /QA/ | INFO: Run TokenBuild Behavior [ RunTime:0.001000s ]
[ 2016-05-30T23:02:44+08:00 ] /QA/ | INFO: Run WriteHtmlCache Behavior [ RunTime:0.001000s ]
[ 2016-05-30T23:02:44+08:00 ] /QA/ | INFO: Run ShowRuntime Behavior [ RunTime:0.003000s ]
[ 2016-05-30T23:02:44+08:00 ] /QA/ | INFO: Tag[ view_filter ] --END-- [ RunTime:0.007000s ]
[ 2016-05-30T23:02:44+08:00 ] /QA/ | INFO: Tag[ view_end ] --START--
[ 2016-05-30T23:02:44+08:00 ] /QA/ | INFO: Run ShowPageTrace Behavior [ RunTime:0.002000s ]
[ 2016-05-30T23:02:44+08:00 ] /QA/ | INFO: Tag[ view_end ] --END-- [ RunTime:0.002000s ]
[ 2016-05-30T23:03:10+08:00 ] /QA/index.php/index/index | ERR: (ThinkException) Êó†Ê≥ïÂä†ËΩΩÊ®°Âùóindex
[ 2016-05-30T23:04:37+08:00 ] /QA/index.php/index/index | ERR: (ThinkException) Êó†Ê≥ïÂä†ËΩΩÊ®°Âùóindex
[ 2016-05-30T23:04:40+08:00 ] /QA/index.php/index/index | ERR: (ThinkException) Êó†Ê≥ïÂä†ËΩΩÊ®°Âùóindex
[ 2016-05-30T23:04:51+08:00 ] /QA/index.php/index/index | ERR: (ThinkException) Êó†Ê≥ïÂä†ËΩΩÊ®°Âùóindex
[ 2016-05-30T23:05:58+08:00 ] /QA/index.php/index/index | ERR: (ThinkException) Êó†Ê≥ïÂä†ËΩΩÊ®°Âùóindex
[ 2016-05-30T23:06:01+08:00 ] /QA/ | INFO: Tag[ app_begin ] --START--
[ 2016-05-30T23:06:01+08:00 ] /QA/ | INFO: Run ReadHtmlCache Behavior [ RunTime:0.002000s ]
[ 2016-05-30T23:06:01+08:00 ] /QA/ | INFO: Tag[ app_begin ] --END-- [ RunTime:0.002000s ]
[ 2016-05-30T23:06:02+08:00 ] /QA/ | SQL: SHOW COLUMNS FROM `wl_index_user` [ RunTime:0.009000s ]
[ 2016-05-30T23:06:02+08:00 ] /QA/ | INFO: Tag[ view_template ] --START--
[ 2016-05-30T23:06:02+08:00 ] /QA/ | INFO: Run LocationTemplate Behavior [ RunTime:0.003001s ]
[ 2016-05-30T23:06:02+08:00 ] /QA/ | INFO: Tag[ view_template ] --END-- [ RunTime:0.003001s ]
[ 2016-05-30T23:06:02+08:00 ] /QA/ | INFO: Tag[ view_parse ] --START--
[ 2016-05-30T23:06:02+08:00 ] /QA/ | NOTIC: [8] Undefined variable: v f9c22b8b40e560036663a0ce7ed378ae.php Á¨¨ 286 Ë°å.
[ 2016-05-30T23:06:02+08:00 ] /QA/ | INFO: Run ParseTemplate Behavior [ RunTime:0.026001s ]
[ 2016-05-30T23:06:02+08:00 ] /QA/ | INFO: Tag[ view_parse ] --END-- [ RunTime:0.026001s ]
[ 2016-05-30T23:06:02+08:00 ] /QA/ | INFO: Tag[ view_filter ] --START--
[ 2016-05-30T23:06:02+08:00 ] /QA/ | INFO: Run ContentReplace Behavior [ RunTime:0.002000s ]
[ 2016-05-30T23:06:02+08:00 ] /QA/ | INFO: Run TokenBuild Behavior [ RunTime:0.001000s ]
[ 2016-05-30T23:06:02+08:00 ] /QA/ | INFO: Run WriteHtmlCache Behavior [ RunTime:0.001000s ]
[ 2016-05-30T23:06:02+08:00 ] /QA/ | INFO: Run ShowRuntime Behavior [ RunTime:0.001000s ]
[ 2016-05-30T23:06:02+08:00 ] /QA/ | INFO: Tag[ view_filter ] --END-- [ RunTime:0.006000s ]
[ 2016-05-30T23:06:02+08:00 ] /QA/ | INFO: Tag[ view_end ] --START--
[ 2016-05-30T23:06:02+08:00 ] /QA/ | INFO: Run ShowPageTrace Behavior [ RunTime:0.001000s ]
[ 2016-05-30T23:06:02+08:00 ] /QA/ | INFO: Tag[ view_end ] --END-- [ RunTime:0.001000s ]
[ 2016-05-30T23:06:07+08:00 ] /QA/index.php/Index/index | INFO: Tag[ route_check ] --START--
[ 2016-05-30T23:06:07+08:00 ] /QA/index.php/Index/index | INFO: Run CheckRoute Behavior [ RunTime:0.002000s ]
[ 2016-05-30T23:06:07+08:00 ] /QA/index.php/Index/index | INFO: Tag[ route_check ] --END-- [ RunTime:0.002000s ]
[ 2016-05-30T23:06:07+08:00 ] /QA/index.php/Index/index | INFO: Tag[ app_begin ] --START--
[ 2016-05-30T23:06:07+08:00 ] /QA/index.php/Index/index | INFO: Run ReadHtmlCache Behavior [ RunTime:0.002000s ]
[ 2016-05-30T23:06:07+08:00 ] /QA/index.php/Index/index | INFO: Tag[ app_begin ] --END-- [ RunTime:0.002000s ]
[ 2016-05-30T23:06:08+08:00 ] /QA/index.php/Index/index | SQL: SHOW COLUMNS FROM `wl_index_user` [ RunTime:0.011001s ]
[ 2016-05-30T23:06:08+08:00 ] /QA/index.php/Index/index | SQL: INSERT INTO `wl_index_user` (`username`,`password`) VALUES ('ÈªÑÈî¶Èπ\è','123') [ RunTime:0.001000s ]
[ 2016-05-30T23:06:08+08:00 ] /QA/index.php/Index/index | INFO: Tag[ view_template ] --START--
[ 2016-05-30T23:06:08+08:00 ] /QA/index.php/Index/index | INFO: Run LocationTemplate Behavior [ RunTime:0.002000s ]
[ 2016-05-30T23:06:08+08:00 ] /QA/index.php/Index/index | INFO: Tag[ view_template ] --END-- [ RunTime:0.002000s ]
[ 2016-05-30T23:06:08+08:00 ] /QA/index.php/Index/index | INFO: Tag[ view_parse ] --START--
[ 2016-05-30T23:06:08+08:00 ] /QA/index.php/Index/index | NOTIC: [8] Undefined variable: v f9c22b8b40e560036663a0ce7ed378ae.php Á¨¨ 286 Ë°å.
[ 2016-05-30T23:06:08+08:00 ] /QA/index.php/Index/index | INFO: Run ParseTemplate Behavior [ RunTime:0.029002s ]
[ 2016-05-30T23:06:08+08:00 ] /QA/index.php/Index/index | INFO: Tag[ view_parse ] --END-- [ RunTime:0.029002s ]
[ 2016-05-30T23:06:08+08:00 ] /QA/index.php/Index/index | INFO: Tag[ view_filter ] --START--
[ 2016-05-30T23:06:08+08:00 ] /QA/index.php/Index/index | INFO: Run ContentReplace Behavior [ RunTime:0.001000s ]
[ 2016-05-30T23:06:08+08:00 ] /QA/index.php/Index/index | INFO: Run TokenBuild Behavior [ RunTime:0.002000s ]
[ 2016-05-30T23:06:08+08:00 ] /QA/index.php/Index/index | INFO: Run WriteHtmlCache Behavior [ RunTime:0.001000s ]
[ 2016-05-30T23:06:08+08:00 ] /QA/index.php/Index/index | INFO: Run ShowRuntime Behavior [ RunTime:0.002000s ]
[ 2016-05-30T23:06:08+08:00 ] /QA/index.php/Index/index | INFO: Tag[ view_filter ] --END-- [ RunTime:0.009000s ]
[ 2016-05-30T23:06:08+08:00 ] /QA/index.php/Index/index | INFO: Tag[ view_end ] --START--
[ 2016-05-30T23:06:08+08:00 ] /QA/index.php/Index/index | INFO: Run ShowPageTrace Behavior [ RunTime:0.002000s ]
[ 2016-05-30T23:06:08+08:00 ] /QA/index.php/Index/index | INFO: Tag[ view_end ] --END-- [ RunTime:0.002000s ]
[ 2016-05-30T23:06:08+08:00 ] /QA/index.php/Index/css/bootstrap.min.css | ERR: (ThinkException) ÈùûÊ≥ïÊìç‰Ωúcss
[ 2016-05-30T23:06:08+08:00 ] /QA/index.php/Index/css/main.css | ERR: (ThinkException) ÈùûÊ≥ïÊìç‰Ωúcss
[ 2016-05-30T23:12:33+08:00 ] /QA/index.php/Index/index | INFO: Tag[ route_check ] --START--
[ 2016-05-30T23:12:33+08:00 ] /QA/index.php/Index/index | INFO: Run CheckRoute Behavior [ RunTime:0.002000s ]
[ 2016-05-30T23:12:33+08:00 ] /QA/index.php/Index/index | INFO: Tag[ route_check ] --END-- [ RunTime:0.002000s ]
[ 2016-05-30T23:12:33+08:00 ] /QA/index.php/Index/index | INFO: Tag[ app_begin ] --START--
[ 2016-05-30T23:12:33+08:00 ] /QA/index.php/Index/index | INFO: Run ReadHtmlCache Behavior [ RunTime:0.003000s ]
[ 2016-05-30T23:12:33+08:00 ] /QA/index.php/Index/index | INFO: Tag[ app_begin ] --END-- [ RunTime:0.003000s ]
[ 2016-05-30T23:12:34+08:00 ] /QA/index.php/Index/index | SQL: SHOW COLUMNS FROM `wl_index_user` [ RunTime:0.010001s ]
[ 2016-05-30T23:12:34+08:00 ] /QA/index.php/Index/index | SQL: INSERT INTO `wl_index_user` (`username`,`password`) VALUES ('ÈªÑÈî¶Èπ\è','123') [ RunTime:0.001000s ]
[ 2016-05-30T23:12:34+08:00 ] /QA/index.php/Index/index | INFO: Tag[ view_template ] --START--
[ 2016-05-30T23:12:34+08:00 ] /QA/index.php/Index/index | INFO: Run LocationTemplate Behavior [ RunTime:0.002000s ]
[ 2016-05-30T23:12:34+08:00 ] /QA/index.php/Index/index | INFO: Tag[ view_template ] --END-- [ RunTime:0.002000s ]
[ 2016-05-30T23:12:34+08:00 ] /QA/index.php/Index/index | INFO: Tag[ view_parse ] --START--
[ 2016-05-30T23:12:34+08:00 ] /QA/index.php/Index/index | NOTIC: [8] Undefined variable: v f9c22b8b40e560036663a0ce7ed378ae.php Á¨¨ 286 Ë°å.
[ 2016-05-30T23:12:34+08:00 ] /QA/index.php/Index/index | INFO: Run ParseTemplate Behavior [ RunTime:0.023001s ]
[ 2016-05-30T23:12:34+08:00 ] /QA/index.php/Index/index | INFO: Tag[ view_parse ] --END-- [ RunTime:0.023001s ]
[ 2016-05-30T23:12:34+08:00 ] /QA/index.php/Index/index | INFO: Tag[ view_filter ] --START--
[ 2016-05-30T23:12:34+08:00 ] /QA/index.php/Index/index | INFO: Run ContentReplace Behavior [ RunTime:0.001000s ]
[ 2016-05-30T23:12:34+08:00 ] /QA/index.php/Index/index | INFO: Run TokenBuild Behavior [ RunTime:0.002000s ]
[ 2016-05-30T23:12:34+08:00 ] /QA/index.php/Index/index | INFO: Run WriteHtmlCache Behavior [ RunTime:0.002001s ]
[ 2016-05-30T23:12:34+08:00 ] /QA/index.php/Index/index | INFO: Run ShowRuntime Behavior [ RunTime:0.002000s ]
[ 2016-05-30T23:12:34+08:00 ] /QA/index.php/Index/index | INFO: Tag[ view_filter ] --END-- [ RunTime:0.008001s ]
[ 2016-05-30T23:12:34+08:00 ] /QA/index.php/Index/index | INFO: Tag[ view_end ] --START--
[ 2016-05-30T23:12:34+08:00 ] /QA/index.php/Index/index | INFO: Run ShowPageTrace Behavior [ RunTime:0.001000s ]
[ 2016-05-30T23:12:34+08:00 ] /QA/index.php/Index/index | INFO: Tag[ view_end ] --END-- [ RunTime:0.002000s ]
[ 2016-05-30T23:12:35+08:00 ] /QA/index.php/Index/css/bootstrap.min.css | ERR: (ThinkException) ÈùûÊ≥ïÊìç‰Ωúcss
[ 2016-05-30T23:12:35+08:00 ] /QA/index.php/Index/css/main.css | ERR: (ThinkException) ÈùûÊ≥ïÊìç‰Ωúcss
[ 2016-05-30T23:12:50+08:00 ] /QA/index.php/Index/index | INFO: Tag[ route_check ] --START--
[ 2016-05-30T23:12:50+08:00 ] /QA/index.php/Index/index | INFO: Run CheckRoute Behavior [ RunTime:0.002000s ]
[ 2016-05-30T23:12:50+08:00 ] /QA/index.php/Index/index | INFO: Tag[ route_check ] --END-- [ RunTime:0.002000s ]
[ 2016-05-30T23:12:50+08:00 ] /QA/index.php/Index/index | INFO: Tag[ app_begin ] --START--
[ 2016-05-30T23:12:50+08:00 ] /QA/index.php/Index/index | INFO: Run ReadHtmlCache Behavior [ RunTime:0.001000s ]
[ 2016-05-30T23:12:50+08:00 ] /QA/index.php/Index/index | INFO: Tag[ app_begin ] --END-- [ RunTime:0.001000s ]
[ 2016-05-30T23:12:51+08:00 ] /QA/index.php/Index/index | SQL: SHOW COLUMNS FROM `wl_index_user` [ RunTime:0.010001s ]
[ 2016-05-30T23:12:51+08:00 ] /QA/index.php/Index/index | SQL: INSERT INTO `wl_index_user` (`username`,`password`) VALUES ('Â∞èÂëÜ','123') [ RunTime:0.001000s ]
[ 2016-05-30T23:12:51+08:00 ] /QA/index.php/Index/index | INFO: Tag[ view_template ] --START--
[ 2016-05-30T23:12:51+08:00 ] /QA/index.php/Index/index | INFO: Run LocationTemplate Behavior [ RunTime:0.003000s ]
[ 2016-05-30T23:12:51+08:00 ] /QA/index.php/Index/index | INFO: Tag[ view_template ] --END-- [ RunTime:0.003000s ]
[ 2016-05-30T23:12:51+08:00 ] /QA/index.php/Index/index | INFO: Tag[ view_parse ] --START--
[ 2016-05-30T23:12:51+08:00 ] /QA/index.php/Index/index | NOTIC: [8] Undefined variable: v f9c22b8b40e560036663a0ce7ed378ae.php Á¨¨ 286 Ë°å.
[ 2016-05-30T23:12:51+08:00 ] /QA/index.php/Index/index | INFO: Run ParseTemplate Behavior [ RunTime:0.023001s ]
[ 2016-05-30T23:12:51+08:00 ] /QA/index.php/Index/index | INFO: Tag[ view_parse ] --END-- [ RunTime:0.023001s ]
[ 2016-05-30T23:12:51+08:00 ] /QA/index.php/Index/index | INFO: Tag[ view_filter ] --START--
[ 2016-05-30T23:12:51+08:00 ] /QA/index.php/Index/index | INFO: Run ContentReplace Behavior [ RunTime:0.002000s ]
[ 2016-05-30T23:12:51+08:00 ] /QA/index.php/Index/index | INFO: Run TokenBuild Behavior [ RunTime:0.001000s ]
[ 2016-05-30T23:12:51+08:00 ] /QA/index.php/Index/index | INFO: Run WriteHtmlCache Behavior [ RunTime:0.001000s ]
[ 2016-05-30T23:12:51+08:00 ] /QA/index.php/Index/index | INFO: Run ShowRuntime Behavior [ RunTime:0.002001s ]
[ 2016-05-30T23:12:51+08:00 ] /QA/index.php/Index/index | INFO: Tag[ view_filter ] --END-- [ RunTime:0.006001s ]
[ 2016-05-30T23:12:51+08:00 ] /QA/index.php/Index/index | INFO: Tag[ view_end ] --START--
[ 2016-05-30T23:12:51+08:00 ] /QA/index.php/Index/index | INFO: Run ShowPageTrace Behavior [ RunTime:0.003000s ]
[ 2016-05-30T23:12:51+08:00 ] /QA/index.php/Index/index | INFO: Tag[ view_end ] --END-- [ RunTime:0.003000s ]
[ 2016-05-30T23:12:52+08:00 ] /QA/index.php/Index/css/bootstrap.min.css | ERR: (ThinkException) ÈùûÊ≥ïÊìç‰Ωúcss
[ 2016-05-30T23:12:52+08:00 ] /QA/index.php/Index/css/main.css | ERR: (ThinkException) ÈùûÊ≥ïÊìç‰Ωúcss
[ 2016-05-30T23:13:14+08:00 ] /QA/index.php/Index/index | INFO: Tag[ route_check ] --START--
[ 2016-05-30T23:13:14+08:00 ] /QA/index.php/Index/index | INFO: Run CheckRoute Behavior [ RunTime:0.002000s ]
[ 2016-05-30T23:13:14+08:00 ] /QA/index.php/Index/index | INFO: Tag[ route_check ] --END-- [ RunTime:0.002000s ]
[ 2016-05-30T23:13:14+08:00 ] /QA/index.php/Index/index | INFO: Tag[ app_begin ] --START--
[ 2016-05-30T23:13:14+08:00 ] /QA/index.php/Index/index | INFO: Run ReadHtmlCache Behavior [ RunTime:0.001000s ]
[ 2016-05-30T23:13:14+08:00 ] /QA/index.php/Index/index | INFO: Tag[ app_begin ] --END-- [ RunTime:0.001000s ]
[ 2016-05-30T23:13:15+08:00 ] /QA/index.php/Index/index | SQL: SHOW COLUMNS FROM `wl_index_user` [ RunTime:0.010001s ]
[ 2016-05-30T23:13:15+08:00 ] /QA/index.php/Index/index | SQL: INSERT INTO `wl_index_user` (`username`,`password`) VALUES ('Á¨¨‰∏â','1223') [ RunTime:0.000000s ]
[ 2016-05-30T23:13:15+08:00 ] /QA/index.php/Index/index | INFO: Tag[ view_template ] --START--
[ 2016-05-30T23:13:15+08:00 ] /QA/index.php/Index/index | INFO: Run LocationTemplate Behavior [ RunTime:0.002000s ]
[ 2016-05-30T23:13:15+08:00 ] /QA/index.php/Index/index | INFO: Tag[ view_template ] --END-- [ RunTime:0.002000s ]
[ 2016-05-30T23:13:15+08:00 ] /QA/index.php/Index/index | INFO: Tag[ view_parse ] --START--
[ 2016-05-30T23:13:15+08:00 ] /QA/index.php/Index/index | NOTIC: [8] Undefined variable: v f9c22b8b40e560036663a0ce7ed378ae.php Á¨¨ 286 Ë°å.
[ 2016-05-30T23:13:15+08:00 ] /QA/index.php/Index/index | INFO: Run ParseTemplate Behavior [ RunTime:0.026002s ]
[ 2016-05-30T23:13:15+08:00 ] /QA/index.php/Index/index | INFO: Tag[ view_parse ] --END-- [ RunTime:0.026002s ]
[ 2016-05-30T23:13:15+08:00 ] /QA/index.php/Index/index | INFO: Tag[ view_filter ] --START--
[ 2016-05-30T23:13:15+08:00 ] /QA/index.php/Index/index | INFO: Run ContentReplace Behavior [ RunTime:0.001000s ]
[ 2016-05-30T23:13:15+08:00 ] /QA/index.php/Index/index | INFO: Run TokenBuild Behavior [ RunTime:0.001000s ]
[ 2016-05-30T23:13:15+08:00 ] /QA/index.php/Index/index | INFO: Run WriteHtmlCache Behavior [ RunTime:0.002000s ]
[ 2016-05-30T23:13:15+08:00 ] /QA/index.php/Index/index | INFO: Run ShowRuntime Behavior [ RunTime:0.002000s ]
[ 2016-05-30T23:13:15+08:00 ] /QA/index.php/Index/index | INFO: Tag[ view_filter ] --END-- [ RunTime:0.007000s ]
[ 2016-05-30T23:13:15+08:00 ] /QA/index.php/Index/index | INFO: Tag[ view_end ] --START--
[ 2016-05-30T23:13:15+08:00 ] /QA/index.php/Index/index | INFO: Run ShowPageTrace Behavior [ RunTime:0.002000s ]
[ 2016-05-30T23:13:15+08:00 ] /QA/index.php/Index/index | INFO: Tag[ view_end ] --END-- [ RunTime:0.002000s ]
[ 2016-05-30T23:13:15+08:00 ] /QA/index.php/Index/css/bootstrap.min.css | ERR: (ThinkException) ÈùûÊ≥ïÊìç‰Ωúcss
[ 2016-05-30T23:13:15+08:00 ] /QA/index.php/Index/css/main.css | ERR: (ThinkException) ÈùûÊ≥ïÊìç‰Ωúcss
[ 2016-05-30T23:14:53+08:00 ] /QA/index.php/Index/index | INFO: Tag[ route_check ] --START--
[ 2016-05-30T23:14:53+08:00 ] /QA/index.php/Index/index | INFO: Run CheckRoute Behavior [ RunTime:0.003000s ]
[ 2016-05-30T23:14:53+08:00 ] /QA/index.php/Index/index | INFO: Tag[ route_check ] --END-- [ RunTime:0.003000s ]
[ 2016-05-30T23:14:53+08:00 ] /QA/index.php/Index/index | INFO: Tag[ app_begin ] --START--
[ 2016-05-30T23:14:53+08:00 ] /QA/index.php/Index/index | INFO: Run ReadHtmlCache Behavior [ RunTime:0.002001s ]
[ 2016-05-30T23:14:53+08:00 ] /QA/index.php/Index/index | INFO: Tag[ app_begin ] --END-- [ RunTime:0.002001s ]
[ 2016-05-30T23:14:54+08:00 ] /QA/index.php/Index/index | SQL: SHOW COLUMNS FROM `wl_index_user` [ RunTime:0.009001s ]
[ 2016-05-30T23:14:54+08:00 ] /QA/index.php/Index/index | SQL: INSERT INTO `wl_index_user` (`username`,`password`) VALUES ('Á¨¨‰∏â','1223') [ RunTime:0.001000s ]
[ 2016-05-30T23:14:54+08:00 ] /QA/index.php/Index/index | INFO: Tag[ view_template ] --START--
[ 2016-05-30T23:14:54+08:00 ] /QA/index.php/Index/index | INFO: Run LocationTemplate Behavior [ RunTime:0.002000s ]
[ 2016-05-30T23:14:54+08:00 ] /QA/index.php/Index/index | INFO: Tag[ view_template ] --END-- [ RunTime:0.003000s ]
[ 2016-05-30T23:14:54+08:00 ] /QA/index.php/Index/index | INFO: Tag[ view_parse ] --START--
[ 2016-05-30T23:14:54+08:00 ] /QA/index.php/Index/index | NOTIC: [8] Undefined variable: v f9c22b8b40e560036663a0ce7ed378ae.php Á¨¨ 286 Ë°å.
[ 2016-05-30T23:14:54+08:00 ] /QA/index.php/Index/index | INFO: Run ParseTemplate Behavior [ RunTime:0.025002s ]
[ 2016-05-30T23:14:54+08:00 ] /QA/index.php/Index/index | INFO: Tag[ view_parse ] --END-- [ RunTime:0.025002s ]
[ 2016-05-30T23:14:54+08:00 ] /QA/index.php/Index/index | INFO: Tag[ view_filter ] --START--
[ 2016-05-30T23:14:54+08:00 ] /QA/index.php/Index/index | INFO: Run ContentReplace Behavior [ RunTime:0.001000s ]
[ 2016-05-30T23:14:54+08:00 ] /QA/index.php/Index/index | INFO: Run TokenBuild Behavior [ RunTime:0.001000s ]
[ 2016-05-30T23:14:54+08:00 ] /QA/index.php/Index/index | INFO: Run WriteHtmlCache Behavior [ RunTime:0.001000s ]
[ 2016-05-30T23:14:54+08:00 ] /QA/index.php/Index/index | INFO: Run ShowRuntime Behavior [ RunTime:0.001000s ]
[ 2016-05-30T23:14:54+08:00 ] /QA/index.php/Index/index | INFO: Tag[ view_filter ] --END-- [ RunTime:0.005000s ]
[ 2016-05-30T23:14:54+08:00 ] /QA/index.php/Index/index | INFO: Tag[ view_end ] --START--
[ 2016-05-30T23:14:54+08:00 ] /QA/index.php/Index/index | INFO: Run ShowPageTrace Behavior [ RunTime:0.001000s ]
[ 2016-05-30T23:14:54+08:00 ] /QA/index.php/Index/index | INFO: Tag[ view_end ] --END-- [ RunTime:0.001000s ]
[ 2016-05-30T23:14:55+08:00 ] /QA/index.php/Index/css/bootstrap.min.css | ERR: (ThinkException) ÈùûÊ≥ïÊìç‰Ωúcss
[ 2016-05-30T23:14:55+08:00 ] /QA/index.php/Index/css/main.css | ERR: (ThinkException) ÈùûÊ≥ïÊìç‰Ωúcss
[ 2016-05-30T23:15:02+08:00 ] /QA/index.php/Index/index | INFO: Tag[ route_check ] --START--
[ 2016-05-30T23:15:02+08:00 ] /QA/index.php/Index/index | INFO: Run CheckRoute Behavior [ RunTime:0.002000s ]
[ 2016-05-30T23:15:02+08:00 ] /QA/index.php/Index/index | INFO: Tag[ route_check ] --END-- [ RunTime:0.002000s ]
[ 2016-05-30T23:15:02+08:00 ] /QA/index.php/Index/index | INFO: Tag[ app_begin ] --START--
[ 2016-05-30T23:15:02+08:00 ] /QA/index.php/Index/index | INFO: Run ReadHtmlCache Behavior [ RunTime:0.001000s ]
[ 2016-05-30T23:15:02+08:00 ] /QA/index.php/Index/index | INFO: Tag[ app_begin ] --END-- [ RunTime:0.002000s ]
[ 2016-05-30T23:15:03+08:00 ] /QA/index.php/Index/index | SQL: SHOW COLUMNS FROM `wl_index_user` [ RunTime:0.010000s ]
[ 2016-05-30T23:15:03+08:00 ] /QA/index.php/Index/index | SQL: INSERT INTO `wl_index_user` (`username`,`password`) VALUES ('ÂØåÂ£´Ëæ\æ','323') [ RunTime:0.000000s ]
[ 2016-05-30T23:15:03+08:00 ] /QA/index.php/Index/index | INFO: Tag[ view_template ] --START--
[ 2016-05-30T23:15:03+08:00 ] /QA/index.php/Index/index | INFO: Run LocationTemplate Behavior [ RunTime:0.002000s ]
[ 2016-05-30T23:15:03+08:00 ] /QA/index.php/Index/index | INFO: Tag[ view_template ] --END-- [ RunTime:0.002000s ]
[ 2016-05-30T23:15:03+08:00 ] /QA/index.php/Index/index | INFO: Tag[ view_parse ] --START--
[ 2016-05-30T23:15:04+08:00 ] /QA/index.php/Index/index | NOTIC: [8] Undefined variable: v f9c22b8b40e560036663a0ce7ed378ae.php Á¨¨ 286 Ë°å.
[ 2016-05-30T23:15:04+08:00 ] /QA/index.php/Index/index | INFO: Run ParseTemplate Behavior [ RunTime:0.023002s ]
[ 2016-05-30T23:15:04+08:00 ] /QA/index.php/Index/index | INFO: Tag[ view_parse ] --END-- [ RunTime:0.023002s ]
[ 2016-05-30T23:15:04+08:00 ] /QA/index.php/Index/index | INFO: Tag[ view_filter ] --START--
[ 2016-05-30T23:15:04+08:00 ] /QA/index.php/Index/index | INFO: Run ContentReplace Behavior [ RunTime:0.001000s ]
[ 2016-05-30T23:15:04+08:00 ] /QA/index.php/Index/index | INFO: Run TokenBuild Behavior [ RunTime:0.002000s ]
[ 2016-05-30T23:15:04+08:00 ] /QA/index.php/Index/index | INFO: Run WriteHtmlCache Behavior [ RunTime:0.001000s ]
[ 2016-05-30T23:15:04+08:00 ] /QA/index.php/Index/index | INFO: Run ShowRuntime Behavior [ RunTime:0.001000s ]
[ 2016-05-30T23:15:04+08:00 ] /QA/index.php/Index/index | INFO: Tag[ view_filter ] --END-- [ RunTime:0.005000s ]
[ 2016-05-30T23:15:04+08:00 ] /QA/index.php/Index/index | INFO: Tag[ view_end ] --START--
[ 2016-05-30T23:15:04+08:00 ] /QA/index.php/Index/index | INFO: Run ShowPageTrace Behavior [ RunTime:0.002000s ]
[ 2016-05-30T23:15:04+08:00 ] /QA/index.php/Index/index | INFO: Tag[ view_end ] --END-- [ RunTime:0.002000s ]
[ 2016-05-30T23:15:04+08:00 ] /QA/index.php/Index/css/bootstrap.min.css | ERR: (ThinkException) ÈùûÊ≥ïÊìç‰Ωúcss
[ 2016-05-30T23:15:04+08:00 ] /QA/index.php/Index/css/main.css | ERR: (ThinkException) ÈùûÊ≥ïÊìç‰Ωúcss
[ 2016-05-30T23:15:34+08:00 ] /QA/index.php/Index/index | INFO: Tag[ route_check ] --START--
[ 2016-05-30T23:15:34+08:00 ] /QA/index.php/Index/index | INFO: Run CheckRoute Behavior [ RunTime:0.002000s ]
[ 2016-05-30T23:15:34+08:00 ] /QA/index.php/Index/index | INFO: Tag[ route_check ] --END-- [ RunTime:0.002000s ]
[ 2016-05-30T23:15:34+08:00 ] /QA/index.php/Index/index | INFO: Tag[ app_begin ] --START--
[ 2016-05-30T23:15:34+08:00 ] /QA/index.php/Index/index | INFO: Run ReadHtmlCache Behavior [ RunTime:0.001000s ]
[ 2016-05-30T23:15:34+08:00 ] /QA/index.php/Index/index | INFO: Tag[ app_begin ] --END-- [ RunTime:0.002000s ]
[ 2016-05-30T23:15:35+08:00 ] /QA/index.php/Index/index | SQL: SHOW COLUMNS FROM `wl_index_user` [ RunTime:0.009001s ]
[ 2016-05-30T23:15:35+08:00 ] /QA/index.php/Index/index | SQL: INSERT INTO `wl_index_user` (`username`,`password`) VALUES ('ÂØåÂ£´Ëæ\æ','323') [ RunTime:0.000000s ]
[ 2016-05-30T23:15:35+08:00 ] /QA/index.php/Index/index | INFO: Tag[ view_template ] --START--
[ 2016-05-30T23:15:35+08:00 ] /QA/index.php/Index/index | INFO: Run LocationTemplate Behavior [ RunTime:0.001000s ]
[ 2016-05-30T23:15:35+08:00 ] /QA/index.php/Index/index | INFO: Tag[ view_template ] --END-- [ RunTime:0.002000s ]
[ 2016-05-30T23:15:35+08:00 ] /QA/index.php/Index/index | INFO: Tag[ view_parse ] --START--
[ 2016-05-30T23:15:35+08:00 ] /QA/index.php/Index/index | NOTIC: [8] Undefined variable: v f9c22b8b40e560036663a0ce7ed378ae.php Á¨¨ 286 Ë°å.
[ 2016-05-30T23:15:35+08:00 ] /QA/index.php/Index/index | INFO: Run ParseTemplate Behavior [ RunTime:0.025001s ]
[ 2016-05-30T23:15:35+08:00 ] /QA/index.php/Index/index | INFO: Tag[ view_parse ] --END-- [ RunTime:0.025001s ]
[ 2016-05-30T23:15:35+08:00 ] /QA/index.php/Index/index | INFO: Tag[ view_filter ] --START--
[ 2016-05-30T23:15:35+08:00 ] /QA/index.php/Index/index | INFO: Run ContentReplace Behavior [ RunTime:0.001001s ]
[ 2016-05-30T23:15:35+08:00 ] /QA/index.php/Index/index | INFO: Run TokenBuild Behavior [ RunTime:0.002000s ]
[ 2016-05-30T23:15:35+08:00 ] /QA/index.php/Index/index | INFO: Run WriteHtmlCache Behavior [ RunTime:0.001000s ]
[ 2016-05-30T23:15:35+08:00 ] /QA/index.php/Index/index | INFO: Run ShowRuntime Behavior [ RunTime:0.002000s ]
[ 2016-05-30T23:15:35+08:00 ] /QA/index.php/Index/index | INFO: Tag[ view_filter ] --END-- [ RunTime:0.006001s ]
[ 2016-05-30T23:15:35+08:00 ] /QA/index.php/Index/index | INFO: Tag[ view_end ] --START--
[ 2016-05-30T23:15:35+08:00 ] /QA/index.php/Index/index | INFO: Run ShowPageTrace Behavior [ RunTime:0.003000s ]
[ 2016-05-30T23:15:35+08:00 ] /QA/index.php/Index/index | INFO: Tag[ view_end ] --END-- [ RunTime:0.003000s ]
[ 2016-05-30T23:15:35+08:00 ] /QA/index.php/Index/css/main.css | ERR: (ThinkException) ÈùûÊ≥ïÊìç‰Ωúcss
[ 2016-05-30T23:15:35+08:00 ] /QA/index.php/Index/css/bootstrap.min.css | ERR: (ThinkException) ÈùûÊ≥ïÊìç‰Ωúcss
[ 2016-05-30T23:15:43+08:00 ] /QA/index.php/Index/index | INFO: Tag[ route_check ] --START--
[ 2016-05-30T23:15:43+08:00 ] /QA/index.php/Index/index | INFO: Run CheckRoute Behavior [ RunTime:0.003000s ]
[ 2016-05-30T23:15:43+08:00 ] /QA/index.php/Index/index | INFO: Tag[ route_check ] --END-- [ RunTime:0.003000s ]
[ 2016-05-30T23:15:43+08:00 ] /QA/index.php/Index/index | INFO: Tag[ app_begin ] --START--
[ 2016-05-30T23:15:43+08:00 ] /QA/index.php/Index/index | INFO: Run ReadHtmlCache Behavior [ RunTime:0.001000s ]
[ 2016-05-30T23:15:43+08:00 ] /QA/index.php/Index/index | INFO: Tag[ app_begin ] --END-- [ RunTime:0.002000s ]
[ 2016-05-30T23:15:44+08:00 ] /QA/index.php/Index/index | SQL: SHOW COLUMNS FROM `wl_index_user` [ RunTime:0.009001s ]
[ 2016-05-30T23:15:44+08:00 ] /QA/index.php/Index/index | SQL: INSERT INTO `wl_index_user` (`username`,`password`) VALUES ('ÂèëÁªô','324') [ RunTime:0.001000s ]
[ 2016-05-30T23:15:44+08:00 ] /QA/index.php/Index/index | INFO: Tag[ view_template ] --START--
[ 2016-05-30T23:15:44+08:00 ] /QA/index.php/Index/index | INFO: Run LocationTemplate Behavior [ RunTime:0.001000s ]
[ 2016-05-30T23:15:44+08:00 ] /QA/index.php/Index/index | INFO: Tag[ view_template ] --END-- [ RunTime:0.002000s ]
[ 2016-05-30T23:15:44+08:00 ] /QA/index.php/Index/index | INFO: Tag[ view_parse ] --START--
[ 2016-05-30T23:15:44+08:00 ] /QA/index.php/Index/index | NOTIC: [8] Undefined variable: v f9c22b8b40e560036663a0ce7ed378ae.php Á¨¨ 286 Ë°å.
[ 2016-05-30T23:15:44+08:00 ] /QA/index.php/Index/index | INFO: Run ParseTemplate Behavior [ RunTime:0.025002s ]
[ 2016-05-30T23:15:44+08:00 ] /QA/index.php/Index/index | INFO: Tag[ view_parse ] --END-- [ RunTime:0.025002s ]
[ 2016-05-30T23:15:44+08:00 ] /QA/index.php/Index/index | INFO: Tag[ view_filter ] --START--
[ 2016-05-30T23:15:44+08:00 ] /QA/index.php/Index/index | INFO: Run ContentReplace Behavior [ RunTime:0.001000s ]
[ 2016-05-30T23:15:44+08:00 ] /QA/index.php/Index/index | INFO: Run TokenBuild Behavior [ RunTime:0.001000s ]
[ 2016-05-30T23:15:44+08:00 ] /QA/index.php/Index/index | INFO: Run WriteHtmlCache Behavior [ RunTime:0.001000s ]
[ 2016-05-30T23:15:44+08:00 ] /QA/index.php/Index/index | INFO: Run ShowRuntime Behavior [ RunTime:0.002000s ]
[ 2016-05-30T23:15:44+08:00 ] /QA/index.php/Index/index | INFO: Tag[ view_filter ] --END-- [ RunTime:0.005000s ]
[ 2016-05-30T23:15:44+08:00 ] /QA/index.php/Index/index | INFO: Tag[ view_end ] --START--
[ 2016-05-30T23:15:44+08:00 ] /QA/index.php/Index/index | INFO: Run ShowPageTrace Behavior [ RunTime:0.002000s ]
[ 2016-05-30T23:15:44+08:00 ] /QA/index.php/Index/index | INFO: Tag[ view_end ] --END-- [ RunTime:0.002000s ]
[ 2016-05-30T23:15:44+08:00 ] /QA/index.php/Index/css/bootstrap.min.css | ERR: (ThinkException) ÈùûÊ≥ïÊìç‰Ωúcss
[ 2016-05-30T23:15:44+08:00 ] /QA/index.php/Index/css/main.css | ERR: (ThinkException) ÈùûÊ≥ïÊìç‰Ωúcss
[ 2016-05-30T23:16:27+08:00 ] /QA/index.php/Index/index | INFO: Tag[ route_check ] --START--
[ 2016-05-30T23:16:27+08:00 ] /QA/index.php/Index/index | INFO: Run CheckRoute Behavior [ RunTime:0.003000s ]
[ 2016-05-30T23:16:27+08:00 ] /QA/index.php/Index/index | INFO: Tag[ route_check ] --END-- [ RunTime:0.003000s ]
[ 2016-05-30T23:16:27+08:00 ] /QA/index.php/Index/index | INFO: Tag[ app_begin ] --START--
[ 2016-05-30T23:16:27+08:00 ] /QA/index.php/Index/index | INFO: Run ReadHtmlCache Behavior [ RunTime:0.001000s ]
[ 2016-05-30T23:16:27+08:00 ] /QA/index.php/Index/index | INFO: Tag[ app_begin ] --END-- [ RunTime:0.002001s ]
[ 2016-05-30T23:16:28+08:00 ] /QA/index.php/Index/index | SQL: SHOW COLUMNS FROM `wl_index_user` [ RunTime:0.010000s ]
[ 2016-05-30T23:16:28+08:00 ] /QA/index.php/Index/index | SQL: INSERT INTO `wl_index_user` (`username`,`password`) VALUES ('ÂèëÁªô','324') [ RunTime:0.001001s ]
[ 2016-05-30T23:16:28+08:00 ] /QA/index.php/Index/index | INFO: Tag[ view_template ] --START--
[ 2016-05-30T23:16:28+08:00 ] /QA/index.php/Index/index | INFO: Run LocationTemplate Behavior [ RunTime:0.002000s ]
[ 2016-05-30T23:16:28+08:00 ] /QA/index.php/Index/index | INFO: Tag[ view_template ] --END-- [ RunTime:0.002000s ]
[ 2016-05-30T23:16:28+08:00 ] /QA/index.php/Index/index | INFO: Tag[ view_parse ] --START--
[ 2016-05-30T23:16:28+08:00 ] /QA/index.php/Index/index | NOTIC: [8] Undefined variable: v f9c22b8b40e560036663a0ce7ed378ae.php Á¨¨ 286 Ë°å.
[ 2016-05-30T23:16:28+08:00 ] /QA/index.php/Index/index | INFO: Run ParseTemplate Behavior [ RunTime:0.023001s ]
[ 2016-05-30T23:16:28+08:00 ] /QA/index.php/Index/index | INFO: Tag[ view_parse ] --END-- [ RunTime:0.023001s ]
[ 2016-05-30T23:16:28+08:00 ] /QA/index.php/Index/index | INFO: Tag[ view_filter ] --START--
[ 2016-05-30T23:16:28+08:00 ] /QA/index.php/Index/index | INFO: Run ContentReplace Behavior [ RunTime:0.001000s ]
[ 2016-05-30T23:16:28+08:00 ] /QA/index.php/Index/index | INFO: Run TokenBuild Behavior [ RunTime:0.001000s ]
[ 2016-05-30T23:16:28+08:00 ] /QA/index.php/Index/index | INFO: Run WriteHtmlCache Behavior [ RunTime:0.001000s ]
[ 2016-05-30T23:16:28+08:00 ] /QA/index.php/Index/index | INFO: Run ShowRuntime Behavior [ RunTime:0.002000s ]
[ 2016-05-30T23:16:28+08:00 ] /QA/index.php/Index/index | INFO: Tag[ view_filter ] --END-- [ RunTime:0.006000s ]
[ 2016-05-30T23:16:28+08:00 ] /QA/index.php/Index/index | INFO: Tag[ view_end ] --START--
[ 2016-05-30T23:16:28+08:00 ] /QA/index.php/Index/index | INFO: Run ShowPageTrace Behavior [ RunTime:0.001000s ]
[ 2016-05-30T23:16:28+08:00 ] /QA/index.php/Index/index | INFO: Tag[ view_end ] --END-- [ RunTime:0.001000s ]
[ 2016-05-30T23:16:28+08:00 ] /QA/index.php/Index/css/main.css | ERR: (ThinkException) ÈùûÊ≥ïÊìç‰Ωúcss
[ 2016-05-30T23:16:28+08:00 ] /QA/index.php/Index/css/bootstrap.min.css | ERR: (ThinkException) ÈùûÊ≥ïÊìç‰Ωúcss
[ 2016-05-30T23:16:36+08:00 ] /QA/index.php/Index/index | INFO: Tag[ route_check ] --START--
[ 2016-05-30T23:16:36+08:00 ] /QA/index.php/Index/index | INFO: Run CheckRoute Behavior [ RunTime:0.002000s ]
[ 2016-05-30T23:16:36+08:00 ] /QA/index.php/Index/index | INFO: Tag[ route_check ] --END-- [ RunTime:0.002000s ]
[ 2016-05-30T23:16:36+08:00 ] /QA/index.php/Index/index | INFO: Tag[ app_begin ] --START--
[ 2016-05-30T23:16:36+08:00 ] /QA/index.php/Index/index | INFO: Run ReadHtmlCache Behavior [ RunTime:0.001000s ]
[ 2016-05-30T23:16:36+08:00 ] /QA/index.php/Index/index | INFO: Tag[ app_begin ] --END-- [ RunTime:0.001000s ]
[ 2016-05-30T23:16:37+08:00 ] /QA/index.php/Index/index | SQL: SHOW COLUMNS FROM `wl_index_user` [ RunTime:0.009001s ]
[ 2016-05-30T23:16:37+08:00 ] /QA/index.php/Index/index | SQL: INSERT INTO `wl_index_user` (`username`,`password`) VALUES ('ÂèëÂëÜ','234') [ RunTime:0.001000s ]
[ 2016-05-30T23:16:37+08:00 ] /QA/index.php/Index/index | INFO: Tag[ view_template ] --START--
[ 2016-05-30T23:16:37+08:00 ] /QA/index.php/Index/index | INFO: Run LocationTemplate Behavior [ RunTime:0.002000s ]
[ 2016-05-30T23:16:37+08:00 ] /QA/index.php/Index/index | INFO: Tag[ view_template ] --END-- [ RunTime:0.002000s ]
[ 2016-05-30T23:16:37+08:00 ] /QA/index.php/Index/index | INFO: Tag[ view_parse ] --START--
[ 2016-05-30T23:16:37+08:00 ] /QA/index.php/Index/index | NOTIC: [8] Undefined variable: v f9c22b8b40e560036663a0ce7ed378ae.php Á¨¨ 286 Ë°å.
[ 2016-05-30T23:16:37+08:00 ] /QA/index.php/Index/index | INFO: Run ParseTemplate Behavior [ RunTime:0.023001s ]
[ 2016-05-30T23:16:37+08:00 ] /QA/index.php/Index/index | INFO: Tag[ view_parse ] --END-- [ RunTime:0.023001s ]
[ 2016-05-30T23:16:37+08:00 ] /QA/index.php/Index/index | INFO: Tag[ view_filter ] --START--
[ 2016-05-30T23:16:37+08:00 ] /QA/index.php/Index/index | INFO: Run ContentReplace Behavior [ RunTime:0.000000s ]
[ 2016-05-30T23:16:37+08:00 ] /QA/index.php/Index/index | INFO: Run TokenBuild Behavior [ RunTime:0.001001s ]
[ 2016-05-30T23:16:37+08:00 ] /QA/index.php/Index/index | INFO: Run WriteHtmlCache Behavior [ RunTime:0.001000s ]
[ 2016-05-30T23:16:37+08:00 ] /QA/index.php/Index/index | INFO: Run ShowRuntime Behavior [ RunTime:0.001000s ]
[ 2016-05-30T23:16:37+08:00 ] /QA/index.php/Index/index | INFO: Tag[ view_filter ] --END-- [ RunTime:0.006001s ]
[ 2016-05-30T23:16:37+08:00 ] /QA/index.php/Index/index | INFO: Tag[ view_end ] --START--
[ 2016-05-30T23:16:37+08:00 ] /QA/index.php/Index/index | INFO: Run ShowPageTrace Behavior [ RunTime:0.003000s ]
[ 2016-05-30T23:16:37+08:00 ] /QA/index.php/Index/index | INFO: Tag[ view_end ] --END-- [ RunTime:0.003000s ]
[ 2016-05-30T23:16:37+08:00 ] /QA/index.php/Index/css/bootstrap.min.css | ERR: (ThinkException) ÈùûÊ≥ïÊìç‰Ωúcss
[ 2016-05-30T23:16:37+08:00 ] /QA/index.php/Index/css/main.css | ERR: (ThinkException) ÈùûÊ≥ïÊìç‰Ωúcss
[ 2016-05-30T23:28:15+08:00 ] /QA/index.php/Index/index | INFO: Tag[ route_check ] --START--
[ 2016-05-30T23:28:15+08:00 ] /QA/index.php/Index/index | INFO: Run CheckRoute Behavior [ RunTime:0.003001s ]
[ 2016-05-30T23:28:15+08:00 ] /QA/index.php/Index/index | INFO: Tag[ route_check ] --END-- [ RunTime:0.003001s ]
[ 2016-05-30T23:28:15+08:00 ] /QA/index.php/Index/index | INFO: Tag[ app_begin ] --START--
[ 2016-05-30T23:28:15+08:00 ] /QA/index.php/Index/index | INFO: Run ReadHtmlCache Behavior [ RunTime:0.002000s ]
[ 2016-05-30T23:28:15+08:00 ] /QA/index.php/Index/index | INFO: Tag[ app_begin ] --END-- [ RunTime:0.002000s ]
[ 2016-05-30T23:28:16+08:00 ] /QA/index.php/Index/index | SQL: SHOW COLUMNS FROM `wl_index_user` [ RunTime:0.011001s ]
[ 2016-05-30T23:28:16+08:00 ] /QA/index.php/Index/index | SQL: INSERT INTO `wl_index_user` (`username`,`password`) VALUES ('ÂèëÂëÜ','234') [ RunTime:0.001000s ]
[ 2016-05-30T23:28:16+08:00 ] /QA/index.php/Index/index | INFO: Tag[ view_template ] --START--
[ 2016-05-30T23:28:16+08:00 ] /QA/index.php/Index/index | INFO: Run LocationTemplate Behavior [ RunTime:0.003000s ]
[ 2016-05-30T23:28:16+08:00 ] /QA/index.php/Index/index | INFO: Tag[ view_template ] --END-- [ RunTime:0.003000s ]
[ 2016-05-30T23:28:16+08:00 ] /QA/index.php/Index/index | INFO: Tag[ view_parse ] --START--
[ 2016-05-30T23:28:16+08:00 ] /QA/index.php/Index/index | NOTIC: [8] Undefined variable: v f9c22b8b40e560036663a0ce7ed378ae.php Á¨¨ 286 Ë°å.
[ 2016-05-30T23:28:16+08:00 ] /QA/index.php/Index/index | INFO: Run ParseTemplate Behavior [ RunTime:0.025002s ]
[ 2016-05-30T23:28:16+08:00 ] /QA/index.php/Index/index | INFO: Tag[ view_parse ] --END-- [ RunTime:0.025002s ]
[ 2016-05-30T23:28:16+08:00 ] /QA/index.php/Index/index | INFO: Tag[ view_filter ] --START--
[ 2016-05-30T23:28:16+08:00 ] /QA/index.php/Index/index | INFO: Run ContentReplace Behavior [ RunTime:0.002000s ]
[ 2016-05-30T23:28:16+08:00 ] /QA/index.php/Index/index | INFO: Run TokenBuild Behavior [ RunTime:0.001000s ]
[ 2016-05-30T23:28:16+08:00 ] /QA/index.php/Index/index | INFO: Run WriteHtmlCache Behavior [ RunTime:0.001000s ]
[ 2016-05-30T23:28:16+08:00 ] /QA/index.php/Index/index | INFO: Run ShowRuntime Behavior [ RunTime:0.001000s ]
[ 2016-05-30T23:28:16+08:00 ] /QA/index.php/Index/index | INFO: Tag[ view_filter ] --END-- [ RunTime:0.006000s ]
[ 2016-05-30T23:28:16+08:00 ] /QA/index.php/Index/index | INFO: Tag[ view_end ] --START--
[ 2016-05-30T23:28:16+08:00 ] /QA/index.php/Index/index | INFO: Run ShowPageTrace Behavior [ RunTime:0.002000s ]
[ 2016-05-30T23:28:16+08:00 ] /QA/index.php/Index/index | INFO: Tag[ view_end ] --END-- [ RunTime:0.002000s ]
[ 2016-05-30T23:28:16+08:00 ] /QA/index.php/Index/css/bootstrap.min.css | ERR: (ThinkException) ÈùûÊ≥ïÊìç‰Ωúcss
[ 2016-05-30T23:28:16+08:00 ] /QA/index.php/Index/css/main.css | ERR: (ThinkException) ÈùûÊ≥ïÊìç‰Ωúcss
[ 2016-05-30T23:28:30+08:00 ] /QA/index.php/Index/index | INFO: Tag[ route_check ] --START--
[ 2016-05-30T23:28:30+08:00 ] /QA/index.php/Index/index | INFO: Run CheckRoute Behavior [ RunTime:0.002000s ]
[ 2016-05-30T23:28:30+08:00 ] /QA/index.php/Index/index | INFO: Tag[ route_check ] --END-- [ RunTime:0.002000s ]
[ 2016-05-30T23:28:30+08:00 ] /QA/index.php/Index/index | INFO: Tag[ app_begin ] --START--
[ 2016-05-30T23:28:30+08:00 ] /QA/index.php/Index/index | INFO: Run ReadHtmlCache Behavior [ RunTime:0.002000s ]
[ 2016-05-30T23:28:30+08:00 ] /QA/index.php/Index/index | INFO: Tag[ app_begin ] --END-- [ RunTime:0.002000s ]
[ 2016-05-30T23:28:31+08:00 ] /QA/index.php/Index/index | SQL: SHOW COLUMNS FROM `wl_index_user` [ RunTime:0.008001s ]
[ 2016-05-30T23:28:31+08:00 ] /QA/index.php/Index/index | SQL: INSERT INTO `wl_index_user` (`username`,`password`) VALUES ('Âú∞Êñπ','345') [ RunTime:0.001000s ]
[ 2016-05-30T23:28:31+08:00 ] /QA/index.php/Index/index | INFO: Tag[ view_template ] --START--
[ 2016-05-30T23:28:31+08:00 ] /QA/index.php/Index/index | INFO: Run LocationTemplate Behavior [ RunTime:0.002000s ]
[ 2016-05-30T23:28:31+08:00 ] /QA/index.php/Index/index | INFO: Tag[ view_template ] --END-- [ RunTime:0.002000s ]
[ 2016-05-30T23:28:31+08:00 ] /QA/index.php/Index/index | INFO: Tag[ view_parse ] --START--
[ 2016-05-30T23:28:31+08:00 ] /QA/index.php/Index/index | NOTIC: [8] Undefined variable: v f9c22b8b40e560036663a0ce7ed378ae.php Á¨¨ 286 Ë°å.
[ 2016-05-30T23:28:31+08:00 ] /QA/index.php/Index/index | INFO: Run ParseTemplate Behavior [ RunTime:0.025002s ]
[ 2016-05-30T23:28:31+08:00 ] /QA/index.php/Index/index | INFO: Tag[ view_parse ] --END-- [ RunTime:0.026002s ]
[ 2016-05-30T23:28:31+08:00 ] /QA/index.php/Index/index | INFO: Tag[ view_filter ] --START--
[ 2016-05-30T23:28:31+08:00 ] /QA/index.php/Index/index | INFO: Run ContentReplace Behavior [ RunTime:0.001000s ]
[ 2016-05-30T23:28:31+08:00 ] /QA/index.php/Index/index | INFO: Run TokenBuild Behavior [ RunTime:0.001000s ]
[ 2016-05-30T23:28:31+08:00 ] /QA/index.php/Index/index | INFO: Run WriteHtmlCache Behavior [ RunTime:0.000000s ]
[ 2016-05-30T23:28:31+08:00 ] /QA/index.php/Index/index | INFO: Run ShowRuntime Behavior [ RunTime:0.001000s ]
[ 2016-05-30T23:28:31+08:00 ] /QA/index.php/Index/index | INFO: Tag[ view_filter ] --END-- [ RunTime:0.005000s ]
[ 2016-05-30T23:28:31+08:00 ] /QA/index.php/Index/index | INFO: Tag[ view_end ] --START--
[ 2016-05-30T23:28:31+08:00 ] /QA/index.php/Index/index | INFO: Run ShowPageTrace Behavior [ RunTime:0.002000s ]
[ 2016-05-30T23:28:31+08:00 ] /QA/index.php/Index/index | INFO: Tag[ view_end ] --END-- [ RunTime:0.002000s ]
[ 2016-05-30T23:28:32+08:00 ] /QA/index.php/Index/css/bootstrap.min.css | ERR: (ThinkException) ÈùûÊ≥ïÊìç‰Ωúcss
[ 2016-05-30T23:28:32+08:00 ] /QA/index.php/Index/css/main.css | ERR: (ThinkException) ÈùûÊ≥ïÊìç‰Ωúcss
[ 2016-05-30T23:31:19+08:00 ] /QA/index.php/Index/index | INFO: Tag[ route_check ] --START--
[ 2016-05-30T23:31:19+08:00 ] /QA/index.php/Index/index | INFO: Run CheckRoute Behavior [ RunTime:0.002000s ]
[ 2016-05-30T23:31:19+08:00 ] /QA/index.php/Index/index | INFO: Tag[ route_check ] --END-- [ RunTime:0.003000s ]
[ 2016-05-30T23:31:19+08:00 ] /QA/index.php/Index/index | INFO: Tag[ app_begin ] --START--
[ 2016-05-30T23:31:19+08:00 ] /QA/index.php/Index/index | INFO: Run ReadHtmlCache Behavior [ RunTime:0.002000s ]
[ 2016-05-30T23:31:19+08:00 ] /QA/index.php/Index/index | INFO: Tag[ app_begin ] --END-- [ RunTime:0.003000s ]
[ 2016-05-30T23:31:20+08:00 ] /QA/index.php/Index/index | SQL: SHOW COLUMNS FROM `wl_index_user` [ RunTime:0.010000s ]
[ 2016-05-30T23:31:20+08:00 ] /QA/index.php/Index/index | SQL: INSERT INTO `wl_index_user` (`username`,`password`) VALUES ('Âú∞Êñπ','345') [ RunTime:0.000000s ]
[ 2016-05-30T23:31:20+08:00 ] /QA/index.php/Index/index | INFO: Tag[ view_template ] --START--
[ 2016-05-30T23:31:20+08:00 ] /QA/index.php/Index/index | INFO: Run LocationTemplate Behavior [ RunTime:0.003000s ]
[ 2016-05-30T23:31:20+08:00 ] /QA/index.php/Index/index | INFO: Tag[ view_template ] --END-- [ RunTime:0.003000s ]
[ 2016-05-30T23:31:20+08:00 ] /QA/index.php/Index/index | INFO: Tag[ view_parse ] --START--
[ 2016-05-30T23:31:20+08:00 ] /QA/index.php/Index/index | NOTIC: [8] Undefined variable: v f9c22b8b40e560036663a0ce7ed378ae.php Á¨¨ 286 Ë°å.
[ 2016-05-30T23:31:20+08:00 ] /QA/index.php/Index/index | INFO: Run ParseTemplate Behavior [ RunTime:0.025002s ]
[ 2016-05-30T23:31:20+08:00 ] /QA/index.php/Index/index | INFO: Tag[ view_parse ] --END-- [ RunTime:0.025002s ]
[ 2016-05-30T23:31:20+08:00 ] /QA/index.php/Index/index | INFO: Tag[ view_filter ] --START--
[ 2016-05-30T23:31:20+08:00 ] /QA/index.php/Index/index | INFO: Run ContentReplace Behavior [ RunTime:0.001000s ]
[ 2016-05-30T23:31:20+08:00 ] /QA/index.php/Index/index | INFO: Run TokenBuild Behavior [ RunTime:0.002000s ]
[ 2016-05-30T23:31:20+08:00 ] /QA/index.php/Index/index | INFO: Run WriteHtmlCache Behavior [ RunTime:0.001000s ]
[ 2016-05-30T23:31:20+08:00 ] /QA/index.php/Index/index | INFO: Run ShowRuntime Behavior [ RunTime:0.002000s ]
[ 2016-05-30T23:31:20+08:00 ] /QA/index.php/Index/index | INFO: Tag[ view_filter ] --END-- [ RunTime:0.007000s ]
[ 2016-05-30T23:31:20+08:00 ] /QA/index.php/Index/index | INFO: Tag[ view_end ] --START--
[ 2016-05-30T23:31:20+08:00 ] /QA/index.php/Index/index | INFO: Run ShowPageTrace Behavior [ RunTime:0.002000s ]
[ 2016-05-30T23:31:20+08:00 ] /QA/index.php/Index/index | INFO: Tag[ view_end ] --END-- [ RunTime:0.002000s ]
[ 2016-05-30T23:31:20+08:00 ] /QA/index.php/Index/css/bootstrap.min.css | ERR: (ThinkException) ÈùûÊ≥ïÊìç‰Ωúcss
[ 2016-05-30T23:31:20+08:00 ] /QA/index.php/Index/css/main.css | ERR: (ThinkException) ÈùûÊ≥ïÊìç‰Ωúcss
[ 2016-05-30T23:31:28+08:00 ] /QA/index.php/Index/index | INFO: Tag[ route_check ] --START--
[ 2016-05-30T23:31:28+08:00 ] /QA/index.php/Index/index | INFO: Run CheckRoute Behavior [ RunTime:0.004000s ]
[ 2016-05-30T23:31:28+08:00 ] /QA/index.php/Index/index | INFO: Tag[ route_check ] --END-- [ RunTime:0.004000s ]
[ 2016-05-30T23:31:28+08:00 ] /QA/index.php/Index/index | INFO: Tag[ app_begin ] --START--
[ 2016-05-30T23:31:28+08:00 ] /QA/index.php/Index/index | INFO: Run ReadHtmlCache Behavior [ RunTime:0.003001s ]
[ 2016-05-30T23:31:28+08:00 ] /QA/index.php/Index/index | INFO: Tag[ app_begin ] --END-- [ RunTime:0.004001s ]
[ 2016-05-30T23:31:29+08:00 ] /QA/index.php/Index/index | SQL: SHOW COLUMNS FROM `wl_index_user` [ RunTime:0.011001s ]
[ 2016-05-30T23:31:29+08:00 ] /QA/index.php/Index/index | SQL: INSERT INTO `wl_index_user` (`username`,`password`) VALUES ('Âú∞Êñπ','324') [ RunTime:0.001000s ]
[ 2016-05-30T23:31:29+08:00 ] /QA/index.php/Index/index | INFO: Tag[ view_template ] --START--
[ 2016-05-30T23:31:29+08:00 ] /QA/index.php/Index/index | INFO: Run LocationTemplate Behavior [ RunTime:0.002000s ]
[ 2016-05-30T23:31:29+08:00 ] /QA/index.php/Index/index | INFO: Tag[ view_template ] --END-- [ RunTime:0.002000s ]
[ 2016-05-30T23:31:29+08:00 ] /QA/index.php/Index/index | INFO: Tag[ view_parse ] --START--
[ 2016-05-30T23:31:29+08:00 ] /QA/index.php/Index/index | NOTIC: [8] Undefined variable: v f9c22b8b40e560036663a0ce7ed378ae.php Á¨¨ 286 Ë°å.
[ 2016-05-30T23:31:29+08:00 ] /QA/index.php/Index/index | INFO: Run ParseTemplate Behavior [ RunTime:0.025002s ]
[ 2016-05-30T23:31:29+08:00 ] /QA/index.php/Index/index | INFO: Tag[ view_parse ] --END-- [ RunTime:0.025002s ]
[ 2016-05-30T23:31:29+08:00 ] /QA/index.php/Index/index | INFO: Tag[ view_filter ] --START--
[ 2016-05-30T23:31:29+08:00 ] /QA/index.php/Index/index | INFO: Run ContentReplace Behavior [ RunTime:0.002000s ]
[ 2016-05-30T23:31:29+08:00 ] /QA/index.php/Index/index | INFO: Run TokenBuild Behavior [ RunTime:0.002000s ]
[ 2016-05-30T23:31:29+08:00 ] /QA/index.php/Index/index | INFO: Run WriteHtmlCache Behavior [ RunTime:0.001000s ]
[ 2016-05-30T23:31:29+08:00 ] /QA/index.php/Index/index | INFO: Run ShowRuntime Behavior [ RunTime:0.002000s ]
[ 2016-05-30T23:31:29+08:00 ] /QA/index.php/Index/index | INFO: Tag[ view_filter ] --END-- [ RunTime:0.007000s ]
[ 2016-05-30T23:31:29+08:00 ] /QA/index.php/Index/index | INFO: Tag[ view_end ] --START--
[ 2016-05-30T23:31:29+08:00 ] /QA/index.php/Index/index | INFO: Run ShowPageTrace Behavior [ RunTime:0.001000s ]
[ 2016-05-30T23:31:29+08:00 ] /QA/index.php/Index/index | INFO: Tag[ view_end ] --END-- [ RunTime:0.001000s ]
[ 2016-05-30T23:31:29+08:00 ] /QA/index.php/Index/css/bootstrap.min.css | ERR: (ThinkException) ÈùûÊ≥ïÊìç‰Ωúcss
[ 2016-05-30T23:31:29+08:00 ] /QA/index.php/Index/css/main.css | ERR: (ThinkException) ÈùûÊ≥ïÊìç‰Ωúcss
[ 2016-05-30T23:32:17+08:00 ] /QA/index.php/Index/index | INFO: Tag[ route_check ] --START--
[ 2016-05-30T23:32:17+08:00 ] /QA/index.php/Index/index | INFO: Run CheckRoute Behavior [ RunTime:0.002000s ]
[ 2016-05-30T23:32:17+08:00 ] /QA/index.php/Index/index | INFO: Tag[ route_check ] --END-- [ RunTime:0.003000s ]
[ 2016-05-30T23:32:17+08:00 ] /QA/index.php/Index/index | INFO: Tag[ app_begin ] --START--
[ 2016-05-30T23:32:17+08:00 ] /QA/index.php/Index/index | INFO: Run ReadHtmlCache Behavior [ RunTime:0.001000s ]
[ 2016-05-30T23:32:17+08:00 ] /QA/index.php/Index/index | INFO: Tag[ app_begin ] --END-- [ RunTime:0.002000s ]
[ 2016-05-30T23:32:18+08:00 ] /QA/index.php/Index/index | SQL: SHOW COLUMNS FROM `wl_index_user` [ RunTime:0.009001s ]
[ 2016-05-30T23:32:18+08:00 ] /QA/index.php/Index/index | SQL: INSERT INTO `wl_index_user` (`username`,`password`) VALUES ('‰∫∫Êñá','234') [ RunTime:0.000000s ]
[ 2016-05-30T23:32:18+08:00 ] /QA/index.php/Index/index | INFO: Tag[ view_template ] --START--
[ 2016-05-30T23:32:18+08:00 ] /QA/index.php/Index/index | INFO: Run LocationTemplate Behavior [ RunTime:0.002000s ]
[ 2016-05-30T23:32:18+08:00 ] /QA/index.php/Index/index | INFO: Tag[ view_template ] --END-- [ RunTime:0.002000s ]
[ 2016-05-30T23:32:18+08:00 ] /QA/index.php/Index/index | INFO: Tag[ view_parse ] --START--
[ 2016-05-30T23:32:18+08:00 ] /QA/index.php/Index/index | NOTIC: [8] Undefined variable: v f9c22b8b40e560036663a0ce7ed378ae.php Á¨¨ 286 Ë°å.
[ 2016-05-30T23:32:18+08:00 ] /QA/index.php/Index/index | INFO: Run ParseTemplate Behavior [ RunTime:0.024001s ]
[ 2016-05-30T23:32:18+08:00 ] /QA/index.php/Index/index | INFO: Tag[ view_parse ] --END-- [ RunTime:0.024001s ]
[ 2016-05-30T23:32:18+08:00 ] /QA/index.php/Index/index | INFO: Tag[ view_filter ] --START--
[ 2016-05-30T23:32:18+08:00 ] /QA/index.php/Index/index | INFO: Run ContentReplace Behavior [ RunTime:0.002000s ]
[ 2016-05-30T23:32:18+08:00 ] /QA/index.php/Index/index | INFO: Run TokenBuild Behavior [ RunTime:0.002000s ]
[ 2016-05-30T23:32:18+08:00 ] /QA/index.php/Index/index | INFO: Run WriteHtmlCache Behavior [ RunTime:0.001001s ]
[ 2016-05-30T23:32:18+08:00 ] /QA/index.php/Index/index | INFO: Run ShowRuntime Behavior [ RunTime:0.001000s ]
[ 2016-05-30T23:32:18+08:00 ] /QA/index.php/Index/index | INFO: Tag[ view_filter ] --END-- [ RunTime:0.007001s ]
[ 2016-05-30T23:32:18+08:00 ] /QA/index.php/Index/index | INFO: Tag[ view_end ] --START--
[ 2016-05-30T23:32:18+08:00 ] /QA/index.php/Index/index | INFO: Run ShowPageTrace Behavior [ RunTime:0.001000s ]
[ 2016-05-30T23:32:18+08:00 ] /QA/index.php/Index/index | INFO: Tag[ view_end ] --END-- [ RunTime:0.001000s ]
[ 2016-05-30T23:32:18+08:00 ] /QA/index.php/Index/css/bootstrap.min.css | ERR: (ThinkException) ÈùûÊ≥ïÊìç‰Ωúcss
[ 2016-05-30T23:32:18+08:00 ] /QA/index.php/Index/css/main.css | ERR: (ThinkException) ÈùûÊ≥ïÊìç‰Ωúcss
[ 2016-05-30T23:35:58+08:00 ] /QA/index.php/Index/index | INFO: Tag[ route_check ] --START--
[ 2016-05-30T23:35:58+08:00 ] /QA/index.php/Index/index | INFO: Run CheckRoute Behavior [ RunTime:0.004000s ]
[ 2016-05-30T23:35:58+08:00 ] /QA/index.php/Index/index | INFO: Tag[ route_check ] --END-- [ RunTime:0.004000s ]
[ 2016-05-30T23:35:58+08:00 ] /QA/index.php/Index/index | INFO: Tag[ app_begin ] --START--
[ 2016-05-30T23:35:58+08:00 ] /QA/index.php/Index/index | INFO: Run ReadHtmlCache Behavior [ RunTime:0.002000s ]
[ 2016-05-30T23:35:58+08:00 ] /QA/index.php/Index/index | INFO: Tag[ app_begin ] --END-- [ RunTime:0.002000s ]
[ 2016-05-30T23:35:59+08:00 ] /QA/index.php/Index/index | SQL: SHOW COLUMNS FROM `wl_index_user` [ RunTime:0.010001s ]
[ 2016-05-30T23:35:59+08:00 ] /QA/index.php/Index/index | SQL: INSERT INTO `wl_index_user` (`username`,`password`) VALUES ('‰∫∫Êñá','234') [ RunTime:0.000000s ]
[ 2016-05-30T23:35:59+08:00 ] /QA/index.php/Index/index | INFO: Tag[ view_template ] --START--
[ 2016-05-30T23:35:59+08:00 ] /QA/index.php/Index/index | INFO: Run LocationTemplate Behavior [ RunTime:0.002000s ]
[ 2016-05-30T23:35:59+08:00 ] /QA/index.php/Index/index | INFO: Tag[ view_template ] --END-- [ RunTime:0.002000s ]
[ 2016-05-30T23:35:59+08:00 ] /QA/index.php/Index/index | INFO: Tag[ view_parse ] --START--
[ 2016-05-30T23:35:59+08:00 ] /QA/index.php/Index/index | NOTIC: [8] Undefined variable: v f9c22b8b40e560036663a0ce7ed378ae.php Á¨¨ 286 Ë°å.
[ 2016-05-30T23:35:59+08:00 ] /QA/index.php/Index/index | INFO: Run ParseTemplate Behavior [ RunTime:0.025001s ]
[ 2016-05-30T23:35:59+08:00 ] /QA/index.php/Index/index | INFO: Tag[ view_parse ] --END-- [ RunTime:0.026001s ]
[ 2016-05-30T23:35:59+08:00 ] /QA/index.php/Index/index | INFO: Tag[ view_filter ] --START--
[ 2016-05-30T23:35:59+08:00 ] /QA/index.php/Index/index | INFO: Run ContentReplace Behavior [ RunTime:0.001001s ]
[ 2016-05-30T23:35:59+08:00 ] /QA/index.php/Index/index | INFO: Run TokenBuild Behavior [ RunTime:0.002000s ]
[ 2016-05-30T23:35:59+08:00 ] /QA/index.php/Index/index | INFO: Run WriteHtmlCache Behavior [ RunTime:0.001000s ]
[ 2016-05-30T23:35:59+08:00 ] /QA/index.php/Index/index | INFO: Run ShowRuntime Behavior [ RunTime:0.001000s ]
[ 2016-05-30T23:35:59+08:00 ] /QA/index.php/Index/index | INFO: Tag[ view_filter ] --END-- [ RunTime:0.005001s ]
[ 2016-05-30T23:35:59+08:00 ] /QA/index.php/Index/index | INFO: Tag[ view_end ] --START--
[ 2016-05-30T23:35:59+08:00 ] /QA/index.php/Index/index | INFO: Run ShowPageTrace Behavior [ RunTime:0.001000s ]
[ 2016-05-30T23:35:59+08:00 ] /QA/index.php/Index/index | INFO: Tag[ view_end ] --END-- [ RunTime:0.001000s ]
[ 2016-05-30T23:35:59+08:00 ] /QA/index.php/Index/css/bootstrap.min.css | ERR: (ThinkException) ÈùûÊ≥ïÊìç‰Ωúcss
[ 2016-05-30T23:35:59+08:00 ] /QA/index.php/Index/css/main.css | ERR: (ThinkException) ÈùûÊ≥ïÊìç‰Ωúcss
[ 2016-05-30T23:36:08+08:00 ] /QA/index.php/Index/index | INFO: Tag[ route_check ] --START--
[ 2016-05-30T23:36:08+08:00 ] /QA/index.php/Index/index | INFO: Run CheckRoute Behavior [ RunTime:0.002000s ]
[ 2016-05-30T23:36:08+08:00 ] /QA/index.php/Index/index | INFO: Tag[ route_check ] --END-- [ RunTime:0.002000s ]
[ 2016-05-30T23:36:08+08:00 ] /QA/index.php/Index/index | INFO: Tag[ app_begin ] --START--
[ 2016-05-30T23:36:08+08:00 ] /QA/index.php/Index/index | INFO: Run ReadHtmlCache Behavior [ RunTime:0.001000s ]
[ 2016-05-30T23:36:08+08:00 ] /QA/index.php/Index/index | INFO: Tag[ app_begin ] --END-- [ RunTime:0.001000s ]
[ 2016-05-30T23:36:09+08:00 ] /QA/index.php/Index/index | SQL: SHOW COLUMNS FROM `wl_index_user` [ RunTime:0.010001s ]
[ 2016-05-30T23:36:09+08:00 ] /QA/index.php/Index/index | SQL: INSERT INTO `wl_index_user` (`username`,`password`) VALUES ('ÁúãÁúã','234') [ RunTime:0.001000s ]
[ 2016-05-30T23:36:09+08:00 ] /QA/index.php/Index/index | INFO: Tag[ view_template ] --START--
[ 2016-05-30T23:36:09+08:00 ] /QA/index.php/Index/index | INFO: Run LocationTemplate Behavior [ RunTime:0.003000s ]
[ 2016-05-30T23:36:09+08:00 ] /QA/index.php/Index/index | INFO: Tag[ view_template ] --END-- [ RunTime:0.003000s ]
[ 2016-05-30T23:36:09+08:00 ] /QA/index.php/Index/index | INFO: Tag[ view_parse ] --START--
[ 2016-05-30T23:36:09+08:00 ] /QA/index.php/Index/index | NOTIC: [8] Undefined variable: v f9c22b8b40e560036663a0ce7ed378ae.php Á¨¨ 286 Ë°å.
[ 2016-05-30T23:36:09+08:00 ] /QA/index.php/Index/index | INFO: Run ParseTemplate Behavior [ RunTime:0.023001s ]
[ 2016-05-30T23:36:09+08:00 ] /QA/index.php/Index/index | INFO: Tag[ view_parse ] --END-- [ RunTime:0.023001s ]
[ 2016-05-30T23:36:09+08:00 ] /QA/index.php/Index/index | INFO: Tag[ view_filter ] --START--
[ 2016-05-30T23:36:09+08:00 ] /QA/index.php/Index/index | INFO: Run ContentReplace Behavior [ RunTime:0.001000s ]
[ 2016-05-30T23:36:09+08:00 ] /QA/index.php/Index/index | INFO: Run TokenBuild Behavior [ RunTime:0.002000s ]
[ 2016-05-30T23:36:09+08:00 ] /QA/index.php/Index/index | INFO: Run WriteHtmlCache Behavior [ RunTime:0.001000s ]
[ 2016-05-30T23:36:09+08:00 ] /QA/index.php/Index/index | INFO: Run ShowRuntime Behavior [ RunTime:0.001000s ]
[ 2016-05-30T23:36:09+08:00 ] /QA/index.php/Index/index | INFO: Tag[ view_filter ] --END-- [ RunTime:0.006000s ]
[ 2016-05-30T23:36:09+08:00 ] /QA/index.php/Index/index | INFO: Tag[ view_end ] --START--
[ 2016-05-30T23:36:09+08:00 ] /QA/index.php/Index/index | INFO: Run ShowPageTrace Behavior [ RunTime:0.002000s ]
[ 2016-05-30T23:36:09+08:00 ] /QA/index.php/Index/index | INFO: Tag[ view_end ] --END-- [ RunTime:0.002000s ]
[ 2016-05-30T23:36:09+08:00 ] /QA/index.php/Index/css/bootstrap.min.css | ERR: (ThinkException) ÈùûÊ≥ïÊìç‰Ωúcss
[ 2016-05-30T23:36:09+08:00 ] /QA/index.php/Index/css/main.css | ERR: (ThinkException) ÈùûÊ≥ïÊìç‰Ωúcss
[ 2016-05-30T23:38:43+08:00 ] /QA/index.php/Index/index | INFO: Tag[ route_check ] --START--
[ 2016-05-30T23:38:43+08:00 ] /QA/index.php/Index/index | INFO: Run CheckRoute Behavior [ RunTime:0.003000s ]
[ 2016-05-30T23:38:43+08:00 ] /QA/index.php/Index/index | INFO: Tag[ route_check ] --END-- [ RunTime:0.003000s ]
[ 2016-05-30T23:38:43+08:00 ] /QA/index.php/Index/index | INFO: Tag[ app_begin ] --START--
[ 2016-05-30T23:38:43+08:00 ] /QA/index.php/Index/index | INFO: Run ReadHtmlCache Behavior [ RunTime:0.002000s ]
[ 2016-05-30T23:38:43+08:00 ] /QA/index.php/Index/index | INFO: Tag[ app_begin ] --END-- [ RunTime:0.002000s ]
[ 2016-05-30T23:38:44+08:00 ] /QA/index.php/Index/index | SQL: SHOW COLUMNS FROM `wl_index_user` [ RunTime:0.009001s ]
[ 2016-05-30T23:38:44+08:00 ] /QA/index.php/Index/index | SQL: INSERT INTO `wl_index_user` (`username`,`password`) VALUES ('ÁúãÁúã','234') [ RunTime:0.001000s ]
[ 2016-05-30T23:38:44+08:00 ] /QA/index.php/Index/index | INFO: Tag[ view_template ] --START--
[ 2016-05-30T23:38:44+08:00 ] /QA/index.php/Index/index | INFO: Run LocationTemplate Behavior [ RunTime:0.002000s ]
[ 2016-05-30T23:38:44+08:00 ] /QA/index.php/Index/index | INFO: Tag[ view_template ] --END-- [ RunTime:0.002000s ]
[ 2016-05-30T23:38:44+08:00 ] /QA/index.php/Index/index | INFO: Tag[ view_parse ] --START--
[ 2016-05-30T23:38:44+08:00 ] /QA/index.php/Index/index | NOTIC: [8] Undefined variable: v f9c22b8b40e560036663a0ce7ed378ae.php Á¨¨ 286 Ë°å.
[ 2016-05-30T23:38:44+08:00 ] /QA/index.php/Index/index | INFO: Run ParseTemplate Behavior [ RunTime:0.026001s ]
[ 2016-05-30T23:38:44+08:00 ] /QA/index.php/Index/index | INFO: Tag[ view_parse ] --END-- [ RunTime:0.027001s ]
[ 2016-05-30T23:38:44+08:00 ] /QA/index.php/Index/index | INFO: Tag[ view_filter ] --START--
[ 2016-05-30T23:38:44+08:00 ] /QA/index.php/Index/index | INFO: Run ContentReplace Behavior [ RunTime:0.002000s ]
[ 2016-05-30T23:38:44+08:00 ] /QA/index.php/Index/index | INFO: Run TokenBuild Behavior [ RunTime:0.001000s ]
[ 2016-05-30T23:38:44+08:00 ] /QA/index.php/Index/index | INFO: Run WriteHtmlCache Behavior [ RunTime:0.002001s ]
[ 2016-05-30T23:38:44+08:00 ] /QA/index.php/Index/index | INFO: Run ShowRuntime Behavior [ RunTime:0.002000s ]
[ 2016-05-30T23:38:44+08:00 ] /QA/index.php/Index/index | INFO: Tag[ view_filter ] --END-- [ RunTime:0.007001s ]
[ 2016-05-30T23:38:44+08:00 ] /QA/index.php/Index/index | INFO: Tag[ view_end ] --START--
[ 2016-05-30T23:38:44+08:00 ] /QA/index.php/Index/index | INFO: Run ShowPageTrace Behavior [ RunTime:0.002000s ]
[ 2016-05-30T23:38:44+08:00 ] /QA/index.php/Index/index | INFO: Tag[ view_end ] --END-- [ RunTime:0.002000s ]
[ 2016-05-30T23:38:44+08:00 ] /QA/index.php/Index/css/bootstrap.min.css | ERR: (ThinkException) ÈùûÊ≥ïÊìç‰Ωúcss
[ 2016-05-30T23:38:44+08:00 ] /QA/index.php/Index/css/main.css | ERR: (ThinkException) ÈùûÊ≥ïÊìç‰Ωúcss
[ 2016-05-30T23:38:51+08:00 ] /QA/index.php/Index/index | INFO: Tag[ route_check ] --START--
[ 2016-05-30T23:38:51+08:00 ] /QA/index.php/Index/index | INFO: Run CheckRoute Behavior [ RunTime:0.003000s ]
[ 2016-05-30T23:38:51+08:00 ] /QA/index.php/Index/index | INFO: Tag[ route_check ] --END-- [ RunTime:0.003000s ]
[ 2016-05-30T23:38:51+08:00 ] /QA/index.php/Index/index | INFO: Tag[ app_begin ] --START--
[ 2016-05-30T23:38:51+08:00 ] /QA/index.php/Index/index | INFO: Run ReadHtmlCache Behavior [ RunTime:0.001000s ]
[ 2016-05-30T23:38:51+08:00 ] /QA/index.php/Index/index | INFO: Tag[ app_begin ] --END-- [ RunTime:0.001000s ]
[ 2016-05-30T23:38:52+08:00 ] /QA/index.php/Index/index | SQL: SHOW COLUMNS FROM `wl_index_user` [ RunTime:0.009001s ]
[ 2016-05-30T23:38:52+08:00 ] /QA/index.php/Index/index | SQL: INSERT INTO `wl_index_user` (`username`,`password`) VALUES ('Ê∞¥ÁîµË¥\π','423') [ RunTime:0.001000s ]
[ 2016-05-30T23:38:52+08:00 ] /QA/index.php/Index/index | INFO: Tag[ view_template ] --START--
[ 2016-05-30T23:38:52+08:00 ] /QA/index.php/Index/index | INFO: Run LocationTemplate Behavior [ RunTime:0.002000s ]
[ 2016-05-30T23:38:52+08:00 ] /QA/index.php/Index/index | INFO: Tag[ view_template ] --END-- [ RunTime:0.002000s ]
[ 2016-05-30T23:38:52+08:00 ] /QA/index.php/Index/index | INFO: Tag[ view_parse ] --START--
[ 2016-05-30T23:38:52+08:00 ] /QA/index.php/Index/index | NOTIC: [8] Undefined variable: v f9c22b8b40e560036663a0ce7ed378ae.php Á¨¨ 286 Ë°å.
[ 2016-05-30T23:38:52+08:00 ] /QA/index.php/Index/index | INFO: Run ParseTemplate Behavior [ RunTime:0.024001s ]
[ 2016-05-30T23:38:52+08:00 ] /QA/index.php/Index/index | INFO: Tag[ view_parse ] --END-- [ RunTime:0.024001s ]
[ 2016-05-30T23:38:52+08:00 ] /QA/index.php/Index/index | INFO: Tag[ view_filter ] --START--
[ 2016-05-30T23:38:52+08:00 ] /QA/index.php/Index/index | INFO: Run ContentReplace Behavior [ RunTime:0.001001s ]
[ 2016-05-30T23:38:52+08:00 ] /QA/index.php/Index/index | INFO: Run TokenBuild Behavior [ RunTime:0.001000s ]
[ 2016-05-30T23:38:52+08:00 ] /QA/index.php/Index/index | INFO: Run WriteHtmlCache Behavior [ RunTime:0.001000s ]
[ 2016-05-30T23:38:52+08:00 ] /QA/index.php/Index/index | INFO: Run ShowRuntime Behavior [ RunTime:0.002000s ]
[ 2016-05-30T23:38:52+08:00 ] /QA/index.php/Index/index | INFO: Tag[ view_filter ] --END-- [ RunTime:0.005001s ]
[ 2016-05-30T23:38:52+08:00 ] /QA/index.php/Index/index | INFO: Tag[ view_end ] --START--
[ 2016-05-30T23:38:52+08:00 ] /QA/index.php/Index/index | INFO: Run ShowPageTrace Behavior [ RunTime:0.001000s ]
[ 2016-05-30T23:38:52+08:00 ] /QA/index.php/Index/index | INFO: Tag[ view_end ] --END-- [ RunTime:0.001000s ]
[ 2016-05-30T23:38:52+08:00 ] /QA/index.php/Index/css/main.css | ERR: (ThinkException) ÈùûÊ≥ïÊìç‰Ωúcss
[ 2016-05-30T23:38:52+08:00 ] /QA/index.php/Index/css/bootstrap.min.css | ERR: (ThinkException) ÈùûÊ≥ïÊìç‰Ωúcss
[ 2016-05-30T23:39:28+08:00 ] /QA/index.php/Index/index | INFO: Tag[ route_check ] --START--
[ 2016-05-30T23:39:29+08:00 ] /QA/index.php/Index/index | INFO: Run CheckRoute Behavior [ RunTime:0.003000s ]
[ 2016-05-30T23:39:29+08:00 ] /QA/index.php/Index/index | INFO: Tag[ route_check ] --END-- [ RunTime:0.004000s ]
[ 2016-05-30T23:39:29+08:00 ] /QA/index.php/Index/index | INFO: Tag[ app_begin ] --START--
[ 2016-05-30T23:39:29+08:00 ] /QA/index.php/Index/index | INFO: Run ReadHtmlCache Behavior [ RunTime:0.002000s ]
[ 2016-05-30T23:39:29+08:00 ] /QA/index.php/Index/index | INFO: Tag[ app_begin ] --END-- [ RunTime:0.002000s ]
[ 2016-05-30T23:39:30+08:00 ] /QA/index.php/Index/index | SQL: SHOW COLUMNS FROM `wl_index_user` [ RunTime:0.010000s ]
[ 2016-05-30T23:39:30+08:00 ] /QA/index.php/Index/index | SQL: INSERT INTO `wl_index_user` (`username`,`password`) VALUES ('Ê∞¥ÁîµË¥\π','423') [ RunTime:0.001000s ]
[ 2016-05-30T23:39:30+08:00 ] /QA/index.php/Index/index | INFO: Tag[ view_template ] --START--
[ 2016-05-30T23:39:30+08:00 ] /QA/index.php/Index/index | INFO: Run LocationTemplate Behavior [ RunTime:0.001000s ]
[ 2016-05-30T23:39:30+08:00 ] /QA/index.php/Index/index | INFO: Tag[ view_template ] --END-- [ RunTime:0.002001s ]
[ 2016-05-30T23:39:30+08:00 ] /QA/index.php/Index/index | INFO: Tag[ view_parse ] --START--
[ 2016-05-30T23:39:30+08:00 ] /QA/index.php/Index/index | NOTIC: [8] Undefined variable: v f9c22b8b40e560036663a0ce7ed378ae.php Á¨¨ 286 Ë°å.
[ 2016-05-30T23:39:30+08:00 ] /QA/index.php/Index/index | INFO: Run ParseTemplate Behavior [ RunTime:0.023001s ]
[ 2016-05-30T23:39:30+08:00 ] /QA/index.php/Index/index | INFO: Tag[ view_parse ] --END-- [ RunTime:0.023001s ]
[ 2016-05-30T23:39:30+08:00 ] /QA/index.php/Index/index | INFO: Tag[ view_filter ] --START--
[ 2016-05-30T23:39:30+08:00 ] /QA/index.php/Index/index | INFO: Run ContentReplace Behavior [ RunTime:0.001000s ]
[ 2016-05-30T23:39:30+08:00 ] /QA/index.php/Index/index | INFO: Run TokenBuild Behavior [ RunTime:0.002000s ]
[ 2016-05-30T23:39:30+08:00 ] /QA/index.php/Index/index | INFO: Run WriteHtmlCache Behavior [ RunTime:0.002000s ]
[ 2016-05-30T23:39:30+08:00 ] /QA/index.php/Index/index | INFO: Run ShowRuntime Behavior [ RunTime:0.001000s ]
[ 2016-05-30T23:39:30+08:00 ] /QA/index.php/Index/index | INFO: Tag[ view_filter ] --END-- [ RunTime:0.006000s ]
[ 2016-05-30T23:39:30+08:00 ] /QA/index.php/Index/index | INFO: Tag[ view_end ] --START--
[ 2016-05-30T23:39:30+08:00 ] /QA/index.php/Index/index | INFO: Run ShowPageTrace Behavior [ RunTime:0.002000s ]
[ 2016-05-30T23:39:30+08:00 ] /QA/index.php/Index/index | INFO: Tag[ view_end ] --END-- [ RunTime:0.002000s ]
[ 2016-05-30T23:39:30+08:00 ] /QA/index.php/Index/css/bootstrap.min.css | ERR: (ThinkException) ÈùûÊ≥ïÊìç‰Ωúcss
[ 2016-05-30T23:39:30+08:00 ] /QA/index.php/Index/css/main.css | ERR: (ThinkException) ÈùûÊ≥ïÊìç‰Ωúcss
[ 2016-05-30T23:39:38+08:00 ] /QA/index.php/Index/index | INFO: Tag[ route_check ] --START--
[ 2016-05-30T23:39:38+08:00 ] /QA/index.php/Index/index | INFO: Run CheckRoute Behavior [ RunTime:0.002000s ]
[ 2016-05-30T23:39:38+08:00 ] /QA/index.php/Index/index | INFO: Tag[ route_check ] --END-- [ RunTime:0.002000s ]
[ 2016-05-30T23:39:38+08:00 ] /QA/index.php/Index/index | INFO: Tag[ app_begin ] --START--
[ 2016-05-30T23:39:38+08:00 ] /QA/index.php/Index/index | INFO: Run ReadHtmlCache Behavior [ RunTime:0.001000s ]
[ 2016-05-30T23:39:38+08:00 ] /QA/index.php/Index/index | INFO: Tag[ app_begin ] --END-- [ RunTime:0.001000s ]
[ 2016-05-30T23:39:39+08:00 ] /QA/index.php/Index/index | SQL: SHOW COLUMNS FROM `wl_index_user` [ RunTime:0.008000s ]
[ 2016-05-30T23:39:39+08:00 ] /QA/index.php/Index/index | SQL: INSERT INTO `wl_index_user` (`username`,`password`) VALUES ('Ê∞¥ÁîµË¥πÂΩíËø\ò','234') [ RunTime:0.001000s ]
[ 2016-05-30T23:39:39+08:00 ] /QA/index.php/Index/index | INFO: Tag[ view_template ] --START--
[ 2016-05-30T23:39:39+08:00 ] /QA/index.php/Index/index | INFO: Run LocationTemplate Behavior [ RunTime:0.003001s ]
[ 2016-05-30T23:39:39+08:00 ] /QA/index.php/Index/index | INFO: Tag[ view_template ] --END-- [ RunTime:0.003001s ]
[ 2016-05-30T23:39:39+08:00 ] /QA/index.php/Index/index | INFO: Tag[ view_parse ] --START--
[ 2016-05-30T23:39:39+08:00 ] /QA/index.php/Index/index | NOTIC: [8] Undefined variable: v f9c22b8b40e560036663a0ce7ed378ae.php Á¨¨ 286 Ë°å.
[ 2016-05-30T23:39:39+08:00 ] /QA/index.php/Index/index | INFO: Run ParseTemplate Behavior [ RunTime:0.023001s ]
[ 2016-05-30T23:39:39+08:00 ] /QA/index.php/Index/index | INFO: Tag[ view_parse ] --END-- [ RunTime:0.023001s ]
[ 2016-05-30T23:39:39+08:00 ] /QA/index.php/Index/index | INFO: Tag[ view_filter ] --START--
[ 2016-05-30T23:39:39+08:00 ] /QA/index.php/Index/index | INFO: Run ContentReplace Behavior [ RunTime:0.001000s ]
[ 2016-05-30T23:39:39+08:00 ] /QA/index.php/Index/index | INFO: Run TokenBuild Behavior [ RunTime:0.001000s ]
[ 2016-05-30T23:39:39+08:00 ] /QA/index.php/Index/index | INFO: Run WriteHtmlCache Behavior [ RunTime:0.001000s ]
[ 2016-05-30T23:39:39+08:00 ] /QA/index.php/Index/index | INFO: Run ShowRuntime Behavior [ RunTime:0.003000s ]
[ 2016-05-30T23:39:39+08:00 ] /QA/index.php/Index/index | INFO: Tag[ view_filter ] --END-- [ RunTime:0.007000s ]
[ 2016-05-30T23:39:39+08:00 ] /QA/index.php/Index/index | INFO: Tag[ view_end ] --START--
[ 2016-05-30T23:39:39+08:00 ] /QA/index.php/Index/index | INFO: Run ShowPageTrace Behavior [ RunTime:0.002000s ]
[ 2016-05-30T23:39:39+08:00 ] /QA/index.php/Index/index | INFO: Tag[ view_end ] --END-- [ RunTime:0.003001s ]
[ 2016-05-30T23:39:39+08:00 ] /QA/index.php/Index/css/bootstrap.min.css | ERR: (ThinkException) ÈùûÊ≥ïÊìç‰Ωúcss
[ 2016-05-30T23:39:39+08:00 ] /QA/index.php/Index/css/main.css | ERR: (ThinkException) ÈùûÊ≥ïÊìç‰Ωúcss
[ 2016-05-30T23:42:04+08:00 ] /QA/index.php/Index/index | INFO: Tag[ route_check ] --START--
[ 2016-05-30T23:42:04+08:00 ] /QA/index.php/Index/index | INFO: Run CheckRoute Behavior [ RunTime:0.002001s ]
[ 2016-05-30T23:42:04+08:00 ] /QA/index.php/Index/index | INFO: Tag[ route_check ] --END-- [ RunTime:0.003001s ]
[ 2016-05-30T23:42:04+08:00 ] /QA/index.php/Index/index | INFO: Tag[ app_begin ] --START--
[ 2016-05-30T23:42:04+08:00 ] /QA/index.php/Index/index | INFO: Run ReadHtmlCache Behavior [ RunTime:0.002000s ]
[ 2016-05-30T23:42:04+08:00 ] /QA/index.php/Index/index | INFO: Tag[ app_begin ] --END-- [ RunTime:0.002000s ]
[ 2016-05-30T23:42:05+08:00 ] /QA/index.php/Index/index | SQL: SHOW COLUMNS FROM `wl_index_user` [ RunTime:0.009001s ]
[ 2016-05-30T23:42:05+08:00 ] /QA/index.php/Index/index | SQL: INSERT INTO `wl_index_user` (`username`,`password`) VALUES ('Ê∞¥ÁîµË¥πÂΩíËø\ò','234') [ RunTime:0.001000s ]
[ 2016-05-30T23:42:05+08:00 ] /QA/index.php/Index/index | INFO: Tag[ view_template ] --START--
[ 2016-05-30T23:42:05+08:00 ] /QA/index.php/Index/index | INFO: Run LocationTemplate Behavior [ RunTime:0.003000s ]
[ 2016-05-30T23:42:05+08:00 ] /QA/index.php/Index/index | INFO: Tag[ view_template ] --END-- [ RunTime:0.003000s ]
[ 2016-05-30T23:42:05+08:00 ] /QA/index.php/Index/index | INFO: Tag[ view_parse ] --START--
[ 2016-05-30T23:42:05+08:00 ] /QA/index.php/Index/index | NOTIC: [8] Undefined variable: v f9c22b8b40e560036663a0ce7ed378ae.php Á¨¨ 286 Ë°å.
[ 2016-05-30T23:42:05+08:00 ] /QA/index.php/Index/index | INFO: Run ParseTemplate Behavior [ RunTime:0.025002s ]
[ 2016-05-30T23:42:05+08:00 ] /QA/index.php/Index/index | INFO: Tag[ view_parse ] --END-- [ RunTime:0.025002s ]
[ 2016-05-30T23:42:05+08:00 ] /QA/index.php/Index/index | INFO: Tag[ view_filter ] --START--
[ 2016-05-30T23:42:05+08:00 ] /QA/index.php/Index/index | INFO: Run ContentReplace Behavior [ RunTime:0.001000s ]
[ 2016-05-30T23:42:05+08:00 ] /QA/index.php/Index/index | INFO: Run TokenBuild Behavior [ RunTime:0.002000s ]
[ 2016-05-30T23:42:05+08:00 ] /QA/index.php/Index/index | INFO: Run WriteHtmlCache Behavior [ RunTime:0.001000s ]
[ 2016-05-30T23:42:05+08:00 ] /QA/index.php/Index/index | INFO: Run ShowRuntime Behavior [ RunTime:0.002000s ]
[ 2016-05-30T23:42:05+08:00 ] /QA/index.php/Index/index | INFO: Tag[ view_filter ] --END-- [ RunTime:0.006000s ]
[ 2016-05-30T23:42:05+08:00 ] /QA/index.php/Index/index | INFO: Tag[ view_end ] --START--
[ 2016-05-30T23:42:05+08:00 ] /QA/index.php/Index/index | INFO: Run ShowPageTrace Behavior [ RunTime:0.002000s ]
[ 2016-05-30T23:42:05+08:00 ] /QA/index.php/Index/index | INFO: Tag[ view_end ] --END-- [ RunTime:0.002000s ]
[ 2016-05-30T23:42:06+08:00 ] /QA/index.php/Index/css/bootstrap.min.css | ERR: (ThinkException) ÈùûÊ≥ïÊìç‰Ωúcss
[ 2016-05-30T23:42:06+08:00 ] /QA/index.php/Index/css/main.css | ERR: (ThinkException) ÈùûÊ≥ïÊìç‰Ωúcss
[ 2016-05-30T23:42:12+08:00 ] /QA/index.php/Index/index | INFO: Tag[ route_check ] --START--
[ 2016-05-30T23:42:12+08:00 ] /QA/index.php/Index/index | INFO: Run CheckRoute Behavior [ RunTime:0.002000s ]
[ 2016-05-30T23:42:12+08:00 ] /QA/index.php/Index/index | INFO: Tag[ route_check ] --END-- [ RunTime:0.002000s ]
[ 2016-05-30T23:42:12+08:00 ] /QA/index.php/Index/index | INFO: Tag[ app_begin ] --START--
[ 2016-05-30T23:42:12+08:00 ] /QA/index.php/Index/index | INFO: Run ReadHtmlCache Behavior [ RunTime:0.001000s ]
[ 2016-05-30T23:42:12+08:00 ] /QA/index.php/Index/index | INFO: Tag[ app_begin ] --END-- [ RunTime:0.001000s ]
[ 2016-05-30T23:42:13+08:00 ] /QA/index.php/Index/index | SQL: SHOW COLUMNS FROM `wl_index_user` [ RunTime:0.008000s ]
[ 2016-05-30T23:42:13+08:00 ] /QA/index.php/Index/index | SQL: INSERT INTO `wl_index_user` (`username`,`password`) VALUES ('Êî∂Âà∞','234') [ RunTime:0.001000s ]
[ 2016-05-30T23:42:13+08:00 ] /QA/index.php/Index/index | INFO: Tag[ view_template ] --START--
[ 2016-05-30T23:42:13+08:00 ] /QA/index.php/Index/index | INFO: Run LocationTemplate Behavior [ RunTime:0.003000s ]
[ 2016-05-30T23:42:13+08:00 ] /QA/index.php/Index/index | INFO: Tag[ view_template ] --END-- [ RunTime:0.003000s ]
[ 2016-05-30T23:42:13+08:00 ] /QA/index.php/Index/index | INFO: Tag[ view_parse ] --START--
[ 2016-05-30T23:42:13+08:00 ] /QA/index.php/Index/index | NOTIC: [8] Undefined variable: v f9c22b8b40e560036663a0ce7ed378ae.php Á¨¨ 286 Ë°å.
[ 2016-05-30T23:42:13+08:00 ] /QA/index.php/Index/index | INFO: Run ParseTemplate Behavior [ RunTime:0.025002s ]
[ 2016-05-30T23:42:13+08:00 ] /QA/index.php/Index/index | INFO: Tag[ view_parse ] --END-- [ RunTime:0.025002s ]
[ 2016-05-30T23:42:13+08:00 ] /QA/index.php/Index/index | INFO: Tag[ view_filter ] --START--
[ 2016-05-30T23:42:13+08:00 ] /QA/index.php/Index/index | INFO: Run ContentReplace Behavior [ RunTime:0.001000s ]
[ 2016-05-30T23:42:13+08:00 ] /QA/index.php/Index/index | INFO: Run TokenBuild Behavior [ RunTime:0.002000s ]
[ 2016-05-30T23:42:13+08:00 ] /QA/index.php/Index/index | INFO: Run WriteHtmlCache Behavior [ RunTime:0.001000s ]
[ 2016-05-30T23:42:13+08:00 ] /QA/index.php/Index/index | INFO: Run ShowRuntime Behavior [ RunTime:0.001000s ]
[ 2016-05-30T23:42:13+08:00 ] /QA/index.php/Index/index | INFO: Tag[ view_filter ] --END-- [ RunTime:0.006000s ]
[ 2016-05-30T23:42:13+08:00 ] /QA/index.php/Index/index | INFO: Tag[ view_end ] --START--
[ 2016-05-30T23:42:13+08:00 ] /QA/index.php/Index/index | INFO: Run ShowPageTrace Behavior [ RunTime:0.002000s ]
[ 2016-05-30T23:42:13+08:00 ] /QA/index.php/Index/index | INFO: Tag[ view_end ] --END-- [ RunTime:0.002000s ]
[ 2016-05-30T23:42:13+08:00 ] /QA/index.php/Index/css/bootstrap.min.css | ERR: (ThinkException) ÈùûÊ≥ïÊìç‰Ωúcss
[ 2016-05-30T23:42:13+08:00 ] /QA/index.php/Index/css/main.css | ERR: (ThinkException) ÈùûÊ≥ïÊìç‰Ωúcss
[ 2016-05-30T23:44:57+08:00 ] /QA/ | INFO: Tag[ app_begin ] --START--
[ 2016-05-30T23:44:57+08:00 ] /QA/ | INFO: Run ReadHtmlCache Behavior [ RunTime:0.002000s ]
[ 2016-05-30T23:44:57+08:00 ] /QA/ | INFO: Tag[ app_begin ] --END-- [ RunTime:0.002000s ]
[ 2016-05-30T23:44:58+08:00 ] /QA/ | SQL: SHOW COLUMNS FROM `wl_indexuser` [ RunTime:0.010000s ]
[ 2016-05-30T23:44:58+08:00 ] /QA/ | INFO: Tag[ view_template ] --START--
[ 2016-05-30T23:44:58+08:00 ] /QA/ | INFO: Run LocationTemplate Behavior [ RunTime:0.002000s ]
[ 2016-05-30T23:44:58+08:00 ] /QA/ | INFO: Tag[ view_template ] --END-- [ RunTime:0.002000s ]
[ 2016-05-30T23:44:58+08:00 ] /QA/ | INFO: Tag[ view_parse ] --START--
[ 2016-05-30T23:44:58+08:00 ] /QA/ | NOTIC: [8] Undefined variable: v f9c22b8b40e560036663a0ce7ed378ae.php Á¨¨ 286 Ë°å.
[ 2016-05-30T23:44:58+08:00 ] /QA/ | INFO: Run ParseTemplate Behavior [ RunTime:0.024002s ]
[ 2016-05-30T23:44:58+08:00 ] /QA/ | INFO: Tag[ view_parse ] --END-- [ RunTime:0.024002s ]
[ 2016-05-30T23:44:58+08:00 ] /QA/ | INFO: Tag[ view_filter ] --START--
[ 2016-05-30T23:44:58+08:00 ] /QA/ | INFO: Run ContentReplace Behavior [ RunTime:0.001000s ]
[ 2016-05-30T23:44:58+08:00 ] /QA/ | INFO: Run TokenBuild Behavior [ RunTime:0.001000s ]
[ 2016-05-30T23:44:58+08:00 ] /QA/ | INFO: Run WriteHtmlCache Behavior [ RunTime:0.002000s ]
[ 2016-05-30T23:44:58+08:00 ] /QA/ | INFO: Run ShowRuntime Behavior [ RunTime:0.002000s ]
[ 2016-05-30T23:44:58+08:00 ] /QA/ | INFO: Tag[ view_filter ] --END-- [ RunTime:0.006000s ]
[ 2016-05-30T23:44:58+08:00 ] /QA/ | INFO: Tag[ view_end ] --START--
[ 2016-05-30T23:44:58+08:00 ] /QA/ | INFO: Run ShowPageTrace Behavior [ RunTime:0.001000s ]
[ 2016-05-30T23:44:58+08:00 ] /QA/ | INFO: Tag[ view_end ] --END-- [ RunTime:0.002000s ]
[ 2016-05-30T23:45:04+08:00 ] /QA/index.php/Index/index | INFO: Tag[ route_check ] --START--
[ 2016-05-30T23:45:04+08:00 ] /QA/index.php/Index/index | INFO: Run CheckRoute Behavior [ RunTime:0.003001s ]
[ 2016-05-30T23:45:04+08:00 ] /QA/index.php/Index/index | INFO: Tag[ route_check ] --END-- [ RunTime:0.003001s ]
[ 2016-05-30T23:45:04+08:00 ] /QA/index.php/Index/index | INFO: Tag[ app_begin ] --START--
[ 2016-05-30T23:45:04+08:00 ] /QA/index.php/Index/index | INFO: Run ReadHtmlCache Behavior [ RunTime:0.001000s ]
[ 2016-05-30T23:45:04+08:00 ] /QA/index.php/Index/index | INFO: Tag[ app_begin ] --END-- [ RunTime:0.001000s ]
[ 2016-05-30T23:45:05+08:00 ] /QA/index.php/Index/index | SQL: SHOW COLUMNS FROM `wl_indexuser` [ RunTime:0.009000s ]
[ 2016-05-30T23:45:05+08:00 ] /QA/index.php/Index/index | SQL: INSERT INTO `wl_indexuser` (`username`,`password`) VALUES ('fdg','354') [ RunTime:0.001000s ]
[ 2016-05-30T23:45:05+08:00 ] /QA/index.php/Index/index | INFO: Tag[ view_template ] --START--
[ 2016-05-30T23:45:05+08:00 ] /QA/index.php/Index/index | INFO: Run LocationTemplate Behavior [ RunTime:0.002001s ]
[ 2016-05-30T23:45:05+08:00 ] /QA/index.php/Index/index | INFO: Tag[ view_template ] --END-- [ RunTime:0.002001s ]
[ 2016-05-30T23:45:05+08:00 ] /QA/index.php/Index/index | INFO: Tag[ view_parse ] --START--
[ 2016-05-30T23:45:05+08:00 ] /QA/index.php/Index/index | NOTIC: [8] Undefined variable: v f9c22b8b40e560036663a0ce7ed378ae.php Á¨¨ 286 Ë°å.
[ 2016-05-30T23:45:05+08:00 ] /QA/index.php/Index/index | INFO: Run ParseTemplate Behavior [ RunTime:0.023001s ]
[ 2016-05-30T23:45:05+08:00 ] /QA/index.php/Index/index | INFO: Tag[ view_parse ] --END-- [ RunTime:0.024001s ]
[ 2016-05-30T23:45:05+08:00 ] /QA/index.php/Index/index | INFO: Tag[ view_filter ] --START--
[ 2016-05-30T23:45:05+08:00 ] /QA/index.php/Index/index | INFO: Run ContentReplace Behavior [ RunTime:0.001000s ]
[ 2016-05-30T23:45:05+08:00 ] /QA/index.php/Index/index | INFO: Run TokenBuild Behavior [ RunTime:0.002000s ]
[ 2016-05-30T23:45:05+08:00 ] /QA/index.php/Index/index | INFO: Run WriteHtmlCache Behavior [ RunTime:0.001000s ]
[ 2016-05-30T23:45:05+08:00 ] /QA/index.php/Index/index | INFO: Run ShowRuntime Behavior [ RunTime:0.001000s ]
[ 2016-05-30T23:45:05+08:00 ] /QA/index.php/Index/index | INFO: Tag[ view_filter ] --END-- [ RunTime:0.006000s ]
[ 2016-05-30T23:45:05+08:00 ] /QA/index.php/Index/index | INFO: Tag[ view_end ] --START--
[ 2016-05-30T23:45:05+08:00 ] /QA/index.php/Index/index | INFO: Run ShowPageTrace Behavior [ RunTime:0.002000s ]
[ 2016-05-30T23:45:05+08:00 ] /QA/index.php/Index/index | INFO: Tag[ view_end ] --END-- [ RunTime:0.002000s ]
[ 2016-05-30T23:45:05+08:00 ] /QA/index.php/Index/css/bootstrap.min.css | ERR: (ThinkException) ÈùûÊ≥ïÊìç‰Ωúcss
[ 2016-05-30T23:45:05+08:00 ] /QA/index.php/Index/css/main.css | ERR: (ThinkException) ÈùûÊ≥ïÊìç‰Ωúcss
