[ 2016-06-25T00:13:36+08:00 ] /QA/index.php/list/index | INFO: Tag[ route_check ] --START--
[ 2016-06-25T00:13:36+08:00 ] /QA/index.php/list/index | INFO: Run CheckRoute Behavior [ RunTime:0.003000s ]
[ 2016-06-25T00:13:36+08:00 ] /QA/index.php/list/index | INFO: Tag[ route_check ] --END-- [ RunTime:0.003000s ]
[ 2016-06-25T00:13:36+08:00 ] /QA/index.php/list/index | INFO: Tag[ app_begin ] --START--
[ 2016-06-25T00:13:36+08:00 ] /QA/index.php/list/index | INFO: Run ReadHtmlCache Behavior [ RunTime:0.002000s ]
[ 2016-06-25T00:13:36+08:00 ] /QA/index.php/list/index | INFO: Tag[ app_begin ] --END-- [ RunTime:0.002000s ]
[ 2016-06-25T00:13:36+08:00 ] /QA/index.php/list/index | INFO: Tag[ view_template ] --START--
[ 2016-06-25T00:13:36+08:00 ] /QA/index.php/list/index | INFO: Run LocationTemplate Behavior [ RunTime:0.003001s ]
[ 2016-06-25T00:13:36+08:00 ] /QA/index.php/list/index | INFO: Tag[ view_template ] --END-- [ RunTime:0.003001s ]
[ 2016-06-25T00:13:36+08:00 ] /QA/index.php/list/index | INFO: Tag[ view_parse ] --START--
[ 2016-06-25T00:13:36+08:00 ] /QA/index.php/list/index | INFO: Run ParseTemplate Behavior [ RunTime:0.031001s ]
[ 2016-06-25T00:13:36+08:00 ] /QA/index.php/list/index | INFO: Tag[ view_parse ] --END-- [ RunTime:0.032001s ]
[ 2016-06-25T00:13:36+08:00 ] /QA/index.php/list/index | INFO: Tag[ view_filter ] --START--
[ 2016-06-25T00:13:36+08:00 ] /QA/index.php/list/index | INFO: Run ContentReplace Behavior [ RunTime:0.002000s ]
[ 2016-06-25T00:13:36+08:00 ] /QA/index.php/list/index | INFO: Run TokenBuild Behavior [ RunTime:0.002001s ]
[ 2016-06-25T00:13:36+08:00 ] /QA/index.php/list/index | INFO: Run WriteHtmlCache Behavior [ RunTime:0.002000s ]
[ 2016-06-25T00:13:36+08:00 ] /QA/index.php/list/index | INFO: Run ShowRuntime Behavior [ RunTime:0.015001s ]
[ 2016-06-25T00:13:36+08:00 ] /QA/index.php/list/index | INFO: Tag[ view_filter ] --END-- [ RunTime:0.021002s ]
[ 2016-06-25T00:13:36+08:00 ] /QA/index.php/list/index | INFO: Tag[ view_end ] --START--
[ 2016-06-25T00:13:36+08:00 ] /QA/index.php/list/index | INFO: Run ShowPageTrace Behavior [ RunTime:0.002000s ]
[ 2016-06-25T00:13:36+08:00 ] /QA/index.php/list/index | INFO: Tag[ view_end ] --END-- [ RunTime:0.002000s ]
[ 2016-06-25T00:13:38+08:00 ] /QA/index.php/index/index | INFO: Tag[ route_check ] --START--
[ 2016-06-25T00:13:38+08:00 ] /QA/index.php/index/index | INFO: Run CheckRoute Behavior [ RunTime:0.002000s ]
[ 2016-06-25T00:13:38+08:00 ] /QA/index.php/index/index | INFO: Tag[ route_check ] --END-- [ RunTime:0.004000s ]
[ 2016-06-25T00:13:38+08:00 ] /QA/index.php/index/index | INFO: Tag[ app_begin ] --START--
[ 2016-06-25T00:13:38+08:00 ] /QA/index.php/index/index | INFO: Run ReadHtmlCache Behavior [ RunTime:0.002000s ]
[ 2016-06-25T00:13:38+08:00 ] /QA/index.php/index/index | INFO: Tag[ app_begin ] --END-- [ RunTime:0.002000s ]
[ 2016-06-25T00:13:39+08:00 ] /QA/index.php/index/index | SQL: SHOW COLUMNS FROM `wl_category` [ RunTime:0.014001s ]
[ 2016-06-25T00:13:39+08:00 ] /QA/index.php/index/index | SQL: SELECT * FROM `wl_category` WHERE ( `pid` = 0 )  [ RunTime:0.002000s ]
[ 2016-06-25T00:13:39+08:00 ] /QA/index.php/index/index | SQL: SELECT * FROM `wl_category` WHERE ( `pid` = '1' )  [ RunTime:0.001000s ]
[ 2016-06-25T00:13:39+08:00 ] /QA/index.php/index/index | SQL: SELECT * FROM `wl_category` WHERE ( `pid` = '2' )  [ RunTime:0.001000s ]
[ 2016-06-25T00:13:39+08:00 ] /QA/index.php/index/index | SQL: SELECT * FROM `wl_category` WHERE ( `pid` = '3' )  [ RunTime:0.000000s ]
[ 2016-06-25T00:13:39+08:00 ] /QA/index.php/index/index | SQL: SELECT * FROM `wl_category` WHERE ( `pid` = '4' )  [ RunTime:0.001000s ]
[ 2016-06-25T00:13:39+08:00 ] /QA/index.php/index/index | SQL: SELECT * FROM `wl_category` WHERE ( `pid` = '5' )  [ RunTime:0.001000s ]
[ 2016-06-25T00:13:39+08:00 ] /QA/index.php/index/index | SQL: SHOW COLUMNS FROM `wl_question` [ RunTime:0.031002s ]
[ 2016-06-25T00:13:39+08:00 ] /QA/index.php/index/index | SQL: SELECT * FROM `wl_question` WHERE ( `solve` = 0 ) LIMIT 15   [ RunTime:0.001000s ]
[ 2016-06-25T00:13:39+08:00 ] /QA/index.php/index/index | SQL: SHOW COLUMNS FROM `wl_index_user` [ RunTime:0.020001s ]
[ 2016-06-25T00:13:39+08:00 ] /QA/index.php/index/index | SQL: SELECT * FROM `wl_index_user` ORDER BY adopt LIMIT 10   [ RunTime:0.003000s ]
[ 2016-06-25T00:13:39+08:00 ] /QA/index.php/index/index | INFO: Tag[ view_template ] --START--
[ 2016-06-25T00:13:39+08:00 ] /QA/index.php/index/index | INFO: Run LocationTemplate Behavior [ RunTime:0.002000s ]
[ 2016-06-25T00:13:39+08:00 ] /QA/index.php/index/index | INFO: Tag[ view_template ] --END-- [ RunTime:0.002000s ]
[ 2016-06-25T00:13:39+08:00 ] /QA/index.php/index/index | INFO: Tag[ view_parse ] --START--
[ 2016-06-25T00:13:39+08:00 ] /QA/index.php/index/index | INFO: Run ParseTemplate Behavior [ RunTime:0.073004s ]
[ 2016-06-25T00:13:39+08:00 ] /QA/index.php/index/index | INFO: Tag[ view_parse ] --END-- [ RunTime:0.073004s ]
[ 2016-06-25T00:13:39+08:00 ] /QA/index.php/index/index | INFO: Tag[ view_filter ] --START--
[ 2016-06-25T00:13:39+08:00 ] /QA/index.php/index/index | INFO: Run ContentReplace Behavior [ RunTime:0.002001s ]
[ 2016-06-25T00:13:39+08:00 ] /QA/index.php/index/index | INFO: Run TokenBuild Behavior [ RunTime:0.003000s ]
[ 2016-06-25T00:13:39+08:00 ] /QA/index.php/index/index | INFO: Run WriteHtmlCache Behavior [ RunTime:0.001000s ]
[ 2016-06-25T00:13:39+08:00 ] /QA/index.php/index/index | INFO: Run ShowRuntime Behavior [ RunTime:0.003000s ]
[ 2016-06-25T00:13:39+08:00 ] /QA/index.php/index/index | INFO: Tag[ view_filter ] --END-- [ RunTime:0.009001s ]
[ 2016-06-25T00:13:39+08:00 ] /QA/index.php/index/index | INFO: Tag[ view_end ] --START--
[ 2016-06-25T00:13:39+08:00 ] /QA/index.php/index/index | INFO: Run ShowPageTrace Behavior [ RunTime:0.007000s ]
[ 2016-06-25T00:13:39+08:00 ] /QA/index.php/index/index | INFO: Tag[ view_end ] --END-- [ RunTime:0.008000s ]
[ 2016-06-25T00:22:25+08:00 ] /QA/ | INFO: Tag[ app_begin ] --START--
[ 2016-06-25T00:22:25+08:00 ] /QA/ | INFO: Run ReadHtmlCache Behavior [ RunTime:0.002000s ]
[ 2016-06-25T00:22:25+08:00 ] /QA/ | INFO: Tag[ app_begin ] --END-- [ RunTime:0.003000s ]
[ 2016-06-25T00:22:26+08:00 ] /QA/ | SQL: SHOW COLUMNS FROM `wl_category` [ RunTime:0.011001s ]
[ 2016-06-25T00:22:26+08:00 ] /QA/ | SQL: SELECT * FROM `wl_category` WHERE ( `pid` = 0 )  [ RunTime:0.001000s ]
[ 2016-06-25T00:22:26+08:00 ] /QA/ | SQL: SELECT * FROM `wl_category` WHERE ( `pid` = '1' )  [ RunTime:0.001000s ]
[ 2016-06-25T00:22:26+08:00 ] /QA/ | SQL: SELECT * FROM `wl_category` WHERE ( `pid` = '2' )  [ RunTime:0.001000s ]
[ 2016-06-25T00:22:26+08:00 ] /QA/ | SQL: SELECT * FROM `wl_category` WHERE ( `pid` = '3' )  [ RunTime:0.000000s ]
[ 2016-06-25T00:22:26+08:00 ] /QA/ | SQL: SELECT * FROM `wl_category` WHERE ( `pid` = '4' )  [ RunTime:0.000000s ]
[ 2016-06-25T00:22:26+08:00 ] /QA/ | SQL: SELECT * FROM `wl_category` WHERE ( `pid` = '5' )  [ RunTime:0.000000s ]
[ 2016-06-25T00:22:26+08:00 ] /QA/ | SQL: SHOW COLUMNS FROM `wl_question` [ RunTime:0.010001s ]
[ 2016-06-25T00:22:26+08:00 ] /QA/ | SQL: SELECT * FROM `wl_question` WHERE ( `solve` = 0 ) LIMIT 15   [ RunTime:0.001000s ]
[ 2016-06-25T00:22:26+08:00 ] /QA/ | SQL: SHOW COLUMNS FROM `wl_index_user` [ RunTime:0.016001s ]
[ 2016-06-25T00:22:26+08:00 ] /QA/ | SQL: SELECT * FROM `wl_index_user` ORDER BY adopt LIMIT 10   [ RunTime:0.002000s ]
[ 2016-06-25T00:22:26+08:00 ] /QA/ | INFO: Tag[ view_template ] --START--
[ 2016-06-25T00:22:26+08:00 ] /QA/ | INFO: Run LocationTemplate Behavior [ RunTime:0.009000s ]
[ 2016-06-25T00:22:26+08:00 ] /QA/ | INFO: Tag[ view_template ] --END-- [ RunTime:0.010000s ]
[ 2016-06-25T00:22:26+08:00 ] /QA/ | INFO: Tag[ view_parse ] --START--
[ 2016-06-25T00:22:26+08:00 ] /QA/ | INFO: Run ParseTemplate Behavior [ RunTime:0.043002s ]
[ 2016-06-25T00:22:26+08:00 ] /QA/ | INFO: Tag[ view_parse ] --END-- [ RunTime:0.044003s ]
[ 2016-06-25T00:22:26+08:00 ] /QA/ | INFO: Tag[ view_filter ] --START--
[ 2016-06-25T00:22:26+08:00 ] /QA/ | INFO: Run ContentReplace Behavior [ RunTime:0.003000s ]
[ 2016-06-25T00:22:26+08:00 ] /QA/ | INFO: Run TokenBuild Behavior [ RunTime:0.003000s ]
[ 2016-06-25T00:22:26+08:00 ] /QA/ | INFO: Run WriteHtmlCache Behavior [ RunTime:0.002000s ]
[ 2016-06-25T00:22:26+08:00 ] /QA/ | INFO: Run ShowRuntime Behavior [ RunTime:0.003001s ]
[ 2016-06-25T00:22:26+08:00 ] /QA/ | INFO: Tag[ view_filter ] --END-- [ RunTime:0.011001s ]
[ 2016-06-25T00:22:26+08:00 ] /QA/ | INFO: Tag[ view_end ] --START--
[ 2016-06-25T00:22:26+08:00 ] /QA/ | INFO: Run ShowPageTrace Behavior [ RunTime:0.002000s ]
[ 2016-06-25T00:22:26+08:00 ] /QA/ | INFO: Tag[ view_end ] --END-- [ RunTime:0.002000s ]
[ 2016-06-25T00:23:42+08:00 ] /QA/index.php/member/index | INFO: Tag[ route_check ] --START--
[ 2016-06-25T00:23:42+08:00 ] /QA/index.php/member/index | INFO: Run CheckRoute Behavior [ RunTime:0.005000s ]
[ 2016-06-25T00:23:42+08:00 ] /QA/index.php/member/index | INFO: Tag[ route_check ] --END-- [ RunTime:0.005000s ]
[ 2016-06-25T00:23:42+08:00 ] /QA/index.php/member/index | INFO: Tag[ app_begin ] --START--
[ 2016-06-25T00:23:42+08:00 ] /QA/index.php/member/index | INFO: Run ReadHtmlCache Behavior [ RunTime:0.002001s ]
[ 2016-06-25T00:23:42+08:00 ] /QA/index.php/member/index | INFO: Tag[ app_begin ] --END-- [ RunTime:0.002001s ]
[ 2016-06-25T00:23:43+08:00 ] /QA/index.php/member/index | SQL: SHOW COLUMNS FROM `wl_index_user` [ RunTime:0.013001s ]
[ 2016-06-25T00:23:43+08:00 ] /QA/index.php/member/index | SQL: SELECT `id`,`username`,`money`,`experience`,`adopt`,`answer`,`ask` FROM `wl_index_user` LIMIT 1   [ RunTime:0.000000s ]
[ 2016-06-25T00:23:43+08:00 ] /QA/index.php/member/index | INFO: Tag[ view_template ] --START--
[ 2016-06-25T00:23:43+08:00 ] /QA/index.php/member/index | INFO: Run LocationTemplate Behavior [ RunTime:0.001000s ]
[ 2016-06-25T00:23:43+08:00 ] /QA/index.php/member/index | INFO: Tag[ view_template ] --END-- [ RunTime:0.002000s ]
[ 2016-06-25T00:23:43+08:00 ] /QA/index.php/member/index | INFO: Tag[ view_parse ] --START--
[ 2016-06-25T00:23:43+08:00 ] /QA/index.php/member/index | INFO: Run ParseTemplate Behavior [ RunTime:0.032002s ]
[ 2016-06-25T00:23:43+08:00 ] /QA/index.php/member/index | INFO: Tag[ view_parse ] --END-- [ RunTime:0.032002s ]
[ 2016-06-25T00:23:43+08:00 ] /QA/index.php/member/index | INFO: Tag[ view_filter ] --START--
[ 2016-06-25T00:23:43+08:00 ] /QA/index.php/member/index | INFO: Run ContentReplace Behavior [ RunTime:0.003000s ]
[ 2016-06-25T00:23:43+08:00 ] /QA/index.php/member/index | INFO: Run TokenBuild Behavior [ RunTime:0.001001s ]
[ 2016-06-25T00:23:43+08:00 ] /QA/index.php/member/index | INFO: Run WriteHtmlCache Behavior [ RunTime:0.002000s ]
[ 2016-06-25T00:23:43+08:00 ] /QA/index.php/member/index | INFO: Run ShowRuntime Behavior [ RunTime:0.005000s ]
[ 2016-06-25T00:23:43+08:00 ] /QA/index.php/member/index | INFO: Tag[ view_filter ] --END-- [ RunTime:0.012001s ]
[ 2016-06-25T00:23:43+08:00 ] /QA/index.php/member/index | INFO: Tag[ view_end ] --START--
[ 2016-06-25T00:23:43+08:00 ] /QA/index.php/member/index | INFO: Run ShowPageTrace Behavior [ RunTime:0.005000s ]
[ 2016-06-25T00:23:43+08:00 ] /QA/index.php/member/index | INFO: Tag[ view_end ] --END-- [ RunTime:0.005000s ]
[ 2016-06-25T00:30:36+08:00 ] /QA/index.php/index/index | INFO: Tag[ route_check ] --START--
[ 2016-06-25T00:30:36+08:00 ] /QA/index.php/index/index | INFO: Run CheckRoute Behavior [ RunTime:0.011001s ]
[ 2016-06-25T00:30:36+08:00 ] /QA/index.php/index/index | INFO: Tag[ route_check ] --END-- [ RunTime:0.011001s ]
[ 2016-06-25T00:30:36+08:00 ] /QA/index.php/index/index | INFO: Tag[ app_begin ] --START--
[ 2016-06-25T00:30:36+08:00 ] /QA/index.php/index/index | INFO: Run ReadHtmlCache Behavior [ RunTime:0.004000s ]
[ 2016-06-25T00:30:36+08:00 ] /QA/index.php/index/index | INFO: Tag[ app_begin ] --END-- [ RunTime:0.004000s ]
[ 2016-06-25T00:30:37+08:00 ] /QA/index.php/index/index | SQL: SHOW COLUMNS FROM `wl_category` [ RunTime:0.014001s ]
[ 2016-06-25T00:30:37+08:00 ] /QA/index.php/index/index | SQL: SELECT * FROM `wl_category` WHERE ( `pid` = 0 )  [ RunTime:0.001000s ]
[ 2016-06-25T00:30:37+08:00 ] /QA/index.php/index/index | SQL: SELECT * FROM `wl_category` WHERE ( `pid` = '1' )  [ RunTime:0.001001s ]
[ 2016-06-25T00:30:37+08:00 ] /QA/index.php/index/index | SQL: SELECT * FROM `wl_category` WHERE ( `pid` = '2' )  [ RunTime:0.001000s ]
[ 2016-06-25T00:30:37+08:00 ] /QA/index.php/index/index | SQL: SELECT * FROM `wl_category` WHERE ( `pid` = '3' )  [ RunTime:0.004000s ]
[ 2016-06-25T00:30:37+08:00 ] /QA/index.php/index/index | SQL: SELECT * FROM `wl_category` WHERE ( `pid` = '4' )  [ RunTime:0.003000s ]
[ 2016-06-25T00:30:37+08:00 ] /QA/index.php/index/index | SQL: SELECT * FROM `wl_category` WHERE ( `pid` = '5' )  [ RunTime:0.000000s ]
[ 2016-06-25T00:30:37+08:00 ] /QA/index.php/index/index | SQL: SHOW COLUMNS FROM `wl_question` [ RunTime:0.015001s ]
[ 2016-06-25T00:30:37+08:00 ] /QA/index.php/index/index | SQL: SELECT * FROM `wl_question` WHERE ( `solve` = 0 ) LIMIT 15   [ RunTime:0.002000s ]
[ 2016-06-25T00:30:37+08:00 ] /QA/index.php/index/index | SQL: SHOW COLUMNS FROM `wl_index_user` [ RunTime:0.015001s ]
[ 2016-06-25T00:30:37+08:00 ] /QA/index.php/index/index | SQL: SELECT * FROM `wl_index_user` ORDER BY adopt LIMIT 10   [ RunTime:0.001000s ]
[ 2016-06-25T00:30:37+08:00 ] /QA/index.php/index/index | INFO: Tag[ view_template ] --START--
[ 2016-06-25T00:30:37+08:00 ] /QA/index.php/index/index | INFO: Run LocationTemplate Behavior [ RunTime:0.003000s ]
[ 2016-06-25T00:30:37+08:00 ] /QA/index.php/index/index | INFO: Tag[ view_template ] --END-- [ RunTime:0.004000s ]
[ 2016-06-25T00:30:37+08:00 ] /QA/index.php/index/index | INFO: Tag[ view_parse ] --START--
[ 2016-06-25T00:30:37+08:00 ] /QA/index.php/index/index | INFO: Run ParseTemplate Behavior [ RunTime:0.046003s ]
[ 2016-06-25T00:30:37+08:00 ] /QA/index.php/index/index | INFO: Tag[ view_parse ] --END-- [ RunTime:0.046003s ]
[ 2016-06-25T00:30:37+08:00 ] /QA/index.php/index/index | INFO: Tag[ view_filter ] --START--
[ 2016-06-25T00:30:37+08:00 ] /QA/index.php/index/index | INFO: Run ContentReplace Behavior [ RunTime:0.006000s ]
[ 2016-06-25T00:30:37+08:00 ] /QA/index.php/index/index | INFO: Run TokenBuild Behavior [ RunTime:0.003001s ]
[ 2016-06-25T00:30:37+08:00 ] /QA/index.php/index/index | INFO: Run WriteHtmlCache Behavior [ RunTime:0.021001s ]
[ 2016-06-25T00:30:37+08:00 ] /QA/index.php/index/index | INFO: Run ShowRuntime Behavior [ RunTime:0.005000s ]
[ 2016-06-25T00:30:37+08:00 ] /QA/index.php/index/index | INFO: Tag[ view_filter ] --END-- [ RunTime:0.035002s ]
[ 2016-06-25T00:30:37+08:00 ] /QA/index.php/index/index | INFO: Tag[ view_end ] --START--
[ 2016-06-25T00:30:37+08:00 ] /QA/index.php/index/index | INFO: Run ShowPageTrace Behavior [ RunTime:0.033002s ]
[ 2016-06-25T00:30:37+08:00 ] /QA/index.php/index/index | INFO: Tag[ view_end ] --END-- [ RunTime:0.035002s ]
[ 2016-06-25T00:30:44+08:00 ] /QA/index.php/member/index/id/87 | INFO: Tag[ route_check ] --START--
[ 2016-06-25T00:30:44+08:00 ] /QA/index.php/member/index/id/87 | INFO: Run CheckRoute Behavior [ RunTime:0.003000s ]
[ 2016-06-25T00:30:44+08:00 ] /QA/index.php/member/index/id/87 | INFO: Tag[ route_check ] --END-- [ RunTime:0.003000s ]
[ 2016-06-25T00:30:44+08:00 ] /QA/index.php/member/index/id/87 | INFO: Tag[ app_begin ] --START--
[ 2016-06-25T00:30:44+08:00 ] /QA/index.php/member/index/id/87 | INFO: Run ReadHtmlCache Behavior [ RunTime:0.002000s ]
[ 2016-06-25T00:30:44+08:00 ] /QA/index.php/member/index/id/87 | INFO: Tag[ app_begin ] --END-- [ RunTime:0.003001s ]
[ 2016-06-25T00:30:45+08:00 ] /QA/index.php/member/index/id/87 | SQL: SHOW COLUMNS FROM `wl_index_user` [ RunTime:0.020001s ]
[ 2016-06-25T00:30:45+08:00 ] /QA/index.php/member/index/id/87 | SQL: SELECT `id`,`username`,`money`,`experience`,`adopt`,`answer`,`ask` FROM `wl_index_user` WHERE ( `id` = 87 ) LIMIT 1   [ RunTime:0.001000s ]
[ 2016-06-25T00:30:45+08:00 ] /QA/index.php/member/index/id/87 | INFO: Tag[ view_template ] --START--
[ 2016-06-25T00:30:45+08:00 ] /QA/index.php/member/index/id/87 | INFO: Run LocationTemplate Behavior [ RunTime:0.005000s ]
[ 2016-06-25T00:30:45+08:00 ] /QA/index.php/member/index/id/87 | INFO: Tag[ view_template ] --END-- [ RunTime:0.006000s ]
[ 2016-06-25T00:30:45+08:00 ] /QA/index.php/member/index/id/87 | INFO: Tag[ view_parse ] --START--
[ 2016-06-25T00:30:45+08:00 ] /QA/index.php/member/index/id/87 | INFO: Run ParseTemplate Behavior [ RunTime:0.035002s ]
[ 2016-06-25T00:30:45+08:00 ] /QA/index.php/member/index/id/87 | INFO: Tag[ view_parse ] --END-- [ RunTime:0.036002s ]
[ 2016-06-25T00:30:45+08:00 ] /QA/index.php/member/index/id/87 | INFO: Tag[ view_filter ] --START--
[ 2016-06-25T00:30:45+08:00 ] /QA/index.php/member/index/id/87 | INFO: Run ContentReplace Behavior [ RunTime:0.001000s ]
[ 2016-06-25T00:30:45+08:00 ] /QA/index.php/member/index/id/87 | INFO: Run TokenBuild Behavior [ RunTime:0.003001s ]
[ 2016-06-25T00:30:45+08:00 ] /QA/index.php/member/index/id/87 | INFO: Run WriteHtmlCache Behavior [ RunTime:0.002000s ]
[ 2016-06-25T00:30:45+08:00 ] /QA/index.php/member/index/id/87 | INFO: Run ShowRuntime Behavior [ RunTime:0.002000s ]
[ 2016-06-25T00:30:45+08:00 ] /QA/index.php/member/index/id/87 | INFO: Tag[ view_filter ] --END-- [ RunTime:0.008001s ]
[ 2016-06-25T00:30:45+08:00 ] /QA/index.php/member/index/id/87 | INFO: Tag[ view_end ] --START--
[ 2016-06-25T00:30:45+08:00 ] /QA/index.php/member/index/id/87 | INFO: Run ShowPageTrace Behavior [ RunTime:0.003000s ]
[ 2016-06-25T00:30:45+08:00 ] /QA/index.php/member/index/id/87 | INFO: Tag[ view_end ] --END-- [ RunTime:0.004000s ]
[ 2016-06-25T00:34:40+08:00 ] /QA/index.php/index/index | INFO: Tag[ route_check ] --START--
[ 2016-06-25T00:34:40+08:00 ] /QA/index.php/index/index | INFO: Run CheckRoute Behavior [ RunTime:0.003001s ]
[ 2016-06-25T00:34:40+08:00 ] /QA/index.php/index/index | INFO: Tag[ route_check ] --END-- [ RunTime:0.004001s ]
[ 2016-06-25T00:34:40+08:00 ] /QA/index.php/index/index | INFO: Tag[ app_begin ] --START--
[ 2016-06-25T00:34:40+08:00 ] /QA/index.php/index/index | INFO: Run ReadHtmlCache Behavior [ RunTime:0.002000s ]
[ 2016-06-25T00:34:40+08:00 ] /QA/index.php/index/index | INFO: Tag[ app_begin ] --END-- [ RunTime:0.003000s ]
[ 2016-06-25T00:34:41+08:00 ] /QA/index.php/index/index | SQL: SHOW COLUMNS FROM `wl_category` [ RunTime:0.013001s ]
[ 2016-06-25T00:34:41+08:00 ] /QA/index.php/index/index | SQL: SELECT * FROM `wl_category` WHERE ( `pid` = 0 )  [ RunTime:0.001000s ]
[ 2016-06-25T00:34:41+08:00 ] /QA/index.php/index/index | SQL: SELECT * FROM `wl_category` WHERE ( `pid` = '1' )  [ RunTime:0.001000s ]
[ 2016-06-25T00:34:41+08:00 ] /QA/index.php/index/index | SQL: SELECT * FROM `wl_category` WHERE ( `pid` = '2' )  [ RunTime:0.002000s ]
[ 2016-06-25T00:34:41+08:00 ] /QA/index.php/index/index | SQL: SELECT * FROM `wl_category` WHERE ( `pid` = '3' )  [ RunTime:0.001000s ]
[ 2016-06-25T00:34:41+08:00 ] /QA/index.php/index/index | SQL: SELECT * FROM `wl_category` WHERE ( `pid` = '4' )  [ RunTime:0.002000s ]
[ 2016-06-25T00:34:41+08:00 ] /QA/index.php/index/index | SQL: SELECT * FROM `wl_category` WHERE ( `pid` = '5' )  [ RunTime:0.001001s ]
[ 2016-06-25T00:34:41+08:00 ] /QA/index.php/index/index | SQL: SHOW COLUMNS FROM `wl_question` [ RunTime:0.018001s ]
[ 2016-06-25T00:34:41+08:00 ] /QA/index.php/index/index | SQL: SELECT * FROM `wl_question` WHERE ( `solve` = 0 ) LIMIT 15   [ RunTime:0.001000s ]
[ 2016-06-25T00:34:42+08:00 ] /QA/index.php/index/index | SQL: SHOW COLUMNS FROM `wl_index_user` [ RunTime:0.016001s ]
[ 2016-06-25T00:34:42+08:00 ] /QA/index.php/index/index | SQL: SELECT * FROM `wl_index_user` ORDER BY adopt LIMIT 10   [ RunTime:0.001000s ]
[ 2016-06-25T00:34:42+08:00 ] /QA/index.php/index/index | INFO: Tag[ view_template ] --START--
[ 2016-06-25T00:34:42+08:00 ] /QA/index.php/index/index | INFO: Run LocationTemplate Behavior [ RunTime:0.003000s ]
[ 2016-06-25T00:34:42+08:00 ] /QA/index.php/index/index | INFO: Tag[ view_template ] --END-- [ RunTime:0.004000s ]
[ 2016-06-25T00:34:42+08:00 ] /QA/index.php/index/index | INFO: Tag[ view_parse ] --START--
[ 2016-06-25T00:34:42+08:00 ] /QA/index.php/index/index | INFO: Run ParseTemplate Behavior [ RunTime:0.042002s ]
[ 2016-06-25T00:34:42+08:00 ] /QA/index.php/index/index | INFO: Tag[ view_parse ] --END-- [ RunTime:0.042002s ]
[ 2016-06-25T00:34:42+08:00 ] /QA/index.php/index/index | INFO: Tag[ view_filter ] --START--
[ 2016-06-25T00:34:42+08:00 ] /QA/index.php/index/index | INFO: Run ContentReplace Behavior [ RunTime:0.002001s ]
[ 2016-06-25T00:34:42+08:00 ] /QA/index.php/index/index | INFO: Run TokenBuild Behavior [ RunTime:0.002000s ]
[ 2016-06-25T00:34:42+08:00 ] /QA/index.php/index/index | INFO: Run WriteHtmlCache Behavior [ RunTime:0.002000s ]
[ 2016-06-25T00:34:42+08:00 ] /QA/index.php/index/index | INFO: Run ShowRuntime Behavior [ RunTime:0.002000s ]
[ 2016-06-25T00:34:42+08:00 ] /QA/index.php/index/index | INFO: Tag[ view_filter ] --END-- [ RunTime:0.008001s ]
[ 2016-06-25T00:34:42+08:00 ] /QA/index.php/index/index | INFO: Tag[ view_end ] --START--
[ 2016-06-25T00:34:42+08:00 ] /QA/index.php/index/index | INFO: Run ShowPageTrace Behavior [ RunTime:0.002000s ]
[ 2016-06-25T00:34:42+08:00 ] /QA/index.php/index/index | INFO: Tag[ view_end ] --END-- [ RunTime:0.002000s ]
[ 2016-06-25T00:34:50+08:00 ] /QA/index.php/show/index/id/14 | INFO: Tag[ route_check ] --START--
[ 2016-06-25T00:34:50+08:00 ] /QA/index.php/show/index/id/14 | INFO: Run CheckRoute Behavior [ RunTime:0.004001s ]
[ 2016-06-25T00:34:50+08:00 ] /QA/index.php/show/index/id/14 | INFO: Tag[ route_check ] --END-- [ RunTime:0.004001s ]
[ 2016-06-25T00:34:50+08:00 ] /QA/index.php/show/index/id/14 | INFO: Tag[ app_begin ] --START--
[ 2016-06-25T00:34:50+08:00 ] /QA/index.php/show/index/id/14 | INFO: Run ReadHtmlCache Behavior [ RunTime:0.002000s ]
[ 2016-06-25T00:34:50+08:00 ] /QA/index.php/show/index/id/14 | INFO: Tag[ app_begin ] --END-- [ RunTime:0.002000s ]
[ 2016-06-25T00:34:51+08:00 ] /QA/index.php/show/index/id/14 | SQL: SHOW COLUMNS FROM `wl_question` [ RunTime:0.014001s ]
[ 2016-06-25T00:34:51+08:00 ] /QA/index.php/show/index/id/14 | SQL: SHOW COLUMNS FROM `wl_index_user` [ RunTime:0.102006s ]
[ 2016-06-25T00:34:51+08:00 ] /QA/index.php/show/index/id/14 | SQL: SELECT question.id AS id,question.ask_content AS ask_content,question.money_reward AS money_reward,question.solve AS solve,question.ask_time AS ask_time,question.cid AS cid,question.answer AS answer,question.uid AS uid,Index_user.id AS id,Index_user.username AS username,Index_user.experience AS experience FROM wl_question question LEFT JOIN wl_index_user Index_user ON question.uid = Index_user.id WHERE ( question.id = 14 ) LIMIT 1   [ RunTime:0.001000s ]
[ 2016-06-25T00:34:51+08:00 ] /QA/index.php/show/index/id/14 | SQL: SHOW COLUMNS FROM `wl_answer` [ RunTime:0.013001s ]
[ 2016-06-25T00:34:51+08:00 ] /QA/index.php/show/index/id/14 | SQL: SELECT answer.id AS id,answer.answer_content AS answer_content,answer.answer_time AS answer_time,Index_user.id AS id,Index_user.username AS username,Index_user.experience AS experience,Index_user.answer AS answer,Index_user.adopt AS adopt FROM wl_answer answer LEFT JOIN wl_index_user Index_user ON answer.uid=Index_user.id WHERE ( `aid` = 14 ) AND ( answer.adopt = 1 ) LIMIT 1   [ RunTime:0.001000s ]
[ 2016-06-25T00:34:51+08:00 ] /QA/index.php/show/index/id/14 | SQL: SELECT COUNT(*) AS tp_count FROM `wl_answer` WHERE ( `qid` = 14 ) AND ( answer.adopt = 0 ) LIMIT 1   [ RunTime:0.001000s ]
[ 2016-06-25T00:34:51+08:00 ] /QA/index.php/show/index/id/14 | SQL: SELECT answer.id AS id,answer.answer_content AS answer_content,answer.answer_time AS answer_time,Index_user.id AS id,Index_user.username AS username,Index_user.experience AS experience,Index_user.answer AS answer,Index_user.adopt AS adopt FROM wl_answer answer LEFT JOIN wl_index_user Index_user ON answer.uid=Index_user.id WHERE ( `qid` = 14 ) AND ( answer.adopt = 0 ) LIMIT 0,10   [ RunTime:0.001000s ]
[ 2016-06-25T00:34:51+08:00 ] /QA/index.php/show/index/id/14 | INFO: Tag[ view_template ] --START--
[ 2016-06-25T00:34:51+08:00 ] /QA/index.php/show/index/id/14 | INFO: Run LocationTemplate Behavior [ RunTime:0.002000s ]
[ 2016-06-25T00:34:51+08:00 ] /QA/index.php/show/index/id/14 | INFO: Tag[ view_template ] --END-- [ RunTime:0.002000s ]
[ 2016-06-25T00:34:51+08:00 ] /QA/index.php/show/index/id/14 | INFO: Tag[ view_parse ] --START--
[ 2016-06-25T00:34:51+08:00 ] /QA/index.php/show/index/id/14 | NOTIC: [8] Use of undefined constant solve - assumed 'solve' f354fc626e6f7e38fd97a443b43fbcf1.php 第 184 行.
[ 2016-06-25T00:34:51+08:00 ] /QA/index.php/show/index/id/14 | INFO: Run ParseTemplate Behavior [ RunTime:0.034002s ]
[ 2016-06-25T00:34:51+08:00 ] /QA/index.php/show/index/id/14 | INFO: Tag[ view_parse ] --END-- [ RunTime:0.035002s ]
[ 2016-06-25T00:34:51+08:00 ] /QA/index.php/show/index/id/14 | INFO: Tag[ view_filter ] --START--
[ 2016-06-25T00:34:51+08:00 ] /QA/index.php/show/index/id/14 | INFO: Run ContentReplace Behavior [ RunTime:0.001001s ]
[ 2016-06-25T00:34:51+08:00 ] /QA/index.php/show/index/id/14 | INFO: Run TokenBuild Behavior [ RunTime:0.002000s ]
[ 2016-06-25T00:34:51+08:00 ] /QA/index.php/show/index/id/14 | INFO: Run WriteHtmlCache Behavior [ RunTime:0.001000s ]
[ 2016-06-25T00:34:51+08:00 ] /QA/index.php/show/index/id/14 | INFO: Run ShowRuntime Behavior [ RunTime:0.002000s ]
[ 2016-06-25T00:34:51+08:00 ] /QA/index.php/show/index/id/14 | INFO: Tag[ view_filter ] --END-- [ RunTime:0.006001s ]
[ 2016-06-25T00:34:51+08:00 ] /QA/index.php/show/index/id/14 | INFO: Tag[ view_end ] --START--
[ 2016-06-25T00:34:51+08:00 ] /QA/index.php/show/index/id/14 | INFO: Run ShowPageTrace Behavior [ RunTime:0.002000s ]
[ 2016-06-25T00:34:51+08:00 ] /QA/index.php/show/index/id/14 | INFO: Tag[ view_end ] --END-- [ RunTime:0.003000s ]
[ 2016-06-25T00:35:34+08:00 ] /QA/index.php/index/index | INFO: Tag[ route_check ] --START--
[ 2016-06-25T00:35:34+08:00 ] /QA/index.php/index/index | INFO: Run CheckRoute Behavior [ RunTime:0.003000s ]
[ 2016-06-25T00:35:34+08:00 ] /QA/index.php/index/index | INFO: Tag[ route_check ] --END-- [ RunTime:0.004000s ]
[ 2016-06-25T00:35:34+08:00 ] /QA/index.php/index/index | INFO: Tag[ app_begin ] --START--
[ 2016-06-25T00:35:34+08:00 ] /QA/index.php/index/index | INFO: Run ReadHtmlCache Behavior [ RunTime:0.003000s ]
[ 2016-06-25T00:35:34+08:00 ] /QA/index.php/index/index | INFO: Tag[ app_begin ] --END-- [ RunTime:0.003000s ]
[ 2016-06-25T00:35:35+08:00 ] /QA/index.php/index/index | SQL: SHOW COLUMNS FROM `wl_category` [ RunTime:0.014001s ]
[ 2016-06-25T00:35:35+08:00 ] /QA/index.php/index/index | SQL: SELECT * FROM `wl_category` WHERE ( `pid` = 0 )  [ RunTime:0.001000s ]
[ 2016-06-25T00:35:35+08:00 ] /QA/index.php/index/index | SQL: SELECT * FROM `wl_category` WHERE ( `pid` = '1' )  [ RunTime:0.001000s ]
[ 2016-06-25T00:35:35+08:00 ] /QA/index.php/index/index | SQL: SELECT * FROM `wl_category` WHERE ( `pid` = '2' )  [ RunTime:0.001000s ]
[ 2016-06-25T00:35:35+08:00 ] /QA/index.php/index/index | SQL: SELECT * FROM `wl_category` WHERE ( `pid` = '3' )  [ RunTime:0.001000s ]
[ 2016-06-25T00:35:35+08:00 ] /QA/index.php/index/index | SQL: SELECT * FROM `wl_category` WHERE ( `pid` = '4' )  [ RunTime:0.002000s ]
[ 2016-06-25T00:35:35+08:00 ] /QA/index.php/index/index | SQL: SELECT * FROM `wl_category` WHERE ( `pid` = '5' )  [ RunTime:0.001000s ]
[ 2016-06-25T00:35:35+08:00 ] /QA/index.php/index/index | SQL: SHOW COLUMNS FROM `wl_question` [ RunTime:0.013001s ]
[ 2016-06-25T00:35:35+08:00 ] /QA/index.php/index/index | SQL: SELECT * FROM `wl_question` WHERE ( `solve` = 0 ) LIMIT 15   [ RunTime:0.001000s ]
[ 2016-06-25T00:35:35+08:00 ] /QA/index.php/index/index | SQL: SHOW COLUMNS FROM `wl_index_user` [ RunTime:0.017001s ]
[ 2016-06-25T00:35:35+08:00 ] /QA/index.php/index/index | SQL: SELECT * FROM `wl_index_user` ORDER BY adopt LIMIT 10   [ RunTime:0.001000s ]
[ 2016-06-25T00:35:35+08:00 ] /QA/index.php/index/index | INFO: Tag[ view_template ] --START--
[ 2016-06-25T00:35:35+08:00 ] /QA/index.php/index/index | INFO: Run LocationTemplate Behavior [ RunTime:0.002001s ]
[ 2016-06-25T00:35:35+08:00 ] /QA/index.php/index/index | INFO: Tag[ view_template ] --END-- [ RunTime:0.002001s ]
[ 2016-06-25T00:35:35+08:00 ] /QA/index.php/index/index | INFO: Tag[ view_parse ] --START--
[ 2016-06-25T00:35:35+08:00 ] /QA/index.php/index/index | INFO: Run ParseTemplate Behavior [ RunTime:0.050002s ]
[ 2016-06-25T00:35:35+08:00 ] /QA/index.php/index/index | INFO: Tag[ view_parse ] --END-- [ RunTime:0.051003s ]
[ 2016-06-25T00:35:35+08:00 ] /QA/index.php/index/index | INFO: Tag[ view_filter ] --START--
[ 2016-06-25T00:35:35+08:00 ] /QA/index.php/index/index | INFO: Run ContentReplace Behavior [ RunTime:0.002000s ]
[ 2016-06-25T00:35:35+08:00 ] /QA/index.php/index/index | INFO: Run TokenBuild Behavior [ RunTime:0.002000s ]
[ 2016-06-25T00:35:35+08:00 ] /QA/index.php/index/index | INFO: Run WriteHtmlCache Behavior [ RunTime:0.002000s ]
[ 2016-06-25T00:35:35+08:00 ] /QA/index.php/index/index | INFO: Run ShowRuntime Behavior [ RunTime:0.001000s ]
[ 2016-06-25T00:35:35+08:00 ] /QA/index.php/index/index | INFO: Tag[ view_filter ] --END-- [ RunTime:0.008000s ]
[ 2016-06-25T00:35:35+08:00 ] /QA/index.php/index/index | INFO: Tag[ view_end ] --START--
[ 2016-06-25T00:35:35+08:00 ] /QA/index.php/index/index | INFO: Run ShowPageTrace Behavior [ RunTime:0.002000s ]
[ 2016-06-25T00:35:35+08:00 ] /QA/index.php/index/index | INFO: Tag[ view_end ] --END-- [ RunTime:0.002000s ]
[ 2016-06-25T00:35:34+08:00 ] /QA/index.php/index/index | INFO: Tag[ route_check ] --START--
[ 2016-06-25T00:35:34+08:00 ] /QA/index.php/index/index | INFO: Run CheckRoute Behavior [ RunTime:0.003000s ]
[ 2016-06-25T00:35:34+08:00 ] /QA/index.php/index/index | INFO: Tag[ route_check ] --END-- [ RunTime:0.003000s ]
[ 2016-06-25T00:35:34+08:00 ] /QA/index.php/index/index | INFO: Tag[ app_begin ] --START--
[ 2016-06-25T00:35:34+08:00 ] /QA/index.php/index/index | INFO: Run ReadHtmlCache Behavior [ RunTime:0.001000s ]
[ 2016-06-25T00:35:34+08:00 ] /QA/index.php/index/index | INFO: Tag[ app_begin ] --END-- [ RunTime:0.002000s ]
[ 2016-06-25T00:35:36+08:00 ] /QA/index.php/index/index | SQL: SHOW COLUMNS FROM `wl_category` [ RunTime:0.016001s ]
[ 2016-06-25T00:35:36+08:00 ] /QA/index.php/index/index | SQL: SELECT * FROM `wl_category` WHERE ( `pid` = 0 )  [ RunTime:0.003000s ]
[ 2016-06-25T00:35:36+08:00 ] /QA/index.php/index/index | SQL: SELECT * FROM `wl_category` WHERE ( `pid` = '1' )  [ RunTime:0.002000s ]
[ 2016-06-25T00:35:36+08:00 ] /QA/index.php/index/index | SQL: SELECT * FROM `wl_category` WHERE ( `pid` = '2' )  [ RunTime:0.005000s ]
[ 2016-06-25T00:35:36+08:00 ] /QA/index.php/index/index | SQL: SELECT * FROM `wl_category` WHERE ( `pid` = '3' )  [ RunTime:0.001000s ]
[ 2016-06-25T00:35:36+08:00 ] /QA/index.php/index/index | SQL: SELECT * FROM `wl_category` WHERE ( `pid` = '4' )  [ RunTime:0.000000s ]
[ 2016-06-25T00:35:36+08:00 ] /QA/index.php/index/index | SQL: SELECT * FROM `wl_category` WHERE ( `pid` = '5' )  [ RunTime:0.000000s ]
[ 2016-06-25T00:35:36+08:00 ] /QA/index.php/index/index | SQL: SHOW COLUMNS FROM `wl_question` [ RunTime:0.017001s ]
[ 2016-06-25T00:35:36+08:00 ] /QA/index.php/index/index | SQL: SELECT * FROM `wl_question` WHERE ( `solve` = 0 ) LIMIT 15   [ RunTime:0.001000s ]
[ 2016-06-25T00:35:36+08:00 ] /QA/index.php/index/index | SQL: SHOW COLUMNS FROM `wl_index_user` [ RunTime:0.015001s ]
[ 2016-06-25T00:35:36+08:00 ] /QA/index.php/index/index | SQL: SELECT * FROM `wl_index_user` ORDER BY adopt LIMIT 10   [ RunTime:0.001000s ]
[ 2016-06-25T00:35:36+08:00 ] /QA/index.php/index/index | INFO: Tag[ view_template ] --START--
[ 2016-06-25T00:35:36+08:00 ] /QA/index.php/index/index | INFO: Run LocationTemplate Behavior [ RunTime:0.002000s ]
[ 2016-06-25T00:35:36+08:00 ] /QA/index.php/index/index | INFO: Tag[ view_template ] --END-- [ RunTime:0.003000s ]
[ 2016-06-25T00:35:36+08:00 ] /QA/index.php/index/index | INFO: Tag[ view_parse ] --START--
[ 2016-06-25T00:35:36+08:00 ] /QA/index.php/index/index | INFO: Run ParseTemplate Behavior [ RunTime:0.052003s ]
[ 2016-06-25T00:35:36+08:00 ] /QA/index.php/index/index | INFO: Tag[ view_parse ] --END-- [ RunTime:0.052003s ]
[ 2016-06-25T00:35:36+08:00 ] /QA/index.php/index/index | INFO: Tag[ view_filter ] --START--
[ 2016-06-25T00:35:36+08:00 ] /QA/index.php/index/index | INFO: Run ContentReplace Behavior [ RunTime:0.002001s ]
[ 2016-06-25T00:35:36+08:00 ] /QA/index.php/index/index | INFO: Run TokenBuild Behavior [ RunTime:0.003000s ]
[ 2016-06-25T00:35:36+08:00 ] /QA/index.php/index/index | INFO: Run WriteHtmlCache Behavior [ RunTime:0.001000s ]
[ 2016-06-25T00:35:36+08:00 ] /QA/index.php/index/index | INFO: Run ShowRuntime Behavior [ RunTime:0.001000s ]
[ 2016-06-25T00:35:36+08:00 ] /QA/index.php/index/index | INFO: Tag[ view_filter ] --END-- [ RunTime:0.009001s ]
[ 2016-06-25T00:35:36+08:00 ] /QA/index.php/index/index | INFO: Tag[ view_end ] --START--
[ 2016-06-25T00:35:36+08:00 ] /QA/index.php/index/index | INFO: Run ShowPageTrace Behavior [ RunTime:0.002000s ]
[ 2016-06-25T00:35:36+08:00 ] /QA/index.php/index/index | INFO: Tag[ view_end ] --END-- [ RunTime:0.002000s ]
[ 2016-06-25T14:03:25+08:00 ] /QA/ | INFO: Tag[ app_begin ] --START--
[ 2016-06-25T14:03:25+08:00 ] /QA/ | INFO: Run ReadHtmlCache Behavior [ RunTime:0.003000s ]
[ 2016-06-25T14:03:25+08:00 ] /QA/ | INFO: Tag[ app_begin ] --END-- [ RunTime:0.003000s ]
[ 2016-06-25T14:03:26+08:00 ] /QA/ | SQL: SHOW COLUMNS FROM `wl_category` [ RunTime:0.027002s ]
[ 2016-06-25T14:03:26+08:00 ] /QA/ | SQL: SELECT * FROM `wl_category` WHERE ( `pid` = 0 )  [ RunTime:0.002000s ]
[ 2016-06-25T14:03:26+08:00 ] /QA/ | SQL: SELECT * FROM `wl_category` WHERE ( `pid` = '1' )  [ RunTime:0.001000s ]
[ 2016-06-25T14:03:26+08:00 ] /QA/ | SQL: SELECT * FROM `wl_category` WHERE ( `pid` = '2' )  [ RunTime:0.001000s ]
[ 2016-06-25T14:03:26+08:00 ] /QA/ | SQL: SELECT * FROM `wl_category` WHERE ( `pid` = '3' )  [ RunTime:0.001000s ]
[ 2016-06-25T14:03:26+08:00 ] /QA/ | SQL: SELECT * FROM `wl_category` WHERE ( `pid` = '4' )  [ RunTime:0.001000s ]
[ 2016-06-25T14:03:26+08:00 ] /QA/ | SQL: SELECT * FROM `wl_category` WHERE ( `pid` = '5' )  [ RunTime:0.002000s ]
[ 2016-06-25T14:03:26+08:00 ] /QA/ | SQL: SHOW COLUMNS FROM `wl_question` [ RunTime:0.020001s ]
[ 2016-06-25T14:03:26+08:00 ] /QA/ | SQL: SELECT * FROM `wl_question` WHERE ( `solve` = 0 ) LIMIT 15   [ RunTime:0.001000s ]
[ 2016-06-25T14:03:26+08:00 ] /QA/ | SQL: SHOW COLUMNS FROM `wl_index_user` [ RunTime:0.033002s ]
[ 2016-06-25T14:03:26+08:00 ] /QA/ | SQL: SELECT * FROM `wl_index_user` ORDER BY adopt LIMIT 10   [ RunTime:0.001000s ]
[ 2016-06-25T14:03:26+08:00 ] /QA/ | INFO: Tag[ view_template ] --START--
[ 2016-06-25T14:03:26+08:00 ] /QA/ | INFO: Run LocationTemplate Behavior [ RunTime:0.003000s ]
[ 2016-06-25T14:03:26+08:00 ] /QA/ | INFO: Tag[ view_template ] --END-- [ RunTime:0.003000s ]
[ 2016-06-25T14:03:26+08:00 ] /QA/ | INFO: Tag[ view_parse ] --START--
[ 2016-06-25T14:03:27+08:00 ] /QA/ | INFO: Run ParseTemplate Behavior [ RunTime:0.034002s ]
[ 2016-06-25T14:03:27+08:00 ] /QA/ | INFO: Tag[ view_parse ] --END-- [ RunTime:0.034002s ]
[ 2016-06-25T14:03:27+08:00 ] /QA/ | INFO: Tag[ view_filter ] --START--
[ 2016-06-25T14:03:27+08:00 ] /QA/ | INFO: Run ContentReplace Behavior [ RunTime:0.001000s ]
[ 2016-06-25T14:03:27+08:00 ] /QA/ | INFO: Run TokenBuild Behavior [ RunTime:0.001000s ]
[ 2016-06-25T14:03:27+08:00 ] /QA/ | INFO: Run WriteHtmlCache Behavior [ RunTime:0.001000s ]
[ 2016-06-25T14:03:27+08:00 ] /QA/ | INFO: Run ShowRuntime Behavior [ RunTime:0.002000s ]
[ 2016-06-25T14:03:27+08:00 ] /QA/ | INFO: Tag[ view_filter ] --END-- [ RunTime:0.006000s ]
[ 2016-06-25T14:03:27+08:00 ] /QA/ | INFO: Tag[ view_end ] --START--
[ 2016-06-25T14:03:27+08:00 ] /QA/ | INFO: Run ShowPageTrace Behavior [ RunTime:0.002000s ]
[ 2016-06-25T14:03:27+08:00 ] /QA/ | INFO: Tag[ view_end ] --END-- [ RunTime:0.002000s ]
[ 2016-06-25T14:04:35+08:00 ] /QA/index.php/member/index/id/87 | INFO: Tag[ route_check ] --START--
[ 2016-06-25T14:04:35+08:00 ] /QA/index.php/member/index/id/87 | INFO: Run CheckRoute Behavior [ RunTime:0.002000s ]
[ 2016-06-25T14:04:35+08:00 ] /QA/index.php/member/index/id/87 | INFO: Tag[ route_check ] --END-- [ RunTime:0.003000s ]
[ 2016-06-25T14:04:35+08:00 ] /QA/index.php/member/index/id/87 | INFO: Tag[ app_begin ] --START--
[ 2016-06-25T14:04:35+08:00 ] /QA/index.php/member/index/id/87 | INFO: Run ReadHtmlCache Behavior [ RunTime:0.002000s ]
[ 2016-06-25T14:04:35+08:00 ] /QA/index.php/member/index/id/87 | INFO: Tag[ app_begin ] --END-- [ RunTime:0.002000s ]
[ 2016-06-25T14:04:36+08:00 ] /QA/index.php/member/index/id/87 | SQL: SHOW COLUMNS FROM `wl_index_user` [ RunTime:0.010000s ]
[ 2016-06-25T14:04:36+08:00 ] /QA/index.php/member/index/id/87 | SQL: SELECT `id`,`username`,`money`,`experience`,`adopt`,`answer`,`ask` FROM `wl_index_user` WHERE ( `id` = 87 ) LIMIT 1   [ RunTime:0.001000s ]
[ 2016-06-25T14:04:36+08:00 ] /QA/index.php/member/index/id/87 | INFO: Tag[ view_template ] --START--
[ 2016-06-25T14:04:36+08:00 ] /QA/index.php/member/index/id/87 | INFO: Run LocationTemplate Behavior [ RunTime:0.002000s ]
[ 2016-06-25T14:04:36+08:00 ] /QA/index.php/member/index/id/87 | INFO: Tag[ view_template ] --END-- [ RunTime:0.002000s ]
[ 2016-06-25T14:04:36+08:00 ] /QA/index.php/member/index/id/87 | INFO: Tag[ view_parse ] --START--
[ 2016-06-25T14:04:36+08:00 ] /QA/index.php/member/index/id/87 | INFO: Run ParseTemplate Behavior [ RunTime:0.024002s ]
[ 2016-06-25T14:04:36+08:00 ] /QA/index.php/member/index/id/87 | INFO: Tag[ view_parse ] --END-- [ RunTime:0.024002s ]
[ 2016-06-25T14:04:36+08:00 ] /QA/index.php/member/index/id/87 | INFO: Tag[ view_filter ] --START--
[ 2016-06-25T14:04:36+08:00 ] /QA/index.php/member/index/id/87 | INFO: Run ContentReplace Behavior [ RunTime:0.001000s ]
[ 2016-06-25T14:04:36+08:00 ] /QA/index.php/member/index/id/87 | INFO: Run TokenBuild Behavior [ RunTime:0.003000s ]
[ 2016-06-25T14:04:36+08:00 ] /QA/index.php/member/index/id/87 | INFO: Run WriteHtmlCache Behavior [ RunTime:0.002000s ]
[ 2016-06-25T14:04:36+08:00 ] /QA/index.php/member/index/id/87 | INFO: Run ShowRuntime Behavior [ RunTime:0.001000s ]
[ 2016-06-25T14:04:36+08:00 ] /QA/index.php/member/index/id/87 | INFO: Tag[ view_filter ] --END-- [ RunTime:0.007000s ]
[ 2016-06-25T14:04:36+08:00 ] /QA/index.php/member/index/id/87 | INFO: Tag[ view_end ] --START--
[ 2016-06-25T14:04:36+08:00 ] /QA/index.php/member/index/id/87 | INFO: Run ShowPageTrace Behavior [ RunTime:0.002000s ]
[ 2016-06-25T14:04:36+08:00 ] /QA/index.php/member/index/id/87 | INFO: Tag[ view_end ] --END-- [ RunTime:0.002000s ]
[ 2016-06-25T14:07:37+08:00 ] /QA/index.php/index/index | INFO: Tag[ route_check ] --START--
[ 2016-06-25T14:07:37+08:00 ] /QA/index.php/index/index | INFO: Run CheckRoute Behavior [ RunTime:0.003001s ]
[ 2016-06-25T14:07:37+08:00 ] /QA/index.php/index/index | INFO: Tag[ route_check ] --END-- [ RunTime:0.003001s ]
[ 2016-06-25T14:07:37+08:00 ] /QA/index.php/index/index | INFO: Tag[ app_begin ] --START--
[ 2016-06-25T14:07:37+08:00 ] /QA/index.php/index/index | INFO: Run ReadHtmlCache Behavior [ RunTime:0.002000s ]
[ 2016-06-25T14:07:37+08:00 ] /QA/index.php/index/index | INFO: Tag[ app_begin ] --END-- [ RunTime:0.002000s ]
[ 2016-06-25T14:07:38+08:00 ] /QA/index.php/index/index | SQL: SHOW COLUMNS FROM `wl_category` [ RunTime:0.008001s ]
[ 2016-06-25T14:07:38+08:00 ] /QA/index.php/index/index | SQL: SELECT * FROM `wl_category` WHERE ( `pid` = 0 )  [ RunTime:0.001000s ]
[ 2016-06-25T14:07:38+08:00 ] /QA/index.php/index/index | SQL: SELECT * FROM `wl_category` WHERE ( `pid` = '1' )  [ RunTime:0.001000s ]
[ 2016-06-25T14:07:38+08:00 ] /QA/index.php/index/index | SQL: SELECT * FROM `wl_category` WHERE ( `pid` = '2' )  [ RunTime:0.001000s ]
[ 2016-06-25T14:07:38+08:00 ] /QA/index.php/index/index | SQL: SELECT * FROM `wl_category` WHERE ( `pid` = '3' )  [ RunTime:0.001000s ]
[ 2016-06-25T14:07:38+08:00 ] /QA/index.php/index/index | SQL: SELECT * FROM `wl_category` WHERE ( `pid` = '4' )  [ RunTime:0.001000s ]
[ 2016-06-25T14:07:38+08:00 ] /QA/index.php/index/index | SQL: SELECT * FROM `wl_category` WHERE ( `pid` = '5' )  [ RunTime:0.001000s ]
[ 2016-06-25T14:07:38+08:00 ] /QA/index.php/index/index | SQL: SHOW COLUMNS FROM `wl_question` [ RunTime:0.008001s ]
[ 2016-06-25T14:07:38+08:00 ] /QA/index.php/index/index | SQL: SELECT * FROM `wl_question` WHERE ( `solve` = 0 ) LIMIT 15   [ RunTime:0.001000s ]
[ 2016-06-25T14:07:38+08:00 ] /QA/index.php/index/index | SQL: SHOW COLUMNS FROM `wl_index_user` [ RunTime:0.008000s ]
[ 2016-06-25T14:07:38+08:00 ] /QA/index.php/index/index | SQL: SELECT * FROM `wl_index_user` ORDER BY adopt LIMIT 10   [ RunTime:0.001000s ]
[ 2016-06-25T14:07:38+08:00 ] /QA/index.php/index/index | INFO: Tag[ view_template ] --START--
[ 2016-06-25T14:07:38+08:00 ] /QA/index.php/index/index | INFO: Run LocationTemplate Behavior [ RunTime:0.002000s ]
[ 2016-06-25T14:07:38+08:00 ] /QA/index.php/index/index | INFO: Tag[ view_template ] --END-- [ RunTime:0.002000s ]
[ 2016-06-25T14:07:38+08:00 ] /QA/index.php/index/index | INFO: Tag[ view_parse ] --START--
[ 2016-06-25T14:07:38+08:00 ] /QA/index.php/index/index | INFO: Run ParseTemplate Behavior [ RunTime:0.037002s ]
[ 2016-06-25T14:07:38+08:00 ] /QA/index.php/index/index | INFO: Tag[ view_parse ] --END-- [ RunTime:0.037002s ]
[ 2016-06-25T14:07:38+08:00 ] /QA/index.php/index/index | INFO: Tag[ view_filter ] --START--
[ 2016-06-25T14:07:38+08:00 ] /QA/index.php/index/index | INFO: Run ContentReplace Behavior [ RunTime:0.001000s ]
[ 2016-06-25T14:07:38+08:00 ] /QA/index.php/index/index | INFO: Run TokenBuild Behavior [ RunTime:0.002000s ]
[ 2016-06-25T14:07:38+08:00 ] /QA/index.php/index/index | INFO: Run WriteHtmlCache Behavior [ RunTime:0.001000s ]
[ 2016-06-25T14:07:38+08:00 ] /QA/index.php/index/index | INFO: Run ShowRuntime Behavior [ RunTime:0.001000s ]
[ 2016-06-25T14:07:38+08:00 ] /QA/index.php/index/index | INFO: Tag[ view_filter ] --END-- [ RunTime:0.006000s ]
[ 2016-06-25T14:07:38+08:00 ] /QA/index.php/index/index | INFO: Tag[ view_end ] --START--
[ 2016-06-25T14:07:38+08:00 ] /QA/index.php/index/index | INFO: Run ShowPageTrace Behavior [ RunTime:0.002000s ]
[ 2016-06-25T14:07:38+08:00 ] /QA/index.php/index/index | INFO: Tag[ view_end ] --END-- [ RunTime:0.002000s ]
[ 2016-06-25T15:18:58+08:00 ] /QA/ | INFO: Tag[ app_begin ] --START--
[ 2016-06-25T15:18:58+08:00 ] /QA/ | INFO: Run ReadHtmlCache Behavior [ RunTime:0.002000s ]
[ 2016-06-25T15:18:58+08:00 ] /QA/ | INFO: Tag[ app_begin ] --END-- [ RunTime:0.002000s ]
[ 2016-06-25T15:18:59+08:00 ] /QA/ | SQL: SHOW COLUMNS FROM `wl_category` [ RunTime:0.015001s ]
[ 2016-06-25T15:18:59+08:00 ] /QA/ | SQL: SELECT * FROM `wl_category` WHERE ( `pid` = 0 )  [ RunTime:0.001000s ]
[ 2016-06-25T15:18:59+08:00 ] /QA/ | SQL: SELECT * FROM `wl_category` WHERE ( `pid` = '1' )  [ RunTime:0.001000s ]
[ 2016-06-25T15:18:59+08:00 ] /QA/ | SQL: SELECT * FROM `wl_category` WHERE ( `pid` = '2' )  [ RunTime:0.000000s ]
[ 2016-06-25T15:18:59+08:00 ] /QA/ | SQL: SELECT * FROM `wl_category` WHERE ( `pid` = '3' )  [ RunTime:0.000000s ]
[ 2016-06-25T15:18:59+08:00 ] /QA/ | SQL: SELECT * FROM `wl_category` WHERE ( `pid` = '4' )  [ RunTime:0.000000s ]
[ 2016-06-25T15:18:59+08:00 ] /QA/ | SQL: SELECT * FROM `wl_category` WHERE ( `pid` = '5' )  [ RunTime:0.001000s ]
[ 2016-06-25T15:18:59+08:00 ] /QA/ | SQL: SHOW COLUMNS FROM `wl_question` [ RunTime:0.012001s ]
[ 2016-06-25T15:18:59+08:00 ] /QA/ | SQL: SELECT * FROM `wl_question` WHERE ( `solve` = 0 ) LIMIT 15   [ RunTime:0.001000s ]
[ 2016-06-25T15:18:59+08:00 ] /QA/ | SQL: SHOW COLUMNS FROM `wl_index_user` [ RunTime:0.020001s ]
[ 2016-06-25T15:18:59+08:00 ] /QA/ | SQL: SELECT * FROM `wl_index_user` ORDER BY adopt LIMIT 10   [ RunTime:0.001000s ]
[ 2016-06-25T15:18:59+08:00 ] /QA/ | INFO: Tag[ view_template ] --START--
[ 2016-06-25T15:18:59+08:00 ] /QA/ | INFO: Run LocationTemplate Behavior [ RunTime:0.003000s ]
[ 2016-06-25T15:18:59+08:00 ] /QA/ | INFO: Tag[ view_template ] --END-- [ RunTime:0.003000s ]
[ 2016-06-25T15:18:59+08:00 ] /QA/ | INFO: Tag[ view_parse ] --START--
[ 2016-06-25T15:18:59+08:00 ] /QA/ | INFO: Run ParseTemplate Behavior [ RunTime:0.060004s ]
[ 2016-06-25T15:18:59+08:00 ] /QA/ | INFO: Tag[ view_parse ] --END-- [ RunTime:0.060004s ]
[ 2016-06-25T15:18:59+08:00 ] /QA/ | INFO: Tag[ view_filter ] --START--
[ 2016-06-25T15:18:59+08:00 ] /QA/ | INFO: Run ContentReplace Behavior [ RunTime:0.002000s ]
[ 2016-06-25T15:18:59+08:00 ] /QA/ | INFO: Run TokenBuild Behavior [ RunTime:0.002000s ]
[ 2016-06-25T15:18:59+08:00 ] /QA/ | INFO: Run WriteHtmlCache Behavior [ RunTime:0.004000s ]
[ 2016-06-25T15:18:59+08:00 ] /QA/ | INFO: Run ShowRuntime Behavior [ RunTime:0.007001s ]
[ 2016-06-25T15:18:59+08:00 ] /QA/ | INFO: Tag[ view_filter ] --END-- [ RunTime:0.015001s ]
[ 2016-06-25T15:18:59+08:00 ] /QA/ | INFO: Tag[ view_end ] --START--
[ 2016-06-25T15:18:59+08:00 ] /QA/ | INFO: Run ShowPageTrace Behavior [ RunTime:0.002000s ]
[ 2016-06-25T15:18:59+08:00 ] /QA/ | INFO: Tag[ view_end ] --END-- [ RunTime:0.002000s ]
[ 2016-06-25T15:19:45+08:00 ] /QA/index.php/ask/index | INFO: Tag[ route_check ] --START--
[ 2016-06-25T15:19:45+08:00 ] /QA/index.php/ask/index | INFO: Run CheckRoute Behavior [ RunTime:0.003000s ]
[ 2016-06-25T15:19:45+08:00 ] /QA/index.php/ask/index | INFO: Tag[ route_check ] --END-- [ RunTime:0.003000s ]
[ 2016-06-25T15:19:45+08:00 ] /QA/index.php/ask/index | INFO: Tag[ app_begin ] --START--
[ 2016-06-25T15:19:45+08:00 ] /QA/index.php/ask/index | INFO: Run ReadHtmlCache Behavior [ RunTime:0.002000s ]
[ 2016-06-25T15:19:45+08:00 ] /QA/index.php/ask/index | INFO: Tag[ app_begin ] --END-- [ RunTime:0.003000s ]
[ 2016-06-25T15:19:46+08:00 ] /QA/index.php/ask/index | SQL: SHOW COLUMNS FROM `wl_category` [ RunTime:0.009000s ]
[ 2016-06-25T15:19:46+08:00 ] /QA/index.php/ask/index | SQL: SELECT * FROM `wl_category` WHERE ( `pid` = 0 )  [ RunTime:0.001000s ]
[ 2016-06-25T15:19:46+08:00 ] /QA/index.php/ask/index | INFO: Tag[ view_template ] --START--
[ 2016-06-25T15:19:46+08:00 ] /QA/index.php/ask/index | INFO: Run LocationTemplate Behavior [ RunTime:0.002000s ]
[ 2016-06-25T15:19:46+08:00 ] /QA/index.php/ask/index | INFO: Tag[ view_template ] --END-- [ RunTime:0.002000s ]
[ 2016-06-25T15:19:46+08:00 ] /QA/index.php/ask/index | INFO: Tag[ view_parse ] --START--
[ 2016-06-25T15:19:46+08:00 ] /QA/index.php/ask/index | INFO: Run ParseTemplate Behavior [ RunTime:0.035002s ]
[ 2016-06-25T15:19:46+08:00 ] /QA/index.php/ask/index | INFO: Tag[ view_parse ] --END-- [ RunTime:0.035002s ]
[ 2016-06-25T15:19:46+08:00 ] /QA/index.php/ask/index | INFO: Tag[ view_filter ] --START--
[ 2016-06-25T15:19:46+08:00 ] /QA/index.php/ask/index | INFO: Run ContentReplace Behavior [ RunTime:0.001000s ]
[ 2016-06-25T15:19:46+08:00 ] /QA/index.php/ask/index | INFO: Run TokenBuild Behavior [ RunTime:0.002001s ]
[ 2016-06-25T15:19:46+08:00 ] /QA/index.php/ask/index | INFO: Run WriteHtmlCache Behavior [ RunTime:0.001000s ]
[ 2016-06-25T15:19:46+08:00 ] /QA/index.php/ask/index | INFO: Run ShowRuntime Behavior [ RunTime:0.002000s ]
[ 2016-06-25T15:19:46+08:00 ] /QA/index.php/ask/index | INFO: Tag[ view_filter ] --END-- [ RunTime:0.007001s ]
[ 2016-06-25T15:19:46+08:00 ] /QA/index.php/ask/index | INFO: Tag[ view_end ] --START--
[ 2016-06-25T15:19:46+08:00 ] /QA/index.php/ask/index | INFO: Run ShowPageTrace Behavior [ RunTime:0.002000s ]
[ 2016-06-25T15:19:46+08:00 ] /QA/index.php/ask/index | INFO: Tag[ view_end ] --END-- [ RunTime:0.002000s ]
[ 2016-06-25T15:20:09+08:00 ] /QA/index.php/index/index | INFO: Tag[ route_check ] --START--
[ 2016-06-25T15:20:09+08:00 ] /QA/index.php/index/index | INFO: Run CheckRoute Behavior [ RunTime:0.002000s ]
[ 2016-06-25T15:20:09+08:00 ] /QA/index.php/index/index | INFO: Tag[ route_check ] --END-- [ RunTime:0.002000s ]
[ 2016-06-25T15:20:09+08:00 ] /QA/index.php/index/index | INFO: Tag[ app_begin ] --START--
[ 2016-06-25T15:20:09+08:00 ] /QA/index.php/index/index | INFO: Run ReadHtmlCache Behavior [ RunTime:0.002000s ]
[ 2016-06-25T15:20:09+08:00 ] /QA/index.php/index/index | INFO: Tag[ app_begin ] --END-- [ RunTime:0.002000s ]
[ 2016-06-25T15:20:10+08:00 ] /QA/index.php/index/index | SQL: SHOW COLUMNS FROM `wl_category` [ RunTime:0.009000s ]
[ 2016-06-25T15:20:10+08:00 ] /QA/index.php/index/index | SQL: SELECT * FROM `wl_category` WHERE ( `pid` = 0 )  [ RunTime:0.001000s ]
[ 2016-06-25T15:20:10+08:00 ] /QA/index.php/index/index | SQL: SELECT * FROM `wl_category` WHERE ( `pid` = '1' )  [ RunTime:0.000000s ]
[ 2016-06-25T15:20:10+08:00 ] /QA/index.php/index/index | SQL: SELECT * FROM `wl_category` WHERE ( `pid` = '2' )  [ RunTime:0.001000s ]
[ 2016-06-25T15:20:10+08:00 ] /QA/index.php/index/index | SQL: SELECT * FROM `wl_category` WHERE ( `pid` = '3' )  [ RunTime:0.001000s ]
[ 2016-06-25T15:20:10+08:00 ] /QA/index.php/index/index | SQL: SELECT * FROM `wl_category` WHERE ( `pid` = '4' )  [ RunTime:0.000000s ]
[ 2016-06-25T15:20:10+08:00 ] /QA/index.php/index/index | SQL: SELECT * FROM `wl_category` WHERE ( `pid` = '5' )  [ RunTime:0.001001s ]
[ 2016-06-25T15:20:10+08:00 ] /QA/index.php/index/index | SQL: SHOW COLUMNS FROM `wl_question` [ RunTime:0.009000s ]
[ 2016-06-25T15:20:10+08:00 ] /QA/index.php/index/index | SQL: SELECT * FROM `wl_question` WHERE ( `solve` = 0 ) LIMIT 15   [ RunTime:0.001000s ]
[ 2016-06-25T15:20:10+08:00 ] /QA/index.php/index/index | SQL: SHOW COLUMNS FROM `wl_index_user` [ RunTime:0.009001s ]
[ 2016-06-25T15:20:10+08:00 ] /QA/index.php/index/index | SQL: SELECT * FROM `wl_index_user` ORDER BY adopt LIMIT 10   [ RunTime:0.001000s ]
[ 2016-06-25T15:20:10+08:00 ] /QA/index.php/index/index | INFO: Tag[ view_template ] --START--
[ 2016-06-25T15:20:10+08:00 ] /QA/index.php/index/index | INFO: Run LocationTemplate Behavior [ RunTime:0.002000s ]
[ 2016-06-25T15:20:10+08:00 ] /QA/index.php/index/index | INFO: Tag[ view_template ] --END-- [ RunTime:0.002000s ]
[ 2016-06-25T15:20:10+08:00 ] /QA/index.php/index/index | INFO: Tag[ view_parse ] --START--
[ 2016-06-25T15:20:10+08:00 ] /QA/index.php/index/index | INFO: Run ParseTemplate Behavior [ RunTime:0.036002s ]
[ 2016-06-25T15:20:10+08:00 ] /QA/index.php/index/index | INFO: Tag[ view_parse ] --END-- [ RunTime:0.036002s ]
[ 2016-06-25T15:20:10+08:00 ] /QA/index.php/index/index | INFO: Tag[ view_filter ] --START--
[ 2016-06-25T15:20:10+08:00 ] /QA/index.php/index/index | INFO: Run ContentReplace Behavior [ RunTime:0.002000s ]
[ 2016-06-25T15:20:10+08:00 ] /QA/index.php/index/index | INFO: Run TokenBuild Behavior [ RunTime:0.001000s ]
[ 2016-06-25T15:20:10+08:00 ] /QA/index.php/index/index | INFO: Run WriteHtmlCache Behavior [ RunTime:0.001000s ]
[ 2016-06-25T15:20:10+08:00 ] /QA/index.php/index/index | INFO: Run ShowRuntime Behavior [ RunTime:0.001000s ]
[ 2016-06-25T15:20:10+08:00 ] /QA/index.php/index/index | INFO: Tag[ view_filter ] --END-- [ RunTime:0.005000s ]
[ 2016-06-25T15:20:10+08:00 ] /QA/index.php/index/index | INFO: Tag[ view_end ] --START--
[ 2016-06-25T15:20:10+08:00 ] /QA/index.php/index/index | INFO: Run ShowPageTrace Behavior [ RunTime:0.002000s ]
[ 2016-06-25T15:20:10+08:00 ] /QA/index.php/index/index | INFO: Tag[ view_end ] --END-- [ RunTime:0.003000s ]
[ 2016-06-25T18:18:27+08:00 ] /QA/ | INFO: Tag[ app_begin ] --START--
[ 2016-06-25T18:18:27+08:00 ] /QA/ | INFO: Run ReadHtmlCache Behavior [ RunTime:0.003000s ]
[ 2016-06-25T18:18:27+08:00 ] /QA/ | INFO: Tag[ app_begin ] --END-- [ RunTime:0.003000s ]
[ 2016-06-25T18:18:28+08:00 ] /QA/ | SQL: SHOW COLUMNS FROM `wl_category` [ RunTime:0.013001s ]
[ 2016-06-25T18:18:28+08:00 ] /QA/ | SQL: SELECT * FROM `wl_category` WHERE ( `pid` = 0 )  [ RunTime:0.001000s ]
[ 2016-06-25T18:18:28+08:00 ] /QA/ | SQL: SELECT * FROM `wl_category` WHERE ( `pid` = '1' )  [ RunTime:0.001000s ]
[ 2016-06-25T18:18:28+08:00 ] /QA/ | SQL: SELECT * FROM `wl_category` WHERE ( `pid` = '2' )  [ RunTime:0.000000s ]
[ 2016-06-25T18:18:28+08:00 ] /QA/ | SQL: SELECT * FROM `wl_category` WHERE ( `pid` = '3' )  [ RunTime:0.001000s ]
[ 2016-06-25T18:18:28+08:00 ] /QA/ | SQL: SELECT * FROM `wl_category` WHERE ( `pid` = '4' )  [ RunTime:0.000000s ]
[ 2016-06-25T18:18:28+08:00 ] /QA/ | SQL: SELECT * FROM `wl_category` WHERE ( `pid` = '5' )  [ RunTime:0.000000s ]
[ 2016-06-25T18:18:28+08:00 ] /QA/ | SQL: SHOW COLUMNS FROM `wl_question` [ RunTime:0.016001s ]
[ 2016-06-25T18:18:28+08:00 ] /QA/ | SQL: SELECT * FROM `wl_question` WHERE ( `solve` = 0 ) LIMIT 15   [ RunTime:0.001000s ]
[ 2016-06-25T18:18:28+08:00 ] /QA/ | SQL: SHOW COLUMNS FROM `wl_index_user` [ RunTime:0.015001s ]
[ 2016-06-25T18:18:28+08:00 ] /QA/ | SQL: SELECT * FROM `wl_index_user` ORDER BY adopt LIMIT 10   [ RunTime:0.001000s ]
[ 2016-06-25T18:18:28+08:00 ] /QA/ | INFO: Tag[ view_template ] --START--
[ 2016-06-25T18:18:28+08:00 ] /QA/ | INFO: Run LocationTemplate Behavior [ RunTime:0.002000s ]
[ 2016-06-25T18:18:28+08:00 ] /QA/ | INFO: Tag[ view_template ] --END-- [ RunTime:0.003000s ]
[ 2016-06-25T18:18:28+08:00 ] /QA/ | INFO: Tag[ view_parse ] --START--
[ 2016-06-25T18:18:28+08:00 ] /QA/ | INFO: Run ParseTemplate Behavior [ RunTime:0.042003s ]
[ 2016-06-25T18:18:28+08:00 ] /QA/ | INFO: Tag[ view_parse ] --END-- [ RunTime:0.043003s ]
[ 2016-06-25T18:18:28+08:00 ] /QA/ | INFO: Tag[ view_filter ] --START--
[ 2016-06-25T18:18:28+08:00 ] /QA/ | INFO: Run ContentReplace Behavior [ RunTime:0.002000s ]
[ 2016-06-25T18:18:28+08:00 ] /QA/ | INFO: Run TokenBuild Behavior [ RunTime:0.002000s ]
[ 2016-06-25T18:18:28+08:00 ] /QA/ | INFO: Run WriteHtmlCache Behavior [ RunTime:0.001000s ]
[ 2016-06-25T18:18:28+08:00 ] /QA/ | INFO: Run ShowRuntime Behavior [ RunTime:0.002000s ]
[ 2016-06-25T18:18:28+08:00 ] /QA/ | INFO: Tag[ view_filter ] --END-- [ RunTime:0.007000s ]
[ 2016-06-25T18:18:28+08:00 ] /QA/ | INFO: Tag[ view_end ] --START--
[ 2016-06-25T18:18:28+08:00 ] /QA/ | INFO: Run ShowPageTrace Behavior [ RunTime:0.001000s ]
[ 2016-06-25T18:18:28+08:00 ] /QA/ | INFO: Tag[ view_end ] --END-- [ RunTime:0.001000s ]
[ 2016-06-25T19:14:18+08:00 ] /QA/ | INFO: Tag[ app_begin ] --START--
[ 2016-06-25T19:14:18+08:00 ] /QA/ | INFO: Run ReadHtmlCache Behavior [ RunTime:0.003000s ]
[ 2016-06-25T19:14:18+08:00 ] /QA/ | INFO: Tag[ app_begin ] --END-- [ RunTime:0.003000s ]
[ 2016-06-25T19:14:20+08:00 ] /QA/ | SQL: SHOW COLUMNS FROM `wl_category` [ RunTime:0.112006s ]
[ 2016-06-25T19:14:20+08:00 ] /QA/ | SQL: SELECT * FROM `wl_category` WHERE ( `pid` = 0 )  [ RunTime:0.001000s ]
[ 2016-06-25T19:14:20+08:00 ] /QA/ | SQL: SELECT * FROM `wl_category` WHERE ( `pid` = '1' )  [ RunTime:0.001000s ]
[ 2016-06-25T19:14:20+08:00 ] /QA/ | SQL: SELECT * FROM `wl_category` WHERE ( `pid` = '2' )  [ RunTime:0.001000s ]
[ 2016-06-25T19:14:20+08:00 ] /QA/ | SQL: SELECT * FROM `wl_category` WHERE ( `pid` = '3' )  [ RunTime:0.001000s ]
[ 2016-06-25T19:14:20+08:00 ] /QA/ | SQL: SELECT * FROM `wl_category` WHERE ( `pid` = '4' )  [ RunTime:0.001001s ]
[ 2016-06-25T19:14:20+08:00 ] /QA/ | SQL: SELECT * FROM `wl_category` WHERE ( `pid` = '5' )  [ RunTime:0.002000s ]
[ 2016-06-25T19:14:20+08:00 ] /QA/ | SQL: SHOW COLUMNS FROM `wl_question` [ RunTime:0.020001s ]
[ 2016-06-25T19:14:20+08:00 ] /QA/ | SQL: SELECT * FROM `wl_question` WHERE ( `solve` = 0 ) LIMIT 15   [ RunTime:0.001000s ]
[ 2016-06-25T19:14:20+08:00 ] /QA/ | SQL: SHOW COLUMNS FROM `wl_index_user` [ RunTime:0.017001s ]
[ 2016-06-25T19:14:20+08:00 ] /QA/ | SQL: SELECT * FROM `wl_index_user` ORDER BY adopt LIMIT 10   [ RunTime:0.001000s ]
[ 2016-06-25T19:14:20+08:00 ] /QA/ | INFO: Tag[ view_template ] --START--
[ 2016-06-25T19:14:20+08:00 ] /QA/ | INFO: Run LocationTemplate Behavior [ RunTime:0.002000s ]
[ 2016-06-25T19:14:20+08:00 ] /QA/ | INFO: Tag[ view_template ] --END-- [ RunTime:0.002000s ]
[ 2016-06-25T19:14:20+08:00 ] /QA/ | INFO: Tag[ view_parse ] --START--
[ 2016-06-25T19:14:20+08:00 ] /QA/ | INFO: Run ParseTemplate Behavior [ RunTime:0.046003s ]
[ 2016-06-25T19:14:20+08:00 ] /QA/ | INFO: Tag[ view_parse ] --END-- [ RunTime:0.046003s ]
[ 2016-06-25T19:14:20+08:00 ] /QA/ | INFO: Tag[ view_filter ] --START--
[ 2016-06-25T19:14:20+08:00 ] /QA/ | INFO: Run ContentReplace Behavior [ RunTime:0.002000s ]
[ 2016-06-25T19:14:20+08:00 ] /QA/ | INFO: Run TokenBuild Behavior [ RunTime:0.005000s ]
[ 2016-06-25T19:14:20+08:00 ] /QA/ | INFO: Run WriteHtmlCache Behavior [ RunTime:0.002000s ]
[ 2016-06-25T19:14:20+08:00 ] /QA/ | INFO: Run ShowRuntime Behavior [ RunTime:0.002000s ]
[ 2016-06-25T19:14:20+08:00 ] /QA/ | INFO: Tag[ view_filter ] --END-- [ RunTime:0.011000s ]
[ 2016-06-25T19:14:20+08:00 ] /QA/ | INFO: Tag[ view_end ] --START--
[ 2016-06-25T19:14:20+08:00 ] /QA/ | INFO: Run ShowPageTrace Behavior [ RunTime:0.001000s ]
[ 2016-06-25T19:14:20+08:00 ] /QA/ | INFO: Tag[ view_end ] --END-- [ RunTime:0.001000s ]
[ 2016-06-25T19:18:53+08:00 ] /QA/ | INFO: Tag[ app_begin ] --START--
[ 2016-06-25T19:18:53+08:00 ] /QA/ | INFO: Run ReadHtmlCache Behavior [ RunTime:0.002000s ]
[ 2016-06-25T19:18:53+08:00 ] /QA/ | INFO: Tag[ app_begin ] --END-- [ RunTime:0.002000s ]
[ 2016-06-25T19:18:54+08:00 ] /QA/ | SQL: SHOW COLUMNS FROM `wl_category` [ RunTime:0.012001s ]
[ 2016-06-25T19:18:54+08:00 ] /QA/ | SQL: SELECT * FROM `wl_category` WHERE ( `pid` = 0 )  [ RunTime:0.001000s ]
[ 2016-06-25T19:18:54+08:00 ] /QA/ | SQL: SELECT * FROM `wl_category` WHERE ( `pid` = '1' )  [ RunTime:0.001000s ]
[ 2016-06-25T19:18:54+08:00 ] /QA/ | SQL: SELECT * FROM `wl_category` WHERE ( `pid` = '2' )  [ RunTime:0.002000s ]
[ 2016-06-25T19:18:54+08:00 ] /QA/ | SQL: SELECT * FROM `wl_category` WHERE ( `pid` = '3' )  [ RunTime:0.002000s ]
[ 2016-06-25T19:18:54+08:00 ] /QA/ | SQL: SELECT * FROM `wl_category` WHERE ( `pid` = '4' )  [ RunTime:0.001000s ]
[ 2016-06-25T19:18:54+08:00 ] /QA/ | SQL: SELECT * FROM `wl_category` WHERE ( `pid` = '5' )  [ RunTime:0.000000s ]
[ 2016-06-25T19:18:54+08:00 ] /QA/ | SQL: SHOW COLUMNS FROM `wl_question` [ RunTime:0.012001s ]
[ 2016-06-25T19:18:54+08:00 ] /QA/ | SQL: SELECT * FROM `wl_question` WHERE ( `solve` = 0 ) LIMIT 15   [ RunTime:0.001000s ]
[ 2016-06-25T19:18:54+08:00 ] /QA/ | SQL: SHOW COLUMNS FROM `wl_index_user` [ RunTime:0.013001s ]
[ 2016-06-25T19:18:54+08:00 ] /QA/ | SQL: SELECT * FROM `wl_index_user` ORDER BY adopt LIMIT 10   [ RunTime:0.000000s ]
[ 2016-06-25T19:18:54+08:00 ] /QA/ | INFO: Tag[ view_template ] --START--
[ 2016-06-25T19:18:54+08:00 ] /QA/ | INFO: Run LocationTemplate Behavior [ RunTime:0.001000s ]
[ 2016-06-25T19:18:54+08:00 ] /QA/ | INFO: Tag[ view_template ] --END-- [ RunTime:0.002000s ]
[ 2016-06-25T19:18:54+08:00 ] /QA/ | INFO: Tag[ view_parse ] --START--
[ 2016-06-25T19:18:54+08:00 ] /QA/ | INFO: Run ParseTemplate Behavior [ RunTime:0.033002s ]
[ 2016-06-25T19:18:54+08:00 ] /QA/ | INFO: Tag[ view_parse ] --END-- [ RunTime:0.033002s ]
[ 2016-06-25T19:18:54+08:00 ] /QA/ | INFO: Tag[ view_filter ] --START--
[ 2016-06-25T19:18:54+08:00 ] /QA/ | INFO: Run ContentReplace Behavior [ RunTime:0.002000s ]
[ 2016-06-25T19:18:54+08:00 ] /QA/ | INFO: Run TokenBuild Behavior [ RunTime:0.001000s ]
[ 2016-06-25T19:18:54+08:00 ] /QA/ | INFO: Run WriteHtmlCache Behavior [ RunTime:0.000000s ]
[ 2016-06-25T19:18:54+08:00 ] /QA/ | INFO: Run ShowRuntime Behavior [ RunTime:0.002000s ]
[ 2016-06-25T19:18:54+08:00 ] /QA/ | INFO: Tag[ view_filter ] --END-- [ RunTime:0.006000s ]
[ 2016-06-25T19:18:54+08:00 ] /QA/ | INFO: Tag[ view_end ] --START--
[ 2016-06-25T19:18:54+08:00 ] /QA/ | INFO: Run ShowPageTrace Behavior [ RunTime:0.002001s ]
[ 2016-06-25T19:18:54+08:00 ] /QA/ | INFO: Tag[ view_end ] --END-- [ RunTime:0.003001s ]
[ 2016-06-25T19:19:04+08:00 ] /QA/index.php/show/index/id/14 | INFO: Tag[ route_check ] --START--
[ 2016-06-25T19:19:04+08:00 ] /QA/index.php/show/index/id/14 | INFO: Run CheckRoute Behavior [ RunTime:0.003000s ]
[ 2016-06-25T19:19:04+08:00 ] /QA/index.php/show/index/id/14 | INFO: Tag[ route_check ] --END-- [ RunTime:0.003000s ]
[ 2016-06-25T19:19:04+08:00 ] /QA/index.php/show/index/id/14 | INFO: Tag[ app_begin ] --START--
[ 2016-06-25T19:19:04+08:00 ] /QA/index.php/show/index/id/14 | INFO: Run ReadHtmlCache Behavior [ RunTime:0.002000s ]
[ 2016-06-25T19:19:04+08:00 ] /QA/index.php/show/index/id/14 | INFO: Tag[ app_begin ] --END-- [ RunTime:0.002000s ]
[ 2016-06-25T19:19:05+08:00 ] /QA/index.php/show/index/id/14 | SQL: SHOW COLUMNS FROM `wl_question` [ RunTime:0.011001s ]
[ 2016-06-25T19:19:05+08:00 ] /QA/index.php/show/index/id/14 | SQL: SHOW COLUMNS FROM `wl_index_user` [ RunTime:0.011001s ]
[ 2016-06-25T19:19:05+08:00 ] /QA/index.php/show/index/id/14 | SQL: SELECT question.id AS id,question.ask_content AS ask_content,question.money_reward AS money_reward,question.solve AS solve,question.ask_time AS ask_time,question.cid AS cid,question.answer AS answer,question.uid AS uid,Index_user.id AS id,Index_user.username AS username,Index_user.experience AS experience FROM wl_question question LEFT JOIN wl_index_user Index_user ON question.uid = Index_user.id WHERE ( question.id = 14 ) LIMIT 1   [ RunTime:0.001000s ]
[ 2016-06-25T19:19:05+08:00 ] /QA/index.php/show/index/id/14 | SQL: SHOW COLUMNS FROM `wl_answer` [ RunTime:0.062003s ]
[ 2016-06-25T19:19:05+08:00 ] /QA/index.php/show/index/id/14 | SQL: SELECT answer.id AS id,answer.answer_content AS answer_content,answer.answer_time AS answer_time,Index_user.id AS id,Index_user.username AS username,Index_user.experience AS experience,Index_user.answer AS answer,Index_user.adopt AS adopt FROM wl_answer answer LEFT JOIN wl_index_user Index_user ON answer.uid=Index_user.id WHERE ( `aid` = 14 ) AND ( answer.adopt = 1 ) LIMIT 1   [ RunTime:0.000000s ]
[ 2016-06-25T19:19:05+08:00 ] /QA/index.php/show/index/id/14 | SQL: SELECT COUNT(*) AS tp_count FROM `wl_answer` WHERE ( `qid` = 14 ) AND ( answer.adopt = 0 ) LIMIT 1   [ RunTime:0.002000s ]
[ 2016-06-25T19:19:05+08:00 ] /QA/index.php/show/index/id/14 | SQL: SELECT answer.id AS id,answer.answer_content AS answer_content,answer.answer_time AS answer_time,Index_user.id AS id,Index_user.username AS username,Index_user.experience AS experience,Index_user.answer AS answer,Index_user.adopt AS adopt FROM wl_answer answer LEFT JOIN wl_index_user Index_user ON answer.uid=Index_user.id WHERE ( `qid` = 14 ) AND ( answer.adopt = 0 ) LIMIT 0,10   [ RunTime:0.001000s ]
[ 2016-06-25T19:19:05+08:00 ] /QA/index.php/show/index/id/14 | INFO: Tag[ view_template ] --START--
[ 2016-06-25T19:19:05+08:00 ] /QA/index.php/show/index/id/14 | INFO: Run LocationTemplate Behavior [ RunTime:0.003000s ]
[ 2016-06-25T19:19:05+08:00 ] /QA/index.php/show/index/id/14 | INFO: Tag[ view_template ] --END-- [ RunTime:0.003000s ]
[ 2016-06-25T19:19:05+08:00 ] /QA/index.php/show/index/id/14 | INFO: Tag[ view_parse ] --START--
[ 2016-06-25T19:19:05+08:00 ] /QA/index.php/show/index/id/14 | NOTIC: [8] Use of undefined constant solve - assumed 'solve' f354fc626e6f7e38fd97a443b43fbcf1.php 第 184 行.
[ 2016-06-25T19:19:05+08:00 ] /QA/index.php/show/index/id/14 | INFO: Run ParseTemplate Behavior [ RunTime:0.034002s ]
[ 2016-06-25T19:19:05+08:00 ] /QA/index.php/show/index/id/14 | INFO: Tag[ view_parse ] --END-- [ RunTime:0.034002s ]
[ 2016-06-25T19:19:05+08:00 ] /QA/index.php/show/index/id/14 | INFO: Tag[ view_filter ] --START--
[ 2016-06-25T19:19:05+08:00 ] /QA/index.php/show/index/id/14 | INFO: Run ContentReplace Behavior [ RunTime:0.001000s ]
[ 2016-06-25T19:19:05+08:00 ] /QA/index.php/show/index/id/14 | INFO: Run TokenBuild Behavior [ RunTime:0.002000s ]
[ 2016-06-25T19:19:05+08:00 ] /QA/index.php/show/index/id/14 | INFO: Run WriteHtmlCache Behavior [ RunTime:0.001000s ]
[ 2016-06-25T19:19:05+08:00 ] /QA/index.php/show/index/id/14 | INFO: Run ShowRuntime Behavior [ RunTime:0.003001s ]
[ 2016-06-25T19:19:05+08:00 ] /QA/index.php/show/index/id/14 | INFO: Tag[ view_filter ] --END-- [ RunTime:0.007001s ]
[ 2016-06-25T19:19:05+08:00 ] /QA/index.php/show/index/id/14 | INFO: Tag[ view_end ] --START--
[ 2016-06-25T19:19:05+08:00 ] /QA/index.php/show/index/id/14 | INFO: Run ShowPageTrace Behavior [ RunTime:0.001000s ]
[ 2016-06-25T19:19:05+08:00 ] /QA/index.php/show/index/id/14 | INFO: Tag[ view_end ] --END-- [ RunTime:0.001000s ]
[ 2016-06-25T19:19:11+08:00 ] /QA/index.php/index/index | INFO: Tag[ route_check ] --START--
[ 2016-06-25T19:19:11+08:00 ] /QA/index.php/index/index | INFO: Run CheckRoute Behavior [ RunTime:0.001000s ]
[ 2016-06-25T19:19:11+08:00 ] /QA/index.php/index/index | INFO: Tag[ route_check ] --END-- [ RunTime:0.001000s ]
[ 2016-06-25T19:19:11+08:00 ] /QA/index.php/index/index | INFO: Tag[ app_begin ] --START--
[ 2016-06-25T19:19:11+08:00 ] /QA/index.php/index/index | INFO: Run ReadHtmlCache Behavior [ RunTime:0.001000s ]
[ 2016-06-25T19:19:11+08:00 ] /QA/index.php/index/index | INFO: Tag[ app_begin ] --END-- [ RunTime:0.001000s ]
[ 2016-06-25T19:19:12+08:00 ] /QA/index.php/index/index | SQL: SHOW COLUMNS FROM `wl_category` [ RunTime:0.013000s ]
[ 2016-06-25T19:19:12+08:00 ] /QA/index.php/index/index | SQL: SELECT * FROM `wl_category` WHERE ( `pid` = 0 )  [ RunTime:0.000000s ]
[ 2016-06-25T19:19:12+08:00 ] /QA/index.php/index/index | SQL: SELECT * FROM `wl_category` WHERE ( `pid` = '1' )  [ RunTime:0.001000s ]
[ 2016-06-25T19:19:12+08:00 ] /QA/index.php/index/index | SQL: SELECT * FROM `wl_category` WHERE ( `pid` = '2' )  [ RunTime:0.001000s ]
[ 2016-06-25T19:19:12+08:00 ] /QA/index.php/index/index | SQL: SELECT * FROM `wl_category` WHERE ( `pid` = '3' )  [ RunTime:0.001000s ]
[ 2016-06-25T19:19:12+08:00 ] /QA/index.php/index/index | SQL: SELECT * FROM `wl_category` WHERE ( `pid` = '4' )  [ RunTime:0.001000s ]
[ 2016-06-25T19:19:12+08:00 ] /QA/index.php/index/index | SQL: SELECT * FROM `wl_category` WHERE ( `pid` = '5' )  [ RunTime:0.001000s ]
[ 2016-06-25T19:19:12+08:00 ] /QA/index.php/index/index | SQL: SHOW COLUMNS FROM `wl_question` [ RunTime:0.011000s ]
[ 2016-06-25T19:19:12+08:00 ] /QA/index.php/index/index | SQL: SELECT * FROM `wl_question` WHERE ( `solve` = 0 ) LIMIT 15   [ RunTime:0.001000s ]
[ 2016-06-25T19:19:12+08:00 ] /QA/index.php/index/index | SQL: SHOW COLUMNS FROM `wl_index_user` [ RunTime:0.010001s ]
[ 2016-06-25T19:19:12+08:00 ] /QA/index.php/index/index | SQL: SELECT * FROM `wl_index_user` ORDER BY adopt LIMIT 10   [ RunTime:0.001000s ]
[ 2016-06-25T19:19:12+08:00 ] /QA/index.php/index/index | INFO: Tag[ view_template ] --START--
[ 2016-06-25T19:19:12+08:00 ] /QA/index.php/index/index | INFO: Run LocationTemplate Behavior [ RunTime:0.002000s ]
[ 2016-06-25T19:19:12+08:00 ] /QA/index.php/index/index | INFO: Tag[ view_template ] --END-- [ RunTime:0.002000s ]
[ 2016-06-25T19:19:12+08:00 ] /QA/index.php/index/index | INFO: Tag[ view_parse ] --START--
[ 2016-06-25T19:19:12+08:00 ] /QA/index.php/index/index | INFO: Run ParseTemplate Behavior [ RunTime:0.033002s ]
[ 2016-06-25T19:19:12+08:00 ] /QA/index.php/index/index | INFO: Tag[ view_parse ] --END-- [ RunTime:0.033002s ]
[ 2016-06-25T19:19:12+08:00 ] /QA/index.php/index/index | INFO: Tag[ view_filter ] --START--
[ 2016-06-25T19:19:12+08:00 ] /QA/index.php/index/index | INFO: Run ContentReplace Behavior [ RunTime:0.001000s ]
[ 2016-06-25T19:19:12+08:00 ] /QA/index.php/index/index | INFO: Run TokenBuild Behavior [ RunTime:0.001000s ]
[ 2016-06-25T19:19:12+08:00 ] /QA/index.php/index/index | INFO: Run WriteHtmlCache Behavior [ RunTime:0.001000s ]
[ 2016-06-25T19:19:12+08:00 ] /QA/index.php/index/index | INFO: Run ShowRuntime Behavior [ RunTime:0.001000s ]
[ 2016-06-25T19:19:12+08:00 ] /QA/index.php/index/index | INFO: Tag[ view_filter ] --END-- [ RunTime:0.007001s ]
[ 2016-06-25T19:19:12+08:00 ] /QA/index.php/index/index | INFO: Tag[ view_end ] --START--
[ 2016-06-25T19:19:12+08:00 ] /QA/index.php/index/index | INFO: Run ShowPageTrace Behavior [ RunTime:0.002000s ]
[ 2016-06-25T19:19:12+08:00 ] /QA/index.php/index/index | INFO: Tag[ view_end ] --END-- [ RunTime:0.002000s ]
[ 2016-06-25T19:19:28+08:00 ] /QA/index.php/ask/index | INFO: Tag[ route_check ] --START--
[ 2016-06-25T19:19:28+08:00 ] /QA/index.php/ask/index | INFO: Run CheckRoute Behavior [ RunTime:0.002000s ]
[ 2016-06-25T19:19:28+08:00 ] /QA/index.php/ask/index | INFO: Tag[ route_check ] --END-- [ RunTime:0.002000s ]
[ 2016-06-25T19:19:28+08:00 ] /QA/index.php/ask/index | INFO: Tag[ app_begin ] --START--
[ 2016-06-25T19:19:28+08:00 ] /QA/index.php/ask/index | INFO: Run ReadHtmlCache Behavior [ RunTime:0.001001s ]
[ 2016-06-25T19:19:28+08:00 ] /QA/index.php/ask/index | INFO: Tag[ app_begin ] --END-- [ RunTime:0.001001s ]
[ 2016-06-25T19:19:29+08:00 ] /QA/index.php/ask/index | SQL: SHOW COLUMNS FROM `wl_category` [ RunTime:0.010000s ]
[ 2016-06-25T19:19:29+08:00 ] /QA/index.php/ask/index | SQL: SELECT * FROM `wl_category` WHERE ( `pid` = 0 )  [ RunTime:0.001000s ]
[ 2016-06-25T19:19:29+08:00 ] /QA/index.php/ask/index | INFO: Tag[ view_template ] --START--
[ 2016-06-25T19:19:29+08:00 ] /QA/index.php/ask/index | INFO: Run LocationTemplate Behavior [ RunTime:0.001000s ]
[ 2016-06-25T19:19:29+08:00 ] /QA/index.php/ask/index | INFO: Tag[ view_template ] --END-- [ RunTime:0.002000s ]
[ 2016-06-25T19:19:29+08:00 ] /QA/index.php/ask/index | INFO: Tag[ view_parse ] --START--
[ 2016-06-25T19:19:29+08:00 ] /QA/index.php/ask/index | INFO: Run ParseTemplate Behavior [ RunTime:0.025001s ]
[ 2016-06-25T19:19:29+08:00 ] /QA/index.php/ask/index | INFO: Tag[ view_parse ] --END-- [ RunTime:0.025001s ]
[ 2016-06-25T19:19:29+08:00 ] /QA/index.php/ask/index | INFO: Tag[ view_filter ] --START--
[ 2016-06-25T19:19:29+08:00 ] /QA/index.php/ask/index | INFO: Run ContentReplace Behavior [ RunTime:0.002000s ]
[ 2016-06-25T19:19:29+08:00 ] /QA/index.php/ask/index | INFO: Run TokenBuild Behavior [ RunTime:0.002000s ]
[ 2016-06-25T19:19:29+08:00 ] /QA/index.php/ask/index | INFO: Run WriteHtmlCache Behavior [ RunTime:0.001000s ]
[ 2016-06-25T19:19:29+08:00 ] /QA/index.php/ask/index | INFO: Run ShowRuntime Behavior [ RunTime:0.002000s ]
[ 2016-06-25T19:19:29+08:00 ] /QA/index.php/ask/index | INFO: Tag[ view_filter ] --END-- [ RunTime:0.007000s ]
[ 2016-06-25T19:19:29+08:00 ] /QA/index.php/ask/index | INFO: Tag[ view_end ] --START--
[ 2016-06-25T19:19:29+08:00 ] /QA/index.php/ask/index | INFO: Run ShowPageTrace Behavior [ RunTime:0.001001s ]
[ 2016-06-25T19:19:29+08:00 ] /QA/index.php/ask/index | INFO: Tag[ view_end ] --END-- [ RunTime:0.001001s ]
[ 2016-06-25T19:19:52+08:00 ] /QA/index.php/index/login | INFO: Tag[ route_check ] --START--
[ 2016-06-25T19:19:52+08:00 ] /QA/index.php/index/login | INFO: Run CheckRoute Behavior [ RunTime:0.002000s ]
[ 2016-06-25T19:19:52+08:00 ] /QA/index.php/index/login | INFO: Tag[ route_check ] --END-- [ RunTime:0.002000s ]
[ 2016-06-25T19:19:52+08:00 ] /QA/index.php/index/login | INFO: Tag[ app_begin ] --START--
[ 2016-06-25T19:19:52+08:00 ] /QA/index.php/index/login | INFO: Run ReadHtmlCache Behavior [ RunTime:0.002000s ]
[ 2016-06-25T19:19:52+08:00 ] /QA/index.php/index/login | INFO: Tag[ app_begin ] --END-- [ RunTime:0.002000s ]
[ 2016-06-25T19:19:53+08:00 ] /QA/index.php/index/login | SQL: SHOW COLUMNS FROM `wl_index_user` [ RunTime:0.011001s ]
[ 2016-06-25T19:19:53+08:00 ] /QA/index.php/index/login | NOTIC: [8] Undefined offset: 1 Action.class.php 第 233 行.
[ 2016-06-25T19:19:53+08:00 ] /QA/index.php/index/login | SQL: SELECT id,pwd,username FROM `wl_index_user` WHERE ( `username` = '小呆' ) LIMIT 1   [ RunTime:0.000000s ]
[ 2016-06-25T19:19:53+08:00 ] /QA/index.php/index/login | NOTIC: [8] Undefined offset: 1 Action.class.php 第 233 行.
[ 2016-06-25T19:19:53+08:00 ] /QA/index.php/index/login | INFO: Tag[ view_template ] --START--
[ 2016-06-25T19:19:53+08:00 ] /QA/index.php/index/login | INFO: Run LocationTemplate Behavior [ RunTime:0.003000s ]
[ 2016-06-25T19:19:53+08:00 ] /QA/index.php/index/login | INFO: Tag[ view_template ] --END-- [ RunTime:0.003000s ]
[ 2016-06-25T19:19:53+08:00 ] /QA/index.php/index/login | INFO: Tag[ view_parse ] --START--
[ 2016-06-25T19:19:53+08:00 ] /QA/index.php/index/login | INFO: Run ParseTemplate Behavior [ RunTime:0.020001s ]
[ 2016-06-25T19:19:53+08:00 ] /QA/index.php/index/login | INFO: Tag[ view_parse ] --END-- [ RunTime:0.021001s ]
[ 2016-06-25T19:19:53+08:00 ] /QA/index.php/index/login | INFO: Tag[ view_filter ] --START--
[ 2016-06-25T19:19:53+08:00 ] /QA/index.php/index/login | INFO: Run ContentReplace Behavior [ RunTime:0.001000s ]
[ 2016-06-25T19:19:53+08:00 ] /QA/index.php/index/login | INFO: Run TokenBuild Behavior [ RunTime:0.001000s ]
[ 2016-06-25T19:19:53+08:00 ] /QA/index.php/index/login | INFO: Run WriteHtmlCache Behavior [ RunTime:0.001000s ]
[ 2016-06-25T19:19:53+08:00 ] /QA/index.php/index/login | INFO: Run ShowRuntime Behavior [ RunTime:0.001000s ]
[ 2016-06-25T19:19:53+08:00 ] /QA/index.php/index/login | INFO: Tag[ view_filter ] --END-- [ RunTime:0.005000s ]
[ 2016-06-25T19:19:53+08:00 ] /QA/index.php/index/login | INFO: Tag[ view_end ] --START--
[ 2016-06-25T19:19:53+08:00 ] /QA/index.php/index/login | INFO: Run ShowPageTrace Behavior [ RunTime:0.001001s ]
[ 2016-06-25T19:19:53+08:00 ] /QA/index.php/index/login | INFO: Tag[ view_end ] --END-- [ RunTime:0.001001s ]
[ 2016-06-25T19:19:55+08:00 ] /QA/index.php/index/index/index | INFO: Tag[ route_check ] --START--
[ 2016-06-25T19:19:55+08:00 ] /QA/index.php/index/index/index | INFO: Run CheckRoute Behavior [ RunTime:0.002000s ]
[ 2016-06-25T19:19:55+08:00 ] /QA/index.php/index/index/index | INFO: Tag[ route_check ] --END-- [ RunTime:0.003000s ]
[ 2016-06-25T19:19:55+08:00 ] /QA/index.php/index/index/index | INFO: Tag[ app_begin ] --START--
[ 2016-06-25T19:19:55+08:00 ] /QA/index.php/index/index/index | INFO: Run ReadHtmlCache Behavior [ RunTime:0.002000s ]
[ 2016-06-25T19:19:55+08:00 ] /QA/index.php/index/index/index | INFO: Tag[ app_begin ] --END-- [ RunTime:0.002000s ]
[ 2016-06-25T19:19:56+08:00 ] /QA/index.php/index/index/index | SQL: SHOW COLUMNS FROM `wl_category` [ RunTime:0.012001s ]
[ 2016-06-25T19:19:56+08:00 ] /QA/index.php/index/index/index | SQL: SELECT * FROM `wl_category` WHERE ( `pid` = 0 )  [ RunTime:0.001000s ]
[ 2016-06-25T19:19:56+08:00 ] /QA/index.php/index/index/index | SQL: SELECT * FROM `wl_category` WHERE ( `pid` = '1' )  [ RunTime:0.001000s ]
[ 2016-06-25T19:19:56+08:00 ] /QA/index.php/index/index/index | SQL: SELECT * FROM `wl_category` WHERE ( `pid` = '2' )  [ RunTime:0.001000s ]
[ 2016-06-25T19:19:56+08:00 ] /QA/index.php/index/index/index | SQL: SELECT * FROM `wl_category` WHERE ( `pid` = '3' )  [ RunTime:0.000000s ]
[ 2016-06-25T19:19:56+08:00 ] /QA/index.php/index/index/index | SQL: SELECT * FROM `wl_category` WHERE ( `pid` = '4' )  [ RunTime:0.001001s ]
[ 2016-06-25T19:19:56+08:00 ] /QA/index.php/index/index/index | SQL: SELECT * FROM `wl_category` WHERE ( `pid` = '5' )  [ RunTime:0.001000s ]
[ 2016-06-25T19:19:56+08:00 ] /QA/index.php/index/index/index | SQL: SHOW COLUMNS FROM `wl_question` [ RunTime:0.011000s ]
[ 2016-06-25T19:19:56+08:00 ] /QA/index.php/index/index/index | SQL: SELECT * FROM `wl_question` WHERE ( `solve` = 0 ) LIMIT 15   [ RunTime:0.001000s ]
[ 2016-06-25T19:19:56+08:00 ] /QA/index.php/index/index/index | SQL: SHOW COLUMNS FROM `wl_index_user` [ RunTime:0.013001s ]
[ 2016-06-25T19:19:56+08:00 ] /QA/index.php/index/index/index | SQL: SELECT * FROM `wl_index_user` ORDER BY adopt LIMIT 10   [ RunTime:0.000000s ]
[ 2016-06-25T19:19:56+08:00 ] /QA/index.php/index/index/index | INFO: Tag[ view_template ] --START--
[ 2016-06-25T19:19:56+08:00 ] /QA/index.php/index/index/index | INFO: Run LocationTemplate Behavior [ RunTime:0.001000s ]
[ 2016-06-25T19:19:56+08:00 ] /QA/index.php/index/index/index | INFO: Tag[ view_template ] --END-- [ RunTime:0.001000s ]
[ 2016-06-25T19:19:56+08:00 ] /QA/index.php/index/index/index | INFO: Tag[ view_parse ] --START--
[ 2016-06-25T19:19:56+08:00 ] /QA/index.php/index/index/index | INFO: Run ParseTemplate Behavior [ RunTime:0.040003s ]
[ 2016-06-25T19:19:56+08:00 ] /QA/index.php/index/index/index | INFO: Tag[ view_parse ] --END-- [ RunTime:0.040003s ]
[ 2016-06-25T19:19:56+08:00 ] /QA/index.php/index/index/index | INFO: Tag[ view_filter ] --START--
[ 2016-06-25T19:19:56+08:00 ] /QA/index.php/index/index/index | INFO: Run ContentReplace Behavior [ RunTime:0.001000s ]
[ 2016-06-25T19:19:56+08:00 ] /QA/index.php/index/index/index | INFO: Run TokenBuild Behavior [ RunTime:0.001000s ]
[ 2016-06-25T19:19:56+08:00 ] /QA/index.php/index/index/index | INFO: Run WriteHtmlCache Behavior [ RunTime:0.001000s ]
[ 2016-06-25T19:19:56+08:00 ] /QA/index.php/index/index/index | INFO: Run ShowRuntime Behavior [ RunTime:0.001000s ]
[ 2016-06-25T19:19:56+08:00 ] /QA/index.php/index/index/index | INFO: Tag[ view_filter ] --END-- [ RunTime:0.005000s ]
[ 2016-06-25T19:19:56+08:00 ] /QA/index.php/index/index/index | INFO: Tag[ view_end ] --START--
[ 2016-06-25T19:19:56+08:00 ] /QA/index.php/index/index/index | INFO: Run ShowPageTrace Behavior [ RunTime:0.001000s ]
[ 2016-06-25T19:19:56+08:00 ] /QA/index.php/index/index/index | INFO: Tag[ view_end ] --END-- [ RunTime:0.001000s ]
[ 2016-06-25T19:20:05+08:00 ] /QA/index.php/index/index/index | INFO: Tag[ route_check ] --START--
[ 2016-06-25T19:20:05+08:00 ] /QA/index.php/index/index/index | INFO: Run CheckRoute Behavior [ RunTime:0.002000s ]
[ 2016-06-25T19:20:05+08:00 ] /QA/index.php/index/index/index | INFO: Tag[ route_check ] --END-- [ RunTime:0.002000s ]
[ 2016-06-25T19:20:05+08:00 ] /QA/index.php/index/index/index | INFO: Tag[ app_begin ] --START--
[ 2016-06-25T19:20:05+08:00 ] /QA/index.php/index/index/index | INFO: Run ReadHtmlCache Behavior [ RunTime:0.002000s ]
[ 2016-06-25T19:20:05+08:00 ] /QA/index.php/index/index/index | INFO: Tag[ app_begin ] --END-- [ RunTime:0.002000s ]
[ 2016-06-25T19:20:06+08:00 ] /QA/index.php/index/index/index | SQL: SHOW COLUMNS FROM `wl_category` [ RunTime:0.009001s ]
[ 2016-06-25T19:20:06+08:00 ] /QA/index.php/index/index/index | SQL: SELECT * FROM `wl_category` WHERE ( `pid` = 0 )  [ RunTime:0.001000s ]
[ 2016-06-25T19:20:06+08:00 ] /QA/index.php/index/index/index | SQL: SELECT * FROM `wl_category` WHERE ( `pid` = '1' )  [ RunTime:0.001000s ]
[ 2016-06-25T19:20:06+08:00 ] /QA/index.php/index/index/index | SQL: SELECT * FROM `wl_category` WHERE ( `pid` = '2' )  [ RunTime:0.001000s ]
[ 2016-06-25T19:20:06+08:00 ] /QA/index.php/index/index/index | SQL: SELECT * FROM `wl_category` WHERE ( `pid` = '3' )  [ RunTime:0.001000s ]
[ 2016-06-25T19:20:06+08:00 ] /QA/index.php/index/index/index | SQL: SELECT * FROM `wl_category` WHERE ( `pid` = '4' )  [ RunTime:0.001000s ]
[ 2016-06-25T19:20:06+08:00 ] /QA/index.php/index/index/index | SQL: SELECT * FROM `wl_category` WHERE ( `pid` = '5' )  [ RunTime:0.000000s ]
[ 2016-06-25T19:20:06+08:00 ] /QA/index.php/index/index/index | SQL: SHOW COLUMNS FROM `wl_question` [ RunTime:0.011001s ]
[ 2016-06-25T19:20:06+08:00 ] /QA/index.php/index/index/index | SQL: SELECT * FROM `wl_question` WHERE ( `solve` = 0 ) LIMIT 15   [ RunTime:0.001000s ]
[ 2016-06-25T19:20:06+08:00 ] /QA/index.php/index/index/index | SQL: SHOW COLUMNS FROM `wl_index_user` [ RunTime:0.011001s ]
[ 2016-06-25T19:20:06+08:00 ] /QA/index.php/index/index/index | SQL: SELECT * FROM `wl_index_user` ORDER BY adopt LIMIT 10   [ RunTime:0.001000s ]
[ 2016-06-25T19:20:06+08:00 ] /QA/index.php/index/index/index | INFO: Tag[ view_template ] --START--
[ 2016-06-25T19:20:06+08:00 ] /QA/index.php/index/index/index | INFO: Run LocationTemplate Behavior [ RunTime:0.001000s ]
[ 2016-06-25T19:20:06+08:00 ] /QA/index.php/index/index/index | INFO: Tag[ view_template ] --END-- [ RunTime:0.002000s ]
[ 2016-06-25T19:20:06+08:00 ] /QA/index.php/index/index/index | INFO: Tag[ view_parse ] --START--
[ 2016-06-25T19:20:06+08:00 ] /QA/index.php/index/index/index | INFO: Run ParseTemplate Behavior [ RunTime:0.038002s ]
[ 2016-06-25T19:20:06+08:00 ] /QA/index.php/index/index/index | INFO: Tag[ view_parse ] --END-- [ RunTime:0.038002s ]
[ 2016-06-25T19:20:06+08:00 ] /QA/index.php/index/index/index | INFO: Tag[ view_filter ] --START--
[ 2016-06-25T19:20:06+08:00 ] /QA/index.php/index/index/index | INFO: Run ContentReplace Behavior [ RunTime:0.002000s ]
[ 2016-06-25T19:20:06+08:00 ] /QA/index.php/index/index/index | INFO: Run TokenBuild Behavior [ RunTime:0.001000s ]
[ 2016-06-25T19:20:06+08:00 ] /QA/index.php/index/index/index | INFO: Run WriteHtmlCache Behavior [ RunTime:0.001000s ]
[ 2016-06-25T19:20:06+08:00 ] /QA/index.php/index/index/index | INFO: Run ShowRuntime Behavior [ RunTime:0.002000s ]
[ 2016-06-25T19:20:06+08:00 ] /QA/index.php/index/index/index | INFO: Tag[ view_filter ] --END-- [ RunTime:0.007000s ]
[ 2016-06-25T19:20:06+08:00 ] /QA/index.php/index/index/index | INFO: Tag[ view_end ] --START--
[ 2016-06-25T19:20:06+08:00 ] /QA/index.php/index/index/index | INFO: Run ShowPageTrace Behavior [ RunTime:0.001000s ]
[ 2016-06-25T19:20:06+08:00 ] /QA/index.php/index/index/index | INFO: Tag[ view_end ] --END-- [ RunTime:0.001000s ]
[ 2016-06-25T19:20:16+08:00 ] /QA/index.php/list/index | INFO: Tag[ route_check ] --START--
[ 2016-06-25T19:20:16+08:00 ] /QA/index.php/list/index | INFO: Run CheckRoute Behavior [ RunTime:0.002000s ]
[ 2016-06-25T19:20:16+08:00 ] /QA/index.php/list/index | INFO: Tag[ route_check ] --END-- [ RunTime:0.003000s ]
[ 2016-06-25T19:20:16+08:00 ] /QA/index.php/list/index | INFO: Tag[ app_begin ] --START--
[ 2016-06-25T19:20:16+08:00 ] /QA/index.php/list/index | INFO: Run ReadHtmlCache Behavior [ RunTime:0.002001s ]
[ 2016-06-25T19:20:16+08:00 ] /QA/index.php/list/index | INFO: Tag[ app_begin ] --END-- [ RunTime:0.002001s ]
[ 2016-06-25T19:20:16+08:00 ] /QA/index.php/list/index | INFO: Tag[ view_template ] --START--
[ 2016-06-25T19:20:16+08:00 ] /QA/index.php/list/index | INFO: Run LocationTemplate Behavior [ RunTime:0.002000s ]
[ 2016-06-25T19:20:16+08:00 ] /QA/index.php/list/index | INFO: Tag[ view_template ] --END-- [ RunTime:0.002000s ]
[ 2016-06-25T19:20:16+08:00 ] /QA/index.php/list/index | INFO: Tag[ view_parse ] --START--
[ 2016-06-25T19:20:16+08:00 ] /QA/index.php/list/index | INFO: Run ParseTemplate Behavior [ RunTime:0.023001s ]
[ 2016-06-25T19:20:16+08:00 ] /QA/index.php/list/index | INFO: Tag[ view_parse ] --END-- [ RunTime:0.023001s ]
[ 2016-06-25T19:20:16+08:00 ] /QA/index.php/list/index | INFO: Tag[ view_filter ] --START--
[ 2016-06-25T19:20:16+08:00 ] /QA/index.php/list/index | INFO: Run ContentReplace Behavior [ RunTime:0.002000s ]
[ 2016-06-25T19:20:16+08:00 ] /QA/index.php/list/index | INFO: Run TokenBuild Behavior [ RunTime:0.001000s ]
[ 2016-06-25T19:20:16+08:00 ] /QA/index.php/list/index | INFO: Run WriteHtmlCache Behavior [ RunTime:0.001000s ]
[ 2016-06-25T19:20:16+08:00 ] /QA/index.php/list/index | INFO: Run ShowRuntime Behavior [ RunTime:0.001000s ]
[ 2016-06-25T19:20:16+08:00 ] /QA/index.php/list/index | INFO: Tag[ view_filter ] --END-- [ RunTime:0.006001s ]
[ 2016-06-25T19:20:16+08:00 ] /QA/index.php/list/index | INFO: Tag[ view_end ] --START--
[ 2016-06-25T19:20:16+08:00 ] /QA/index.php/list/index | INFO: Run ShowPageTrace Behavior [ RunTime:0.001000s ]
[ 2016-06-25T19:20:16+08:00 ] /QA/index.php/list/index | INFO: Tag[ view_end ] --END-- [ RunTime:0.001000s ]
[ 2016-06-25T22:57:11+08:00 ] /QA/ | INFO: Tag[ app_begin ] --START--
[ 2016-06-25T22:57:11+08:00 ] /QA/ | INFO: Run ReadHtmlCache Behavior [ RunTime:0.003000s ]
[ 2016-06-25T22:57:11+08:00 ] /QA/ | INFO: Tag[ app_begin ] --END-- [ RunTime:0.003000s ]
[ 2016-06-25T22:57:12+08:00 ] /QA/ | SQL: SHOW COLUMNS FROM `wl_category` [ RunTime:0.014000s ]
[ 2016-06-25T22:57:12+08:00 ] /QA/ | SQL: SELECT * FROM `wl_category` WHERE ( `pid` = 0 )  [ RunTime:0.001000s ]
[ 2016-06-25T22:57:12+08:00 ] /QA/ | SQL: SELECT * FROM `wl_category` WHERE ( `pid` = '1' )  [ RunTime:0.001000s ]
[ 2016-06-25T22:57:12+08:00 ] /QA/ | SQL: SELECT * FROM `wl_category` WHERE ( `pid` = '2' )  [ RunTime:0.001000s ]
[ 2016-06-25T22:57:12+08:00 ] /QA/ | SQL: SELECT * FROM `wl_category` WHERE ( `pid` = '3' )  [ RunTime:0.001000s ]
[ 2016-06-25T22:57:12+08:00 ] /QA/ | SQL: SELECT * FROM `wl_category` WHERE ( `pid` = '4' )  [ RunTime:0.001000s ]
[ 2016-06-25T22:57:12+08:00 ] /QA/ | SQL: SELECT * FROM `wl_category` WHERE ( `pid` = '5' )  [ RunTime:0.000000s ]
[ 2016-06-25T22:57:12+08:00 ] /QA/ | SQL: SHOW COLUMNS FROM `wl_question` [ RunTime:0.015001s ]
[ 2016-06-25T22:57:12+08:00 ] /QA/ | SQL: SELECT * FROM `wl_question` WHERE ( `solve` = 0 ) LIMIT 15   [ RunTime:0.000000s ]
[ 2016-06-25T22:57:12+08:00 ] /QA/ | SQL: SHOW COLUMNS FROM `wl_index_user` [ RunTime:0.014001s ]
[ 2016-06-25T22:57:12+08:00 ] /QA/ | SQL: SELECT * FROM `wl_index_user` ORDER BY adopt LIMIT 10   [ RunTime:0.001000s ]
[ 2016-06-25T22:57:12+08:00 ] /QA/ | INFO: Tag[ view_template ] --START--
[ 2016-06-25T22:57:12+08:00 ] /QA/ | INFO: Run LocationTemplate Behavior [ RunTime:0.002000s ]
[ 2016-06-25T22:57:12+08:00 ] /QA/ | INFO: Tag[ view_template ] --END-- [ RunTime:0.002000s ]
[ 2016-06-25T22:57:12+08:00 ] /QA/ | INFO: Tag[ view_parse ] --START--
[ 2016-06-25T22:57:12+08:00 ] /QA/ | INFO: Run ParseTemplate Behavior [ RunTime:0.039002s ]
[ 2016-06-25T22:57:12+08:00 ] /QA/ | INFO: Tag[ view_parse ] --END-- [ RunTime:0.040002s ]
[ 2016-06-25T22:57:12+08:00 ] /QA/ | INFO: Tag[ view_filter ] --START--
[ 2016-06-25T22:57:12+08:00 ] /QA/ | INFO: Run ContentReplace Behavior [ RunTime:0.002000s ]
[ 2016-06-25T22:57:12+08:00 ] /QA/ | INFO: Run TokenBuild Behavior [ RunTime:0.002001s ]
[ 2016-06-25T22:57:12+08:00 ] /QA/ | INFO: Run WriteHtmlCache Behavior [ RunTime:0.001000s ]
[ 2016-06-25T22:57:12+08:00 ] /QA/ | INFO: Run ShowRuntime Behavior [ RunTime:0.001000s ]
[ 2016-06-25T22:57:12+08:00 ] /QA/ | INFO: Tag[ view_filter ] --END-- [ RunTime:0.008001s ]
[ 2016-06-25T22:57:12+08:00 ] /QA/ | INFO: Tag[ view_end ] --START--
[ 2016-06-25T22:57:12+08:00 ] /QA/ | INFO: Run ShowPageTrace Behavior [ RunTime:0.002000s ]
[ 2016-06-25T22:57:12+08:00 ] /QA/ | INFO: Tag[ view_end ] --END-- [ RunTime:0.002000s ]
