[ 2017-03-15T23:47:44+08:00 ] /QA/ | INFO: Tag[ app_begin ] --START--
[ 2017-03-15T23:47:44+08:00 ] /QA/ | INFO: Run ReadHtmlCache Behavior [ RunTime:0.001486s ]
[ 2017-03-15T23:47:44+08:00 ] /QA/ | INFO: Tag[ app_begin ] --END-- [ RunTime:0.003040s ]
[ 2017-03-15T23:47:44+08:00 ] /QA/ | SQL: SHOW COLUMNS FROM `wl_category` [ RunTime:0.008463s ]
[ 2017-03-15T23:47:44+08:00 ] /QA/ | SQL: SELECT * FROM `wl_category` WHERE ( `pid` = 0 )  [ RunTime:0.000692s ]
[ 2017-03-15T23:47:44+08:00 ] /QA/ | SQL: SELECT * FROM `wl_category` WHERE ( `pid` = '1' )  [ RunTime:0.000805s ]
[ 2017-03-15T23:47:44+08:00 ] /QA/ | SQL: SELECT * FROM `wl_category` WHERE ( `pid` = '2' )  [ RunTime:0.000561s ]
[ 2017-03-15T23:47:44+08:00 ] /QA/ | SQL: SELECT * FROM `wl_category` WHERE ( `pid` = '3' )  [ RunTime:0.000375s ]
[ 2017-03-15T23:47:44+08:00 ] /QA/ | SQL: SELECT * FROM `wl_category` WHERE ( `pid` = '4' )  [ RunTime:0.000459s ]
[ 2017-03-15T23:47:44+08:00 ] /QA/ | SQL: SELECT * FROM `wl_category` WHERE ( `pid` = '5' )  [ RunTime:0.000527s ]
[ 2017-03-15T23:47:44+08:00 ] /QA/ | SQL: SHOW COLUMNS FROM `wl_question` [ RunTime:0.008263s ]
[ 2017-03-15T23:47:44+08:00 ] /QA/ | SQL: SELECT * FROM `wl_question` WHERE ( `solve` = 0 ) ORDER BY ask_time DESC LIMIT 5   [ RunTime:0.000663s ]
[ 2017-03-15T23:47:44+08:00 ] /QA/ | SQL: SELECT * FROM `wl_question` WHERE ( `solve` = 1 ) LIMIT 5   [ RunTime:0.000473s ]
[ 2017-03-15T23:47:44+08:00 ] /QA/ | SQL: SHOW COLUMNS FROM `wl_index_user` [ RunTime:0.007767s ]
[ 2017-03-15T23:47:44+08:00 ] /QA/ | NOTIC: [8] Undefined index: uid IndexAction.class.php 第 23 行.
[ 2017-03-15T23:47:44+08:00 ] /QA/ | SQL: SELECT `experience`,`money` FROM `wl_index_user` WHERE ( `id` = null ) LIMIT 1   [ RunTime:0.000422s ]
[ 2017-03-15T23:47:44+08:00 ] /QA/ | SQL: SELECT * FROM `wl_index_user` ORDER BY adopt DESC LIMIT 10   [ RunTime:0.000512s ]
[ 2017-03-15T23:47:44+08:00 ] /QA/ | INFO: Tag[ view_template ] --START--
[ 2017-03-15T23:47:44+08:00 ] /QA/ | INFO: Run LocationTemplate Behavior [ RunTime:0.001814s ]
[ 2017-03-15T23:47:44+08:00 ] /QA/ | INFO: Tag[ view_template ] --END-- [ RunTime:0.001877s ]
[ 2017-03-15T23:47:44+08:00 ] /QA/ | INFO: Tag[ view_parse ] --START--
[ 2017-03-15T23:47:44+08:00 ] /QA/ | INFO: Run ParseTemplate Behavior [ RunTime:0.035716s ]
[ 2017-03-15T23:47:44+08:00 ] /QA/ | INFO: Tag[ view_parse ] --END-- [ RunTime:0.035793s ]
[ 2017-03-15T23:47:44+08:00 ] /QA/ | INFO: Tag[ view_filter ] --START--
[ 2017-03-15T23:47:44+08:00 ] /QA/ | INFO: Run ContentReplace Behavior [ RunTime:0.001538s ]
[ 2017-03-15T23:47:44+08:00 ] /QA/ | INFO: Run TokenBuild Behavior [ RunTime:0.001051s ]
[ 2017-03-15T23:47:44+08:00 ] /QA/ | INFO: Run WriteHtmlCache Behavior [ RunTime:0.001066s ]
[ 2017-03-15T23:47:44+08:00 ] /QA/ | INFO: Run ShowRuntime Behavior [ RunTime:0.001360s ]
[ 2017-03-15T23:47:44+08:00 ] /QA/ | INFO: Tag[ view_filter ] --END-- [ RunTime:0.005255s ]
[ 2017-03-15T23:47:44+08:00 ] /QA/ | INFO: Tag[ view_end ] --START--
[ 2017-03-15T23:47:44+08:00 ] /QA/ | INFO: Run ShowPageTrace Behavior [ RunTime:0.002453s ]
[ 2017-03-15T23:47:44+08:00 ] /QA/ | INFO: Tag[ view_end ] --END-- [ RunTime:0.002548s ]
[ 2017-03-15T23:47:55+08:00 ] /QA/index.php/Member/index/id/2 | INFO: Tag[ route_check ] --START--
[ 2017-03-15T23:47:55+08:00 ] /QA/index.php/Member/index/id/2 | INFO: Run CheckRoute Behavior [ RunTime:0.001590s ]
[ 2017-03-15T23:47:55+08:00 ] /QA/index.php/Member/index/id/2 | INFO: Tag[ route_check ] --END-- [ RunTime:0.001670s ]
[ 2017-03-15T23:47:55+08:00 ] /QA/index.php/Member/index/id/2 | INFO: Tag[ app_begin ] --START--
[ 2017-03-15T23:47:55+08:00 ] /QA/index.php/Member/index/id/2 | INFO: Run ReadHtmlCache Behavior [ RunTime:0.001085s ]
[ 2017-03-15T23:47:55+08:00 ] /QA/index.php/Member/index/id/2 | INFO: Tag[ app_begin ] --END-- [ RunTime:0.001145s ]
[ 2017-03-15T23:47:55+08:00 ] /QA/index.php/Member/index/id/2 | SQL: SHOW COLUMNS FROM `wl_index_user` [ RunTime:0.008179s ]
[ 2017-03-15T23:47:55+08:00 ] /QA/index.php/Member/index/id/2 | SQL: SELECT `id`,`username`,`money`,`experience`,`adopt`,`answer`,`ask` FROM `wl_index_user` WHERE ( `id` = 2 ) LIMIT 1   [ RunTime:0.000516s ]
[ 2017-03-15T23:47:55+08:00 ] /QA/index.php/Member/index/id/2 | INFO: Tag[ view_template ] --START--
[ 2017-03-15T23:47:55+08:00 ] /QA/index.php/Member/index/id/2 | INFO: Run LocationTemplate Behavior [ RunTime:0.002144s ]
[ 2017-03-15T23:47:55+08:00 ] /QA/index.php/Member/index/id/2 | INFO: Tag[ view_template ] --END-- [ RunTime:0.002225s ]
[ 2017-03-15T23:47:55+08:00 ] /QA/index.php/Member/index/id/2 | INFO: Tag[ view_parse ] --START--
[ 2017-03-15T23:47:55+08:00 ] /QA/index.php/Member/index/id/2 | INFO: Run ParseTemplate Behavior [ RunTime:0.015778s ]
[ 2017-03-15T23:47:55+08:00 ] /QA/index.php/Member/index/id/2 | INFO: Tag[ view_parse ] --END-- [ RunTime:0.015853s ]
[ 2017-03-15T23:47:55+08:00 ] /QA/index.php/Member/index/id/2 | INFO: Tag[ view_filter ] --START--
[ 2017-03-15T23:47:55+08:00 ] /QA/index.php/Member/index/id/2 | INFO: Run ContentReplace Behavior [ RunTime:0.001279s ]
[ 2017-03-15T23:47:55+08:00 ] /QA/index.php/Member/index/id/2 | INFO: Run TokenBuild Behavior [ RunTime:0.001012s ]
[ 2017-03-15T23:47:55+08:00 ] /QA/index.php/Member/index/id/2 | INFO: Run WriteHtmlCache Behavior [ RunTime:0.000875s ]
[ 2017-03-15T23:47:55+08:00 ] /QA/index.php/Member/index/id/2 | INFO: Run ShowRuntime Behavior [ RunTime:0.001072s ]
[ 2017-03-15T23:47:55+08:00 ] /QA/index.php/Member/index/id/2 | INFO: Tag[ view_filter ] --END-- [ RunTime:0.004418s ]
[ 2017-03-15T23:47:55+08:00 ] /QA/index.php/Member/index/id/2 | INFO: Tag[ view_end ] --START--
[ 2017-03-15T23:47:55+08:00 ] /QA/index.php/Member/index/id/2 | INFO: Run ShowPageTrace Behavior [ RunTime:0.001109s ]
[ 2017-03-15T23:47:55+08:00 ] /QA/index.php/Member/index/id/2 | INFO: Tag[ view_end ] --END-- [ RunTime:0.001180s ]
[ 2017-03-15T23:47:57+08:00 ] /QA/index.php/Index/index | INFO: Tag[ route_check ] --START--
[ 2017-03-15T23:47:57+08:00 ] /QA/index.php/Index/index | INFO: Run CheckRoute Behavior [ RunTime:0.001334s ]
[ 2017-03-15T23:47:57+08:00 ] /QA/index.php/Index/index | INFO: Tag[ route_check ] --END-- [ RunTime:0.001429s ]
[ 2017-03-15T23:47:57+08:00 ] /QA/index.php/Index/index | INFO: Tag[ app_begin ] --START--
[ 2017-03-15T23:47:57+08:00 ] /QA/index.php/Index/index | INFO: Run ReadHtmlCache Behavior [ RunTime:0.001052s ]
[ 2017-03-15T23:47:57+08:00 ] /QA/index.php/Index/index | INFO: Tag[ app_begin ] --END-- [ RunTime:0.001109s ]
[ 2017-03-15T23:47:57+08:00 ] /QA/index.php/Index/index | SQL: SHOW COLUMNS FROM `wl_category` [ RunTime:0.008434s ]
[ 2017-03-15T23:47:57+08:00 ] /QA/index.php/Index/index | SQL: SELECT * FROM `wl_category` WHERE ( `pid` = 0 )  [ RunTime:0.000615s ]
[ 2017-03-15T23:47:57+08:00 ] /QA/index.php/Index/index | SQL: SELECT * FROM `wl_category` WHERE ( `pid` = '1' )  [ RunTime:0.000565s ]
[ 2017-03-15T23:47:57+08:00 ] /QA/index.php/Index/index | SQL: SELECT * FROM `wl_category` WHERE ( `pid` = '2' )  [ RunTime:0.000507s ]
[ 2017-03-15T23:47:57+08:00 ] /QA/index.php/Index/index | SQL: SELECT * FROM `wl_category` WHERE ( `pid` = '3' )  [ RunTime:0.000620s ]
[ 2017-03-15T23:47:57+08:00 ] /QA/index.php/Index/index | SQL: SELECT * FROM `wl_category` WHERE ( `pid` = '4' )  [ RunTime:0.000378s ]
[ 2017-03-15T23:47:57+08:00 ] /QA/index.php/Index/index | SQL: SELECT * FROM `wl_category` WHERE ( `pid` = '5' )  [ RunTime:0.000316s ]
[ 2017-03-15T23:47:57+08:00 ] /QA/index.php/Index/index | SQL: SHOW COLUMNS FROM `wl_question` [ RunTime:0.008601s ]
[ 2017-03-15T23:47:57+08:00 ] /QA/index.php/Index/index | SQL: SELECT * FROM `wl_question` WHERE ( `solve` = 0 ) ORDER BY ask_time DESC LIMIT 5   [ RunTime:0.000745s ]
[ 2017-03-15T23:47:57+08:00 ] /QA/index.php/Index/index | SQL: SELECT * FROM `wl_question` WHERE ( `solve` = 1 ) LIMIT 5   [ RunTime:0.000648s ]
[ 2017-03-15T23:47:57+08:00 ] /QA/index.php/Index/index | SQL: SHOW COLUMNS FROM `wl_index_user` [ RunTime:0.008714s ]
[ 2017-03-15T23:47:57+08:00 ] /QA/index.php/Index/index | NOTIC: [8] Undefined index: uid IndexAction.class.php 第 23 行.
[ 2017-03-15T23:47:57+08:00 ] /QA/index.php/Index/index | SQL: SELECT `experience`,`money` FROM `wl_index_user` WHERE ( `id` = null ) LIMIT 1   [ RunTime:0.000403s ]
[ 2017-03-15T23:47:57+08:00 ] /QA/index.php/Index/index | SQL: SELECT * FROM `wl_index_user` ORDER BY adopt DESC LIMIT 10   [ RunTime:0.000365s ]
[ 2017-03-15T23:47:57+08:00 ] /QA/index.php/Index/index | INFO: Tag[ view_template ] --START--
[ 2017-03-15T23:47:57+08:00 ] /QA/index.php/Index/index | INFO: Run LocationTemplate Behavior [ RunTime:0.001376s ]
[ 2017-03-15T23:47:57+08:00 ] /QA/index.php/Index/index | INFO: Tag[ view_template ] --END-- [ RunTime:0.001438s ]
[ 2017-03-15T23:47:57+08:00 ] /QA/index.php/Index/index | INFO: Tag[ view_parse ] --START--
[ 2017-03-15T23:47:57+08:00 ] /QA/index.php/Index/index | INFO: Run ParseTemplate Behavior [ RunTime:0.023749s ]
[ 2017-03-15T23:47:57+08:00 ] /QA/index.php/Index/index | INFO: Tag[ view_parse ] --END-- [ RunTime:0.023855s ]
[ 2017-03-15T23:47:57+08:00 ] /QA/index.php/Index/index | INFO: Tag[ view_filter ] --START--
[ 2017-03-15T23:47:57+08:00 ] /QA/index.php/Index/index | INFO: Run ContentReplace Behavior [ RunTime:0.001194s ]
[ 2017-03-15T23:47:57+08:00 ] /QA/index.php/Index/index | INFO: Run TokenBuild Behavior [ RunTime:0.000905s ]
[ 2017-03-15T23:47:57+08:00 ] /QA/index.php/Index/index | INFO: Run WriteHtmlCache Behavior [ RunTime:0.000636s ]
[ 2017-03-15T23:47:57+08:00 ] /QA/index.php/Index/index | INFO: Run ShowRuntime Behavior [ RunTime:0.000908s ]
[ 2017-03-15T23:47:57+08:00 ] /QA/index.php/Index/index | INFO: Tag[ view_filter ] --END-- [ RunTime:0.003835s ]
[ 2017-03-15T23:47:57+08:00 ] /QA/index.php/Index/index | INFO: Tag[ view_end ] --START--
[ 2017-03-15T23:47:57+08:00 ] /QA/index.php/Index/index | INFO: Run ShowPageTrace Behavior [ RunTime:0.001338s ]
[ 2017-03-15T23:47:57+08:00 ] /QA/index.php/Index/index | INFO: Tag[ view_end ] --END-- [ RunTime:0.001430s ]
[ 2017-03-15T23:47:59+08:00 ] /QA/index.php/Show/index/id/12 | INFO: Tag[ route_check ] --START--
[ 2017-03-15T23:47:59+08:00 ] /QA/index.php/Show/index/id/12 | INFO: Run CheckRoute Behavior [ RunTime:0.001260s ]
[ 2017-03-15T23:47:59+08:00 ] /QA/index.php/Show/index/id/12 | INFO: Tag[ route_check ] --END-- [ RunTime:0.001350s ]
[ 2017-03-15T23:47:59+08:00 ] /QA/index.php/Show/index/id/12 | INFO: Tag[ app_begin ] --START--
[ 2017-03-15T23:47:59+08:00 ] /QA/index.php/Show/index/id/12 | INFO: Run ReadHtmlCache Behavior [ RunTime:0.000949s ]
[ 2017-03-15T23:47:59+08:00 ] /QA/index.php/Show/index/id/12 | INFO: Tag[ app_begin ] --END-- [ RunTime:0.001009s ]
[ 2017-03-15T23:47:59+08:00 ] /QA/index.php/Show/index/id/12 | SQL: SHOW COLUMNS FROM `wl_question` [ RunTime:0.008912s ]
[ 2017-03-15T23:47:59+08:00 ] /QA/index.php/Show/index/id/12 | SQL: SHOW COLUMNS FROM `wl_index_user` [ RunTime:0.008288s ]
[ 2017-03-15T23:47:59+08:00 ] /QA/index.php/Show/index/id/12 | SQL: SELECT question.id AS id,question.ask_content AS ask_content,question.money_reward AS money_reward,question.solve AS solve,question.ask_time AS ask_time,question.cid AS cid,question.answer AS answer,question.uid AS uid,IndexUser.username AS username,IndexUser.experience AS experience FROM wl_question question LEFT JOIN wl_index_user IndexUser ON question.uid = IndexUser.id WHERE ( question.id = 12 ) LIMIT 1   [ RunTime:0.000740s ]
[ 2017-03-15T23:47:59+08:00 ] /QA/index.php/Show/index/id/12 | SQL: SHOW COLUMNS FROM `wl_answer` [ RunTime:0.008504s ]
[ 2017-03-15T23:47:59+08:00 ] /QA/index.php/Show/index/id/12 | SQL: SHOW COLUMNS FROM `wl_index_user` [ RunTime:0.008982s ]
[ 2017-03-15T23:47:59+08:00 ] /QA/index.php/Show/index/id/12 | SQL: SELECT answer.id AS id,answer.answer_content AS answer_content,answer.answer_time AS answer_time,IndexUser.id AS uid,IndexUser.username AS username,IndexUser.experience AS experience,IndexUser.answer AS answer,IndexUser.adopt AS adopt FROM wl_answer answer LEFT JOIN wl_index_user IndexUser ON answer.uid=IndexUser.id WHERE ( `qid` = 12 ) AND ( answer.adopt = 1 ) LIMIT 1   [ RunTime:0.001221s ]
[ 2017-03-15T23:47:59+08:00 ] /QA/index.php/Show/index/id/12 | SQL: SELECT COUNT(*) AS tp_count FROM `wl_answer` WHERE ( `qid` = 12 ) AND ( answer.adopt = 0 ) LIMIT 1   [ RunTime:0.000518s ]
[ 2017-03-15T23:47:59+08:00 ] /QA/index.php/Show/index/id/12 | SQL: SELECT answer.id AS id,answer.answer_content AS answer_content,answer.answer_time AS answer_time,IndexUser.id AS uid,IndexUser.username AS username,IndexUser.experience AS experience,IndexUser.answer AS answer,IndexUser.adopt AS adopt FROM wl_answer answer LEFT JOIN wl_index_user IndexUser ON answer.uid=IndexUser.id WHERE ( `qid` = 12 ) AND ( answer.adopt = 0 )  [ RunTime:0.000667s ]
[ 2017-03-15T23:47:59+08:00 ] /QA/index.php/Show/index/id/12 | SQL: SELECT answer.id AS id,answer.answer_content AS answer_content,answer.answer_time AS answer_time,IndexUser.id AS uid,IndexUser.username AS username,IndexUser.experience AS experience,IndexUser.answer AS answer,IndexUser.adopt AS adopt FROM wl_answer answer LEFT JOIN wl_index_user IndexUser ON answer.uid=IndexUser.id WHERE ( `qid` = 12 )  [ RunTime:0.000593s ]
[ 2017-03-15T23:47:59+08:00 ] /QA/index.php/Show/index/id/12 | NOTIC: [2] Invalid argument supplied for foreach() ShowAction.class.php 第 25 行.
[ 2017-03-15T23:47:59+08:00 ] /QA/index.php/Show/index/id/12 | SQL: SHOW COLUMNS FROM `wl_index_user` [ RunTime:0.008294s ]
[ 2017-03-15T23:47:59+08:00 ] /QA/index.php/Show/index/id/12 | SQL: SHOW COLUMNS FROM `wl_reply` [ RunTime:0.008964s ]
[ 2017-03-15T23:47:59+08:00 ] /QA/index.php/Show/index/id/12 | SQL: SELECT IndexUser.id AS id,IndexUser.username AS username,reply.reply_msg AS reply_msg,reply.reply_time AS reply_time,reply.uid AS uid,reply.aid AS aid FROM wl_index_user IndexUser LEFT JOIN wl_reply reply ON IndexUser.id=reply.uid WHERE ( reply.aid IN () )  [ RunTime:0.000369s ]
[ 2017-03-15T23:47:59+08:00 ] /QA/index.php/Show/index/id/12 | INFO: Tag[ view_template ] --START--
[ 2017-03-15T23:47:59+08:00 ] /QA/index.php/Show/index/id/12 | INFO: Run LocationTemplate Behavior [ RunTime:0.001610s ]
[ 2017-03-15T23:47:59+08:00 ] /QA/index.php/Show/index/id/12 | INFO: Tag[ view_template ] --END-- [ RunTime:0.001676s ]
[ 2017-03-15T23:47:59+08:00 ] /QA/index.php/Show/index/id/12 | INFO: Tag[ view_parse ] --START--
[ 2017-03-15T23:47:59+08:00 ] /QA/index.php/Show/index/id/12 | INFO: Run ParseTemplate Behavior [ RunTime:0.025535s ]
[ 2017-03-15T23:47:59+08:00 ] /QA/index.php/Show/index/id/12 | INFO: Tag[ view_parse ] --END-- [ RunTime:0.025627s ]
[ 2017-03-15T23:47:59+08:00 ] /QA/index.php/Show/index/id/12 | INFO: Tag[ view_filter ] --START--
[ 2017-03-15T23:47:59+08:00 ] /QA/index.php/Show/index/id/12 | INFO: Run ContentReplace Behavior [ RunTime:0.000917s ]
[ 2017-03-15T23:47:59+08:00 ] /QA/index.php/Show/index/id/12 | INFO: Run TokenBuild Behavior [ RunTime:0.000842s ]
[ 2017-03-15T23:47:59+08:00 ] /QA/index.php/Show/index/id/12 | INFO: Run WriteHtmlCache Behavior [ RunTime:0.000691s ]
[ 2017-03-15T23:47:59+08:00 ] /QA/index.php/Show/index/id/12 | INFO: Run ShowRuntime Behavior [ RunTime:0.000904s ]
[ 2017-03-15T23:47:59+08:00 ] /QA/index.php/Show/index/id/12 | INFO: Tag[ view_filter ] --END-- [ RunTime:0.003522s ]
[ 2017-03-15T23:47:59+08:00 ] /QA/index.php/Show/index/id/12 | INFO: Tag[ view_end ] --START--
[ 2017-03-15T23:47:59+08:00 ] /QA/index.php/Show/index/id/12 | INFO: Run ShowPageTrace Behavior [ RunTime:0.000932s ]
[ 2017-03-15T23:47:59+08:00 ] /QA/index.php/Show/index/id/12 | INFO: Tag[ view_end ] --END-- [ RunTime:0.000991s ]
[ 2017-03-15T23:48:01+08:00 ] /QA/index.php/Index/index | INFO: Tag[ route_check ] --START--
[ 2017-03-15T23:48:01+08:00 ] /QA/index.php/Index/index | INFO: Run CheckRoute Behavior [ RunTime:0.001303s ]
[ 2017-03-15T23:48:01+08:00 ] /QA/index.php/Index/index | INFO: Tag[ route_check ] --END-- [ RunTime:0.001399s ]
[ 2017-03-15T23:48:01+08:00 ] /QA/index.php/Index/index | INFO: Tag[ app_begin ] --START--
[ 2017-03-15T23:48:01+08:00 ] /QA/index.php/Index/index | INFO: Run ReadHtmlCache Behavior [ RunTime:0.000999s ]
[ 2017-03-15T23:48:01+08:00 ] /QA/index.php/Index/index | INFO: Tag[ app_begin ] --END-- [ RunTime:0.001057s ]
[ 2017-03-15T23:48:01+08:00 ] /QA/index.php/Index/index | SQL: SHOW COLUMNS FROM `wl_category` [ RunTime:0.008213s ]
[ 2017-03-15T23:48:01+08:00 ] /QA/index.php/Index/index | SQL: SELECT * FROM `wl_category` WHERE ( `pid` = 0 )  [ RunTime:0.000608s ]
[ 2017-03-15T23:48:01+08:00 ] /QA/index.php/Index/index | SQL: SELECT * FROM `wl_category` WHERE ( `pid` = '1' )  [ RunTime:0.000578s ]
[ 2017-03-15T23:48:01+08:00 ] /QA/index.php/Index/index | SQL: SELECT * FROM `wl_category` WHERE ( `pid` = '2' )  [ RunTime:0.000446s ]
[ 2017-03-15T23:48:01+08:00 ] /QA/index.php/Index/index | SQL: SELECT * FROM `wl_category` WHERE ( `pid` = '3' )  [ RunTime:0.000417s ]
[ 2017-03-15T23:48:01+08:00 ] /QA/index.php/Index/index | SQL: SELECT * FROM `wl_category` WHERE ( `pid` = '4' )  [ RunTime:0.000372s ]
[ 2017-03-15T23:48:01+08:00 ] /QA/index.php/Index/index | SQL: SELECT * FROM `wl_category` WHERE ( `pid` = '5' )  [ RunTime:0.000321s ]
[ 2017-03-15T23:48:01+08:00 ] /QA/index.php/Index/index | SQL: SHOW COLUMNS FROM `wl_question` [ RunTime:0.008782s ]
[ 2017-03-15T23:48:01+08:00 ] /QA/index.php/Index/index | SQL: SELECT * FROM `wl_question` WHERE ( `solve` = 0 ) ORDER BY ask_time DESC LIMIT 5   [ RunTime:0.000696s ]
[ 2017-03-15T23:48:01+08:00 ] /QA/index.php/Index/index | SQL: SELECT * FROM `wl_question` WHERE ( `solve` = 1 ) LIMIT 5   [ RunTime:0.000347s ]
[ 2017-03-15T23:48:01+08:00 ] /QA/index.php/Index/index | SQL: SHOW COLUMNS FROM `wl_index_user` [ RunTime:0.008027s ]
[ 2017-03-15T23:48:01+08:00 ] /QA/index.php/Index/index | NOTIC: [8] Undefined index: uid IndexAction.class.php 第 23 行.
[ 2017-03-15T23:48:01+08:00 ] /QA/index.php/Index/index | SQL: SELECT `experience`,`money` FROM `wl_index_user` WHERE ( `id` = null ) LIMIT 1   [ RunTime:0.000453s ]
[ 2017-03-15T23:48:01+08:00 ] /QA/index.php/Index/index | SQL: SELECT * FROM `wl_index_user` ORDER BY adopt DESC LIMIT 10   [ RunTime:0.000519s ]
[ 2017-03-15T23:48:01+08:00 ] /QA/index.php/Index/index | INFO: Tag[ view_template ] --START--
[ 2017-03-15T23:48:01+08:00 ] /QA/index.php/Index/index | INFO: Run LocationTemplate Behavior [ RunTime:0.001129s ]
[ 2017-03-15T23:48:01+08:00 ] /QA/index.php/Index/index | INFO: Tag[ view_template ] --END-- [ RunTime:0.001188s ]
[ 2017-03-15T23:48:01+08:00 ] /QA/index.php/Index/index | INFO: Tag[ view_parse ] --START--
[ 2017-03-15T23:48:01+08:00 ] /QA/index.php/Index/index | INFO: Run ParseTemplate Behavior [ RunTime:0.023869s ]
[ 2017-03-15T23:48:01+08:00 ] /QA/index.php/Index/index | INFO: Tag[ view_parse ] --END-- [ RunTime:0.023948s ]
[ 2017-03-15T23:48:01+08:00 ] /QA/index.php/Index/index | INFO: Tag[ view_filter ] --START--
[ 2017-03-15T23:48:01+08:00 ] /QA/index.php/Index/index | INFO: Run ContentReplace Behavior [ RunTime:0.000930s ]
[ 2017-03-15T23:48:01+08:00 ] /QA/index.php/Index/index | INFO: Run TokenBuild Behavior [ RunTime:0.000731s ]
[ 2017-03-15T23:48:01+08:00 ] /QA/index.php/Index/index | INFO: Run WriteHtmlCache Behavior [ RunTime:0.000743s ]
[ 2017-03-15T23:48:01+08:00 ] /QA/index.php/Index/index | INFO: Run ShowRuntime Behavior [ RunTime:0.001222s ]
[ 2017-03-15T23:48:01+08:00 ] /QA/index.php/Index/index | INFO: Tag[ view_filter ] --END-- [ RunTime:0.003818s ]
[ 2017-03-15T23:48:01+08:00 ] /QA/index.php/Index/index | INFO: Tag[ view_end ] --START--
[ 2017-03-15T23:48:01+08:00 ] /QA/index.php/Index/index | INFO: Run ShowPageTrace Behavior [ RunTime:0.003064s ]
[ 2017-03-15T23:48:01+08:00 ] /QA/index.php/Index/index | INFO: Tag[ view_end ] --END-- [ RunTime:0.003169s ]
[ 2017-03-15T23:48:02+08:00 ] /QA/index.php/Show/index/id/1 | INFO: Tag[ route_check ] --START--
[ 2017-03-15T23:48:02+08:00 ] /QA/index.php/Show/index/id/1 | INFO: Run CheckRoute Behavior [ RunTime:0.001414s ]
[ 2017-03-15T23:48:02+08:00 ] /QA/index.php/Show/index/id/1 | INFO: Tag[ route_check ] --END-- [ RunTime:0.001504s ]
[ 2017-03-15T23:48:02+08:00 ] /QA/index.php/Show/index/id/1 | INFO: Tag[ app_begin ] --START--
[ 2017-03-15T23:48:02+08:00 ] /QA/index.php/Show/index/id/1 | INFO: Run ReadHtmlCache Behavior [ RunTime:0.000996s ]
[ 2017-03-15T23:48:02+08:00 ] /QA/index.php/Show/index/id/1 | INFO: Tag[ app_begin ] --END-- [ RunTime:0.001058s ]
[ 2017-03-15T23:48:02+08:00 ] /QA/index.php/Show/index/id/1 | SQL: SHOW COLUMNS FROM `wl_question` [ RunTime:0.008259s ]
[ 2017-03-15T23:48:02+08:00 ] /QA/index.php/Show/index/id/1 | SQL: SHOW COLUMNS FROM `wl_index_user` [ RunTime:0.009012s ]
[ 2017-03-15T23:48:02+08:00 ] /QA/index.php/Show/index/id/1 | SQL: SELECT question.id AS id,question.ask_content AS ask_content,question.money_reward AS money_reward,question.solve AS solve,question.ask_time AS ask_time,question.cid AS cid,question.answer AS answer,question.uid AS uid,IndexUser.username AS username,IndexUser.experience AS experience FROM wl_question question LEFT JOIN wl_index_user IndexUser ON question.uid = IndexUser.id WHERE ( question.id = 1 ) LIMIT 1   [ RunTime:0.000652s ]
[ 2017-03-15T23:48:02+08:00 ] /QA/index.php/Show/index/id/1 | SQL: SHOW COLUMNS FROM `wl_answer` [ RunTime:0.008536s ]
[ 2017-03-15T23:48:02+08:00 ] /QA/index.php/Show/index/id/1 | SQL: SHOW COLUMNS FROM `wl_index_user` [ RunTime:0.008578s ]
[ 2017-03-15T23:48:02+08:00 ] /QA/index.php/Show/index/id/1 | SQL: SELECT answer.id AS id,answer.answer_content AS answer_content,answer.answer_time AS answer_time,IndexUser.id AS uid,IndexUser.username AS username,IndexUser.experience AS experience,IndexUser.answer AS answer,IndexUser.adopt AS adopt FROM wl_answer answer LEFT JOIN wl_index_user IndexUser ON answer.uid=IndexUser.id WHERE ( `qid` = 1 ) AND ( answer.adopt = 1 ) LIMIT 1   [ RunTime:0.000785s ]
[ 2017-03-15T23:48:02+08:00 ] /QA/index.php/Show/index/id/1 | SQL: SELECT COUNT(*) AS tp_count FROM `wl_answer` WHERE ( `qid` = 1 ) AND ( answer.adopt = 0 ) LIMIT 1   [ RunTime:0.000465s ]
[ 2017-03-15T23:48:02+08:00 ] /QA/index.php/Show/index/id/1 | SQL: SELECT answer.id AS id,answer.answer_content AS answer_content,answer.answer_time AS answer_time,IndexUser.id AS uid,IndexUser.username AS username,IndexUser.experience AS experience,IndexUser.answer AS answer,IndexUser.adopt AS adopt FROM wl_answer answer LEFT JOIN wl_index_user IndexUser ON answer.uid=IndexUser.id WHERE ( `qid` = 1 ) AND ( answer.adopt = 0 )  [ RunTime:0.000625s ]
[ 2017-03-15T23:48:02+08:00 ] /QA/index.php/Show/index/id/1 | SQL: SELECT answer.id AS id,answer.answer_content AS answer_content,answer.answer_time AS answer_time,IndexUser.id AS uid,IndexUser.username AS username,IndexUser.experience AS experience,IndexUser.answer AS answer,IndexUser.adopt AS adopt FROM wl_answer answer LEFT JOIN wl_index_user IndexUser ON answer.uid=IndexUser.id WHERE ( `qid` = 1 )  [ RunTime:0.000433s ]
[ 2017-03-15T23:48:02+08:00 ] /QA/index.php/Show/index/id/1 | SQL: SHOW COLUMNS FROM `wl_index_user` [ RunTime:0.008563s ]
[ 2017-03-15T23:48:02+08:00 ] /QA/index.php/Show/index/id/1 | SQL: SHOW COLUMNS FROM `wl_reply` [ RunTime:0.007884s ]
[ 2017-03-15T23:48:02+08:00 ] /QA/index.php/Show/index/id/1 | SQL: SELECT IndexUser.id AS id,IndexUser.username AS username,reply.reply_msg AS reply_msg,reply.reply_time AS reply_time,reply.uid AS uid,reply.aid AS aid FROM wl_index_user IndexUser LEFT JOIN wl_reply reply ON IndexUser.id=reply.uid WHERE ( reply.aid IN ('1') )  [ RunTime:0.000621s ]
[ 2017-03-15T23:48:02+08:00 ] /QA/index.php/Show/index/id/1 | INFO: Tag[ view_template ] --START--
[ 2017-03-15T23:48:02+08:00 ] /QA/index.php/Show/index/id/1 | INFO: Run LocationTemplate Behavior [ RunTime:0.001775s ]
[ 2017-03-15T23:48:02+08:00 ] /QA/index.php/Show/index/id/1 | INFO: Tag[ view_template ] --END-- [ RunTime:0.001880s ]
[ 2017-03-15T23:48:02+08:00 ] /QA/index.php/Show/index/id/1 | INFO: Tag[ view_parse ] --START--
[ 2017-03-15T23:48:02+08:00 ] /QA/index.php/Show/index/id/1 | INFO: Run ParseTemplate Behavior [ RunTime:0.025709s ]
[ 2017-03-15T23:48:02+08:00 ] /QA/index.php/Show/index/id/1 | INFO: Tag[ view_parse ] --END-- [ RunTime:0.025787s ]
[ 2017-03-15T23:48:02+08:00 ] /QA/index.php/Show/index/id/1 | INFO: Tag[ view_filter ] --START--
[ 2017-03-15T23:48:02+08:00 ] /QA/index.php/Show/index/id/1 | INFO: Run ContentReplace Behavior [ RunTime:0.000798s ]
[ 2017-03-15T23:48:02+08:00 ] /QA/index.php/Show/index/id/1 | INFO: Run TokenBuild Behavior [ RunTime:0.000741s ]
[ 2017-03-15T23:48:02+08:00 ] /QA/index.php/Show/index/id/1 | INFO: Run WriteHtmlCache Behavior [ RunTime:0.001014s ]
[ 2017-03-15T23:48:02+08:00 ] /QA/index.php/Show/index/id/1 | INFO: Run ShowRuntime Behavior [ RunTime:0.000910s ]
[ 2017-03-15T23:48:02+08:00 ] /QA/index.php/Show/index/id/1 | INFO: Tag[ view_filter ] --END-- [ RunTime:0.003657s ]
[ 2017-03-15T23:48:02+08:00 ] /QA/index.php/Show/index/id/1 | INFO: Tag[ view_end ] --START--
[ 2017-03-15T23:48:02+08:00 ] /QA/index.php/Show/index/id/1 | INFO: Run ShowPageTrace Behavior [ RunTime:0.000872s ]
[ 2017-03-15T23:48:02+08:00 ] /QA/index.php/Show/index/id/1 | INFO: Tag[ view_end ] --END-- [ RunTime:0.000930s ]
[ 2017-03-15T23:48:04+08:00 ] /QA/index.php/Index/index | INFO: Tag[ route_check ] --START--
[ 2017-03-15T23:48:04+08:00 ] /QA/index.php/Index/index | INFO: Run CheckRoute Behavior [ RunTime:0.001522s ]
[ 2017-03-15T23:48:04+08:00 ] /QA/index.php/Index/index | INFO: Tag[ route_check ] --END-- [ RunTime:0.001633s ]
[ 2017-03-15T23:48:04+08:00 ] /QA/index.php/Index/index | INFO: Tag[ app_begin ] --START--
[ 2017-03-15T23:48:04+08:00 ] /QA/index.php/Index/index | INFO: Run ReadHtmlCache Behavior [ RunTime:0.001125s ]
[ 2017-03-15T23:48:04+08:00 ] /QA/index.php/Index/index | INFO: Tag[ app_begin ] --END-- [ RunTime:0.001206s ]
[ 2017-03-15T23:48:04+08:00 ] /QA/index.php/Index/index | SQL: SHOW COLUMNS FROM `wl_category` [ RunTime:0.008449s ]
[ 2017-03-15T23:48:04+08:00 ] /QA/index.php/Index/index | SQL: SELECT * FROM `wl_category` WHERE ( `pid` = 0 )  [ RunTime:0.000701s ]
[ 2017-03-15T23:48:04+08:00 ] /QA/index.php/Index/index | SQL: SELECT * FROM `wl_category` WHERE ( `pid` = '1' )  [ RunTime:0.000574s ]
[ 2017-03-15T23:48:04+08:00 ] /QA/index.php/Index/index | SQL: SELECT * FROM `wl_category` WHERE ( `pid` = '2' )  [ RunTime:0.000444s ]
[ 2017-03-15T23:48:04+08:00 ] /QA/index.php/Index/index | SQL: SELECT * FROM `wl_category` WHERE ( `pid` = '3' )  [ RunTime:0.000338s ]
[ 2017-03-15T23:48:04+08:00 ] /QA/index.php/Index/index | SQL: SELECT * FROM `wl_category` WHERE ( `pid` = '4' )  [ RunTime:0.000473s ]
[ 2017-03-15T23:48:04+08:00 ] /QA/index.php/Index/index | SQL: SELECT * FROM `wl_category` WHERE ( `pid` = '5' )  [ RunTime:0.000401s ]
[ 2017-03-15T23:48:04+08:00 ] /QA/index.php/Index/index | SQL: SHOW COLUMNS FROM `wl_question` [ RunTime:0.008670s ]
[ 2017-03-15T23:48:04+08:00 ] /QA/index.php/Index/index | SQL: SELECT * FROM `wl_question` WHERE ( `solve` = 0 ) ORDER BY ask_time DESC LIMIT 5   [ RunTime:0.000681s ]
[ 2017-03-15T23:48:04+08:00 ] /QA/index.php/Index/index | SQL: SELECT * FROM `wl_question` WHERE ( `solve` = 1 ) LIMIT 5   [ RunTime:0.000362s ]
[ 2017-03-15T23:48:04+08:00 ] /QA/index.php/Index/index | SQL: SHOW COLUMNS FROM `wl_index_user` [ RunTime:0.008435s ]
[ 2017-03-15T23:48:04+08:00 ] /QA/index.php/Index/index | NOTIC: [8] Undefined index: uid IndexAction.class.php 第 23 行.
[ 2017-03-15T23:48:04+08:00 ] /QA/index.php/Index/index | SQL: SELECT `experience`,`money` FROM `wl_index_user` WHERE ( `id` = null ) LIMIT 1   [ RunTime:0.000493s ]
[ 2017-03-15T23:48:04+08:00 ] /QA/index.php/Index/index | SQL: SELECT * FROM `wl_index_user` ORDER BY adopt DESC LIMIT 10   [ RunTime:0.000497s ]
[ 2017-03-15T23:48:04+08:00 ] /QA/index.php/Index/index | INFO: Tag[ view_template ] --START--
[ 2017-03-15T23:48:04+08:00 ] /QA/index.php/Index/index | INFO: Run LocationTemplate Behavior [ RunTime:0.001116s ]
[ 2017-03-15T23:48:04+08:00 ] /QA/index.php/Index/index | INFO: Tag[ view_template ] --END-- [ RunTime:0.001176s ]
[ 2017-03-15T23:48:04+08:00 ] /QA/index.php/Index/index | INFO: Tag[ view_parse ] --START--
[ 2017-03-15T23:48:04+08:00 ] /QA/index.php/Index/index | INFO: Run ParseTemplate Behavior [ RunTime:0.024571s ]
[ 2017-03-15T23:48:04+08:00 ] /QA/index.php/Index/index | INFO: Tag[ view_parse ] --END-- [ RunTime:0.024646s ]
[ 2017-03-15T23:48:04+08:00 ] /QA/index.php/Index/index | INFO: Tag[ view_filter ] --START--
[ 2017-03-15T23:48:04+08:00 ] /QA/index.php/Index/index | INFO: Run ContentReplace Behavior [ RunTime:0.000890s ]
[ 2017-03-15T23:48:04+08:00 ] /QA/index.php/Index/index | INFO: Run TokenBuild Behavior [ RunTime:0.000728s ]
[ 2017-03-15T23:48:04+08:00 ] /QA/index.php/Index/index | INFO: Run WriteHtmlCache Behavior [ RunTime:0.000782s ]
[ 2017-03-15T23:48:04+08:00 ] /QA/index.php/Index/index | INFO: Run ShowRuntime Behavior [ RunTime:0.001068s ]
[ 2017-03-15T23:48:04+08:00 ] /QA/index.php/Index/index | INFO: Tag[ view_filter ] --END-- [ RunTime:0.003710s ]
[ 2017-03-15T23:48:04+08:00 ] /QA/index.php/Index/index | INFO: Tag[ view_end ] --START--
[ 2017-03-15T23:48:04+08:00 ] /QA/index.php/Index/index | INFO: Run ShowPageTrace Behavior [ RunTime:0.001309s ]
[ 2017-03-15T23:48:04+08:00 ] /QA/index.php/Index/index | INFO: Tag[ view_end ] --END-- [ RunTime:0.001419s ]
[ 2017-03-15T23:48:34+08:00 ] /QA/index.php/Show/index/id/11 | INFO: Tag[ route_check ] --START--
[ 2017-03-15T23:48:34+08:00 ] /QA/index.php/Show/index/id/11 | INFO: Run CheckRoute Behavior [ RunTime:0.001335s ]
[ 2017-03-15T23:48:34+08:00 ] /QA/index.php/Show/index/id/11 | INFO: Tag[ route_check ] --END-- [ RunTime:0.001424s ]
[ 2017-03-15T23:48:34+08:00 ] /QA/index.php/Show/index/id/11 | INFO: Tag[ app_begin ] --START--
[ 2017-03-15T23:48:34+08:00 ] /QA/index.php/Show/index/id/11 | INFO: Run ReadHtmlCache Behavior [ RunTime:0.000963s ]
[ 2017-03-15T23:48:34+08:00 ] /QA/index.php/Show/index/id/11 | INFO: Tag[ app_begin ] --END-- [ RunTime:0.001021s ]
[ 2017-03-15T23:48:34+08:00 ] /QA/index.php/Show/index/id/11 | SQL: SHOW COLUMNS FROM `wl_question` [ RunTime:0.008995s ]
[ 2017-03-15T23:48:34+08:00 ] /QA/index.php/Show/index/id/11 | SQL: SHOW COLUMNS FROM `wl_index_user` [ RunTime:0.008661s ]
[ 2017-03-15T23:48:34+08:00 ] /QA/index.php/Show/index/id/11 | SQL: SELECT question.id AS id,question.ask_content AS ask_content,question.money_reward AS money_reward,question.solve AS solve,question.ask_time AS ask_time,question.cid AS cid,question.answer AS answer,question.uid AS uid,IndexUser.username AS username,IndexUser.experience AS experience FROM wl_question question LEFT JOIN wl_index_user IndexUser ON question.uid = IndexUser.id WHERE ( question.id = 11 ) LIMIT 1   [ RunTime:0.000710s ]
[ 2017-03-15T23:48:34+08:00 ] /QA/index.php/Show/index/id/11 | SQL: SHOW COLUMNS FROM `wl_answer` [ RunTime:0.008451s ]
[ 2017-03-15T23:48:34+08:00 ] /QA/index.php/Show/index/id/11 | SQL: SHOW COLUMNS FROM `wl_index_user` [ RunTime:0.008377s ]
[ 2017-03-15T23:48:34+08:00 ] /QA/index.php/Show/index/id/11 | SQL: SELECT answer.id AS id,answer.answer_content AS answer_content,answer.answer_time AS answer_time,IndexUser.id AS uid,IndexUser.username AS username,IndexUser.experience AS experience,IndexUser.answer AS answer,IndexUser.adopt AS adopt FROM wl_answer answer LEFT JOIN wl_index_user IndexUser ON answer.uid=IndexUser.id WHERE ( `qid` = 11 ) AND ( answer.adopt = 1 ) LIMIT 1   [ RunTime:0.000621s ]
[ 2017-03-15T23:48:34+08:00 ] /QA/index.php/Show/index/id/11 | SQL: SELECT COUNT(*) AS tp_count FROM `wl_answer` WHERE ( `qid` = 11 ) AND ( answer.adopt = 0 ) LIMIT 1   [ RunTime:0.000458s ]
[ 2017-03-15T23:48:34+08:00 ] /QA/index.php/Show/index/id/11 | SQL: SELECT answer.id AS id,answer.answer_content AS answer_content,answer.answer_time AS answer_time,IndexUser.id AS uid,IndexUser.username AS username,IndexUser.experience AS experience,IndexUser.answer AS answer,IndexUser.adopt AS adopt FROM wl_answer answer LEFT JOIN wl_index_user IndexUser ON answer.uid=IndexUser.id WHERE ( `qid` = 11 ) AND ( answer.adopt = 0 )  [ RunTime:0.000667s ]
[ 2017-03-15T23:48:34+08:00 ] /QA/index.php/Show/index/id/11 | SQL: SELECT answer.id AS id,answer.answer_content AS answer_content,answer.answer_time AS answer_time,IndexUser.id AS uid,IndexUser.username AS username,IndexUser.experience AS experience,IndexUser.answer AS answer,IndexUser.adopt AS adopt FROM wl_answer answer LEFT JOIN wl_index_user IndexUser ON answer.uid=IndexUser.id WHERE ( `qid` = 11 )  [ RunTime:0.000569s ]
[ 2017-03-15T23:48:34+08:00 ] /QA/index.php/Show/index/id/11 | NOTIC: [2] Invalid argument supplied for foreach() ShowAction.class.php 第 25 行.
[ 2017-03-15T23:48:34+08:00 ] /QA/index.php/Show/index/id/11 | SQL: SHOW COLUMNS FROM `wl_index_user` [ RunTime:0.010243s ]
[ 2017-03-15T23:48:34+08:00 ] /QA/index.php/Show/index/id/11 | SQL: SHOW COLUMNS FROM `wl_reply` [ RunTime:0.008590s ]
[ 2017-03-15T23:48:34+08:00 ] /QA/index.php/Show/index/id/11 | SQL: SELECT IndexUser.id AS id,IndexUser.username AS username,reply.reply_msg AS reply_msg,reply.reply_time AS reply_time,reply.uid AS uid,reply.aid AS aid FROM wl_index_user IndexUser LEFT JOIN wl_reply reply ON IndexUser.id=reply.uid WHERE ( reply.aid IN () )  [ RunTime:0.000342s ]
[ 2017-03-15T23:48:34+08:00 ] /QA/index.php/Show/index/id/11 | INFO: Tag[ view_template ] --START--
[ 2017-03-15T23:48:34+08:00 ] /QA/index.php/Show/index/id/11 | INFO: Run LocationTemplate Behavior [ RunTime:0.001276s ]
[ 2017-03-15T23:48:34+08:00 ] /QA/index.php/Show/index/id/11 | INFO: Tag[ view_template ] --END-- [ RunTime:0.001342s ]
[ 2017-03-15T23:48:34+08:00 ] /QA/index.php/Show/index/id/11 | INFO: Tag[ view_parse ] --START--
[ 2017-03-15T23:48:34+08:00 ] /QA/index.php/Show/index/id/11 | INFO: Run ParseTemplate Behavior [ RunTime:0.023829s ]
[ 2017-03-15T23:48:34+08:00 ] /QA/index.php/Show/index/id/11 | INFO: Tag[ view_parse ] --END-- [ RunTime:0.023907s ]
[ 2017-03-15T23:48:34+08:00 ] /QA/index.php/Show/index/id/11 | INFO: Tag[ view_filter ] --START--
[ 2017-03-15T23:48:34+08:00 ] /QA/index.php/Show/index/id/11 | INFO: Run ContentReplace Behavior [ RunTime:0.000826s ]
[ 2017-03-15T23:48:34+08:00 ] /QA/index.php/Show/index/id/11 | INFO: Run TokenBuild Behavior [ RunTime:0.000739s ]
[ 2017-03-15T23:48:34+08:00 ] /QA/index.php/Show/index/id/11 | INFO: Run WriteHtmlCache Behavior [ RunTime:0.000622s ]
[ 2017-03-15T23:48:34+08:00 ] /QA/index.php/Show/index/id/11 | INFO: Run ShowRuntime Behavior [ RunTime:0.000999s ]
[ 2017-03-15T23:48:34+08:00 ] /QA/index.php/Show/index/id/11 | INFO: Tag[ view_filter ] --END-- [ RunTime:0.003442s ]
[ 2017-03-15T23:48:34+08:00 ] /QA/index.php/Show/index/id/11 | INFO: Tag[ view_end ] --START--
[ 2017-03-15T23:48:34+08:00 ] /QA/index.php/Show/index/id/11 | INFO: Run ShowPageTrace Behavior [ RunTime:0.000998s ]
[ 2017-03-15T23:48:34+08:00 ] /QA/index.php/Show/index/id/11 | INFO: Tag[ view_end ] --END-- [ RunTime:0.001070s ]
[ 2017-03-15T23:48:36+08:00 ] /QA/index.php/Index/index | INFO: Tag[ route_check ] --START--
[ 2017-03-15T23:48:36+08:00 ] /QA/index.php/Index/index | INFO: Run CheckRoute Behavior [ RunTime:0.001794s ]
[ 2017-03-15T23:48:36+08:00 ] /QA/index.php/Index/index | INFO: Tag[ route_check ] --END-- [ RunTime:0.001925s ]
[ 2017-03-15T23:48:36+08:00 ] /QA/index.php/Index/index | INFO: Tag[ app_begin ] --START--
[ 2017-03-15T23:48:36+08:00 ] /QA/index.php/Index/index | INFO: Run ReadHtmlCache Behavior [ RunTime:0.001363s ]
[ 2017-03-15T23:48:36+08:00 ] /QA/index.php/Index/index | INFO: Tag[ app_begin ] --END-- [ RunTime:0.001459s ]
[ 2017-03-15T23:48:36+08:00 ] /QA/index.php/Index/index | SQL: SHOW COLUMNS FROM `wl_category` [ RunTime:0.010379s ]
[ 2017-03-15T23:48:36+08:00 ] /QA/index.php/Index/index | SQL: SELECT * FROM `wl_category` WHERE ( `pid` = 0 )  [ RunTime:0.000736s ]
[ 2017-03-15T23:48:36+08:00 ] /QA/index.php/Index/index | SQL: SELECT * FROM `wl_category` WHERE ( `pid` = '1' )  [ RunTime:0.000570s ]
[ 2017-03-15T23:48:36+08:00 ] /QA/index.php/Index/index | SQL: SELECT * FROM `wl_category` WHERE ( `pid` = '2' )  [ RunTime:0.000653s ]
[ 2017-03-15T23:48:36+08:00 ] /QA/index.php/Index/index | SQL: SELECT * FROM `wl_category` WHERE ( `pid` = '3' )  [ RunTime:0.000477s ]
[ 2017-03-15T23:48:36+08:00 ] /QA/index.php/Index/index | SQL: SELECT * FROM `wl_category` WHERE ( `pid` = '4' )  [ RunTime:0.000445s ]
[ 2017-03-15T23:48:36+08:00 ] /QA/index.php/Index/index | SQL: SELECT * FROM `wl_category` WHERE ( `pid` = '5' )  [ RunTime:0.000654s ]
[ 2017-03-15T23:48:36+08:00 ] /QA/index.php/Index/index | SQL: SHOW COLUMNS FROM `wl_question` [ RunTime:0.010682s ]
[ 2017-03-15T23:48:36+08:00 ] /QA/index.php/Index/index | SQL: SELECT * FROM `wl_question` WHERE ( `solve` = 0 ) ORDER BY ask_time DESC LIMIT 5   [ RunTime:0.000793s ]
[ 2017-03-15T23:48:36+08:00 ] /QA/index.php/Index/index | SQL: SELECT * FROM `wl_question` WHERE ( `solve` = 1 ) LIMIT 5   [ RunTime:0.000548s ]
[ 2017-03-15T23:48:36+08:00 ] /QA/index.php/Index/index | SQL: SHOW COLUMNS FROM `wl_index_user` [ RunTime:0.011957s ]
[ 2017-03-15T23:48:36+08:00 ] /QA/index.php/Index/index | NOTIC: [8] Undefined index: uid IndexAction.class.php 第 23 行.
[ 2017-03-15T23:48:36+08:00 ] /QA/index.php/Index/index | SQL: SELECT `experience`,`money` FROM `wl_index_user` WHERE ( `id` = null ) LIMIT 1   [ RunTime:0.000509s ]
[ 2017-03-15T23:48:36+08:00 ] /QA/index.php/Index/index | SQL: SELECT * FROM `wl_index_user` ORDER BY adopt DESC LIMIT 10   [ RunTime:0.000619s ]
[ 2017-03-15T23:48:36+08:00 ] /QA/index.php/Index/index | INFO: Tag[ view_template ] --START--
[ 2017-03-15T23:48:36+08:00 ] /QA/index.php/Index/index | INFO: Run LocationTemplate Behavior [ RunTime:0.001334s ]
[ 2017-03-15T23:48:36+08:00 ] /QA/index.php/Index/index | INFO: Tag[ view_template ] --END-- [ RunTime:0.001425s ]
[ 2017-03-15T23:48:36+08:00 ] /QA/index.php/Index/index | INFO: Tag[ view_parse ] --START--
[ 2017-03-15T23:48:36+08:00 ] /QA/index.php/Index/index | INFO: Run ParseTemplate Behavior [ RunTime:0.029975s ]
[ 2017-03-15T23:48:36+08:00 ] /QA/index.php/Index/index | INFO: Tag[ view_parse ] --END-- [ RunTime:0.030062s ]
[ 2017-03-15T23:48:36+08:00 ] /QA/index.php/Index/index | INFO: Tag[ view_filter ] --START--
[ 2017-03-15T23:48:36+08:00 ] /QA/index.php/Index/index | INFO: Run ContentReplace Behavior [ RunTime:0.001316s ]
[ 2017-03-15T23:48:36+08:00 ] /QA/index.php/Index/index | INFO: Run TokenBuild Behavior [ RunTime:0.000891s ]
[ 2017-03-15T23:48:36+08:00 ] /QA/index.php/Index/index | INFO: Run WriteHtmlCache Behavior [ RunTime:0.000607s ]
[ 2017-03-15T23:48:36+08:00 ] /QA/index.php/Index/index | INFO: Run ShowRuntime Behavior [ RunTime:0.000881s ]
[ 2017-03-15T23:48:36+08:00 ] /QA/index.php/Index/index | INFO: Tag[ view_filter ] --END-- [ RunTime:0.003907s ]
[ 2017-03-15T23:48:36+08:00 ] /QA/index.php/Index/index | INFO: Tag[ view_end ] --START--
[ 2017-03-15T23:48:36+08:00 ] /QA/index.php/Index/index | INFO: Run ShowPageTrace Behavior [ RunTime:0.001749s ]
[ 2017-03-15T23:48:36+08:00 ] /QA/index.php/Index/index | INFO: Tag[ view_end ] --END-- [ RunTime:0.001863s ]
[ 2017-03-15T23:48:37+08:00 ] /QA/index.php/Show/index/id/13 | INFO: Tag[ route_check ] --START--
[ 2017-03-15T23:48:37+08:00 ] /QA/index.php/Show/index/id/13 | INFO: Run CheckRoute Behavior [ RunTime:0.001502s ]
[ 2017-03-15T23:48:37+08:00 ] /QA/index.php/Show/index/id/13 | INFO: Tag[ route_check ] --END-- [ RunTime:0.001606s ]
[ 2017-03-15T23:48:37+08:00 ] /QA/index.php/Show/index/id/13 | INFO: Tag[ app_begin ] --START--
[ 2017-03-15T23:48:37+08:00 ] /QA/index.php/Show/index/id/13 | INFO: Run ReadHtmlCache Behavior [ RunTime:0.001303s ]
[ 2017-03-15T23:48:37+08:00 ] /QA/index.php/Show/index/id/13 | INFO: Tag[ app_begin ] --END-- [ RunTime:0.001388s ]
[ 2017-03-15T23:48:37+08:00 ] /QA/index.php/Show/index/id/13 | SQL: SHOW COLUMNS FROM `wl_question` [ RunTime:0.008350s ]
[ 2017-03-15T23:48:37+08:00 ] /QA/index.php/Show/index/id/13 | SQL: SHOW COLUMNS FROM `wl_index_user` [ RunTime:0.009736s ]
[ 2017-03-15T23:48:37+08:00 ] /QA/index.php/Show/index/id/13 | SQL: SELECT question.id AS id,question.ask_content AS ask_content,question.money_reward AS money_reward,question.solve AS solve,question.ask_time AS ask_time,question.cid AS cid,question.answer AS answer,question.uid AS uid,IndexUser.username AS username,IndexUser.experience AS experience FROM wl_question question LEFT JOIN wl_index_user IndexUser ON question.uid = IndexUser.id WHERE ( question.id = 13 ) LIMIT 1   [ RunTime:0.000638s ]
[ 2017-03-15T23:48:37+08:00 ] /QA/index.php/Show/index/id/13 | SQL: SHOW COLUMNS FROM `wl_answer` [ RunTime:0.008800s ]
[ 2017-03-15T23:48:37+08:00 ] /QA/index.php/Show/index/id/13 | SQL: SHOW COLUMNS FROM `wl_index_user` [ RunTime:0.008281s ]
[ 2017-03-15T23:48:37+08:00 ] /QA/index.php/Show/index/id/13 | SQL: SELECT answer.id AS id,answer.answer_content AS answer_content,answer.answer_time AS answer_time,IndexUser.id AS uid,IndexUser.username AS username,IndexUser.experience AS experience,IndexUser.answer AS answer,IndexUser.adopt AS adopt FROM wl_answer answer LEFT JOIN wl_index_user IndexUser ON answer.uid=IndexUser.id WHERE ( `qid` = 13 ) AND ( answer.adopt = 1 ) LIMIT 1   [ RunTime:0.000699s ]
[ 2017-03-15T23:48:37+08:00 ] /QA/index.php/Show/index/id/13 | SQL: SELECT COUNT(*) AS tp_count FROM `wl_answer` WHERE ( `qid` = 13 ) AND ( answer.adopt = 0 ) LIMIT 1   [ RunTime:0.000425s ]
[ 2017-03-15T23:48:37+08:00 ] /QA/index.php/Show/index/id/13 | SQL: SELECT answer.id AS id,answer.answer_content AS answer_content,answer.answer_time AS answer_time,IndexUser.id AS uid,IndexUser.username AS username,IndexUser.experience AS experience,IndexUser.answer AS answer,IndexUser.adopt AS adopt FROM wl_answer answer LEFT JOIN wl_index_user IndexUser ON answer.uid=IndexUser.id WHERE ( `qid` = 13 ) AND ( answer.adopt = 0 )  [ RunTime:0.000509s ]
[ 2017-03-15T23:48:37+08:00 ] /QA/index.php/Show/index/id/13 | SQL: SELECT answer.id AS id,answer.answer_content AS answer_content,answer.answer_time AS answer_time,IndexUser.id AS uid,IndexUser.username AS username,IndexUser.experience AS experience,IndexUser.answer AS answer,IndexUser.adopt AS adopt FROM wl_answer answer LEFT JOIN wl_index_user IndexUser ON answer.uid=IndexUser.id WHERE ( `qid` = 13 )  [ RunTime:0.000336s ]
[ 2017-03-15T23:48:37+08:00 ] /QA/index.php/Show/index/id/13 | NOTIC: [2] Invalid argument supplied for foreach() ShowAction.class.php 第 25 行.
[ 2017-03-15T23:48:37+08:00 ] /QA/index.php/Show/index/id/13 | SQL: SHOW COLUMNS FROM `wl_index_user` [ RunTime:0.008251s ]
[ 2017-03-15T23:48:37+08:00 ] /QA/index.php/Show/index/id/13 | SQL: SHOW COLUMNS FROM `wl_reply` [ RunTime:0.009972s ]
[ 2017-03-15T23:48:37+08:00 ] /QA/index.php/Show/index/id/13 | SQL: SELECT IndexUser.id AS id,IndexUser.username AS username,reply.reply_msg AS reply_msg,reply.reply_time AS reply_time,reply.uid AS uid,reply.aid AS aid FROM wl_index_user IndexUser LEFT JOIN wl_reply reply ON IndexUser.id=reply.uid WHERE ( reply.aid IN () )  [ RunTime:0.000373s ]
[ 2017-03-15T23:48:37+08:00 ] /QA/index.php/Show/index/id/13 | INFO: Tag[ view_template ] --START--
[ 2017-03-15T23:48:37+08:00 ] /QA/index.php/Show/index/id/13 | INFO: Run LocationTemplate Behavior [ RunTime:0.001544s ]
[ 2017-03-15T23:48:37+08:00 ] /QA/index.php/Show/index/id/13 | INFO: Tag[ view_template ] --END-- [ RunTime:0.001629s ]
[ 2017-03-15T23:48:37+08:00 ] /QA/index.php/Show/index/id/13 | INFO: Tag[ view_parse ] --START--
[ 2017-03-15T23:48:37+08:00 ] /QA/index.php/Show/index/id/13 | INFO: Run ParseTemplate Behavior [ RunTime:0.024303s ]
[ 2017-03-15T23:48:37+08:00 ] /QA/index.php/Show/index/id/13 | INFO: Tag[ view_parse ] --END-- [ RunTime:0.024383s ]
[ 2017-03-15T23:48:37+08:00 ] /QA/index.php/Show/index/id/13 | INFO: Tag[ view_filter ] --START--
[ 2017-03-15T23:48:37+08:00 ] /QA/index.php/Show/index/id/13 | INFO: Run ContentReplace Behavior [ RunTime:0.000803s ]
[ 2017-03-15T23:48:37+08:00 ] /QA/index.php/Show/index/id/13 | INFO: Run TokenBuild Behavior [ RunTime:0.000742s ]
[ 2017-03-15T23:48:37+08:00 ] /QA/index.php/Show/index/id/13 | INFO: Run WriteHtmlCache Behavior [ RunTime:0.000606s ]
[ 2017-03-15T23:48:37+08:00 ] /QA/index.php/Show/index/id/13 | INFO: Run ShowRuntime Behavior [ RunTime:0.000844s ]
[ 2017-03-15T23:48:37+08:00 ] /QA/index.php/Show/index/id/13 | INFO: Tag[ view_filter ] --END-- [ RunTime:0.003159s ]
[ 2017-03-15T23:48:37+08:00 ] /QA/index.php/Show/index/id/13 | INFO: Tag[ view_end ] --START--
[ 2017-03-15T23:48:37+08:00 ] /QA/index.php/Show/index/id/13 | INFO: Run ShowPageTrace Behavior [ RunTime:0.000833s ]
[ 2017-03-15T23:48:37+08:00 ] /QA/index.php/Show/index/id/13 | INFO: Tag[ view_end ] --END-- [ RunTime:0.000894s ]
[ 2017-03-15T23:48:39+08:00 ] /QA/index.php/Index/index | INFO: Tag[ route_check ] --START--
[ 2017-03-15T23:48:39+08:00 ] /QA/index.php/Index/index | INFO: Run CheckRoute Behavior [ RunTime:0.001447s ]
[ 2017-03-15T23:48:39+08:00 ] /QA/index.php/Index/index | INFO: Tag[ route_check ] --END-- [ RunTime:0.001562s ]
[ 2017-03-15T23:48:39+08:00 ] /QA/index.php/Index/index | INFO: Tag[ app_begin ] --START--
[ 2017-03-15T23:48:39+08:00 ] /QA/index.php/Index/index | INFO: Run ReadHtmlCache Behavior [ RunTime:0.000991s ]
[ 2017-03-15T23:48:39+08:00 ] /QA/index.php/Index/index | INFO: Tag[ app_begin ] --END-- [ RunTime:0.001053s ]
[ 2017-03-15T23:48:39+08:00 ] /QA/index.php/Index/index | SQL: SHOW COLUMNS FROM `wl_category` [ RunTime:0.008751s ]
[ 2017-03-15T23:48:39+08:00 ] /QA/index.php/Index/index | SQL: SELECT * FROM `wl_category` WHERE ( `pid` = 0 )  [ RunTime:0.000708s ]
[ 2017-03-15T23:48:39+08:00 ] /QA/index.php/Index/index | SQL: SELECT * FROM `wl_category` WHERE ( `pid` = '1' )  [ RunTime:0.000683s ]
[ 2017-03-15T23:48:39+08:00 ] /QA/index.php/Index/index | SQL: SELECT * FROM `wl_category` WHERE ( `pid` = '2' )  [ RunTime:0.000545s ]
[ 2017-03-15T23:48:39+08:00 ] /QA/index.php/Index/index | SQL: SELECT * FROM `wl_category` WHERE ( `pid` = '3' )  [ RunTime:0.000348s ]
[ 2017-03-15T23:48:39+08:00 ] /QA/index.php/Index/index | SQL: SELECT * FROM `wl_category` WHERE ( `pid` = '4' )  [ RunTime:0.000325s ]
[ 2017-03-15T23:48:39+08:00 ] /QA/index.php/Index/index | SQL: SELECT * FROM `wl_category` WHERE ( `pid` = '5' )  [ RunTime:0.000310s ]
[ 2017-03-15T23:48:39+08:00 ] /QA/index.php/Index/index | SQL: SHOW COLUMNS FROM `wl_question` [ RunTime:0.008904s ]
[ 2017-03-15T23:48:39+08:00 ] /QA/index.php/Index/index | SQL: SELECT * FROM `wl_question` WHERE ( `solve` = 0 ) ORDER BY ask_time DESC LIMIT 5   [ RunTime:0.000753s ]
[ 2017-03-15T23:48:39+08:00 ] /QA/index.php/Index/index | SQL: SELECT * FROM `wl_question` WHERE ( `solve` = 1 ) LIMIT 5   [ RunTime:0.000388s ]
[ 2017-03-15T23:48:39+08:00 ] /QA/index.php/Index/index | SQL: SHOW COLUMNS FROM `wl_index_user` [ RunTime:0.008188s ]
[ 2017-03-15T23:48:39+08:00 ] /QA/index.php/Index/index | NOTIC: [8] Undefined index: uid IndexAction.class.php 第 23 行.
[ 2017-03-15T23:48:39+08:00 ] /QA/index.php/Index/index | SQL: SELECT `experience`,`money` FROM `wl_index_user` WHERE ( `id` = null ) LIMIT 1   [ RunTime:0.000428s ]
[ 2017-03-15T23:48:39+08:00 ] /QA/index.php/Index/index | SQL: SELECT * FROM `wl_index_user` ORDER BY adopt DESC LIMIT 10   [ RunTime:0.000644s ]
[ 2017-03-15T23:48:39+08:00 ] /QA/index.php/Index/index | INFO: Tag[ view_template ] --START--
[ 2017-03-15T23:48:39+08:00 ] /QA/index.php/Index/index | INFO: Run LocationTemplate Behavior [ RunTime:0.001198s ]
[ 2017-03-15T23:48:39+08:00 ] /QA/index.php/Index/index | INFO: Tag[ view_template ] --END-- [ RunTime:0.001276s ]
[ 2017-03-15T23:48:39+08:00 ] /QA/index.php/Index/index | INFO: Tag[ view_parse ] --START--
[ 2017-03-15T23:48:39+08:00 ] /QA/index.php/Index/index | INFO: Run ParseTemplate Behavior [ RunTime:0.025056s ]
[ 2017-03-15T23:48:39+08:00 ] /QA/index.php/Index/index | INFO: Tag[ view_parse ] --END-- [ RunTime:0.025130s ]
[ 2017-03-15T23:48:39+08:00 ] /QA/index.php/Index/index | INFO: Tag[ view_filter ] --START--
[ 2017-03-15T23:48:39+08:00 ] /QA/index.php/Index/index | INFO: Run ContentReplace Behavior [ RunTime:0.000925s ]
[ 2017-03-15T23:48:39+08:00 ] /QA/index.php/Index/index | INFO: Run TokenBuild Behavior [ RunTime:0.000734s ]
[ 2017-03-15T23:48:39+08:00 ] /QA/index.php/Index/index | INFO: Run WriteHtmlCache Behavior [ RunTime:0.000980s ]
[ 2017-03-15T23:48:39+08:00 ] /QA/index.php/Index/index | INFO: Run ShowRuntime Behavior [ RunTime:0.001019s ]
[ 2017-03-15T23:48:39+08:00 ] /QA/index.php/Index/index | INFO: Tag[ view_filter ] --END-- [ RunTime:0.003930s ]
[ 2017-03-15T23:48:39+08:00 ] /QA/index.php/Index/index | INFO: Tag[ view_end ] --START--
[ 2017-03-15T23:48:39+08:00 ] /QA/index.php/Index/index | INFO: Run ShowPageTrace Behavior [ RunTime:0.001362s ]
[ 2017-03-15T23:48:39+08:00 ] /QA/index.php/Index/index | INFO: Tag[ view_end ] --END-- [ RunTime:0.001502s ]
[ 2017-03-15T23:48:41+08:00 ] /QA/index.php/Show/index/id/1 | INFO: Tag[ route_check ] --START--
[ 2017-03-15T23:48:41+08:00 ] /QA/index.php/Show/index/id/1 | INFO: Run CheckRoute Behavior [ RunTime:0.001391s ]
[ 2017-03-15T23:48:41+08:00 ] /QA/index.php/Show/index/id/1 | INFO: Tag[ route_check ] --END-- [ RunTime:0.001482s ]
[ 2017-03-15T23:48:41+08:00 ] /QA/index.php/Show/index/id/1 | INFO: Tag[ app_begin ] --START--
[ 2017-03-15T23:48:41+08:00 ] /QA/index.php/Show/index/id/1 | INFO: Run ReadHtmlCache Behavior [ RunTime:0.000994s ]
[ 2017-03-15T23:48:41+08:00 ] /QA/index.php/Show/index/id/1 | INFO: Tag[ app_begin ] --END-- [ RunTime:0.001051s ]
[ 2017-03-15T23:48:41+08:00 ] /QA/index.php/Show/index/id/1 | SQL: SHOW COLUMNS FROM `wl_question` [ RunTime:0.008622s ]
[ 2017-03-15T23:48:41+08:00 ] /QA/index.php/Show/index/id/1 | SQL: SHOW COLUMNS FROM `wl_index_user` [ RunTime:0.009285s ]
[ 2017-03-15T23:48:41+08:00 ] /QA/index.php/Show/index/id/1 | SQL: SELECT question.id AS id,question.ask_content AS ask_content,question.money_reward AS money_reward,question.solve AS solve,question.ask_time AS ask_time,question.cid AS cid,question.answer AS answer,question.uid AS uid,IndexUser.username AS username,IndexUser.experience AS experience FROM wl_question question LEFT JOIN wl_index_user IndexUser ON question.uid = IndexUser.id WHERE ( question.id = 1 ) LIMIT 1   [ RunTime:0.000681s ]
[ 2017-03-15T23:48:41+08:00 ] /QA/index.php/Show/index/id/1 | SQL: SHOW COLUMNS FROM `wl_answer` [ RunTime:0.008911s ]
[ 2017-03-15T23:48:41+08:00 ] /QA/index.php/Show/index/id/1 | SQL: SHOW COLUMNS FROM `wl_index_user` [ RunTime:0.008371s ]
[ 2017-03-15T23:48:41+08:00 ] /QA/index.php/Show/index/id/1 | SQL: SELECT answer.id AS id,answer.answer_content AS answer_content,answer.answer_time AS answer_time,IndexUser.id AS uid,IndexUser.username AS username,IndexUser.experience AS experience,IndexUser.answer AS answer,IndexUser.adopt AS adopt FROM wl_answer answer LEFT JOIN wl_index_user IndexUser ON answer.uid=IndexUser.id WHERE ( `qid` = 1 ) AND ( answer.adopt = 1 ) LIMIT 1   [ RunTime:0.000746s ]
[ 2017-03-15T23:48:41+08:00 ] /QA/index.php/Show/index/id/1 | SQL: SELECT COUNT(*) AS tp_count FROM `wl_answer` WHERE ( `qid` = 1 ) AND ( answer.adopt = 0 ) LIMIT 1   [ RunTime:0.000452s ]
[ 2017-03-15T23:48:41+08:00 ] /QA/index.php/Show/index/id/1 | SQL: SELECT answer.id AS id,answer.answer_content AS answer_content,answer.answer_time AS answer_time,IndexUser.id AS uid,IndexUser.username AS username,IndexUser.experience AS experience,IndexUser.answer AS answer,IndexUser.adopt AS adopt FROM wl_answer answer LEFT JOIN wl_index_user IndexUser ON answer.uid=IndexUser.id WHERE ( `qid` = 1 ) AND ( answer.adopt = 0 )  [ RunTime:0.000494s ]
[ 2017-03-15T23:48:41+08:00 ] /QA/index.php/Show/index/id/1 | SQL: SELECT answer.id AS id,answer.answer_content AS answer_content,answer.answer_time AS answer_time,IndexUser.id AS uid,IndexUser.username AS username,IndexUser.experience AS experience,IndexUser.answer AS answer,IndexUser.adopt AS adopt FROM wl_answer answer LEFT JOIN wl_index_user IndexUser ON answer.uid=IndexUser.id WHERE ( `qid` = 1 )  [ RunTime:0.000572s ]
[ 2017-03-15T23:48:41+08:00 ] /QA/index.php/Show/index/id/1 | SQL: SHOW COLUMNS FROM `wl_index_user` [ RunTime:0.009125s ]
[ 2017-03-15T23:48:41+08:00 ] /QA/index.php/Show/index/id/1 | SQL: SHOW COLUMNS FROM `wl_reply` [ RunTime:0.008895s ]
[ 2017-03-15T23:48:41+08:00 ] /QA/index.php/Show/index/id/1 | SQL: SELECT IndexUser.id AS id,IndexUser.username AS username,reply.reply_msg AS reply_msg,reply.reply_time AS reply_time,reply.uid AS uid,reply.aid AS aid FROM wl_index_user IndexUser LEFT JOIN wl_reply reply ON IndexUser.id=reply.uid WHERE ( reply.aid IN ('1') )  [ RunTime:0.000779s ]
[ 2017-03-15T23:48:41+08:00 ] /QA/index.php/Show/index/id/1 | INFO: Tag[ view_template ] --START--
[ 2017-03-15T23:48:41+08:00 ] /QA/index.php/Show/index/id/1 | INFO: Run LocationTemplate Behavior [ RunTime:0.001782s ]
[ 2017-03-15T23:48:41+08:00 ] /QA/index.php/Show/index/id/1 | INFO: Tag[ view_template ] --END-- [ RunTime:0.001865s ]
[ 2017-03-15T23:48:41+08:00 ] /QA/index.php/Show/index/id/1 | INFO: Tag[ view_parse ] --START--
[ 2017-03-15T23:48:41+08:00 ] /QA/index.php/Show/index/id/1 | INFO: Run ParseTemplate Behavior [ RunTime:0.024655s ]
[ 2017-03-15T23:48:41+08:00 ] /QA/index.php/Show/index/id/1 | INFO: Tag[ view_parse ] --END-- [ RunTime:0.024743s ]
[ 2017-03-15T23:48:41+08:00 ] /QA/index.php/Show/index/id/1 | INFO: Tag[ view_filter ] --START--
[ 2017-03-15T23:48:41+08:00 ] /QA/index.php/Show/index/id/1 | INFO: Run ContentReplace Behavior [ RunTime:0.000792s ]
[ 2017-03-15T23:48:41+08:00 ] /QA/index.php/Show/index/id/1 | INFO: Run TokenBuild Behavior [ RunTime:0.000756s ]
[ 2017-03-15T23:48:41+08:00 ] /QA/index.php/Show/index/id/1 | INFO: Run WriteHtmlCache Behavior [ RunTime:0.000609s ]
[ 2017-03-15T23:48:41+08:00 ] /QA/index.php/Show/index/id/1 | INFO: Run ShowRuntime Behavior [ RunTime:0.000821s ]
[ 2017-03-15T23:48:41+08:00 ] /QA/index.php/Show/index/id/1 | INFO: Tag[ view_filter ] --END-- [ RunTime:0.003144s ]
[ 2017-03-15T23:48:41+08:00 ] /QA/index.php/Show/index/id/1 | INFO: Tag[ view_end ] --START--
[ 2017-03-15T23:48:41+08:00 ] /QA/index.php/Show/index/id/1 | INFO: Run ShowPageTrace Behavior [ RunTime:0.000947s ]
[ 2017-03-15T23:48:41+08:00 ] /QA/index.php/Show/index/id/1 | INFO: Tag[ view_end ] --END-- [ RunTime:0.001002s ]
[ 2017-03-15T23:48:44+08:00 ] /QA/index.php/Index/index | INFO: Tag[ route_check ] --START--
[ 2017-03-15T23:48:44+08:00 ] /QA/index.php/Index/index | INFO: Run CheckRoute Behavior [ RunTime:0.001628s ]
[ 2017-03-15T23:48:44+08:00 ] /QA/index.php/Index/index | INFO: Tag[ route_check ] --END-- [ RunTime:0.001751s ]
[ 2017-03-15T23:48:44+08:00 ] /QA/index.php/Index/index | INFO: Tag[ app_begin ] --START--
[ 2017-03-15T23:48:44+08:00 ] /QA/index.php/Index/index | INFO: Run ReadHtmlCache Behavior [ RunTime:0.000994s ]
[ 2017-03-15T23:48:44+08:00 ] /QA/index.php/Index/index | INFO: Tag[ app_begin ] --END-- [ RunTime:0.001047s ]
[ 2017-03-15T23:48:44+08:00 ] /QA/index.php/Index/index | SQL: SHOW COLUMNS FROM `wl_category` [ RunTime:0.008741s ]
[ 2017-03-15T23:48:44+08:00 ] /QA/index.php/Index/index | SQL: SELECT * FROM `wl_category` WHERE ( `pid` = 0 )  [ RunTime:0.000480s ]
[ 2017-03-15T23:48:44+08:00 ] /QA/index.php/Index/index | SQL: SELECT * FROM `wl_category` WHERE ( `pid` = '1' )  [ RunTime:0.000388s ]
[ 2017-03-15T23:48:44+08:00 ] /QA/index.php/Index/index | SQL: SELECT * FROM `wl_category` WHERE ( `pid` = '2' )  [ RunTime:0.000366s ]
[ 2017-03-15T23:48:44+08:00 ] /QA/index.php/Index/index | SQL: SELECT * FROM `wl_category` WHERE ( `pid` = '3' )  [ RunTime:0.000347s ]
[ 2017-03-15T23:48:44+08:00 ] /QA/index.php/Index/index | SQL: SELECT * FROM `wl_category` WHERE ( `pid` = '4' )  [ RunTime:0.000408s ]
[ 2017-03-15T23:48:44+08:00 ] /QA/index.php/Index/index | SQL: SELECT * FROM `wl_category` WHERE ( `pid` = '5' )  [ RunTime:0.000490s ]
[ 2017-03-15T23:48:44+08:00 ] /QA/index.php/Index/index | SQL: SHOW COLUMNS FROM `wl_question` [ RunTime:0.008443s ]
[ 2017-03-15T23:48:44+08:00 ] /QA/index.php/Index/index | SQL: SELECT * FROM `wl_question` WHERE ( `solve` = 0 ) ORDER BY ask_time DESC LIMIT 5   [ RunTime:0.000872s ]
[ 2017-03-15T23:48:44+08:00 ] /QA/index.php/Index/index | SQL: SELECT * FROM `wl_question` WHERE ( `solve` = 1 ) LIMIT 5   [ RunTime:0.000458s ]
[ 2017-03-15T23:48:44+08:00 ] /QA/index.php/Index/index | SQL: SHOW COLUMNS FROM `wl_index_user` [ RunTime:0.008436s ]
[ 2017-03-15T23:48:44+08:00 ] /QA/index.php/Index/index | NOTIC: [8] Undefined index: uid IndexAction.class.php 第 23 行.
[ 2017-03-15T23:48:44+08:00 ] /QA/index.php/Index/index | SQL: SELECT `experience`,`money` FROM `wl_index_user` WHERE ( `id` = null ) LIMIT 1   [ RunTime:0.000482s ]
[ 2017-03-15T23:48:44+08:00 ] /QA/index.php/Index/index | SQL: SELECT * FROM `wl_index_user` ORDER BY adopt DESC LIMIT 10   [ RunTime:0.000460s ]
[ 2017-03-15T23:48:44+08:00 ] /QA/index.php/Index/index | INFO: Tag[ view_template ] --START--
[ 2017-03-15T23:48:44+08:00 ] /QA/index.php/Index/index | INFO: Run LocationTemplate Behavior [ RunTime:0.001075s ]
[ 2017-03-15T23:48:44+08:00 ] /QA/index.php/Index/index | INFO: Tag[ view_template ] --END-- [ RunTime:0.001135s ]
[ 2017-03-15T23:48:44+08:00 ] /QA/index.php/Index/index | INFO: Tag[ view_parse ] --START--
[ 2017-03-15T23:48:44+08:00 ] /QA/index.php/Index/index | INFO: Run ParseTemplate Behavior [ RunTime:0.024913s ]
[ 2017-03-15T23:48:44+08:00 ] /QA/index.php/Index/index | INFO: Tag[ view_parse ] --END-- [ RunTime:0.024984s ]
[ 2017-03-15T23:48:44+08:00 ] /QA/index.php/Index/index | INFO: Tag[ view_filter ] --START--
[ 2017-03-15T23:48:44+08:00 ] /QA/index.php/Index/index | INFO: Run ContentReplace Behavior [ RunTime:0.000824s ]
[ 2017-03-15T23:48:44+08:00 ] /QA/index.php/Index/index | INFO: Run TokenBuild Behavior [ RunTime:0.000802s ]
[ 2017-03-15T23:48:44+08:00 ] /QA/index.php/Index/index | INFO: Run WriteHtmlCache Behavior [ RunTime:0.000638s ]
[ 2017-03-15T23:48:44+08:00 ] /QA/index.php/Index/index | INFO: Run ShowRuntime Behavior [ RunTime:0.000869s ]
[ 2017-03-15T23:48:44+08:00 ] /QA/index.php/Index/index | INFO: Tag[ view_filter ] --END-- [ RunTime:0.003292s ]
[ 2017-03-15T23:48:44+08:00 ] /QA/index.php/Index/index | INFO: Tag[ view_end ] --START--
[ 2017-03-15T23:48:44+08:00 ] /QA/index.php/Index/index | INFO: Run ShowPageTrace Behavior [ RunTime:0.001235s ]
[ 2017-03-15T23:48:44+08:00 ] /QA/index.php/Index/index | INFO: Tag[ view_end ] --END-- [ RunTime:0.001338s ]
[ 2017-03-15T23:48:48+08:00 ] /QA/index.php/Show/index/id/1 | INFO: Tag[ route_check ] --START--
[ 2017-03-15T23:48:48+08:00 ] /QA/index.php/Show/index/id/1 | INFO: Run CheckRoute Behavior [ RunTime:0.001378s ]
[ 2017-03-15T23:48:48+08:00 ] /QA/index.php/Show/index/id/1 | INFO: Tag[ route_check ] --END-- [ RunTime:0.001472s ]
[ 2017-03-15T23:48:48+08:00 ] /QA/index.php/Show/index/id/1 | INFO: Tag[ app_begin ] --START--
[ 2017-03-15T23:48:48+08:00 ] /QA/index.php/Show/index/id/1 | INFO: Run ReadHtmlCache Behavior [ RunTime:0.001011s ]
[ 2017-03-15T23:48:48+08:00 ] /QA/index.php/Show/index/id/1 | INFO: Tag[ app_begin ] --END-- [ RunTime:0.001065s ]
[ 2017-03-15T23:48:48+08:00 ] /QA/index.php/Show/index/id/1 | SQL: SHOW COLUMNS FROM `wl_question` [ RunTime:0.009069s ]
[ 2017-03-15T23:48:48+08:00 ] /QA/index.php/Show/index/id/1 | SQL: SHOW COLUMNS FROM `wl_index_user` [ RunTime:0.008315s ]
[ 2017-03-15T23:48:48+08:00 ] /QA/index.php/Show/index/id/1 | SQL: SELECT question.id AS id,question.ask_content AS ask_content,question.money_reward AS money_reward,question.solve AS solve,question.ask_time AS ask_time,question.cid AS cid,question.answer AS answer,question.uid AS uid,IndexUser.username AS username,IndexUser.experience AS experience FROM wl_question question LEFT JOIN wl_index_user IndexUser ON question.uid = IndexUser.id WHERE ( question.id = 1 ) LIMIT 1   [ RunTime:0.000770s ]
[ 2017-03-15T23:48:48+08:00 ] /QA/index.php/Show/index/id/1 | SQL: SHOW COLUMNS FROM `wl_answer` [ RunTime:0.008631s ]
[ 2017-03-15T23:48:48+08:00 ] /QA/index.php/Show/index/id/1 | SQL: SHOW COLUMNS FROM `wl_index_user` [ RunTime:0.008837s ]
[ 2017-03-15T23:48:48+08:00 ] /QA/index.php/Show/index/id/1 | SQL: SELECT answer.id AS id,answer.answer_content AS answer_content,answer.answer_time AS answer_time,IndexUser.id AS uid,IndexUser.username AS username,IndexUser.experience AS experience,IndexUser.answer AS answer,IndexUser.adopt AS adopt FROM wl_answer answer LEFT JOIN wl_index_user IndexUser ON answer.uid=IndexUser.id WHERE ( `qid` = 1 ) AND ( answer.adopt = 1 ) LIMIT 1   [ RunTime:0.000875s ]
[ 2017-03-15T23:48:48+08:00 ] /QA/index.php/Show/index/id/1 | SQL: SELECT COUNT(*) AS tp_count FROM `wl_answer` WHERE ( `qid` = 1 ) AND ( answer.adopt = 0 ) LIMIT 1   [ RunTime:0.000498s ]
[ 2017-03-15T23:48:48+08:00 ] /QA/index.php/Show/index/id/1 | SQL: SELECT answer.id AS id,answer.answer_content AS answer_content,answer.answer_time AS answer_time,IndexUser.id AS uid,IndexUser.username AS username,IndexUser.experience AS experience,IndexUser.answer AS answer,IndexUser.adopt AS adopt FROM wl_answer answer LEFT JOIN wl_index_user IndexUser ON answer.uid=IndexUser.id WHERE ( `qid` = 1 ) AND ( answer.adopt = 0 )  [ RunTime:0.000476s ]
[ 2017-03-15T23:48:48+08:00 ] /QA/index.php/Show/index/id/1 | SQL: SELECT answer.id AS id,answer.answer_content AS answer_content,answer.answer_time AS answer_time,IndexUser.id AS uid,IndexUser.username AS username,IndexUser.experience AS experience,IndexUser.answer AS answer,IndexUser.adopt AS adopt FROM wl_answer answer LEFT JOIN wl_index_user IndexUser ON answer.uid=IndexUser.id WHERE ( `qid` = 1 )  [ RunTime:0.000591s ]
[ 2017-03-15T23:48:48+08:00 ] /QA/index.php/Show/index/id/1 | SQL: SHOW COLUMNS FROM `wl_index_user` [ RunTime:0.008246s ]
[ 2017-03-15T23:48:48+08:00 ] /QA/index.php/Show/index/id/1 | SQL: SHOW COLUMNS FROM `wl_reply` [ RunTime:0.008025s ]
[ 2017-03-15T23:48:48+08:00 ] /QA/index.php/Show/index/id/1 | SQL: SELECT IndexUser.id AS id,IndexUser.username AS username,reply.reply_msg AS reply_msg,reply.reply_time AS reply_time,reply.uid AS uid,reply.aid AS aid FROM wl_index_user IndexUser LEFT JOIN wl_reply reply ON IndexUser.id=reply.uid WHERE ( reply.aid IN ('1') )  [ RunTime:0.000531s ]
[ 2017-03-15T23:48:48+08:00 ] /QA/index.php/Show/index/id/1 | INFO: Tag[ view_template ] --START--
[ 2017-03-15T23:48:48+08:00 ] /QA/index.php/Show/index/id/1 | INFO: Run LocationTemplate Behavior [ RunTime:0.001270s ]
[ 2017-03-15T23:48:48+08:00 ] /QA/index.php/Show/index/id/1 | INFO: Tag[ view_template ] --END-- [ RunTime:0.001329s ]
[ 2017-03-15T23:48:48+08:00 ] /QA/index.php/Show/index/id/1 | INFO: Tag[ view_parse ] --START--
[ 2017-03-15T23:48:48+08:00 ] /QA/index.php/Show/index/id/1 | INFO: Run ParseTemplate Behavior [ RunTime:0.024919s ]
[ 2017-03-15T23:48:48+08:00 ] /QA/index.php/Show/index/id/1 | INFO: Tag[ view_parse ] --END-- [ RunTime:0.024998s ]
[ 2017-03-15T23:48:48+08:00 ] /QA/index.php/Show/index/id/1 | INFO: Tag[ view_filter ] --START--
[ 2017-03-15T23:48:48+08:00 ] /QA/index.php/Show/index/id/1 | INFO: Run ContentReplace Behavior [ RunTime:0.000905s ]
[ 2017-03-15T23:48:48+08:00 ] /QA/index.php/Show/index/id/1 | INFO: Run TokenBuild Behavior [ RunTime:0.000743s ]
[ 2017-03-15T23:48:48+08:00 ] /QA/index.php/Show/index/id/1 | INFO: Run WriteHtmlCache Behavior [ RunTime:0.000611s ]
[ 2017-03-15T23:48:48+08:00 ] /QA/index.php/Show/index/id/1 | INFO: Run ShowRuntime Behavior [ RunTime:0.000810s ]
[ 2017-03-15T23:48:48+08:00 ] /QA/index.php/Show/index/id/1 | INFO: Tag[ view_filter ] --END-- [ RunTime:0.003234s ]
[ 2017-03-15T23:48:48+08:00 ] /QA/index.php/Show/index/id/1 | INFO: Tag[ view_end ] --START--
[ 2017-03-15T23:48:48+08:00 ] /QA/index.php/Show/index/id/1 | INFO: Run ShowPageTrace Behavior [ RunTime:0.000847s ]
[ 2017-03-15T23:48:48+08:00 ] /QA/index.php/Show/index/id/1 | INFO: Tag[ view_end ] --END-- [ RunTime:0.000905s ]
[ 2017-03-15T23:49:04+08:00 ] /QA/index.php/Index/index | INFO: Tag[ route_check ] --START--
[ 2017-03-15T23:49:04+08:00 ] /QA/index.php/Index/index | INFO: Run CheckRoute Behavior [ RunTime:0.001718s ]
[ 2017-03-15T23:49:04+08:00 ] /QA/index.php/Index/index | INFO: Tag[ route_check ] --END-- [ RunTime:0.001805s ]
[ 2017-03-15T23:49:04+08:00 ] /QA/index.php/Index/index | INFO: Tag[ app_begin ] --START--
[ 2017-03-15T23:49:04+08:00 ] /QA/index.php/Index/index | INFO: Run ReadHtmlCache Behavior [ RunTime:0.001043s ]
[ 2017-03-15T23:49:04+08:00 ] /QA/index.php/Index/index | INFO: Tag[ app_begin ] --END-- [ RunTime:0.001100s ]
[ 2017-03-15T23:49:04+08:00 ] /QA/index.php/Index/index | SQL: SHOW COLUMNS FROM `wl_category` [ RunTime:0.008701s ]
[ 2017-03-15T23:49:04+08:00 ] /QA/index.php/Index/index | SQL: SELECT * FROM `wl_category` WHERE ( `pid` = 0 )  [ RunTime:0.000682s ]
[ 2017-03-15T23:49:04+08:00 ] /QA/index.php/Index/index | SQL: SELECT * FROM `wl_category` WHERE ( `pid` = '1' )  [ RunTime:0.000506s ]
[ 2017-03-15T23:49:04+08:00 ] /QA/index.php/Index/index | SQL: SELECT * FROM `wl_category` WHERE ( `pid` = '2' )  [ RunTime:0.000539s ]
[ 2017-03-15T23:49:04+08:00 ] /QA/index.php/Index/index | SQL: SELECT * FROM `wl_category` WHERE ( `pid` = '3' )  [ RunTime:0.000392s ]
[ 2017-03-15T23:49:04+08:00 ] /QA/index.php/Index/index | SQL: SELECT * FROM `wl_category` WHERE ( `pid` = '4' )  [ RunTime:0.000399s ]
[ 2017-03-15T23:49:04+08:00 ] /QA/index.php/Index/index | SQL: SELECT * FROM `wl_category` WHERE ( `pid` = '5' )  [ RunTime:0.000419s ]
[ 2017-03-15T23:49:04+08:00 ] /QA/index.php/Index/index | SQL: SHOW COLUMNS FROM `wl_question` [ RunTime:0.008195s ]
[ 2017-03-15T23:49:04+08:00 ] /QA/index.php/Index/index | SQL: SELECT * FROM `wl_question` WHERE ( `solve` = 0 ) ORDER BY ask_time DESC LIMIT 5   [ RunTime:0.000844s ]
[ 2017-03-15T23:49:04+08:00 ] /QA/index.php/Index/index | SQL: SELECT * FROM `wl_question` WHERE ( `solve` = 1 ) LIMIT 5   [ RunTime:0.000532s ]
[ 2017-03-15T23:49:04+08:00 ] /QA/index.php/Index/index | SQL: SHOW COLUMNS FROM `wl_index_user` [ RunTime:0.008203s ]
[ 2017-03-15T23:49:04+08:00 ] /QA/index.php/Index/index | NOTIC: [8] Undefined index: uid IndexAction.class.php 第 23 行.
[ 2017-03-15T23:49:04+08:00 ] /QA/index.php/Index/index | SQL: SELECT `experience`,`money` FROM `wl_index_user` WHERE ( `id` = null ) LIMIT 1   [ RunTime:0.000414s ]
[ 2017-03-15T23:49:04+08:00 ] /QA/index.php/Index/index | SQL: SELECT * FROM `wl_index_user` ORDER BY adopt DESC LIMIT 10   [ RunTime:0.000438s ]
[ 2017-03-15T23:49:04+08:00 ] /QA/index.php/Index/index | INFO: Tag[ view_template ] --START--
[ 2017-03-15T23:49:04+08:00 ] /QA/index.php/Index/index | INFO: Run LocationTemplate Behavior [ RunTime:0.001108s ]
[ 2017-03-15T23:49:04+08:00 ] /QA/index.php/Index/index | INFO: Tag[ view_template ] --END-- [ RunTime:0.001175s ]
[ 2017-03-15T23:49:04+08:00 ] /QA/index.php/Index/index | INFO: Tag[ view_parse ] --START--
[ 2017-03-15T23:49:04+08:00 ] /QA/index.php/Index/index | INFO: Run ParseTemplate Behavior [ RunTime:0.023360s ]
[ 2017-03-15T23:49:04+08:00 ] /QA/index.php/Index/index | INFO: Tag[ view_parse ] --END-- [ RunTime:0.023422s ]
[ 2017-03-15T23:49:04+08:00 ] /QA/index.php/Index/index | INFO: Tag[ view_filter ] --START--
[ 2017-03-15T23:49:04+08:00 ] /QA/index.php/Index/index | INFO: Run ContentReplace Behavior [ RunTime:0.000822s ]
[ 2017-03-15T23:49:04+08:00 ] /QA/index.php/Index/index | INFO: Run TokenBuild Behavior [ RunTime:0.000852s ]
[ 2017-03-15T23:49:04+08:00 ] /QA/index.php/Index/index | INFO: Run WriteHtmlCache Behavior [ RunTime:0.000685s ]
[ 2017-03-15T23:49:04+08:00 ] /QA/index.php/Index/index | INFO: Run ShowRuntime Behavior [ RunTime:0.000919s ]
[ 2017-03-15T23:49:04+08:00 ] /QA/index.php/Index/index | INFO: Tag[ view_filter ] --END-- [ RunTime:0.003441s ]
[ 2017-03-15T23:49:04+08:00 ] /QA/index.php/Index/index | INFO: Tag[ view_end ] --START--
[ 2017-03-15T23:49:04+08:00 ] /QA/index.php/Index/index | INFO: Run ShowPageTrace Behavior [ RunTime:0.001450s ]
[ 2017-03-15T23:49:04+08:00 ] /QA/index.php/Index/index | INFO: Tag[ view_end ] --END-- [ RunTime:0.001602s ]
[ 2017-03-15T23:49:05+08:00 ] /QA/index.php/List/index/id/7 | INFO: Tag[ route_check ] --START--
[ 2017-03-15T23:49:05+08:00 ] /QA/index.php/List/index/id/7 | INFO: Run CheckRoute Behavior [ RunTime:0.001349s ]
[ 2017-03-15T23:49:05+08:00 ] /QA/index.php/List/index/id/7 | INFO: Tag[ route_check ] --END-- [ RunTime:0.001446s ]
[ 2017-03-15T23:49:05+08:00 ] /QA/index.php/List/index/id/7 | INFO: Tag[ app_begin ] --START--
[ 2017-03-15T23:49:05+08:00 ] /QA/index.php/List/index/id/7 | INFO: Run ReadHtmlCache Behavior [ RunTime:0.000912s ]
[ 2017-03-15T23:49:05+08:00 ] /QA/index.php/List/index/id/7 | INFO: Tag[ app_begin ] --END-- [ RunTime:0.000967s ]
[ 2017-03-15T23:49:05+08:00 ] /QA/index.php/List/index/id/7 | SQL: SHOW COLUMNS FROM `wl_category` [ RunTime:0.008158s ]
[ 2017-03-15T23:49:05+08:00 ] /QA/index.php/List/index/id/7 | SQL: SELECT * FROM `wl_category` WHERE ( `pid` = 7 )  [ RunTime:0.000471s ]
[ 2017-03-15T23:49:05+08:00 ] /QA/index.php/List/index/id/7 | NOTIC: [2] Invalid argument supplied for foreach() common.php 第 106 行.
[ 2017-03-15T23:49:05+08:00 ] /QA/index.php/List/index/id/7 | SQL: SELECT `pid` FROM `wl_category` WHERE ( `id` = 7 ) LIMIT 1   [ RunTime:0.000349s ]
[ 2017-03-15T23:49:05+08:00 ] /QA/index.php/List/index/id/7 | SQL: SELECT * FROM `wl_category` WHERE ( `pid` = '1' )  [ RunTime:0.000416s ]
[ 2017-03-15T23:49:05+08:00 ] /QA/index.php/List/index/id/7 | SQL: SHOW COLUMNS FROM `wl_question` [ RunTime:0.008735s ]
[ 2017-03-15T23:49:05+08:00 ] /QA/index.php/List/index/id/7 | SQL: SELECT * FROM `wl_question` WHERE ( `cid` = 7 ) AND ( `solve` = 0 ) LIMIT 10   [ RunTime:0.000648s ]
[ 2017-03-15T23:49:05+08:00 ] /QA/index.php/List/index/id/7 | SQL: SELECT * FROM `wl_question` WHERE ( `cid` = 7 ) AND ( `solve` = 1 ) LIMIT 10   [ RunTime:0.000522s ]
[ 2017-03-15T23:49:05+08:00 ] /QA/index.php/List/index/id/7 | INFO: Tag[ view_template ] --START--
[ 2017-03-15T23:49:05+08:00 ] /QA/index.php/List/index/id/7 | INFO: Run LocationTemplate Behavior [ RunTime:0.001693s ]
[ 2017-03-15T23:49:05+08:00 ] /QA/index.php/List/index/id/7 | INFO: Tag[ view_template ] --END-- [ RunTime:0.001755s ]
[ 2017-03-15T23:49:05+08:00 ] /QA/index.php/List/index/id/7 | INFO: Tag[ view_parse ] --START--
[ 2017-03-15T23:49:05+08:00 ] /QA/index.php/List/index/id/7 | NOTIC: [2] Missing argument 2 for TagLib::parseXmlAttr(), called in C:\phpStudy\WWW\QA\Index\Lib\TagLib\TagLibWl.class.php on line 50 and defined TagLib.class.php 第 111 行.
[ 2017-03-15T23:49:05+08:00 ] /QA/index.php/List/index/id/7 | NOTIC: [8] Undefined variable: tag TagLib.class.php 第 122 行.
[ 2017-03-15T23:49:05+08:00 ] /QA/index.php/List/index/id/7 | NOTIC: [8] Undefined index:  TagLib.class.php 第 122 行.
[ 2017-03-15T23:49:05+08:00 ] /QA/index.php/List/index/id/7 | SQL: SELECT * FROM `wl_category`  [ RunTime:0.000790s ]
[ 2017-03-15T23:49:05+08:00 ] /QA/index.php/List/index/id/7 | INFO: Run ParseTemplate Behavior [ RunTime:0.021807s ]
[ 2017-03-15T23:49:05+08:00 ] /QA/index.php/List/index/id/7 | INFO: Tag[ view_parse ] --END-- [ RunTime:0.021861s ]
[ 2017-03-15T23:49:05+08:00 ] /QA/index.php/List/index/id/7 | INFO: Tag[ view_filter ] --START--
[ 2017-03-15T23:49:05+08:00 ] /QA/index.php/List/index/id/7 | INFO: Run ContentReplace Behavior [ RunTime:0.000957s ]
[ 2017-03-15T23:49:05+08:00 ] /QA/index.php/List/index/id/7 | INFO: Run TokenBuild Behavior [ RunTime:0.000753s ]
[ 2017-03-15T23:49:05+08:00 ] /QA/index.php/List/index/id/7 | INFO: Run WriteHtmlCache Behavior [ RunTime:0.000713s ]
[ 2017-03-15T23:49:05+08:00 ] /QA/index.php/List/index/id/7 | INFO: Run ShowRuntime Behavior [ RunTime:0.000794s ]
[ 2017-03-15T23:49:05+08:00 ] /QA/index.php/List/index/id/7 | INFO: Tag[ view_filter ] --END-- [ RunTime:0.003374s ]
[ 2017-03-15T23:49:05+08:00 ] /QA/index.php/List/index/id/7 | INFO: Tag[ view_end ] --START--
[ 2017-03-15T23:49:05+08:00 ] /QA/index.php/List/index/id/7 | INFO: Run ShowPageTrace Behavior [ RunTime:0.000872s ]
[ 2017-03-15T23:49:05+08:00 ] /QA/index.php/List/index/id/7 | INFO: Tag[ view_end ] --END-- [ RunTime:0.000929s ]
[ 2017-03-15T23:49:07+08:00 ] /QA/index.php/Index/index | INFO: Tag[ route_check ] --START--
[ 2017-03-15T23:49:07+08:00 ] /QA/index.php/Index/index | INFO: Run CheckRoute Behavior [ RunTime:0.001369s ]
[ 2017-03-15T23:49:07+08:00 ] /QA/index.php/Index/index | INFO: Tag[ route_check ] --END-- [ RunTime:0.001468s ]
[ 2017-03-15T23:49:07+08:00 ] /QA/index.php/Index/index | INFO: Tag[ app_begin ] --START--
[ 2017-03-15T23:49:07+08:00 ] /QA/index.php/Index/index | INFO: Run ReadHtmlCache Behavior [ RunTime:0.000998s ]
[ 2017-03-15T23:49:07+08:00 ] /QA/index.php/Index/index | INFO: Tag[ app_begin ] --END-- [ RunTime:0.001057s ]
[ 2017-03-15T23:49:07+08:00 ] /QA/index.php/Index/index | SQL: SHOW COLUMNS FROM `wl_category` [ RunTime:0.008511s ]
[ 2017-03-15T23:49:07+08:00 ] /QA/index.php/Index/index | SQL: SELECT * FROM `wl_category` WHERE ( `pid` = 0 )  [ RunTime:0.000591s ]
[ 2017-03-15T23:49:07+08:00 ] /QA/index.php/Index/index | SQL: SELECT * FROM `wl_category` WHERE ( `pid` = '1' )  [ RunTime:0.000364s ]
[ 2017-03-15T23:49:07+08:00 ] /QA/index.php/Index/index | SQL: SELECT * FROM `wl_category` WHERE ( `pid` = '2' )  [ RunTime:0.000349s ]
[ 2017-03-15T23:49:07+08:00 ] /QA/index.php/Index/index | SQL: SELECT * FROM `wl_category` WHERE ( `pid` = '3' )  [ RunTime:0.000332s ]
[ 2017-03-15T23:49:07+08:00 ] /QA/index.php/Index/index | SQL: SELECT * FROM `wl_category` WHERE ( `pid` = '4' )  [ RunTime:0.000348s ]
[ 2017-03-15T23:49:07+08:00 ] /QA/index.php/Index/index | SQL: SELECT * FROM `wl_category` WHERE ( `pid` = '5' )  [ RunTime:0.000308s ]
[ 2017-03-15T23:49:07+08:00 ] /QA/index.php/Index/index | SQL: SHOW COLUMNS FROM `wl_question` [ RunTime:0.009116s ]
[ 2017-03-15T23:49:07+08:00 ] /QA/index.php/Index/index | SQL: SELECT * FROM `wl_question` WHERE ( `solve` = 0 ) ORDER BY ask_time DESC LIMIT 5   [ RunTime:0.000846s ]
[ 2017-03-15T23:49:07+08:00 ] /QA/index.php/Index/index | SQL: SELECT * FROM `wl_question` WHERE ( `solve` = 1 ) LIMIT 5   [ RunTime:0.000548s ]
[ 2017-03-15T23:49:07+08:00 ] /QA/index.php/Index/index | SQL: SHOW COLUMNS FROM `wl_index_user` [ RunTime:0.008517s ]
[ 2017-03-15T23:49:07+08:00 ] /QA/index.php/Index/index | NOTIC: [8] Undefined index: uid IndexAction.class.php 第 23 行.
[ 2017-03-15T23:49:07+08:00 ] /QA/index.php/Index/index | SQL: SELECT `experience`,`money` FROM `wl_index_user` WHERE ( `id` = null ) LIMIT 1   [ RunTime:0.000594s ]
[ 2017-03-15T23:49:07+08:00 ] /QA/index.php/Index/index | SQL: SELECT * FROM `wl_index_user` ORDER BY adopt DESC LIMIT 10   [ RunTime:0.000393s ]
[ 2017-03-15T23:49:07+08:00 ] /QA/index.php/Index/index | INFO: Tag[ view_template ] --START--
[ 2017-03-15T23:49:07+08:00 ] /QA/index.php/Index/index | INFO: Run LocationTemplate Behavior [ RunTime:0.001080s ]
[ 2017-03-15T23:49:07+08:00 ] /QA/index.php/Index/index | INFO: Tag[ view_template ] --END-- [ RunTime:0.001141s ]
[ 2017-03-15T23:49:07+08:00 ] /QA/index.php/Index/index | INFO: Tag[ view_parse ] --START--
[ 2017-03-15T23:49:07+08:00 ] /QA/index.php/Index/index | INFO: Run ParseTemplate Behavior [ RunTime:0.022840s ]
[ 2017-03-15T23:49:07+08:00 ] /QA/index.php/Index/index | INFO: Tag[ view_parse ] --END-- [ RunTime:0.022910s ]
[ 2017-03-15T23:49:07+08:00 ] /QA/index.php/Index/index | INFO: Tag[ view_filter ] --START--
[ 2017-03-15T23:49:07+08:00 ] /QA/index.php/Index/index | INFO: Run ContentReplace Behavior [ RunTime:0.000906s ]
[ 2017-03-15T23:49:07+08:00 ] /QA/index.php/Index/index | INFO: Run TokenBuild Behavior [ RunTime:0.000766s ]
[ 2017-03-15T23:49:07+08:00 ] /QA/index.php/Index/index | INFO: Run WriteHtmlCache Behavior [ RunTime:0.000705s ]
[ 2017-03-15T23:49:07+08:00 ] /QA/index.php/Index/index | INFO: Run ShowRuntime Behavior [ RunTime:0.000838s ]
[ 2017-03-15T23:49:07+08:00 ] /QA/index.php/Index/index | INFO: Tag[ view_filter ] --END-- [ RunTime:0.003388s ]
[ 2017-03-15T23:49:07+08:00 ] /QA/index.php/Index/index | INFO: Tag[ view_end ] --START--
[ 2017-03-15T23:49:07+08:00 ] /QA/index.php/Index/index | INFO: Run ShowPageTrace Behavior [ RunTime:0.001942s ]
[ 2017-03-15T23:49:07+08:00 ] /QA/index.php/Index/index | INFO: Tag[ view_end ] --END-- [ RunTime:0.002032s ]
[ 2017-03-15T23:49:10+08:00 ] /QA/index.php/Ask/index | INFO: Tag[ route_check ] --START--
[ 2017-03-15T23:49:10+08:00 ] /QA/index.php/Ask/index | INFO: Run CheckRoute Behavior [ RunTime:0.001327s ]
[ 2017-03-15T23:49:10+08:00 ] /QA/index.php/Ask/index | INFO: Tag[ route_check ] --END-- [ RunTime:0.001418s ]
[ 2017-03-15T23:49:10+08:00 ] /QA/index.php/Ask/index | INFO: Tag[ app_begin ] --START--
[ 2017-03-15T23:49:10+08:00 ] /QA/index.php/Ask/index | INFO: Run ReadHtmlCache Behavior [ RunTime:0.000943s ]
[ 2017-03-15T23:49:10+08:00 ] /QA/index.php/Ask/index | INFO: Tag[ app_begin ] --END-- [ RunTime:0.001000s ]
[ 2017-03-15T23:49:10+08:00 ] /QA/index.php/Ask/index | SQL: SHOW COLUMNS FROM `wl_category` [ RunTime:0.008380s ]
[ 2017-03-15T23:49:10+08:00 ] /QA/index.php/Ask/index | SQL: SELECT * FROM `wl_category` WHERE ( `pid` = 0 )  [ RunTime:0.000635s ]
[ 2017-03-15T23:49:10+08:00 ] /QA/index.php/Ask/index | INFO: Tag[ view_template ] --START--
[ 2017-03-15T23:49:10+08:00 ] /QA/index.php/Ask/index | INFO: Run LocationTemplate Behavior [ RunTime:0.001607s ]
[ 2017-03-15T23:49:10+08:00 ] /QA/index.php/Ask/index | INFO: Tag[ view_template ] --END-- [ RunTime:0.001670s ]
[ 2017-03-15T23:49:10+08:00 ] /QA/index.php/Ask/index | INFO: Tag[ view_parse ] --START--
[ 2017-03-15T23:49:10+08:00 ] /QA/index.php/Ask/index | INFO: Run ParseTemplate Behavior [ RunTime:0.016949s ]
[ 2017-03-15T23:49:10+08:00 ] /QA/index.php/Ask/index | INFO: Tag[ view_parse ] --END-- [ RunTime:0.017032s ]
[ 2017-03-15T23:49:10+08:00 ] /QA/index.php/Ask/index | INFO: Tag[ view_filter ] --START--
[ 2017-03-15T23:49:10+08:00 ] /QA/index.php/Ask/index | INFO: Run ContentReplace Behavior [ RunTime:0.000993s ]
[ 2017-03-15T23:49:10+08:00 ] /QA/index.php/Ask/index | INFO: Run TokenBuild Behavior [ RunTime:0.000712s ]
[ 2017-03-15T23:49:10+08:00 ] /QA/index.php/Ask/index | INFO: Run WriteHtmlCache Behavior [ RunTime:0.000613s ]
[ 2017-03-15T23:49:10+08:00 ] /QA/index.php/Ask/index | INFO: Run ShowRuntime Behavior [ RunTime:0.000897s ]
[ 2017-03-15T23:49:10+08:00 ] /QA/index.php/Ask/index | INFO: Tag[ view_filter ] --END-- [ RunTime:0.003381s ]
[ 2017-03-15T23:49:10+08:00 ] /QA/index.php/Ask/index | INFO: Tag[ view_end ] --START--
[ 2017-03-15T23:49:10+08:00 ] /QA/index.php/Ask/index | INFO: Run ShowPageTrace Behavior [ RunTime:0.000846s ]
[ 2017-03-15T23:49:10+08:00 ] /QA/index.php/Ask/index | INFO: Tag[ view_end ] --END-- [ RunTime:0.000906s ]
[ 2017-03-15T23:49:13+08:00 ] /QA/index.php/Ask/getCate?pid=1 | INFO: Tag[ route_check ] --START--
[ 2017-03-15T23:49:13+08:00 ] /QA/index.php/Ask/getCate?pid=1 | INFO: Run CheckRoute Behavior [ RunTime:0.001696s ]
[ 2017-03-15T23:49:13+08:00 ] /QA/index.php/Ask/getCate?pid=1 | INFO: Tag[ route_check ] --END-- [ RunTime:0.001806s ]
[ 2017-03-15T23:49:13+08:00 ] /QA/index.php/Ask/getCate?pid=1 | INFO: Tag[ app_begin ] --START--
[ 2017-03-15T23:49:13+08:00 ] /QA/index.php/Ask/getCate?pid=1 | INFO: Run ReadHtmlCache Behavior [ RunTime:0.001236s ]
[ 2017-03-15T23:49:13+08:00 ] /QA/index.php/Ask/getCate?pid=1 | INFO: Tag[ app_begin ] --END-- [ RunTime:0.001318s ]
[ 2017-03-15T23:49:13+08:00 ] /QA/index.php/Ask/getCate?pid=1 | SQL: SHOW COLUMNS FROM `wl_category` [ RunTime:0.008055s ]
[ 2017-03-15T23:49:13+08:00 ] /QA/index.php/Ask/getCate?pid=1 | SQL: SELECT * FROM `wl_category` WHERE ( `pid` = 1 )  [ RunTime:0.000643s ]
[ 2017-03-15T23:49:15+08:00 ] /QA/index.php/Ask/getCate?pid=9 | INFO: Tag[ route_check ] --START--
[ 2017-03-15T23:49:15+08:00 ] /QA/index.php/Ask/getCate?pid=9 | INFO: Run CheckRoute Behavior [ RunTime:0.001036s ]
[ 2017-03-15T23:49:15+08:00 ] /QA/index.php/Ask/getCate?pid=9 | INFO: Tag[ route_check ] --END-- [ RunTime:0.001111s ]
[ 2017-03-15T23:49:15+08:00 ] /QA/index.php/Ask/getCate?pid=9 | INFO: Tag[ app_begin ] --START--
[ 2017-03-15T23:49:15+08:00 ] /QA/index.php/Ask/getCate?pid=9 | INFO: Run ReadHtmlCache Behavior [ RunTime:0.001028s ]
[ 2017-03-15T23:49:15+08:00 ] /QA/index.php/Ask/getCate?pid=9 | INFO: Tag[ app_begin ] --END-- [ RunTime:0.001105s ]
[ 2017-03-15T23:49:15+08:00 ] /QA/index.php/Ask/getCate?pid=9 | SQL: SHOW COLUMNS FROM `wl_category` [ RunTime:0.007573s ]
[ 2017-03-15T23:49:15+08:00 ] /QA/index.php/Ask/getCate?pid=9 | SQL: SELECT * FROM `wl_category` WHERE ( `pid` = 9 )  [ RunTime:0.000555s ]
[ 2017-03-15T23:49:25+08:00 ] /QA/index.php/Search/index | INFO: Tag[ route_check ] --START--
[ 2017-03-15T23:49:25+08:00 ] /QA/index.php/Search/index | INFO: Run CheckRoute Behavior [ RunTime:0.001340s ]
[ 2017-03-15T23:49:25+08:00 ] /QA/index.php/Search/index | INFO: Tag[ route_check ] --END-- [ RunTime:0.001426s ]
[ 2017-03-15T23:49:25+08:00 ] /QA/index.php/Search/index | INFO: Tag[ app_begin ] --START--
[ 2017-03-15T23:49:25+08:00 ] /QA/index.php/Search/index | INFO: Run ReadHtmlCache Behavior [ RunTime:0.001401s ]
[ 2017-03-15T23:49:25+08:00 ] /QA/index.php/Search/index | INFO: Tag[ app_begin ] --END-- [ RunTime:0.001494s ]
[ 2017-03-15T23:49:25+08:00 ] /QA/index.php/Search/index | NOTIC: [8] Undefined offset: 1 Action.class.php 第 233 行.
[ 2017-03-15T23:49:25+08:00 ] /QA/index.php/Search/index | SQL: SHOW COLUMNS FROM `wl_question` [ RunTime:0.008831s ]
[ 2017-03-15T23:49:25+08:00 ] /QA/index.php/Search/index | SQL: SELECT COUNT(*) AS tp_count FROM `wl_question` WHERE ( `ask_content` LIKE '%%' ) LIMIT 1   [ RunTime:0.000463s ]
[ 2017-03-15T23:49:25+08:00 ] /QA/index.php/Search/index | SQL: SELECT * FROM `wl_question` WHERE ( `ask_content` LIKE '%%' ) LIMIT 0,10   [ RunTime:0.000536s ]
[ 2017-03-15T23:49:25+08:00 ] /QA/index.php/Search/index | INFO: Tag[ view_template ] --START--
[ 2017-03-15T23:49:25+08:00 ] /QA/index.php/Search/index | INFO: Run LocationTemplate Behavior [ RunTime:0.001596s ]
[ 2017-03-15T23:49:25+08:00 ] /QA/index.php/Search/index | INFO: Tag[ view_template ] --END-- [ RunTime:0.001659s ]
[ 2017-03-15T23:49:25+08:00 ] /QA/index.php/Search/index | INFO: Tag[ view_parse ] --START--
[ 2017-03-15T23:49:25+08:00 ] /QA/index.php/Search/index | INFO: Run ParseTemplate Behavior [ RunTime:0.016022s ]
[ 2017-03-15T23:49:25+08:00 ] /QA/index.php/Search/index | INFO: Tag[ view_parse ] --END-- [ RunTime:0.016092s ]
[ 2017-03-15T23:49:25+08:00 ] /QA/index.php/Search/index | INFO: Tag[ view_filter ] --START--
[ 2017-03-15T23:49:25+08:00 ] /QA/index.php/Search/index | INFO: Run ContentReplace Behavior [ RunTime:0.001631s ]
[ 2017-03-15T23:49:25+08:00 ] /QA/index.php/Search/index | INFO: Run TokenBuild Behavior [ RunTime:0.000839s ]
[ 2017-03-15T23:49:25+08:00 ] /QA/index.php/Search/index | INFO: Run WriteHtmlCache Behavior [ RunTime:0.000591s ]
[ 2017-03-15T23:49:25+08:00 ] /QA/index.php/Search/index | INFO: Run ShowRuntime Behavior [ RunTime:0.000852s ]
[ 2017-03-15T23:49:25+08:00 ] /QA/index.php/Search/index | INFO: Tag[ view_filter ] --END-- [ RunTime:0.004084s ]
[ 2017-03-15T23:49:25+08:00 ] /QA/index.php/Search/index | INFO: Tag[ view_end ] --START--
[ 2017-03-15T23:49:25+08:00 ] /QA/index.php/Search/index | INFO: Run ShowPageTrace Behavior [ RunTime:0.000912s ]
[ 2017-03-15T23:49:25+08:00 ] /QA/index.php/Search/index | INFO: Tag[ view_end ] --END-- [ RunTime:0.000982s ]
[ 2017-03-15T23:49:28+08:00 ] /QA/index.php/Search/index?&p=2 | INFO: Tag[ route_check ] --START--
[ 2017-03-15T23:49:28+08:00 ] /QA/index.php/Search/index?&p=2 | INFO: Run CheckRoute Behavior [ RunTime:0.001319s ]
[ 2017-03-15T23:49:28+08:00 ] /QA/index.php/Search/index?&p=2 | INFO: Tag[ route_check ] --END-- [ RunTime:0.001409s ]
[ 2017-03-15T23:49:28+08:00 ] /QA/index.php/Search/index?&p=2 | INFO: Tag[ app_begin ] --START--
[ 2017-03-15T23:49:28+08:00 ] /QA/index.php/Search/index?&p=2 | INFO: Run ReadHtmlCache Behavior [ RunTime:0.000961s ]
[ 2017-03-15T23:49:28+08:00 ] /QA/index.php/Search/index?&p=2 | INFO: Tag[ app_begin ] --END-- [ RunTime:0.001019s ]
[ 2017-03-15T23:49:28+08:00 ] /QA/index.php/Search/index?&p=2 | SQL: SHOW COLUMNS FROM `wl_question` [ RunTime:0.008481s ]
[ 2017-03-15T23:49:28+08:00 ] /QA/index.php/Search/index?&p=2 | SQL: SELECT COUNT(*) AS tp_count FROM `wl_question` WHERE ( `ask_content` LIKE '%%' ) LIMIT 1   [ RunTime:0.000497s ]
[ 2017-03-15T23:49:28+08:00 ] /QA/index.php/Search/index?&p=2 | SQL: SELECT * FROM `wl_question` WHERE ( `ask_content` LIKE '%%' ) LIMIT 10,10   [ RunTime:0.000519s ]
[ 2017-03-15T23:49:28+08:00 ] /QA/index.php/Search/index?&p=2 | INFO: Tag[ view_template ] --START--
[ 2017-03-15T23:49:28+08:00 ] /QA/index.php/Search/index?&p=2 | INFO: Run LocationTemplate Behavior [ RunTime:0.001506s ]
[ 2017-03-15T23:49:28+08:00 ] /QA/index.php/Search/index?&p=2 | INFO: Tag[ view_template ] --END-- [ RunTime:0.001569s ]
[ 2017-03-15T23:49:28+08:00 ] /QA/index.php/Search/index?&p=2 | INFO: Tag[ view_parse ] --START--
[ 2017-03-15T23:49:28+08:00 ] /QA/index.php/Search/index?&p=2 | INFO: Run ParseTemplate Behavior [ RunTime:0.015996s ]
[ 2017-03-15T23:49:28+08:00 ] /QA/index.php/Search/index?&p=2 | INFO: Tag[ view_parse ] --END-- [ RunTime:0.016086s ]
[ 2017-03-15T23:49:28+08:00 ] /QA/index.php/Search/index?&p=2 | INFO: Tag[ view_filter ] --START--
[ 2017-03-15T23:49:28+08:00 ] /QA/index.php/Search/index?&p=2 | INFO: Run ContentReplace Behavior [ RunTime:0.000869s ]
[ 2017-03-15T23:49:28+08:00 ] /QA/index.php/Search/index?&p=2 | INFO: Run TokenBuild Behavior [ RunTime:0.000863s ]
[ 2017-03-15T23:49:28+08:00 ] /QA/index.php/Search/index?&p=2 | INFO: Run WriteHtmlCache Behavior [ RunTime:0.000663s ]
[ 2017-03-15T23:49:28+08:00 ] /QA/index.php/Search/index?&p=2 | INFO: Run ShowRuntime Behavior [ RunTime:0.000891s ]
[ 2017-03-15T23:49:28+08:00 ] /QA/index.php/Search/index?&p=2 | INFO: Tag[ view_filter ] --END-- [ RunTime:0.003453s ]
[ 2017-03-15T23:49:28+08:00 ] /QA/index.php/Search/index?&p=2 | INFO: Tag[ view_end ] --START--
[ 2017-03-15T23:49:28+08:00 ] /QA/index.php/Search/index?&p=2 | INFO: Run ShowPageTrace Behavior [ RunTime:0.000845s ]
[ 2017-03-15T23:49:28+08:00 ] /QA/index.php/Search/index?&p=2 | INFO: Tag[ view_end ] --END-- [ RunTime:0.000904s ]
[ 2017-03-15T23:49:30+08:00 ] /QA/index.php/Search/index?&p=1 | INFO: Tag[ route_check ] --START--
[ 2017-03-15T23:49:30+08:00 ] /QA/index.php/Search/index?&p=1 | INFO: Run CheckRoute Behavior [ RunTime:0.001242s ]
[ 2017-03-15T23:49:30+08:00 ] /QA/index.php/Search/index?&p=1 | INFO: Tag[ route_check ] --END-- [ RunTime:0.001327s ]
[ 2017-03-15T23:49:30+08:00 ] /QA/index.php/Search/index?&p=1 | INFO: Tag[ app_begin ] --START--
[ 2017-03-15T23:49:30+08:00 ] /QA/index.php/Search/index?&p=1 | INFO: Run ReadHtmlCache Behavior [ RunTime:0.001119s ]
[ 2017-03-15T23:49:30+08:00 ] /QA/index.php/Search/index?&p=1 | INFO: Tag[ app_begin ] --END-- [ RunTime:0.001181s ]
[ 2017-03-15T23:49:30+08:00 ] /QA/index.php/Search/index?&p=1 | SQL: SHOW COLUMNS FROM `wl_question` [ RunTime:0.008889s ]
[ 2017-03-15T23:49:30+08:00 ] /QA/index.php/Search/index?&p=1 | SQL: SELECT COUNT(*) AS tp_count FROM `wl_question` WHERE ( `ask_content` LIKE '%%' ) LIMIT 1   [ RunTime:0.000437s ]
[ 2017-03-15T23:49:30+08:00 ] /QA/index.php/Search/index?&p=1 | SQL: SELECT * FROM `wl_question` WHERE ( `ask_content` LIKE '%%' ) LIMIT 0,10   [ RunTime:0.000476s ]
[ 2017-03-15T23:49:30+08:00 ] /QA/index.php/Search/index?&p=1 | INFO: Tag[ view_template ] --START--
[ 2017-03-15T23:49:30+08:00 ] /QA/index.php/Search/index?&p=1 | INFO: Run LocationTemplate Behavior [ RunTime:0.001495s ]
[ 2017-03-15T23:49:30+08:00 ] /QA/index.php/Search/index?&p=1 | INFO: Tag[ view_template ] --END-- [ RunTime:0.001577s ]
[ 2017-03-15T23:49:30+08:00 ] /QA/index.php/Search/index?&p=1 | INFO: Tag[ view_parse ] --START--
[ 2017-03-15T23:49:30+08:00 ] /QA/index.php/Search/index?&p=1 | INFO: Run ParseTemplate Behavior [ RunTime:0.017268s ]
[ 2017-03-15T23:49:30+08:00 ] /QA/index.php/Search/index?&p=1 | INFO: Tag[ view_parse ] --END-- [ RunTime:0.017327s ]
[ 2017-03-15T23:49:30+08:00 ] /QA/index.php/Search/index?&p=1 | INFO: Tag[ view_filter ] --START--
[ 2017-03-15T23:49:30+08:00 ] /QA/index.php/Search/index?&p=1 | INFO: Run ContentReplace Behavior [ RunTime:0.000843s ]
[ 2017-03-15T23:49:30+08:00 ] /QA/index.php/Search/index?&p=1 | INFO: Run TokenBuild Behavior [ RunTime:0.000861s ]
[ 2017-03-15T23:49:30+08:00 ] /QA/index.php/Search/index?&p=1 | INFO: Run WriteHtmlCache Behavior [ RunTime:0.000640s ]
[ 2017-03-15T23:49:30+08:00 ] /QA/index.php/Search/index?&p=1 | INFO: Run ShowRuntime Behavior [ RunTime:0.000897s ]
[ 2017-03-15T23:49:30+08:00 ] /QA/index.php/Search/index?&p=1 | INFO: Tag[ view_filter ] --END-- [ RunTime:0.003405s ]
[ 2017-03-15T23:49:30+08:00 ] /QA/index.php/Search/index?&p=1 | INFO: Tag[ view_end ] --START--
[ 2017-03-15T23:49:30+08:00 ] /QA/index.php/Search/index?&p=1 | INFO: Run ShowPageTrace Behavior [ RunTime:0.000930s ]
[ 2017-03-15T23:49:30+08:00 ] /QA/index.php/Search/index?&p=1 | INFO: Tag[ view_end ] --END-- [ RunTime:0.000987s ]
[ 2017-03-15T23:49:31+08:00 ] /QA/index.php/Show/index/id/5 | INFO: Tag[ route_check ] --START--
[ 2017-03-15T23:49:31+08:00 ] /QA/index.php/Show/index/id/5 | INFO: Run CheckRoute Behavior [ RunTime:0.001402s ]
[ 2017-03-15T23:49:31+08:00 ] /QA/index.php/Show/index/id/5 | INFO: Tag[ route_check ] --END-- [ RunTime:0.001494s ]
[ 2017-03-15T23:49:31+08:00 ] /QA/index.php/Show/index/id/5 | INFO: Tag[ app_begin ] --START--
[ 2017-03-15T23:49:31+08:00 ] /QA/index.php/Show/index/id/5 | INFO: Run ReadHtmlCache Behavior [ RunTime:0.001141s ]
[ 2017-03-15T23:49:31+08:00 ] /QA/index.php/Show/index/id/5 | INFO: Tag[ app_begin ] --END-- [ RunTime:0.001207s ]
[ 2017-03-15T23:49:31+08:00 ] /QA/index.php/Show/index/id/5 | SQL: SHOW COLUMNS FROM `wl_question` [ RunTime:0.009059s ]
[ 2017-03-15T23:49:31+08:00 ] /QA/index.php/Show/index/id/5 | SQL: SHOW COLUMNS FROM `wl_index_user` [ RunTime:0.008236s ]
[ 2017-03-15T23:49:31+08:00 ] /QA/index.php/Show/index/id/5 | SQL: SELECT question.id AS id,question.ask_content AS ask_content,question.money_reward AS money_reward,question.solve AS solve,question.ask_time AS ask_time,question.cid AS cid,question.answer AS answer,question.uid AS uid,IndexUser.username AS username,IndexUser.experience AS experience FROM wl_question question LEFT JOIN wl_index_user IndexUser ON question.uid = IndexUser.id WHERE ( question.id = 5 ) LIMIT 1   [ RunTime:0.000802s ]
[ 2017-03-15T23:49:31+08:00 ] /QA/index.php/Show/index/id/5 | SQL: SHOW COLUMNS FROM `wl_answer` [ RunTime:0.008248s ]
[ 2017-03-15T23:49:31+08:00 ] /QA/index.php/Show/index/id/5 | SQL: SHOW COLUMNS FROM `wl_index_user` [ RunTime:0.008729s ]
[ 2017-03-15T23:49:31+08:00 ] /QA/index.php/Show/index/id/5 | SQL: SELECT answer.id AS id,answer.answer_content AS answer_content,answer.answer_time AS answer_time,IndexUser.id AS uid,IndexUser.username AS username,IndexUser.experience AS experience,IndexUser.answer AS answer,IndexUser.adopt AS adopt FROM wl_answer answer LEFT JOIN wl_index_user IndexUser ON answer.uid=IndexUser.id WHERE ( `qid` = 5 ) AND ( answer.adopt = 1 ) LIMIT 1   [ RunTime:0.000767s ]
[ 2017-03-15T23:49:31+08:00 ] /QA/index.php/Show/index/id/5 | SQL: SELECT COUNT(*) AS tp_count FROM `wl_answer` WHERE ( `qid` = 5 ) AND ( answer.adopt = 0 ) LIMIT 1   [ RunTime:0.000464s ]
[ 2017-03-15T23:49:31+08:00 ] /QA/index.php/Show/index/id/5 | SQL: SELECT answer.id AS id,answer.answer_content AS answer_content,answer.answer_time AS answer_time,IndexUser.id AS uid,IndexUser.username AS username,IndexUser.experience AS experience,IndexUser.answer AS answer,IndexUser.adopt AS adopt FROM wl_answer answer LEFT JOIN wl_index_user IndexUser ON answer.uid=IndexUser.id WHERE ( `qid` = 5 ) AND ( answer.adopt = 0 )  [ RunTime:0.000504s ]
[ 2017-03-15T23:49:31+08:00 ] /QA/index.php/Show/index/id/5 | SQL: SELECT answer.id AS id,answer.answer_content AS answer_content,answer.answer_time AS answer_time,IndexUser.id AS uid,IndexUser.username AS username,IndexUser.experience AS experience,IndexUser.answer AS answer,IndexUser.adopt AS adopt FROM wl_answer answer LEFT JOIN wl_index_user IndexUser ON answer.uid=IndexUser.id WHERE ( `qid` = 5 )  [ RunTime:0.000494s ]
[ 2017-03-15T23:49:31+08:00 ] /QA/index.php/Show/index/id/5 | SQL: SHOW COLUMNS FROM `wl_index_user` [ RunTime:0.008292s ]
[ 2017-03-15T23:49:31+08:00 ] /QA/index.php/Show/index/id/5 | SQL: SHOW COLUMNS FROM `wl_reply` [ RunTime:0.008074s ]
[ 2017-03-15T23:49:31+08:00 ] /QA/index.php/Show/index/id/5 | SQL: SELECT IndexUser.id AS id,IndexUser.username AS username,reply.reply_msg AS reply_msg,reply.reply_time AS reply_time,reply.uid AS uid,reply.aid AS aid FROM wl_index_user IndexUser LEFT JOIN wl_reply reply ON IndexUser.id=reply.uid WHERE ( reply.aid IN ('5') )  [ RunTime:0.000614s ]
[ 2017-03-15T23:49:31+08:00 ] /QA/index.php/Show/index/id/5 | INFO: Tag[ view_template ] --START--
[ 2017-03-15T23:49:31+08:00 ] /QA/index.php/Show/index/id/5 | INFO: Run LocationTemplate Behavior [ RunTime:0.001288s ]
[ 2017-03-15T23:49:31+08:00 ] /QA/index.php/Show/index/id/5 | INFO: Tag[ view_template ] --END-- [ RunTime:0.001355s ]
[ 2017-03-15T23:49:31+08:00 ] /QA/index.php/Show/index/id/5 | INFO: Tag[ view_parse ] --START--
[ 2017-03-15T23:49:32+08:00 ] /QA/index.php/Show/index/id/5 | INFO: Run ParseTemplate Behavior [ RunTime:0.025711s ]
[ 2017-03-15T23:49:32+08:00 ] /QA/index.php/Show/index/id/5 | INFO: Tag[ view_parse ] --END-- [ RunTime:0.025784s ]
[ 2017-03-15T23:49:32+08:00 ] /QA/index.php/Show/index/id/5 | INFO: Tag[ view_filter ] --START--
[ 2017-03-15T23:49:32+08:00 ] /QA/index.php/Show/index/id/5 | INFO: Run ContentReplace Behavior [ RunTime:0.000910s ]
[ 2017-03-15T23:49:32+08:00 ] /QA/index.php/Show/index/id/5 | INFO: Run TokenBuild Behavior [ RunTime:0.000736s ]
[ 2017-03-15T23:49:32+08:00 ] /QA/index.php/Show/index/id/5 | INFO: Run WriteHtmlCache Behavior [ RunTime:0.000688s ]
[ 2017-03-15T23:49:32+08:00 ] /QA/index.php/Show/index/id/5 | INFO: Run ShowRuntime Behavior [ RunTime:0.000918s ]
[ 2017-03-15T23:49:32+08:00 ] /QA/index.php/Show/index/id/5 | INFO: Tag[ view_filter ] --END-- [ RunTime:0.003416s ]
[ 2017-03-15T23:49:32+08:00 ] /QA/index.php/Show/index/id/5 | INFO: Tag[ view_end ] --START--
[ 2017-03-15T23:49:32+08:00 ] /QA/index.php/Show/index/id/5 | INFO: Run ShowPageTrace Behavior [ RunTime:0.000941s ]
[ 2017-03-15T23:49:32+08:00 ] /QA/index.php/Show/index/id/5 | INFO: Tag[ view_end ] --END-- [ RunTime:0.000999s ]
[ 2017-03-15T23:49:34+08:00 ] /QA/index.php/Index/index | INFO: Tag[ route_check ] --START--
[ 2017-03-15T23:49:34+08:00 ] /QA/index.php/Index/index | INFO: Run CheckRoute Behavior [ RunTime:0.001352s ]
[ 2017-03-15T23:49:34+08:00 ] /QA/index.php/Index/index | INFO: Tag[ route_check ] --END-- [ RunTime:0.001448s ]
[ 2017-03-15T23:49:34+08:00 ] /QA/index.php/Index/index | INFO: Tag[ app_begin ] --START--
[ 2017-03-15T23:49:34+08:00 ] /QA/index.php/Index/index | INFO: Run ReadHtmlCache Behavior [ RunTime:0.000952s ]
[ 2017-03-15T23:49:34+08:00 ] /QA/index.php/Index/index | INFO: Tag[ app_begin ] --END-- [ RunTime:0.001011s ]
[ 2017-03-15T23:49:34+08:00 ] /QA/index.php/Index/index | SQL: SHOW COLUMNS FROM `wl_category` [ RunTime:0.008221s ]
[ 2017-03-15T23:49:34+08:00 ] /QA/index.php/Index/index | SQL: SELECT * FROM `wl_category` WHERE ( `pid` = 0 )  [ RunTime:0.000590s ]
[ 2017-03-15T23:49:34+08:00 ] /QA/index.php/Index/index | SQL: SELECT * FROM `wl_category` WHERE ( `pid` = '1' )  [ RunTime:0.000484s ]
[ 2017-03-15T23:49:34+08:00 ] /QA/index.php/Index/index | SQL: SELECT * FROM `wl_category` WHERE ( `pid` = '2' )  [ RunTime:0.000466s ]
[ 2017-03-15T23:49:34+08:00 ] /QA/index.php/Index/index | SQL: SELECT * FROM `wl_category` WHERE ( `pid` = '3' )  [ RunTime:0.000577s ]
[ 2017-03-15T23:49:34+08:00 ] /QA/index.php/Index/index | SQL: SELECT * FROM `wl_category` WHERE ( `pid` = '4' )  [ RunTime:0.000424s ]
[ 2017-03-15T23:49:34+08:00 ] /QA/index.php/Index/index | SQL: SELECT * FROM `wl_category` WHERE ( `pid` = '5' )  [ RunTime:0.000375s ]
[ 2017-03-15T23:49:34+08:00 ] /QA/index.php/Index/index | SQL: SHOW COLUMNS FROM `wl_question` [ RunTime:0.008450s ]
[ 2017-03-15T23:49:34+08:00 ] /QA/index.php/Index/index | SQL: SELECT * FROM `wl_question` WHERE ( `solve` = 0 ) ORDER BY ask_time DESC LIMIT 5   [ RunTime:0.000780s ]
[ 2017-03-15T23:49:34+08:00 ] /QA/index.php/Index/index | SQL: SELECT * FROM `wl_question` WHERE ( `solve` = 1 ) LIMIT 5   [ RunTime:0.000603s ]
[ 2017-03-15T23:49:34+08:00 ] /QA/index.php/Index/index | SQL: SHOW COLUMNS FROM `wl_index_user` [ RunTime:0.008633s ]
[ 2017-03-15T23:49:34+08:00 ] /QA/index.php/Index/index | NOTIC: [8] Undefined index: uid IndexAction.class.php 第 23 行.
[ 2017-03-15T23:49:34+08:00 ] /QA/index.php/Index/index | SQL: SELECT `experience`,`money` FROM `wl_index_user` WHERE ( `id` = null ) LIMIT 1   [ RunTime:0.000415s ]
[ 2017-03-15T23:49:34+08:00 ] /QA/index.php/Index/index | SQL: SELECT * FROM `wl_index_user` ORDER BY adopt DESC LIMIT 10   [ RunTime:0.000443s ]
[ 2017-03-15T23:49:34+08:00 ] /QA/index.php/Index/index | INFO: Tag[ view_template ] --START--
[ 2017-03-15T23:49:34+08:00 ] /QA/index.php/Index/index | INFO: Run LocationTemplate Behavior [ RunTime:0.001095s ]
[ 2017-03-15T23:49:34+08:00 ] /QA/index.php/Index/index | INFO: Tag[ view_template ] --END-- [ RunTime:0.001157s ]
[ 2017-03-15T23:49:34+08:00 ] /QA/index.php/Index/index | INFO: Tag[ view_parse ] --START--
[ 2017-03-15T23:49:34+08:00 ] /QA/index.php/Index/index | INFO: Run ParseTemplate Behavior [ RunTime:0.022515s ]
[ 2017-03-15T23:49:34+08:00 ] /QA/index.php/Index/index | INFO: Tag[ view_parse ] --END-- [ RunTime:0.022593s ]
[ 2017-03-15T23:49:34+08:00 ] /QA/index.php/Index/index | INFO: Tag[ view_filter ] --START--
[ 2017-03-15T23:49:34+08:00 ] /QA/index.php/Index/index | INFO: Run ContentReplace Behavior [ RunTime:0.000932s ]
[ 2017-03-15T23:49:34+08:00 ] /QA/index.php/Index/index | INFO: Run TokenBuild Behavior [ RunTime:0.001482s ]
[ 2017-03-15T23:49:34+08:00 ] /QA/index.php/Index/index | INFO: Run WriteHtmlCache Behavior [ RunTime:0.000892s ]
[ 2017-03-15T23:49:34+08:00 ] /QA/index.php/Index/index | INFO: Run ShowRuntime Behavior [ RunTime:0.001513s ]
[ 2017-03-15T23:49:34+08:00 ] /QA/index.php/Index/index | INFO: Tag[ view_filter ] --END-- [ RunTime:0.005037s ]
[ 2017-03-15T23:49:34+08:00 ] /QA/index.php/Index/index | INFO: Tag[ view_end ] --START--
[ 2017-03-15T23:49:34+08:00 ] /QA/index.php/Index/index | INFO: Run ShowPageTrace Behavior [ RunTime:0.003303s ]
[ 2017-03-15T23:49:34+08:00 ] /QA/index.php/Index/index | INFO: Tag[ view_end ] --END-- [ RunTime:0.003485s ]
